<?xml version="1.0" encoding="UTF-8"?>
<coverage generated="1758903676028" clover="3.2.0">
  <project timestamp="1758903676028" name="All files">
    <metrics statements="983" coveredstatements="783" conditionals="477" coveredconditionals="299" methods="192" coveredmethods="159" elements="1652" coveredelements="1241" complexity="0" loc="983" ncloc="983" packages="4" files="14" classes="14"/>
    <package name="src">
      <metrics statements="605" coveredstatements="512" conditionals="235" coveredconditionals="149" methods="88" coveredmethods="75"/>
      <file name="adaptive-chunker.ts" path="C:\Workspace\cw-rag-core\packages\retrieval\src\adaptive-chunker.ts">
        <metrics statements="164" coveredstatements="156" conditionals="37" coveredconditionals="34" methods="26" coveredmethods="26"/>
        <line num="7" count="2" type="stmt"/>
        <line num="38" count="2" type="stmt"/>
        <line num="43" count="135" type="stmt"/>
        <line num="44" count="135" type="stmt"/>
        <line num="53" count="21" type="cond" truecount="3" falsecount="0"/>
        <line num="54" count="11" type="stmt"/>
        <line num="57" count="10" type="stmt"/>
        <line num="59" count="10" type="stmt"/>
        <line num="60" count="30" type="stmt"/>
        <line num="61" count="30" type="stmt"/>
        <line num="64" count="30" type="cond" truecount="1" falsecount="0"/>
        <line num="65" count="20" type="stmt"/>
        <line num="66" count="20" type="stmt"/>
        <line num="67" count="20" type="stmt"/>
        <line num="70" count="30" type="stmt"/>
        <line num="77" count="10" type="stmt"/>
        <line num="84" count="20" type="stmt"/>
        <line num="85" count="20" type="stmt"/>
        <line num="86" count="20" type="stmt"/>
        <line num="88" count="20" type="cond" truecount="1" falsecount="0"/>
        <line num="89" count="2" type="stmt"/>
        <line num="92" count="18" type="stmt"/>
        <line num="99" count="1674" type="stmt"/>
        <line num="101" count="1674" type="cond" truecount="1" falsecount="0"/>
        <line num="102" count="1653" type="stmt"/>
        <line num="105" count="21" type="stmt"/>
        <line num="116" count="2" type="stmt"/>
        <line num="118" count="19" type="stmt"/>
        <line num="119" count="19" type="stmt"/>
        <line num="120" count="19" type="stmt"/>
        <line num="121" count="19" type="stmt"/>
        <line num="124" count="19" type="stmt"/>
        <line num="125" count="19" type="stmt"/>
        <line num="126" count="19" type="stmt"/>
        <line num="128" count="19" type="stmt"/>
        <line num="129" count="817" type="stmt"/>
        <line num="130" count="817" type="cond" truecount="2" falsecount="0"/>
        <line num="133" count="817" type="stmt"/>
        <line num="135" count="817" type="cond" truecount="2" falsecount="0"/>
        <line num="137" count="800" type="stmt"/>
        <line num="140" count="17" type="cond" truecount="1" falsecount="0"/>
        <line num="141" count="14" type="stmt"/>
        <line num="149" count="14" type="stmt"/>
        <line num="150" count="14" type="stmt"/>
        <line num="154" count="17" type="cond" truecount="4" falsecount="0"/>
        <line num="156" count="3" type="stmt"/>
        <line num="157" count="3" type="stmt"/>
        <line num="158" count="3" type="stmt"/>
        <line num="159" count="3" type="stmt"/>
        <line num="162" count="14" type="stmt"/>
        <line num="163" count="14" type="stmt"/>
        <line num="167" count="817" type="stmt"/>
        <line num="171" count="19" type="cond" truecount="1" falsecount="0"/>
        <line num="172" count="15" type="stmt"/>
        <line num="180" count="15" type="stmt"/>
        <line num="184" count="19" type="stmt"/>
        <line num="186" count="19" type="stmt"/>
        <line num="188" count="34" type="stmt"/>
        <line num="197" count="19" type="stmt"/>
        <line num="199" count="817" type="stmt"/>
        <line num="201" count="19" type="cond" truecount="2" falsecount="0"/>
        <line num="210" count="3" type="stmt"/>
        <line num="211" count="3" type="stmt"/>
        <line num="212" count="3" type="stmt"/>
        <line num="213" count="3" type="stmt"/>
        <line num="215" count="3" type="stmt"/>
        <line num="216" count="853" type="cond" truecount="2" falsecount="0"/>
        <line num="217" count="853" type="stmt"/>
        <line num="219" count="853" type="cond" truecount="2" falsecount="0"/>
        <line num="220" count="850" type="stmt"/>
        <line num="222" count="3" type="cond" truecount="1" falsecount="0"/>
        <line num="223" count="2" type="stmt"/>
        <line num="231" count="2" type="stmt"/>
        <line num="232" count="2" type="stmt"/>
        <line num="234" count="3" type="stmt"/>
        <line num="238" count="3" type="cond" truecount="1" falsecount="0"/>
        <line num="239" count="3" type="stmt"/>
        <line num="247" count="3" type="stmt"/>
        <line num="250" count="3" type="stmt"/>
        <line num="261" count="34" type="stmt"/>
        <line num="263" count="34" type="stmt"/>
        <line num="282" count="2" type="stmt"/>
        <line num="284" count="2" type="stmt"/>
        <line num="285" count="2" type="stmt"/>
        <line num="288" count="2" type="stmt"/>
        <line num="290" count="4" type="stmt"/>
        <line num="292" count="2" type="stmt"/>
        <line num="293" count="2" type="stmt"/>
        <line num="295" count="2" type="stmt"/>
        <line num="296" count="4" type="stmt"/>
        <line num="298" count="4" type="cond" truecount="2" falsecount="0"/>
        <line num="300" count="3" type="stmt"/>
        <line num="308" count="3" type="stmt"/>
        <line num="309" count="3" type="stmt"/>
        <line num="312" count="1" type="stmt"/>
        <line num="313" count="1" type="stmt"/>
        <line num="315" count="1" type="stmt"/>
        <line num="316" count="1" type="stmt"/>
        <line num="317" count="1" type="stmt"/>
        <line num="318" count="1" type="stmt"/>
        <line num="321" count="4" type="stmt"/>
        <line num="324" count="2" type="stmt"/>
        <line num="326" count="2" type="stmt"/>
        <line num="328" count="6" type="stmt"/>
        <line num="343" count="3" type="stmt"/>
        <line num="345" count="3" type="stmt"/>
        <line num="364" count="2" type="stmt"/>
        <line num="366" count="1" type="stmt"/>
        <line num="367" count="1" type="stmt"/>
        <line num="370" count="1" type="stmt"/>
        <line num="371" count="1" type="stmt"/>
        <line num="372" count="1" type="stmt"/>
        <line num="374" count="1" type="stmt"/>
        <line num="375" count="1" type="stmt"/>
        <line num="377" count="1" type="stmt"/>
        <line num="378" count="2" type="stmt"/>
        <line num="379" count="2" type="stmt"/>
        <line num="382" count="2" type="cond" truecount="1" falsecount="0"/>
        <line num="383" count="1" type="stmt"/>
        <line num="384" count="1" type="cond" truecount="1" falsecount="0"/>
        <line num="385" count="1" type="stmt"/>
        <line num="389" count="2" type="stmt"/>
        <line num="391" count="2" type="stmt"/>
        <line num="405" count="2" type="stmt"/>
        <line num="407" count="2" type="cond" truecount="0" falsecount="1"/>
        <line num="408" count="0" type="stmt"/>
        <line num="411" count="2" type="stmt"/>
        <line num="412" count="2" type="stmt"/>
        <line num="415" count="1" type="stmt"/>
        <line num="417" count="2" type="stmt"/>
        <line num="428" count="2" type="stmt"/>
        <line num="439" count="42" type="stmt"/>
        <line num="440" count="42" type="stmt"/>
        <line num="441" count="42" type="stmt"/>
        <line num="447" count="42" type="cond" truecount="1" falsecount="0"/>
        <line num="448" count="42" type="stmt"/>
        <line num="454" count="13" type="stmt"/>
        <line num="457" count="13" type="cond" truecount="1" falsecount="1"/>
        <line num="459" count="13" type="stmt"/>
        <line num="460" count="13" type="stmt"/>
        <line num="463" count="13" type="cond" truecount="1" falsecount="0"/>
        <line num="464" count="13" type="stmt"/>
        <line num="466" count="13" type="stmt"/>
        <line num="469" count="15" type="stmt"/>
        <line num="473" count="8" type="stmt"/>
        <line num="478" count="0" type="stmt"/>
        <line num="481" count="0" type="stmt"/>
        <line num="482" count="0" type="stmt"/>
        <line num="483" count="0" type="stmt"/>
        <line num="484" count="0" type="stmt"/>
        <line num="485" count="0" type="stmt"/>
        <line num="493" count="1" type="stmt"/>
        <line num="494" count="1" type="stmt"/>
        <line num="512" count="206" type="stmt"/>
        <line num="513" count="7" type="stmt"/>
        <line num="515" count="204" type="stmt"/>
        <line num="516" count="7" type="stmt"/>
        <line num="518" count="3" type="cond" truecount="2" falsecount="0"/>
        <line num="520" count="3" type="stmt"/>
        <line num="521" count="3" type="cond" truecount="0" falsecount="1"/>
        <line num="522" count="0" type="stmt"/>
        <line num="525" count="3" type="stmt"/>
        <line num="526" count="3" type="stmt"/>
        <line num="528" count="3" type="stmt"/>
      </file>
      <file name="chunk-validation.ts" path="C:\Workspace\cw-rag-core\packages\retrieval\src\chunk-validation.ts">
        <metrics statements="102" coveredstatements="95" conditionals="40" coveredconditionals="36" methods="14" coveredmethods="11"/>
        <line num="23" count="3" type="stmt"/>
        <line num="35" count="3" type="stmt"/>
        <line num="39" count="60" type="stmt"/>
        <line num="46" count="50" type="stmt"/>
        <line num="47" count="50" type="stmt"/>
        <line num="48" count="50" type="stmt"/>
        <line num="51" count="50" type="cond" truecount="4" falsecount="0"/>
        <line num="52" count="4" type="stmt"/>
        <line num="53" count="4" type="stmt"/>
        <line num="55" count="46" type="stmt"/>
        <line num="57" count="46" type="cond" truecount="1" falsecount="0"/>
        <line num="58" count="7" type="stmt"/>
        <line num="59" count="7" type="stmt"/>
        <line num="62" count="46" type="cond" truecount="1" falsecount="0"/>
        <line num="63" count="1" type="stmt"/>
        <line num="64" count="1" type="stmt"/>
        <line num="68" count="46" type="stmt"/>
        <line num="69" count="46" type="cond" truecount="1" falsecount="0"/>
        <line num="70" count="7" type="stmt"/>
        <line num="71" count="7" type="stmt"/>
        <line num="76" count="50" type="cond" truecount="1" falsecount="0"/>
        <line num="77" count="3" type="stmt"/>
        <line num="78" count="3" type="stmt"/>
        <line num="81" count="50" type="cond" truecount="1" falsecount="0"/>
        <line num="82" count="2" type="stmt"/>
        <line num="83" count="2" type="stmt"/>
        <line num="87" count="50" type="cond" truecount="3" falsecount="0"/>
        <line num="88" count="2" type="stmt"/>
        <line num="89" count="2" type="stmt"/>
        <line num="93" count="50" type="cond" truecount="4" falsecount="0"/>
        <line num="94" count="9" type="stmt"/>
        <line num="95" count="9" type="stmt"/>
        <line num="99" count="50" type="cond" truecount="1" falsecount="2"/>
        <line num="100" count="0" type="stmt"/>
        <line num="101" count="0" type="stmt"/>
        <line num="105" count="50" type="cond" truecount="2" falsecount="1"/>
        <line num="106" count="0" type="stmt"/>
        <line num="107" count="0" type="stmt"/>
        <line num="111" count="50" type="stmt"/>
        <line num="112" count="50" type="cond" truecount="1" falsecount="0"/>
        <line num="113" count="3" type="stmt"/>
        <line num="114" count="3" type="stmt"/>
        <line num="117" count="50" type="stmt"/>
        <line num="139" count="20" type="stmt"/>
        <line num="140" count="20" type="stmt"/>
        <line num="141" count="20" type="stmt"/>
        <line num="142" count="20" type="stmt"/>
        <line num="144" count="20" type="stmt"/>
        <line num="145" count="43" type="stmt"/>
        <line num="147" count="43" type="cond" truecount="4" falsecount="0"/>
        <line num="148" count="34" type="stmt"/>
        <line num="150" count="9" type="stmt"/>
        <line num="153" count="43" type="stmt"/>
        <line num="156" count="43" type="stmt"/>
        <line num="157" count="15" type="cond" truecount="2" falsecount="0"/>
        <line num="161" count="20" type="stmt"/>
        <line num="186" count="20" type="stmt"/>
        <line num="188" count="20" type="stmt"/>
        <line num="189" count="38" type="stmt"/>
        <line num="190" count="38" type="stmt"/>
        <line num="192" count="38" type="stmt"/>
        <line num="193" count="70" type="stmt"/>
        <line num="194" count="70" type="stmt"/>
        <line num="196" count="70" type="cond" truecount="1" falsecount="0"/>
        <line num="197" count="67" type="stmt"/>
        <line num="201" count="38" type="cond" truecount="1" falsecount="0"/>
        <line num="202" count="21" type="stmt"/>
        <line num="210" count="20" type="stmt"/>
        <line num="217" count="91" type="stmt"/>
        <line num="218" count="91" type="stmt"/>
        <line num="220" count="91" type="stmt"/>
        <line num="221" count="91" type="stmt"/>
        <line num="223" count="561" type="stmt"/>
        <line num="224" count="91" type="stmt"/>
        <line num="226" count="91" type="stmt"/>
        <line num="233" count="0" type="stmt"/>
        <line num="240" count="3" type="stmt"/>
        <line num="244" count="48" type="stmt"/>
        <line num="260" count="18" type="stmt"/>
        <line num="261" count="18" type="stmt"/>
        <line num="263" count="18" type="stmt"/>
        <line num="264" count="18" type="stmt"/>
        <line num="265" count="18" type="stmt"/>
        <line num="268" count="18" type="stmt"/>
        <line num="271" count="18" type="stmt"/>
        <line num="272" count="6" type="stmt"/>
        <line num="279" count="18" type="stmt"/>
        <line num="281" count="20" type="stmt"/>
        <line num="282" count="86" type="stmt"/>
        <line num="283" count="66" type="cond" truecount="1" falsecount="0"/>
        <line num="284" count="20" type="stmt"/>
        <line num="285" count="20" type="stmt"/>
        <line num="294" count="18" type="cond" truecount="1" falsecount="0"/>
        <line num="295" count="6" type="stmt"/>
        <line num="297" count="18" type="cond" truecount="1" falsecount="0"/>
        <line num="298" count="6" type="stmt"/>
        <line num="301" count="18" type="stmt"/>
        <line num="317" count="0" type="stmt"/>
        <line num="324" count="3" type="stmt"/>
        <line num="325" count="0" type="stmt"/>
        <line num="328" count="3" type="stmt"/>
        <line num="329" count="48" type="stmt"/>
      </file>
      <file name="embedding-config.ts" path="C:\Workspace\cw-rag-core\packages\retrieval\src\embedding-config.ts">
        <metrics statements="58" coveredstatements="49" conditionals="70" coveredconditionals="32" methods="3" coveredmethods="3"/>
        <line num="53" count="1" type="stmt"/>
        <line num="194" count="1" type="stmt"/>
        <line num="195" count="22" type="stmt"/>
        <line num="212" count="1" type="stmt"/>
        <line num="218" count="22" type="stmt"/>
        <line num="219" count="22" type="cond" truecount="3" falsecount="0"/>
        <line num="220" count="22" type="stmt"/>
        <line num="224" count="22" type="stmt"/>
        <line num="230" count="22" type="cond" truecount="0" falsecount="1"/>
        <line num="231" count="22" type="cond" truecount="0" falsecount="1"/>
        <line num="232" count="22" type="cond" truecount="0" falsecount="1"/>
        <line num="234" count="22" type="cond" truecount="1" falsecount="0"/>
        <line num="235" count="22" type="cond" truecount="0" falsecount="1"/>
        <line num="236" count="22" type="cond" truecount="0" falsecount="1"/>
        <line num="239" count="22" type="cond" truecount="1" falsecount="0"/>
        <line num="240" count="22" type="cond" truecount="0" falsecount="1"/>
        <line num="241" count="22" type="cond" truecount="0" falsecount="1"/>
        <line num="242" count="22" type="cond" truecount="0" falsecount="1"/>
        <line num="245" count="22" type="cond" truecount="1" falsecount="2"/>
        <line num="246" count="0" type="stmt"/>
        <line num="250" count="22" type="cond" truecount="2" falsecount="1"/>
        <line num="251" count="0" type="stmt"/>
        <line num="254" count="22" type="cond" truecount="2" falsecount="1"/>
        <line num="255" count="0" type="stmt"/>
        <line num="259" count="22" type="cond" truecount="4" falsecount="0"/>
        <line num="260" count="1" type="stmt"/>
        <line num="263" count="21" type="stmt"/>
        <line num="269" count="1" type="stmt"/>
        <line num="270" count="21" type="stmt"/>
        <line num="273" count="21" type="cond" truecount="0" falsecount="1"/>
        <line num="274" count="21" type="cond" truecount="0" falsecount="1"/>
        <line num="275" count="21" type="cond" truecount="0" falsecount="1"/>
        <line num="278" count="21" type="cond" truecount="1" falsecount="1"/>
        <line num="279" count="0" type="stmt"/>
        <line num="281" count="21" type="cond" truecount="0" falsecount="1"/>
        <line num="282" count="21" type="cond" truecount="0" falsecount="1"/>
        <line num="283" count="21" type="cond" truecount="0" falsecount="1"/>
        <line num="287" count="21" type="cond" truecount="1" falsecount="1"/>
        <line num="288" count="0" type="stmt"/>
        <line num="290" count="21" type="cond" truecount="0" falsecount="1"/>
        <line num="291" count="21" type="cond" truecount="0" falsecount="1"/>
        <line num="292" count="21" type="cond" truecount="0" falsecount="1"/>
        <line num="293" count="21" type="cond" truecount="2" falsecount="1"/>
        <line num="294" count="0" type="stmt"/>
        <line num="298" count="21" type="cond" truecount="2" falsecount="1"/>
        <line num="299" count="0" type="stmt"/>
        <line num="301" count="21" type="cond" truecount="0" falsecount="1"/>
        <line num="302" count="0" type="stmt"/>
        <line num="304" count="21" type="cond" truecount="0" falsecount="1"/>
        <line num="305" count="0" type="stmt"/>
        <line num="310" count="21" type="cond" truecount="1" falsecount="0"/>
        <line num="311" count="21" type="cond" truecount="0" falsecount="1"/>
        <line num="312" count="21" type="cond" truecount="0" falsecount="1"/>
        <line num="313" count="21" type="cond" truecount="0" falsecount="1"/>
        <line num="317" count="21" type="cond" truecount="1" falsecount="0"/>
        <line num="318" count="21" type="cond" truecount="0" falsecount="1"/>
        <line num="319" count="21" type="cond" truecount="0" falsecount="1"/>
        <line num="322" count="21" type="stmt"/>
      </file>
      <file name="embedding-manager.ts" path="C:\Workspace\cw-rag-core\packages\retrieval\src\embedding-manager.ts">
        <metrics statements="167" coveredstatements="131" conditionals="52" coveredconditionals="23" methods="20" coveredmethods="17"/>
        <line num="5" count="1" type="stmt"/>
        <line num="6" count="1" type="stmt"/>
        <line num="7" count="1" type="stmt"/>
        <line num="8" count="1" type="stmt"/>
        <line num="60" count="1" type="stmt"/>
        <line num="66" count="22" type="stmt"/>
        <line num="70" count="22" type="stmt"/>
        <line num="71" count="22" type="cond" truecount="2" falsecount="0"/>
        <line num="73" count="22" type="stmt"/>
        <line num="80" count="21" type="stmt"/>
        <line num="81" count="21" type="cond" truecount="0" falsecount="1"/>
        <line num="82" count="0" type="stmt"/>
        <line num="86" count="21" type="stmt"/>
        <line num="93" count="21" type="stmt"/>
        <line num="94" count="21" type="stmt"/>
        <line num="96" count="21" type="stmt"/>
        <line num="109" count="7" type="stmt"/>
        <line num="111" count="7" type="cond" truecount="2" falsecount="0"/>
        <line num="113" count="6" type="stmt"/>
        <line num="116" count="1" type="stmt"/>
        <line num="123" count="1" type="stmt"/>
        <line num="124" count="1" type="cond" truecount="0" falsecount="1"/>
        <line num="125" count="0" type="stmt"/>
        <line num="129" count="1" type="stmt"/>
        <line num="130" count="1" type="stmt"/>
        <line num="133" count="1" type="stmt"/>
        <line num="141" count="0" type="stmt"/>
        <line num="149" count="2" type="stmt"/>
        <line num="150" count="2" type="stmt"/>
        <line num="152" count="2" type="stmt"/>
        <line num="153" count="5" type="stmt"/>
        <line num="154" count="5" type="stmt"/>
        <line num="156" count="5" type="cond" truecount="2" falsecount="0"/>
        <line num="157" count="4" type="stmt"/>
        <line num="160" count="1" type="stmt"/>
        <line num="161" count="1" type="stmt"/>
        <line num="163" count="1" type="stmt"/>
        <line num="169" count="2" type="stmt"/>
        <line num="171" count="2" type="cond" truecount="1" falsecount="0"/>
        <line num="172" count="2" type="stmt"/>
        <line num="173" count="1" type="stmt"/>
        <line num="175" count="1" type="stmt"/>
        <line num="176" count="2" type="stmt"/>
        <line num="177" count="2" type="cond" truecount="1" falsecount="0"/>
        <line num="178" count="1" type="stmt"/>
        <line num="184" count="1" type="stmt"/>
        <line num="185" count="1" type="stmt"/>
        <line num="186" count="1" type="stmt"/>
        <line num="189" count="1" type="stmt"/>
        <line num="196" count="2" type="stmt"/>
        <line num="197" count="2" type="stmt"/>
        <line num="199" count="2" type="stmt"/>
        <line num="206" count="2" type="stmt"/>
        <line num="207" count="2" type="cond" truecount="0" falsecount="1"/>
        <line num="208" count="0" type="stmt"/>
        <line num="212" count="2" type="stmt"/>
        <line num="213" count="2" type="stmt"/>
        <line num="215" count="2" type="cond" truecount="0" falsecount="1"/>
        <line num="216" count="0" type="stmt"/>
        <line num="219" count="2" type="stmt"/>
        <line num="227" count="2" type="stmt"/>
        <line num="228" count="2" type="cond" truecount="1" falsecount="1"/>
        <line num="230" count="2" type="stmt"/>
        <line num="231" count="2" type="stmt"/>
        <line num="232" count="2" type="stmt"/>
        <line num="234" count="2" type="stmt"/>
        <line num="235" count="2" type="stmt"/>
        <line num="237" count="2" type="stmt"/>
        <line num="238" count="2" type="stmt"/>
        <line num="239" count="2" type="stmt"/>
        <line num="252" count="2" type="stmt"/>
        <line num="260" count="2" type="cond" truecount="0" falsecount="1"/>
        <line num="261" count="0" type="stmt"/>
        <line num="265" count="0" type="stmt"/>
        <line num="270" count="0" type="stmt"/>
        <line num="274" count="2" type="stmt"/>
        <line num="276" count="2" type="stmt"/>
        <line num="284" count="2" type="stmt"/>
        <line num="297" count="1" type="cond" truecount="0" falsecount="1"/>
        <line num="298" count="0" type="stmt"/>
        <line num="302" count="1" type="stmt"/>
        <line num="303" count="1" type="stmt"/>
        <line num="304" count="1" type="cond" truecount="0" falsecount="1"/>
        <line num="305" count="0" type="stmt"/>
        <line num="306" count="0" type="stmt"/>
        <line num="309" count="0" type="stmt"/>
        <line num="313" count="1" type="stmt"/>
        <line num="314" count="1" type="stmt"/>
        <line num="321" count="5" type="stmt"/>
        <line num="322" count="5" type="stmt"/>
        <line num="325" count="5" type="cond" truecount="1" falsecount="2"/>
        <line num="326" count="0" type="stmt"/>
        <line num="329" count="5" type="stmt"/>
        <line num="331" count="5" type="stmt"/>
        <line num="333" count="5" type="stmt"/>
        <line num="334" count="5" type="stmt"/>
        <line num="338" count="2" type="stmt"/>
        <line num="340" count="2" type="stmt"/>
        <line num="348" count="2" type="stmt"/>
        <line num="353" count="2" type="stmt"/>
        <line num="354" count="2" type="stmt"/>
        <line num="357" count="3" type="stmt"/>
        <line num="359" count="3" type="stmt"/>
        <line num="365" count="3" type="stmt"/>
        <line num="366" count="3" type="stmt"/>
        <line num="374" count="12" type="stmt"/>
        <line num="376" count="12" type="stmt"/>
        <line num="377" count="12" type="stmt"/>
        <line num="378" count="12" type="stmt"/>
        <line num="381" count="14" type="stmt"/>
        <line num="384" count="12" type="stmt"/>
        <line num="395" count="8" type="cond" truecount="2" falsecount="1"/>
        <line num="396" count="0" type="stmt"/>
        <line num="400" count="8" type="stmt"/>
        <line num="401" count="8" type="stmt"/>
        <line num="402" count="8" type="stmt"/>
        <line num="403" count="8" type="cond" truecount="2" falsecount="1"/>
        <line num="404" count="0" type="cond" truecount="0" falsecount="2"/>
        <line num="408" count="8" type="stmt"/>
        <line num="414" count="8" type="stmt"/>
        <line num="417" count="4" type="stmt"/>
        <line num="418" count="4" type="stmt"/>
        <line num="420" count="4" type="stmt"/>
        <line num="428" count="4" type="cond" truecount="2" falsecount="1"/>
        <line num="429" count="4" type="stmt"/>
        <line num="433" count="0" type="stmt"/>
        <line num="438" count="0" type="stmt"/>
        <line num="442" count="4" type="stmt"/>
        <line num="449" count="4" type="cond" truecount="0" falsecount="1"/>
        <line num="451" count="0" type="cond" truecount="0" falsecount="1"/>
        <line num="452" count="0" type="stmt"/>
        <line num="456" count="0" type="cond" truecount="0" falsecount="1"/>
        <line num="457" count="0" type="stmt"/>
        <line num="461" count="0" type="cond" truecount="0" falsecount="3"/>
        <line num="462" count="0" type="stmt"/>
        <line num="466" count="0" type="cond" truecount="0" falsecount="4"/>
        <line num="467" count="0" type="stmt"/>
        <line num="471" count="4" type="stmt"/>
        <line num="478" count="2" type="cond" truecount="0" falsecount="1"/>
        <line num="479" count="0" type="stmt"/>
        <line num="482" count="2" type="cond" truecount="1" falsecount="0"/>
        <line num="483" count="2" type="stmt"/>
        <line num="486" count="0" type="stmt"/>
        <line num="487" count="0" type="stmt"/>
        <line num="489" count="0" type="stmt"/>
        <line num="490" count="0" type="stmt"/>
        <line num="491" count="0" type="stmt"/>
        <line num="495" count="0" type="stmt"/>
        <line num="496" count="0" type="stmt"/>
        <line num="499" count="0" type="stmt"/>
        <line num="506" count="6" type="stmt"/>
        <line num="513" count="1" type="stmt"/>
        <line num="516" count="1" type="cond" truecount="3" falsecount="0"/>
        <line num="517" count="1" type="stmt"/>
        <line num="524" count="1" type="stmt"/>
        <line num="527" count="1" type="cond" truecount="0" falsecount="1"/>
        <line num="528" count="0" type="stmt"/>
        <line num="532" count="1" type="stmt"/>
        <line num="533" count="1" type="stmt"/>
        <line num="540" count="1" type="stmt"/>
        <line num="541" count="2" type="stmt"/>
        <line num="544" count="2" type="stmt"/>
        <line num="545" count="2" type="stmt"/>
        <line num="546" count="2" type="cond" truecount="1" falsecount="0"/>
        <line num="547" count="1" type="stmt"/>
        <line num="553" count="0" type="stmt"/>
        <line num="558" count="2" type="stmt"/>
      </file>
      <file name="embedding.ts" path="C:\Workspace\cw-rag-core\packages\retrieval\src\embedding.ts">
        <metrics statements="57" coveredstatements="29" conditionals="25" coveredconditionals="15" methods="13" coveredmethods="7"/>
        <line num="1" count="2" type="stmt"/>
        <line num="22" count="2" type="cond" truecount="3" falsecount="0"/>
        <line num="23" count="2" type="stmt"/>
        <line num="24" count="2" type="stmt"/>
        <line num="25" count="2" type="stmt"/>
        <line num="33" count="3840" type="stmt"/>
        <line num="34" count="10" type="cond" truecount="0" falsecount="1"/>
        <line num="35" count="0" type="stmt"/>
        <line num="37" count="3840" type="stmt"/>
        <line num="44" count="0" type="stmt"/>
        <line num="47" count="0" type="cond" truecount="0" falsecount="1"/>
        <line num="48" count="0" type="stmt"/>
        <line num="51" count="0" type="cond" truecount="0" falsecount="4"/>
        <line num="53" count="0" type="stmt"/>
        <line num="56" count="0" type="stmt"/>
        <line num="58" count="0" type="stmt"/>
        <line num="61" count="0" type="stmt"/>
        <line num="66" count="0" type="stmt"/>
        <line num="70" count="0" type="stmt"/>
        <line num="76" count="0" type="stmt"/>
        <line num="78" count="0" type="stmt"/>
        <line num="79" count="0" type="stmt"/>
        <line num="80" count="0" type="stmt"/>
        <line num="82" count="0" type="cond" truecount="0" falsecount="1"/>
        <line num="83" count="0" type="stmt"/>
        <line num="86" count="0" type="stmt"/>
        <line num="88" count="0" type="stmt"/>
        <line num="93" count="0" type="stmt"/>
        <line num="98" count="0" type="stmt"/>
        <line num="102" count="2" type="stmt"/>
        <line num="103" count="7" type="stmt"/>
        <line num="109" count="16" type="stmt"/>
        <line num="111" count="16" type="stmt"/>
        <line num="116" count="11" type="cond" truecount="0" falsecount="1"/>
        <line num="120" count="0" type="stmt"/>
        <line num="122" count="11" type="stmt"/>
        <line num="124" count="5" type="cond" truecount="1" falsecount="0"/>
        <line num="125" count="4" type="stmt"/>
        <line num="126" count="4" type="stmt"/>
        <line num="131" count="4" type="stmt"/>
        <line num="132" count="4" type="stmt"/>
        <line num="134" count="1" type="stmt"/>
        <line num="141" count="1" type="stmt"/>
        <line num="146" count="0" type="cond" truecount="0" falsecount="1"/>
        <line num="147" count="0" type="stmt"/>
        <line num="149" count="0" type="stmt"/>
        <line num="153" count="12" type="stmt"/>
        <line num="155" count="12" type="stmt"/>
        <line num="156" count="11" type="cond" truecount="3" falsecount="0"/>
        <line num="157" count="1" type="cond" truecount="1" falsecount="1"/>
        <line num="159" count="10" type="stmt"/>
        <line num="162" count="2" type="cond" truecount="4" falsecount="0"/>
        <line num="164" count="2" type="stmt"/>
        <line num="167" count="0" type="stmt"/>
        <line num="173" count="0" type="stmt"/>
        <line num="174" count="0" type="stmt"/>
        <line num="182" count="2" type="stmt"/>
      </file>
      <file name="token-counter.ts" path="C:\Workspace\cw-rag-core\packages\retrieval\src\token-counter.ts">
        <metrics statements="57" coveredstatements="52" conditionals="11" coveredconditionals="9" methods="12" coveredmethods="11"/>
        <line num="24" count="3" type="stmt"/>
        <line num="28" count="81" type="stmt"/>
        <line num="37" count="1743" type="stmt"/>
        <line num="45" count="0" type="stmt"/>
        <line num="53" count="3" type="stmt"/>
        <line num="55" count="1741" type="stmt"/>
        <line num="59" count="1741" type="stmt"/>
        <line num="63" count="1741" type="stmt"/>
        <line num="65" count="1741" type="stmt"/>
        <line num="66" count="1741" type="stmt"/>
        <line num="68" count="1741" type="stmt"/>
        <line num="82" count="3" type="stmt"/>
        <line num="84" count="1" type="stmt"/>
        <line num="88" count="1" type="stmt"/>
        <line num="92" count="1" type="stmt"/>
        <line num="94" count="1" type="stmt"/>
        <line num="95" count="1" type="stmt"/>
        <line num="97" count="1" type="stmt"/>
        <line num="110" count="3" type="stmt"/>
        <line num="114" count="2" type="stmt"/>
        <line num="115" count="2" type="stmt"/>
        <line num="119" count="1" type="stmt"/>
        <line num="120" count="1" type="stmt"/>
        <line num="121" count="1" type="stmt"/>
        <line num="123" count="1" type="stmt"/>
        <line num="124" count="1" type="stmt"/>
        <line num="126" count="1" type="stmt"/>
        <line num="139" count="3" type="stmt"/>
        <line num="140" count="26" type="cond" truecount="4" falsecount="0"/>
        <line num="142" count="22" type="cond" truecount="1" falsecount="0"/>
        <line num="143" count="22" type="stmt"/>
        <line num="145" count="0" type="stmt"/>
        <line num="148" count="2" type="stmt"/>
        <line num="151" count="1" type="stmt"/>
        <line num="154" count="1" type="stmt"/>
        <line num="161" count="3" type="stmt"/>
        <line num="163" count="25" type="stmt"/>
        <line num="164" count="25" type="stmt"/>
        <line num="167" count="25" type="stmt"/>
        <line num="168" count="25" type="stmt"/>
        <line num="173" count="20" type="cond" truecount="2" falsecount="0"/>
        <line num="177" count="20" type="cond" truecount="1" falsecount="0"/>
        <line num="178" count="3" type="stmt"/>
        <line num="181" count="17" type="stmt"/>
        <line num="184" count="17" type="cond" truecount="0" falsecount="1"/>
        <line num="185" count="0" type="stmt"/>
        <line num="186" count="0" type="cond" truecount="0" falsecount="1"/>
        <line num="187" count="0" type="stmt"/>
        <line num="191" count="17" type="stmt"/>
        <line num="192" count="17" type="stmt"/>
        <line num="197" count="3" type="stmt"/>
        <line num="198" count="3" type="stmt"/>
        <line num="199" count="6800" type="stmt"/>
        <line num="200" count="6800" type="stmt"/>
        <line num="201" count="6800" type="stmt"/>
        <line num="203" count="3" type="stmt"/>
        <line num="207" count="1" type="stmt"/>
      </file>
    </package>
    <package name="src.context">
      <metrics statements="108" coveredstatements="90" conditionals="63" coveredconditionals="41" methods="27" coveredmethods="26"/>
      <file name="answerability.ts" path="C:\Workspace\cw-rag-core\packages\retrieval\src\context\answerability.ts">
        <metrics statements="33" coveredstatements="32" conditionals="28" coveredconditionals="26" methods="7" coveredmethods="7"/>
        <line num="6" count="1" type="stmt"/>
        <line num="8" count="19" type="cond" truecount="0" falsecount="1"/>
        <line num="15" count="10" type="cond" truecount="2" falsecount="0"/>
        <line num="16" count="10" type="stmt"/>
        <line num="19" count="10" type="stmt"/>
        <line num="20" count="10" type="cond" truecount="1" falsecount="0"/>
        <line num="23" count="10" type="stmt"/>
        <line num="24" count="10" type="cond" truecount="1" falsecount="0"/>
        <line num="27" count="10" type="stmt"/>
        <line num="28" count="10" type="cond" truecount="1" falsecount="0"/>
        <line num="31" count="10" type="stmt"/>
        <line num="32" count="10" type="cond" truecount="1" falsecount="0"/>
        <line num="35" count="10" type="stmt"/>
        <line num="36" count="10" type="cond" truecount="1" falsecount="0"/>
        <line num="39" count="10" type="stmt"/>
        <line num="40" count="10" type="cond" truecount="2" falsecount="0"/>
        <line num="41" count="10" type="cond" truecount="3" falsecount="0"/>
        <line num="44" count="10" type="cond" truecount="3" falsecount="0"/>
        <line num="46" count="10" type="stmt"/>
        <line num="53" count="3" type="stmt"/>
        <line num="54" count="3" type="stmt"/>
        <line num="61" count="4" type="cond" truecount="1" falsecount="1"/>
        <line num="62" count="15" type="stmt"/>
        <line num="65" count="9" type="stmt"/>
        <line num="66" count="4" type="cond" truecount="1" falsecount="0"/>
        <line num="69" count="2" type="stmt"/>
        <line num="70" count="2" type="cond" truecount="3" falsecount="0"/>
        <line num="73" count="1" type="stmt"/>
        <line num="74" count="1" type="cond" truecount="3" falsecount="0"/>
        <line num="76" count="0" type="stmt"/>
        <line num="83" count="5" type="stmt"/>
        <line num="90" count="1" type="stmt"/>
        <line num="93" count="19" type="stmt"/>
      </file>
      <file name="budgeter.ts" path="C:\Workspace\cw-rag-core\packages\retrieval\src\context\budgeter.ts">
        <metrics statements="20" coveredstatements="20" conditionals="12" coveredconditionals="2" methods="9" coveredmethods="9"/>
        <line num="1" count="1" type="stmt"/>
        <line num="6" count="1" type="stmt"/>
        <line num="10" count="9" type="cond" truecount="0" falsecount="1"/>
        <line num="11" count="9" type="cond" truecount="0" falsecount="1"/>
        <line num="13" count="9" type="stmt"/>
        <line num="20" count="8" type="stmt"/>
        <line num="27" count="3" type="stmt"/>
        <line num="35" count="1" type="stmt"/>
        <line num="42" count="2" type="stmt"/>
        <line num="43" count="2" type="stmt"/>
        <line num="45" count="2" type="cond" truecount="1" falsecount="0"/>
        <line num="46" count="1" type="stmt"/>
        <line num="49" count="1" type="stmt"/>
        <line num="50" count="1" type="stmt"/>
        <line num="51" count="1" type="cond" truecount="1" falsecount="1"/>
        <line num="58" count="1" type="stmt"/>
        <line num="65" count="1" type="stmt"/>
        <line num="72" count="9" type="stmt"/>
        <line num="79" count="1" type="stmt"/>
        <line num="83" count="9" type="stmt"/>
      </file>
      <file name="novelty.ts" path="C:\Workspace\cw-rag-core\packages\retrieval\src\context\novelty.ts">
        <metrics statements="55" coveredstatements="38" conditionals="23" coveredconditionals="13" methods="11" coveredmethods="10"/>
        <line num="6" count="1" type="stmt"/>
        <line num="8" count="16" type="cond" truecount="0" falsecount="1"/>
        <line num="9" count="16" type="stmt"/>
        <line num="16" count="0" type="cond" truecount="0" falsecount="1"/>
        <line num="18" count="0" type="stmt"/>
        <line num="19" count="0" type="stmt"/>
        <line num="20" count="0" type="stmt"/>
        <line num="22" count="0" type="stmt"/>
        <line num="23" count="0" type="stmt"/>
        <line num="24" count="0" type="stmt"/>
        <line num="25" count="0" type="stmt"/>
        <line num="28" count="0" type="stmt"/>
        <line num="38" count="17" type="cond" truecount="1" falsecount="0"/>
        <line num="40" count="8" type="cond" truecount="1" falsecount="0"/>
        <line num="42" count="8" type="stmt"/>
        <line num="46" count="0" type="cond" truecount="0" falsecount="2"/>
        <line num="47" count="0" type="stmt"/>
        <line num="49" count="0" type="stmt"/>
        <line num="50" count="0" type="cond" truecount="0" falsecount="2"/>
        <line num="51" count="0" type="stmt"/>
        <line num="52" count="0" type="stmt"/>
        <line num="55" count="0" type="stmt"/>
        <line num="62" count="8" type="stmt"/>
        <line num="63" count="27" type="cond" truecount="1" falsecount="1"/>
        <line num="66" count="8" type="stmt"/>
        <line num="68" count="8" type="stmt"/>
        <line num="69" count="8" type="stmt"/>
        <line num="70" count="26" type="cond" truecount="1" falsecount="1"/>
        <line num="73" count="20" type="stmt"/>
        <line num="74" count="8" type="stmt"/>
        <line num="76" count="8" type="stmt"/>
        <line num="77" count="8" type="stmt"/>
        <line num="80" count="8" type="stmt"/>
        <line num="91" count="14" type="stmt"/>
        <line num="92" count="14" type="stmt"/>
        <line num="103" count="3" type="stmt"/>
        <line num="104" count="3" type="stmt"/>
        <line num="106" count="3" type="cond" truecount="2" falsecount="0"/>
        <line num="107" count="4" type="stmt"/>
        <line num="108" count="4" type="stmt"/>
        <line num="110" count="4" type="stmt"/>
        <line num="111" count="12" type="cond" truecount="1" falsecount="1"/>
        <line num="112" count="12" type="stmt"/>
        <line num="114" count="12" type="cond" truecount="1" falsecount="0"/>
        <line num="115" count="4" type="stmt"/>
        <line num="116" count="4" type="stmt"/>
        <line num="120" count="4" type="cond" truecount="1" falsecount="1"/>
        <line num="121" count="4" type="stmt"/>
        <line num="122" count="4" type="stmt"/>
        <line num="123" count="4" type="stmt"/>
        <line num="125" count="0" type="stmt"/>
        <line num="129" count="3" type="stmt"/>
        <line num="136" count="6" type="stmt"/>
        <line num="143" count="1" type="stmt"/>
        <line num="147" count="16" type="stmt"/>
      </file>
    </package>
    <package name="src.services">
      <metrics statements="267" coveredstatements="178" conditionals="161" coveredconditionals="91" methods="77" coveredmethods="58"/>
      <file name="fusion.ts" path="C:\Workspace\cw-rag-core\packages\retrieval\src\services\fusion.ts">
        <metrics statements="98" coveredstatements="31" conditionals="53" coveredconditionals="12" methods="19" coveredmethods="6"/>
        <line num="39" count="1" type="stmt"/>
        <line num="45" count="1015" type="cond" truecount="2" falsecount="0"/>
        <line num="46" count="13" type="cond" truecount="2" falsecount="2"/>
        <line num="50" count="13" type="cond" truecount="1" falsecount="1"/>
        <line num="52" count="13" type="cond" truecount="1" falsecount="1"/>
        <line num="56" count="1015" type="stmt"/>
        <line num="57" count="1015" type="stmt"/>
        <line num="60" count="13" type="stmt"/>
        <line num="62" count="13" type="stmt"/>
        <line num="64" count="13" type="stmt"/>
        <line num="65" count="1517" type="stmt"/>
        <line num="66" count="1517" type="stmt"/>
        <line num="68" count="1517" type="stmt"/>
        <line num="69" count="1517" type="stmt"/>
        <line num="71" count="1517" type="cond" truecount="1" falsecount="4"/>
        <line num="73" count="0" type="stmt"/>
        <line num="74" count="0" type="stmt"/>
        <line num="77" count="0" type="stmt"/>
        <line num="78" count="0" type="stmt"/>
        <line num="81" count="0" type="stmt"/>
        <line num="82" count="0" type="stmt"/>
        <line num="85" count="1517" type="stmt"/>
        <line num="86" count="1517" type="stmt"/>
        <line num="89" count="0" type="stmt"/>
        <line num="92" count="1517" type="stmt"/>
        <line num="100" count="2447" type="stmt"/>
        <line num="102" count="13" type="stmt"/>
        <line num="114" count="0" type="stmt"/>
        <line num="116" count="0" type="cond" truecount="0" falsecount="1"/>
        <line num="117" count="0" type="stmt"/>
        <line num="118" count="0" type="stmt"/>
        <line num="121" count="0" type="cond" truecount="0" falsecount="1"/>
        <line num="122" count="0" type="stmt"/>
        <line num="123" count="0" type="stmt"/>
        <line num="127" count="0" type="cond" truecount="0" falsecount="4"/>
        <line num="128" count="0" type="stmt"/>
        <line num="129" count="0" type="cond" truecount="0" falsecount="3"/>
        <line num="130" count="0" type="stmt"/>
        <line num="133" count="0" type="stmt"/>
        <line num="145" count="0" type="cond" truecount="0" falsecount="2"/>
        <line num="146" count="0" type="stmt"/>
        <line num="148" count="0" type="cond" truecount="0" falsecount="1"/>
        <line num="149" count="0" type="cond" truecount="0" falsecount="2"/>
        <line num="150" count="0" type="stmt"/>
        <line num="151" count="0" type="stmt"/>
        <line num="152" count="0" type="stmt"/>
        <line num="155" count="0" type="cond" truecount="0" falsecount="1"/>
        <line num="156" count="0" type="cond" truecount="0" falsecount="2"/>
        <line num="157" count="0" type="stmt"/>
        <line num="158" count="0" type="stmt"/>
        <line num="159" count="0" type="stmt"/>
        <line num="162" count="0" type="stmt"/>
        <line num="174" count="0" type="stmt"/>
        <line num="175" count="0" type="stmt"/>
        <line num="177" count="0" type="cond" truecount="0" falsecount="1"/>
        <line num="178" count="0" type="stmt"/>
        <line num="179" count="0" type="cond" truecount="0" falsecount="1"/>
        <line num="180" count="0" type="stmt"/>
        <line num="181" count="0" type="stmt"/>
        <line num="185" count="0" type="cond" truecount="0" falsecount="1"/>
        <line num="186" count="0" type="stmt"/>
        <line num="187" count="0" type="cond" truecount="0" falsecount="2"/>
        <line num="188" count="0" type="stmt"/>
        <line num="189" count="0" type="stmt"/>
        <line num="190" count="0" type="cond" truecount="0" falsecount="1"/>
        <line num="192" count="0" type="stmt"/>
        <line num="196" count="0" type="stmt"/>
        <line num="208" count="1517" type="cond" truecount="1" falsecount="1"/>
        <line num="209" count="1517" type="stmt"/>
        <line num="211" count="1517" type="cond" truecount="1" falsecount="0"/>
        <line num="212" count="1015" type="cond" truecount="1" falsecount="1"/>
        <line num="213" count="1015" type="stmt"/>
        <line num="214" count="1015" type="stmt"/>
        <line num="217" count="1517" type="cond" truecount="1" falsecount="0"/>
        <line num="218" count="1015" type="cond" truecount="1" falsecount="1"/>
        <line num="219" count="1015" type="stmt"/>
        <line num="220" count="1015" type="stmt"/>
        <line num="223" count="1517" type="stmt"/>
        <line num="233" count="0" type="cond" truecount="0" falsecount="1"/>
        <line num="234" count="0" type="cond" truecount="0" falsecount="1"/>
        <line num="236" count="0" type="stmt"/>
        <line num="238" count="0" type="cond" truecount="0" falsecount="2"/>
        <line num="239" count="0" type="stmt"/>
        <line num="240" count="0" type="cond" truecount="0" falsecount="1"/>
        <line num="241" count="0" type="stmt"/>
        <line num="244" count="0" type="stmt"/>
        <line num="251" count="0" type="stmt"/>
        <line num="252" count="0" type="stmt"/>
        <line num="253" count="0" type="stmt"/>
        <line num="255" count="0" type="cond" truecount="0" falsecount="1"/>
        <line num="257" count="0" type="stmt"/>
        <line num="260" count="0" type="stmt"/>
        <line num="270" count="0" type="stmt"/>
        <line num="271" count="0" type="stmt"/>
        <line num="272" count="0" type="stmt"/>
        <line num="274" count="0" type="cond" truecount="0" falsecount="1"/>
        <line num="276" count="0" type="stmt"/>
        <line num="279" count="0" type="stmt"/>
      </file>
      <file name="mock-reranker.ts" path="C:\Workspace\cw-rag-core\packages\retrieval\src\services\mock-reranker.ts">
        <metrics statements="59" coveredstatements="59" conditionals="16" coveredconditionals="15" methods="20" coveredmethods="20"/>
        <line num="1" count="2" type="stmt"/>
        <line num="2" count="2" type="stmt"/>
        <line num="13" count="2" type="stmt"/>
        <line num="26" count="40" type="stmt"/>
        <line num="27" count="40" type="cond" truecount="2" falsecount="0"/>
        <line num="28" count="40" type="cond" truecount="2" falsecount="0"/>
        <line num="29" count="40" type="cond" truecount="2" falsecount="0"/>
        <line num="33" count="154" type="cond" truecount="1" falsecount="0"/>
        <line num="34" count="1" type="stmt"/>
        <line num="38" count="153" type="cond" truecount="1" falsecount="0"/>
        <line num="39" count="3" type="stmt"/>
        <line num="43" count="153" type="cond" truecount="3" falsecount="0"/>
        <line num="44" count="1" type="stmt"/>
        <line num="47" count="152" type="stmt"/>
        <line num="49" count="152" type="stmt"/>
        <line num="50" count="4970" type="stmt"/>
        <line num="52" count="4970" type="stmt"/>
        <line num="64" count="20641" type="stmt"/>
        <line num="67" count="152" type="stmt"/>
        <line num="68" count="152" type="stmt"/>
        <line num="71" count="1217" type="stmt"/>
        <line num="79" count="4970" type="cond" truecount="1" falsecount="0"/>
        <line num="80" count="105" type="stmt"/>
        <line num="84" count="4865" type="stmt"/>
        <line num="85" count="4865" type="stmt"/>
        <line num="87" count="4865" type="stmt"/>
        <line num="88" count="4865" type="stmt"/>
        <line num="90" count="4865" type="stmt"/>
        <line num="91" count="21028" type="cond" truecount="1" falsecount="0"/>
        <line num="92" count="9887" type="stmt"/>
        <line num="97" count="4865" type="cond" truecount="1" falsecount="1"/>
        <line num="100" count="4865" type="stmt"/>
        <line num="101" count="4865" type="stmt"/>
        <line num="104" count="4865" type="stmt"/>
        <line num="105" count="4865" type="stmt"/>
        <line num="106" count="4865" type="stmt"/>
        <line num="109" count="4865" type="stmt"/>
        <line num="113" count="4865" type="stmt"/>
        <line num="114" count="4865" type="stmt"/>
        <line num="115" count="24020" type="stmt"/>
        <line num="116" count="24020" type="stmt"/>
        <line num="117" count="24020" type="stmt"/>
        <line num="119" count="4865" type="stmt"/>
        <line num="125" count="1" type="stmt"/>
        <line num="129" count="3" type="stmt"/>
        <line num="134" count="23" type="stmt"/>
        <line num="138" count="1" type="stmt"/>
        <line num="139" count="1" type="stmt"/>
        <line num="140" count="3" type="stmt"/>
        <line num="145" count="1" type="stmt"/>
        <line num="149" count="1" type="stmt"/>
        <line num="153" count="1" type="stmt"/>
        <line num="160" count="2" type="stmt"/>
        <line num="162" count="9" type="stmt"/>
        <line num="166" count="2" type="stmt"/>
        <line num="170" count="1" type="stmt"/>
        <line num="177" count="1" type="stmt"/>
        <line num="178" count="1" type="stmt"/>
        <line num="183" count="1" type="stmt"/>
      </file>
      <file name="reranker.ts" path="C:\Workspace\cw-rag-core\packages\retrieval\src\services\reranker.ts">
        <metrics statements="45" coveredstatements="25" conditionals="21" coveredconditionals="9" methods="17" coveredmethods="11"/>
        <line num="44" count="2" type="stmt"/>
        <line num="48" count="40" type="stmt"/>
        <line num="57" count="7" type="stmt"/>
        <line num="58" count="7" type="stmt"/>
        <line num="61" count="7" type="stmt"/>
        <line num="63" count="7" type="stmt"/>
        <line num="64" count="7" type="stmt"/>
        <line num="67" count="7" type="stmt"/>
        <line num="75" count="7" type="stmt"/>
        <line num="79" count="2" type="stmt"/>
        <line num="83" count="6" type="stmt"/>
        <line num="93" count="0" type="cond" truecount="0" falsecount="1"/>
        <line num="95" count="0" type="stmt"/>
        <line num="96" count="0" type="stmt"/>
        <line num="97" count="0" type="stmt"/>
        <line num="99" count="0" type="cond" truecount="0" falsecount="1"/>
        <line num="100" count="0" type="stmt"/>
        <line num="103" count="0" type="stmt"/>
        <line num="110" count="152" type="cond" truecount="1" falsecount="0"/>
        <line num="112" count="83" type="stmt"/>
        <line num="119" count="152" type="cond" truecount="0" falsecount="1"/>
        <line num="121" count="152" type="stmt"/>
        <line num="131" count="232" type="cond" truecount="2" falsecount="0"/>
        <line num="132" count="7" type="stmt"/>
        <line num="133" count="7" type="stmt"/>
        <line num="135" count="7" type="stmt"/>
        <line num="136" count="50" type="stmt"/>
        <line num="137" count="50" type="cond" truecount="1" falsecount="0"/>
        <line num="138" count="50" type="stmt"/>
        <line num="139" count="50" type="stmt"/>
        <line num="143" count="7" type="cond" truecount="1" falsecount="1"/>
        <line num="150" count="2" type="stmt"/>
        <line num="165" count="0" type="stmt"/>
        <line num="166" count="0" type="stmt"/>
        <line num="167" count="0" type="stmt"/>
        <line num="169" count="0" type="stmt"/>
        <line num="181" count="0" type="stmt"/>
        <line num="182" count="0" type="stmt"/>
        <line num="183" count="0" type="stmt"/>
        <line num="185" count="0" type="stmt"/>
        <line num="187" count="0" type="cond" truecount="0" falsecount="1"/>
        <line num="188" count="0" type="stmt"/>
        <line num="192" count="0" type="stmt"/>
        <line num="193" count="0" type="stmt"/>
        <line num="197" count="0" type="stmt"/>
      </file>
      <file name="rrf-fusion.ts" path="C:\Workspace\cw-rag-core\packages\retrieval\src\services\rrf-fusion.ts">
        <metrics statements="65" coveredstatements="63" conditionals="71" coveredconditionals="55" methods="21" coveredmethods="21"/>
        <line num="3" count="1" type="stmt"/>
        <line num="32" count="1" type="stmt"/>
        <line num="39" count="1015" type="stmt"/>
        <line num="45" count="1015" type="stmt"/>
        <line num="51" count="13" type="stmt"/>
        <line num="59" count="13" type="stmt"/>
        <line num="62" count="13" type="stmt"/>
        <line num="64" count="1000524" type="stmt"/>
        <line num="65" count="1000524" type="stmt"/>
        <line num="66" count="1517" type="cond" truecount="2" falsecount="0"/>
        <line num="68" count="1517" type="cond" truecount="0" falsecount="1"/>
        <line num="70" count="1517" type="stmt"/>
        <line num="86" count="1517" type="cond" truecount="3" falsecount="0"/>
        <line num="87" count="1014" type="stmt"/>
        <line num="91" count="503" type="cond" truecount="3" falsecount="0"/>
        <line num="92" count="502" type="stmt"/>
        <line num="95" count="1" type="stmt"/>
        <line num="99" count="1517" type="cond" truecount="2" falsecount="0"/>
        <line num="103" count="503" type="cond" truecount="2" falsecount="0"/>
        <line num="108" count="1" type="stmt"/>
        <line num="115" count="2" type="stmt"/>
        <line num="116" count="2" type="stmt"/>
        <line num="119" count="2" type="stmt"/>
        <line num="121" count="2" type="cond" truecount="1" falsecount="1"/>
        <line num="124" count="2" type="stmt"/>
        <line num="125" count="4" type="stmt"/>
        <line num="126" count="4" type="stmt"/>
        <line num="127" count="4" type="cond" truecount="2" falsecount="0"/>
        <line num="129" count="4" type="stmt"/>
        <line num="141" count="2" type="stmt"/>
        <line num="142" count="4" type="stmt"/>
        <line num="143" count="4" type="stmt"/>
        <line num="144" count="4" type="cond" truecount="2" falsecount="0"/>
        <line num="146" count="4" type="stmt"/>
        <line num="147" count="4" type="cond" truecount="1" falsecount="1"/>
        <line num="149" count="4" type="cond" truecount="1" falsecount="1"/>
        <line num="150" count="4" type="cond" truecount="1" falsecount="1"/>
        <line num="151" count="4" type="stmt"/>
        <line num="152" count="4" type="stmt"/>
        <line num="153" count="4" type="stmt"/>
        <line num="156" count="0" type="stmt"/>
        <line num="169" count="2" type="stmt"/>
        <line num="170" count="2" type="cond" truecount="2" falsecount="2"/>
        <line num="172" count="2" type="stmt"/>
        <line num="176" count="4" type="cond" truecount="0" falsecount="1"/>
        <line num="178" count="8" type="cond" truecount="1" falsecount="1"/>
        <line num="179" count="4" type="stmt"/>
        <line num="180" count="4" type="stmt"/>
        <line num="181" count="4" type="stmt"/>
        <line num="183" count="4" type="cond" truecount="1" falsecount="0"/>
        <line num="184" count="4" type="cond" truecount="2" falsecount="2"/>
        <line num="187" count="4" type="stmt"/>
        <line num="194" count="8" type="cond" truecount="1" falsecount="2"/>
        <line num="195" count="0" type="stmt"/>
        <line num="197" count="8" type="cond" truecount="3" falsecount="0"/>
        <line num="198" count="4" type="stmt"/>
        <line num="200" count="4" type="stmt"/>
        <line num="204" count="8" type="cond" truecount="3" falsecount="0"/>
        <line num="209" count="8" type="cond" truecount="3" falsecount="0"/>
        <line num="214" count="1" type="stmt"/>
        <line num="220" count="2" type="stmt"/>
        <line num="221" count="2" type="stmt"/>
        <line num="222" count="2" type="stmt"/>
        <line num="224" count="2" type="stmt"/>
        <line num="231" count="2" type="stmt"/>
      </file>
    </package>
    <package name="src.types">
      <metrics statements="3" coveredstatements="3" conditionals="18" coveredconditionals="18" methods="0" coveredmethods="0"/>
      <file name="reranker.ts" path="C:\Workspace\cw-rag-core\packages\retrieval\src\types\reranker.ts">
        <metrics statements="3" coveredstatements="3" conditionals="18" coveredconditionals="18" methods="0" coveredmethods="0"/>
        <line num="57" count="2" type="stmt"/>
        <line num="78" count="2" type="stmt"/>
        <line num="89" count="2" type="stmt"/>
      </file>
    </package>
  </project>
</coverage>
