{"C:\\Workspace\\cw-rag-core\\packages\\retrieval\\src\\adaptive-chunker.ts": {"path":"C:\\Workspace\\cw-rag-core\\packages\\retrieval\\src\\adaptive-chunker.ts","statementMap":{"0":{"start":{"line":7,"column":0},"end":{"line":7,"column":77}},"1":{"start":{"line":43,"column":4},"end":{"line":43,"column":37}},"2":{"start":{"line":44,"column":4},"end":{"line":44,"column":25}},"3":{"start":{"line":53,"column":4},"end":{"line":55,"column":5}},"4":{"start":{"line":54,"column":6},"end":{"line":54,"column":20}},"5":{"start":{"line":57,"column":44},"end":{"line":57,"column":46}},"6":{"start":{"line":59,"column":4},"end":{"line":75,"column":5}},"7":{"start":{"line":59,"column":17},"end":{"line":59,"column":18}},"8":{"start":{"line":60,"column":20},"end":{"line":60,"column":29}},"9":{"start":{"line":61,"column":17},"end":{"line":61,"column":27}},"10":{"start":{"line":64,"column":6},"end":{"line":68,"column":7}},"11":{"start":{"line":65,"column":26},"end":{"line":65,"column":39}},"12":{"start":{"line":66,"column":28},"end":{"line":66,"column":90}},"13":{"start":{"line":67,"column":8},"end":{"line":67,"column":40}},"14":{"start":{"line":70,"column":6},"end":{"line":74,"column":9}},"15":{"start":{"line":77,"column":4},"end":{"line":77,"column":28}},"16":{"start":{"line":84,"column":18},"end":{"line":84,"column":35}},"17":{"start":{"line":85,"column":35},"end":{"line":85,"column":39}},"18":{"start":{"line":86,"column":21},"end":{"line":86,"column":74}},"19":{"start":{"line":88,"column":4},"end":{"line":90,"column":5}},"20":{"start":{"line":89,"column":6},"end":{"line":89,"column":18}},"21":{"start":{"line":92,"column":4},"end":{"line":92,"column":44}},"22":{"start":{"line":99,"column":19},"end":{"line":99,"column":60}},"23":{"start":{"line":101,"column":4},"end":{"line":103,"column":5}},"24":{"start":{"line":102,"column":6},"end":{"line":102,"column":60}},"25":{"start":{"line":105,"column":4},"end":{"line":109,"column":6}},"26":{"start":{"line":38,"column":0},"end":{"line":38,"column":22}},"27":{"start":{"line":118,"column":34},"end":{"line":118,"column":36}},"28":{"start":{"line":119,"column":31},"end":{"line":119,"column":33}},"29":{"start":{"line":120,"column":23},"end":{"line":120,"column":24}},"30":{"start":{"line":121,"column":21},"end":{"line":121,"column":22}},"31":{"start":{"line":124,"column":22},"end":{"line":124,"column":51}},"32":{"start":{"line":125,"column":23},"end":{"line":125,"column":25}},"33":{"start":{"line":126,"column":26},"end":{"line":126,"column":27}},"34":{"start":{"line":128,"column":4},"end":{"line":168,"column":5}},"35":{"start":{"line":128,"column":17},"end":{"line":128,"column":18}},"36":{"start":{"line":129,"column":23},"end":{"line":129,"column":35}},"37":{"start":{"line":130,"column":24},"end":{"line":130,"column":79}},"38":{"start":{"line":133,"column":25},"end":{"line":133,"column":60}},"39":{"start":{"line":135,"column":6},"end":{"line":165,"column":7}},"40":{"start":{"line":137,"column":8},"end":{"line":137,"column":33}},"41":{"start":{"line":140,"column":8},"end":{"line":151,"column":9}},"42":{"start":{"line":141,"column":30},"end":{"line":147,"column":null}},"43":{"start":{"line":149,"column":10},"end":{"line":149,"column":35}},"44":{"start":{"line":150,"column":10},"end":{"line":150,"column":23}},"45":{"start":{"line":154,"column":8},"end":{"line":164,"column":9}},"46":{"start":{"line":156,"column":33},"end":{"line":156,"column":109}},"47":{"start":{"line":157,"column":10},"end":{"line":157,"column":41}},"48":{"start":{"line":158,"column":10},"end":{"line":158,"column":46}},"49":{"start":{"line":159,"column":10},"end":{"line":159,"column":93}},"50":{"start":{"line":162,"column":10},"end":{"line":162,"column":34}},"51":{"start":{"line":163,"column":10},"end":{"line":163,"column":41}},"52":{"start":{"line":167,"column":6},"end":{"line":167,"column":42}},"53":{"start":{"line":171,"column":4},"end":{"line":181,"column":5}},"54":{"start":{"line":172,"column":26},"end":{"line":178,"column":null}},"55":{"start":{"line":180,"column":6},"end":{"line":180,"column":31}},"56":{"start":{"line":184,"column":24},"end":{"line":184,"column":50}},"57":{"start":{"line":186,"column":4},"end":{"line":192,"column":6}},"58":{"start":{"line":188,"column":54},"end":{"line":188,"column":76}},"59":{"start":{"line":197,"column":22},"end":{"line":199,"column":39}},"60":{"start":{"line":199,"column":19},"end":{"line":199,"column":38}},"61":{"start":{"line":201,"column":4},"end":{"line":201,"column":53}},"62":{"start":{"line":210,"column":34},"end":{"line":210,"column":36}},"63":{"start":{"line":211,"column":18},"end":{"line":211,"column":39}},"64":{"start":{"line":212,"column":23},"end":{"line":212,"column":25}},"65":{"start":{"line":213,"column":21},"end":{"line":213,"column":31}},"66":{"start":{"line":215,"column":4},"end":{"line":236,"column":5}},"67":{"start":{"line":216,"column":24},"end":{"line":216,"column":71}},"68":{"start":{"line":217,"column":25},"end":{"line":217,"column":60}},"69":{"start":{"line":219,"column":6},"end":{"line":235,"column":7}},"70":{"start":{"line":220,"column":8},"end":{"line":220,"column":33}},"71":{"start":{"line":222,"column":8},"end":{"line":233,"column":9}},"72":{"start":{"line":223,"column":30},"end":{"line":229,"column":null}},"73":{"start":{"line":231,"column":10},"end":{"line":231,"column":35}},"74":{"start":{"line":232,"column":10},"end":{"line":232,"column":23}},"75":{"start":{"line":234,"column":8},"end":{"line":234,"column":28}},"76":{"start":{"line":238,"column":4},"end":{"line":248,"column":5}},"77":{"start":{"line":239,"column":26},"end":{"line":245,"column":null}},"78":{"start":{"line":247,"column":6},"end":{"line":247,"column":31}},"79":{"start":{"line":250,"column":4},"end":{"line":250,"column":18}},"80":{"start":{"line":261,"column":24},"end":{"line":261,"column":65}},"81":{"start":{"line":263,"column":4},"end":{"line":275,"column":6}},"82":{"start":{"line":116,"column":0},"end":{"line":116,"column":13}},"83":{"start":{"line":284,"column":34},"end":{"line":284,"column":36}},"84":{"start":{"line":285,"column":31},"end":{"line":285,"column":33}},"85":{"start":{"line":288,"column":23},"end":{"line":290,"column":39}},"86":{"start":{"line":290,"column":19},"end":{"line":290,"column":38}},"87":{"start":{"line":292,"column":21},"end":{"line":292,"column":22}},"88":{"start":{"line":293,"column":23},"end":{"line":293,"column":24}},"89":{"start":{"line":295,"column":4},"end":{"line":322,"column":5}},"90":{"start":{"line":296,"column":25},"end":{"line":296,"column":60}},"91":{"start":{"line":298,"column":6},"end":{"line":319,"column":7}},"92":{"start":{"line":300,"column":28},"end":{"line":306,"column":null}},"93":{"start":{"line":308,"column":8},"end":{"line":308,"column":33}},"94":{"start":{"line":309,"column":8},"end":{"line":309,"column":21}},"95":{"start":{"line":312,"column":33},"end":{"line":312,"column":95}},"96":{"start":{"line":313,"column":31},"end":{"line":313,"column":115}},"97":{"start":{"line":315,"column":8},"end":{"line":315,"column":46}},"98":{"start":{"line":316,"column":8},"end":{"line":316,"column":50}},"99":{"start":{"line":317,"column":8},"end":{"line":317,"column":96}},"100":{"start":{"line":318,"column":8},"end":{"line":318,"column":51}},"101":{"start":{"line":321,"column":6},"end":{"line":321,"column":43}},"102":{"start":{"line":324,"column":24},"end":{"line":324,"column":50}},"103":{"start":{"line":326,"column":4},"end":{"line":332,"column":6}},"104":{"start":{"line":328,"column":54},"end":{"line":328,"column":76}},"105":{"start":{"line":343,"column":24},"end":{"line":343,"column":65}},"106":{"start":{"line":345,"column":4},"end":{"line":357,"column":6}},"107":{"start":{"line":282,"column":0},"end":{"line":282,"column":13}},"108":{"start":{"line":366,"column":34},"end":{"line":366,"column":36}},"109":{"start":{"line":367,"column":31},"end":{"line":367,"column":33}},"110":{"start":{"line":370,"column":25},"end":{"line":370,"column":108}},"111":{"start":{"line":371,"column":29},"end":{"line":371,"column":82}},"112":{"start":{"line":372,"column":29},"end":{"line":372,"column":87}},"113":{"start":{"line":374,"column":21},"end":{"line":374,"column":22}},"114":{"start":{"line":375,"column":23},"end":{"line":375,"column":24}},"115":{"start":{"line":377,"column":4},"end":{"line":413,"column":5}},"116":{"start":{"line":378,"column":23},"end":{"line":378,"column":77}},"117":{"start":{"line":379,"column":22},"end":{"line":379,"column":60}},"118":{"start":{"line":382,"column":6},"end":{"line":387,"column":7}},"119":{"start":{"line":383,"column":31},"end":{"line":383,"column":57}},"120":{"start":{"line":384,"column":8},"end":{"line":386,"column":9}},"121":{"start":{"line":385,"column":10},"end":{"line":385,"column":61}},"122":{"start":{"line":389,"column":26},"end":{"line":389,"column":72}},"123":{"start":{"line":391,"column":39},"end":{"line":403,"column":8}},"124":{"start":{"line":405,"column":6},"end":{"line":405,"column":31}},"125":{"start":{"line":407,"column":6},"end":{"line":409,"column":7}},"126":{"start":{"line":408,"column":8},"end":{"line":408,"column":108}},"127":{"start":{"line":411,"column":6},"end":{"line":411,"column":39}},"128":{"start":{"line":412,"column":6},"end":{"line":412,"column":19}},"129":{"start":{"line":415,"column":4},"end":{"line":421,"column":6}},"130":{"start":{"line":417,"column":49},"end":{"line":417,"column":71}},"131":{"start":{"line":364,"column":0},"end":{"line":364,"column":13}},"132":{"start":{"line":439,"column":4},"end":{"line":439,"column":37}},"133":{"start":{"line":440,"column":4},"end":{"line":440,"column":25}},"134":{"start":{"line":441,"column":4},"end":{"line":445,"column":7}},"135":{"start":{"line":447,"column":4},"end":{"line":449,"column":5}},"136":{"start":{"line":448,"column":6},"end":{"line":448,"column":51}},"137":{"start":{"line":454,"column":27},"end":{"line":454,"column":47}},"138":{"start":{"line":457,"column":21},"end":{"line":457,"column":97}},"139":{"start":{"line":459,"column":4},"end":{"line":486,"column":5}},"140":{"start":{"line":460,"column":21},"end":{"line":460,"column":68}},"141":{"start":{"line":463,"column":6},"end":{"line":476,"column":7}},"142":{"start":{"line":464,"column":28},"end":{"line":464,"column":80}},"143":{"start":{"line":466,"column":8},"end":{"line":475,"column":10}},"144":{"start":{"line":469,"column":56},"end":{"line":469,"column":63}},"145":{"start":{"line":473,"column":54},"end":{"line":473,"column":81}},"146":{"start":{"line":478,"column":6},"end":{"line":478,"column":20}},"147":{"start":{"line":481,"column":6},"end":{"line":481,"column":108}},"148":{"start":{"line":482,"column":31},"end":{"line":482,"column":64}},"149":{"start":{"line":483,"column":21},"end":{"line":483,"column":76}},"150":{"start":{"line":484,"column":6},"end":{"line":484,"column":109}},"151":{"start":{"line":485,"column":6},"end":{"line":485,"column":20}},"152":{"start":{"line":493,"column":35},"end":{"line":493,"column":38}},"153":{"start":{"line":494,"column":4},"end":{"line":497,"column":6}},"154":{"start":{"line":512,"column":22},"end":{"line":512,"column":75}},"155":{"start":{"line":512,"column":55},"end":{"line":512,"column":74}},"156":{"start":{"line":513,"column":23},"end":{"line":513,"column":77}},"157":{"start":{"line":513,"column":57},"end":{"line":513,"column":76}},"158":{"start":{"line":515,"column":30},"end":{"line":515,"column":96}},"159":{"start":{"line":515,"column":59},"end":{"line":515,"column":73}},"160":{"start":{"line":516,"column":31},"end":{"line":516,"column":99}},"161":{"start":{"line":516,"column":61},"end":{"line":516,"column":75}},"162":{"start":{"line":518,"column":33},"end":{"line":518,"column":100}},"163":{"start":{"line":520,"column":28},"end":{"line":520,"column":41}},"164":{"start":{"line":521,"column":4},"end":{"line":523,"column":5}},"165":{"start":{"line":522,"column":6},"end":{"line":522,"column":38}},"166":{"start":{"line":525,"column":24},"end":{"line":525,"column":65}},"167":{"start":{"line":526,"column":28},"end":{"line":526,"column":85}},"168":{"start":{"line":528,"column":4},"end":{"line":536,"column":6}},"169":{"start":{"line":428,"column":0},"end":{"line":428,"column":13}}},"fnMap":{"0":{"name":"(anonymous_0)","decl":{"start":{"line":42,"column":2},"end":{"line":42,"column":14}},"loc":{"start":{"line":42,"column":64},"end":{"line":45,"column":3}}},"1":{"name":"(anonymous_1)","decl":{"start":{"line":52,"column":12},"end":{"line":52,"column":25}},"loc":{"start":{"line":52,"column":47},"end":{"line":78,"column":3}}},"2":{"name":"(anonymous_2)","decl":{"start":{"line":83,"column":12},"end":{"line":83,"column":26}},"loc":{"start":{"line":83,"column":65},"end":{"line":93,"column":3}}},"3":{"name":"(anonymous_3)","decl":{"start":{"line":98,"column":12},"end":{"line":98,"column":17}},"loc":{"start":{"line":98,"column":44},"end":{"line":110,"column":3}}},"4":{"name":"(anonymous_4)","decl":{"start":{"line":117,"column":2},"end":{"line":117,"column":7}},"loc":{"start":{"line":117,"column":64},"end":{"line":193,"column":3}}},"5":{"name":"(anonymous_5)","decl":{"start":{"line":188,"column":38},"end":{"line":188,"column":39}},"loc":{"start":{"line":188,"column":54},"end":{"line":188,"column":76}}},"6":{"name":"(anonymous_6)","decl":{"start":{"line":195,"column":10},"end":{"line":195,"column":28}},"loc":{"start":{"line":195,"column":41},"end":{"line":202,"column":3}}},"7":{"name":"(anonymous_7)","decl":{"start":{"line":199,"column":14},"end":{"line":199,"column":15}},"loc":{"start":{"line":199,"column":19},"end":{"line":199,"column":38}}},"8":{"name":"(anonymous_8)","decl":{"start":{"line":204,"column":10},"end":{"line":204,"column":15}},"loc":{"start":{"line":208,"column":24},"end":{"line":251,"column":3}}},"9":{"name":"(anonymous_9)","decl":{"start":{"line":253,"column":10},"end":{"line":253,"column":15}},"loc":{"start":{"line":259,"column":24},"end":{"line":276,"column":3}}},"10":{"name":"(anonymous_10)","decl":{"start":{"line":283,"column":2},"end":{"line":283,"column":7}},"loc":{"start":{"line":283,"column":64},"end":{"line":333,"column":3}}},"11":{"name":"(anonymous_11)","decl":{"start":{"line":290,"column":14},"end":{"line":290,"column":15}},"loc":{"start":{"line":290,"column":19},"end":{"line":290,"column":38}}},"12":{"name":"(anonymous_12)","decl":{"start":{"line":328,"column":38},"end":{"line":328,"column":39}},"loc":{"start":{"line":328,"column":54},"end":{"line":328,"column":76}}},"13":{"name":"(anonymous_13)","decl":{"start":{"line":335,"column":10},"end":{"line":335,"column":15}},"loc":{"start":{"line":341,"column":24},"end":{"line":358,"column":3}}},"14":{"name":"(anonymous_14)","decl":{"start":{"line":365,"column":2},"end":{"line":365,"column":7}},"loc":{"start":{"line":365,"column":64},"end":{"line":422,"column":3}}},"15":{"name":"(anonymous_15)","decl":{"start":{"line":417,"column":33},"end":{"line":417,"column":34}},"loc":{"start":{"line":417,"column":49},"end":{"line":417,"column":71}}},"16":{"name":"(anonymous_16)","decl":{"start":{"line":434,"column":2},"end":{"line":434,"column":null}},"loc":{"start":{"line":437,"column":40},"end":{"line":450,"column":3}}},"17":{"name":"(anonymous_17)","decl":{"start":{"line":452,"column":2},"end":{"line":452,"column":7}},"loc":{"start":{"line":452,"column":64},"end":{"line":487,"column":3}}},"18":{"name":"(anonymous_18)","decl":{"start":{"line":469,"column":51},"end":{"line":469,"column":52}},"loc":{"start":{"line":469,"column":56},"end":{"line":469,"column":63}}},"19":{"name":"(anonymous_19)","decl":{"start":{"line":473,"column":45},"end":{"line":473,"column":50}},"loc":{"start":{"line":473,"column":54},"end":{"line":473,"column":81}}},"20":{"name":"(anonymous_20)","decl":{"start":{"line":492,"column":2},"end":{"line":492,"column":21}},"loc":{"start":{"line":492,"column":21},"end":{"line":498,"column":3}}},"21":{"name":"(anonymous_21)","decl":{"start":{"line":503,"column":2},"end":{"line":503,"column":7}},"loc":{"start":{"line":503,"column":32},"end":{"line":537,"column":3}}},"22":{"name":"(anonymous_22)","decl":{"start":{"line":512,"column":50},"end":{"line":512,"column":51}},"loc":{"start":{"line":512,"column":55},"end":{"line":512,"column":74}}},"23":{"name":"(anonymous_23)","decl":{"start":{"line":513,"column":52},"end":{"line":513,"column":53}},"loc":{"start":{"line":513,"column":57},"end":{"line":513,"column":76}}},"24":{"name":"(anonymous_24)","decl":{"start":{"line":515,"column":47},"end":{"line":515,"column":48}},"loc":{"start":{"line":515,"column":59},"end":{"line":515,"column":73}}},"25":{"name":"(anonymous_25)","decl":{"start":{"line":516,"column":49},"end":{"line":516,"column":50}},"loc":{"start":{"line":516,"column":61},"end":{"line":516,"column":75}}}},"branchMap":{"0":{"loc":{"start":{"line":53,"column":4},"end":{"line":55,"column":5}},"type":"if","locations":[{"start":{"line":53,"column":4},"end":{"line":55,"column":5}}]},"1":{"loc":{"start":{"line":53,"column":8},"end":{"line":53,"column":60}},"type":"binary-expr","locations":[{"start":{"line":53,"column":8},"end":{"line":53,"column":38}},{"start":{"line":53,"column":42},"end":{"line":53,"column":60}}]},"2":{"loc":{"start":{"line":64,"column":6},"end":{"line":68,"column":7}},"type":"if","locations":[{"start":{"line":64,"column":6},"end":{"line":68,"column":7}}]},"3":{"loc":{"start":{"line":88,"column":4},"end":{"line":90,"column":5}},"type":"if","locations":[{"start":{"line":88,"column":4},"end":{"line":90,"column":5}}]},"4":{"loc":{"start":{"line":101,"column":4},"end":{"line":103,"column":5}},"type":"if","locations":[{"start":{"line":101,"column":4},"end":{"line":103,"column":5}}]},"5":{"loc":{"start":{"line":130,"column":24},"end":{"line":130,"column":79}},"type":"cond-expr","locations":[{"start":{"line":130,"column":39},"end":{"line":130,"column":68}},{"start":{"line":130,"column":71},"end":{"line":130,"column":79}}]},"6":{"loc":{"start":{"line":135,"column":6},"end":{"line":165,"column":7}},"type":"if","locations":[{"start":{"line":135,"column":6},"end":{"line":165,"column":7}},{"start":{"line":138,"column":13},"end":{"line":165,"column":7}}]},"7":{"loc":{"start":{"line":140,"column":8},"end":{"line":151,"column":9}},"type":"if","locations":[{"start":{"line":140,"column":8},"end":{"line":151,"column":9}}]},"8":{"loc":{"start":{"line":154,"column":8},"end":{"line":164,"column":9}},"type":"if","locations":[{"start":{"line":154,"column":8},"end":{"line":164,"column":9}},{"start":{"line":160,"column":15},"end":{"line":164,"column":9}}]},"9":{"loc":{"start":{"line":154,"column":12},"end":{"line":154,"column":46}},"type":"binary-expr","locations":[{"start":{"line":154,"column":12},"end":{"line":154,"column":25}},{"start":{"line":154,"column":29},"end":{"line":154,"column":46}}]},"10":{"loc":{"start":{"line":171,"column":4},"end":{"line":181,"column":5}},"type":"if","locations":[{"start":{"line":171,"column":4},"end":{"line":181,"column":5}}]},"11":{"loc":{"start":{"line":201,"column":11},"end":{"line":201,"column":52}},"type":"cond-expr","locations":[{"start":{"line":201,"column":34},"end":{"line":201,"column":43}},{"start":{"line":201,"column":46},"end":{"line":201,"column":52}}]},"12":{"loc":{"start":{"line":216,"column":24},"end":{"line":216,"column":71}},"type":"cond-expr","locations":[{"start":{"line":216,"column":39},"end":{"line":216,"column":64}},{"start":{"line":216,"column":67},"end":{"line":216,"column":71}}]},"13":{"loc":{"start":{"line":219,"column":6},"end":{"line":235,"column":7}},"type":"if","locations":[{"start":{"line":219,"column":6},"end":{"line":235,"column":7}},{"start":{"line":221,"column":13},"end":{"line":235,"column":7}}]},"14":{"loc":{"start":{"line":222,"column":8},"end":{"line":233,"column":9}},"type":"if","locations":[{"start":{"line":222,"column":8},"end":{"line":233,"column":9}}]},"15":{"loc":{"start":{"line":238,"column":4},"end":{"line":248,"column":5}},"type":"if","locations":[{"start":{"line":238,"column":4},"end":{"line":248,"column":5}}]},"16":{"loc":{"start":{"line":298,"column":6},"end":{"line":319,"column":7}},"type":"if","locations":[{"start":{"line":298,"column":6},"end":{"line":319,"column":7}},{"start":{"line":310,"column":13},"end":{"line":319,"column":7}}]},"17":{"loc":{"start":{"line":382,"column":6},"end":{"line":387,"column":7}},"type":"if","locations":[{"start":{"line":382,"column":6},"end":{"line":387,"column":7}}]},"18":{"loc":{"start":{"line":384,"column":8},"end":{"line":386,"column":9}},"type":"if","locations":[{"start":{"line":384,"column":8},"end":{"line":386,"column":9}}]},"19":{"loc":{"start":{"line":407,"column":6},"end":{"line":409,"column":7}},"type":"if","locations":[{"start":{"line":407,"column":6},"end":{"line":409,"column":7}}]},"20":{"loc":{"start":{"line":437,"column":4},"end":{"line":437,"column":40}},"type":"default-arg","locations":[{"start":{"line":437,"column":36},"end":{"line":437,"column":40}}]},"21":{"loc":{"start":{"line":447,"column":4},"end":{"line":449,"column":5}},"type":"if","locations":[{"start":{"line":447,"column":4},"end":{"line":449,"column":5}}]},"22":{"loc":{"start":{"line":457,"column":21},"end":{"line":457,"column":97}},"type":"binary-expr","locations":[{"start":{"line":457,"column":21},"end":{"line":457,"column":58}},{"start":{"line":457,"column":62},"end":{"line":457,"column":97}}]},"23":{"loc":{"start":{"line":463,"column":6},"end":{"line":476,"column":7}},"type":"if","locations":[{"start":{"line":463,"column":6},"end":{"line":476,"column":7}}]},"24":{"loc":{"start":{"line":518,"column":33},"end":{"line":518,"column":100}},"type":"binary-expr","locations":[{"start":{"line":518,"column":33},"end":{"line":518,"column":54}},{"start":{"line":518,"column":58},"end":{"line":518,"column":100}}]},"25":{"loc":{"start":{"line":521,"column":4},"end":{"line":523,"column":5}},"type":"if","locations":[{"start":{"line":521,"column":4},"end":{"line":523,"column":5}}]}},"s":{"0":2,"1":135,"2":135,"3":21,"4":11,"5":10,"6":10,"7":10,"8":30,"9":30,"10":30,"11":20,"12":20,"13":20,"14":30,"15":10,"16":20,"17":20,"18":20,"19":20,"20":2,"21":18,"22":1674,"23":1674,"24":1653,"25":21,"26":2,"27":19,"28":19,"29":19,"30":19,"31":19,"32":19,"33":19,"34":19,"35":19,"36":817,"37":817,"38":817,"39":817,"40":800,"41":17,"42":14,"43":14,"44":14,"45":17,"46":3,"47":3,"48":3,"49":3,"50":14,"51":14,"52":817,"53":19,"54":15,"55":15,"56":19,"57":19,"58":34,"59":19,"60":817,"61":19,"62":3,"63":3,"64":3,"65":3,"66":3,"67":853,"68":853,"69":853,"70":850,"71":3,"72":2,"73":2,"74":2,"75":3,"76":3,"77":3,"78":3,"79":3,"80":34,"81":34,"82":2,"83":2,"84":2,"85":2,"86":4,"87":2,"88":2,"89":2,"90":4,"91":4,"92":3,"93":3,"94":3,"95":1,"96":1,"97":1,"98":1,"99":1,"100":1,"101":4,"102":2,"103":2,"104":6,"105":3,"106":3,"107":2,"108":1,"109":1,"110":1,"111":1,"112":1,"113":1,"114":1,"115":1,"116":2,"117":2,"118":2,"119":1,"120":1,"121":1,"122":2,"123":2,"124":2,"125":2,"126":0,"127":2,"128":2,"129":1,"130":2,"131":2,"132":42,"133":42,"134":42,"135":42,"136":42,"137":13,"138":13,"139":13,"140":13,"141":13,"142":13,"143":13,"144":15,"145":8,"146":0,"147":0,"148":0,"149":0,"150":0,"151":0,"152":1,"153":1,"154":3,"155":206,"156":3,"157":7,"158":3,"159":204,"160":3,"161":7,"162":3,"163":3,"164":3,"165":0,"166":3,"167":3,"168":3,"169":2},"f":{"0":135,"1":21,"2":20,"3":1674,"4":19,"5":34,"6":19,"7":817,"8":3,"9":34,"10":2,"11":4,"12":6,"13":3,"14":1,"15":2,"16":42,"17":13,"18":15,"19":8,"20":1,"21":3,"22":206,"23":7,"24":204,"25":7},"b":{"0":[11],"1":[21,21],"2":[20],"3":[2],"4":[1653],"5":[798,19],"6":[800,17],"7":[14],"8":[3,14],"9":[17,3],"10":[15],"11":[17,2],"12":[850,3],"13":[850,3],"14":[2],"15":[3],"16":[3,1],"17":[1],"18":[1],"19":[0],"20":[42],"21":[42],"22":[13,0],"23":[13],"24":[3,1],"25":[0]}}
,"C:\\Workspace\\cw-rag-core\\packages\\retrieval\\src\\chunk-validation.ts": {"path":"C:\\Workspace\\cw-rag-core\\packages\\retrieval\\src\\chunk-validation.ts","statementMap":{"0":{"start":{"line":324,"column":0},"end":{"line":324,"column":16}},"1":{"start":{"line":328,"column":0},"end":{"line":328,"column":16}},"2":{"start":{"line":23,"column":13},"end":{"line":30,"column":2}},"3":{"start":{"line":39,"column":4},"end":{"line":39,"column":67}},"4":{"start":{"line":46,"column":29},"end":{"line":46,"column":31}},"5":{"start":{"line":47,"column":31},"end":{"line":47,"column":33}},"6":{"start":{"line":48,"column":16},"end":{"line":48,"column":19}},"7":{"start":{"line":51,"column":4},"end":{"line":73,"column":5}},"8":{"start":{"line":52,"column":6},"end":{"line":52,"column":42}},"9":{"start":{"line":53,"column":6},"end":{"line":53,"column":19}},"10":{"start":{"line":55,"column":22},"end":{"line":55,"column":39}},"11":{"start":{"line":57,"column":6},"end":{"line":60,"column":7}},"12":{"start":{"line":58,"column":8},"end":{"line":58,"column":94}},"13":{"start":{"line":59,"column":8},"end":{"line":59,"column":21}},"14":{"start":{"line":62,"column":6},"end":{"line":65,"column":7}},"15":{"start":{"line":63,"column":8},"end":{"line":63,"column":93}},"16":{"start":{"line":64,"column":8},"end":{"line":64,"column":21}},"17":{"start":{"line":68,"column":30},"end":{"line":68,"column":71}},"18":{"start":{"line":69,"column":6},"end":{"line":72,"column":7}},"19":{"start":{"line":70,"column":8},"end":{"line":70,"column":71}},"20":{"start":{"line":71,"column":8},"end":{"line":71,"column":21}},"21":{"start":{"line":76,"column":4},"end":{"line":79,"column":5}},"22":{"start":{"line":77,"column":6},"end":{"line":77,"column":41}},"23":{"start":{"line":78,"column":6},"end":{"line":78,"column":19}},"24":{"start":{"line":81,"column":4},"end":{"line":84,"column":5}},"25":{"start":{"line":82,"column":6},"end":{"line":82,"column":62}},"26":{"start":{"line":83,"column":6},"end":{"line":83,"column":19}},"27":{"start":{"line":87,"column":4},"end":{"line":90,"column":5}},"28":{"start":{"line":88,"column":6},"end":{"line":88,"column":38}},"29":{"start":{"line":89,"column":6},"end":{"line":89,"column":19}},"30":{"start":{"line":93,"column":4},"end":{"line":96,"column":5}},"31":{"start":{"line":94,"column":6},"end":{"line":94,"column":53}},"32":{"start":{"line":95,"column":6},"end":{"line":95,"column":19}},"33":{"start":{"line":99,"column":4},"end":{"line":102,"column":5}},"34":{"start":{"line":100,"column":6},"end":{"line":100,"column":50}},"35":{"start":{"line":101,"column":6},"end":{"line":101,"column":19}},"36":{"start":{"line":105,"column":4},"end":{"line":108,"column":5}},"37":{"start":{"line":106,"column":6},"end":{"line":106,"column":49}},"38":{"start":{"line":107,"column":6},"end":{"line":107,"column":20}},"39":{"start":{"line":111,"column":28},"end":{"line":111,"column":52}},"40":{"start":{"line":112,"column":4},"end":{"line":115,"column":5}},"41":{"start":{"line":113,"column":6},"end":{"line":113,"column":48}},"42":{"start":{"line":114,"column":6},"end":{"line":114,"column":20}},"43":{"start":{"line":117,"column":4},"end":{"line":122,"column":6}},"44":{"start":{"line":139,"column":39},"end":{"line":139,"column":41}},"45":{"start":{"line":140,"column":92},"end":{"line":140,"column":94}},"46":{"start":{"line":141,"column":48},"end":{"line":141,"column":50}},"47":{"start":{"line":142,"column":21},"end":{"line":142,"column":22}},"48":{"start":{"line":144,"column":4},"end":{"line":159,"column":5}},"49":{"start":{"line":145,"column":25},"end":{"line":145,"column":50}},"50":{"start":{"line":147,"column":6},"end":{"line":151,"column":7}},"51":{"start":{"line":148,"column":8},"end":{"line":148,"column":32}},"52":{"start":{"line":150,"column":8},"end":{"line":150,"column":50}},"53":{"start":{"line":153,"column":6},"end":{"line":153,"column":37}},"54":{"start":{"line":156,"column":6},"end":{"line":158,"column":7}},"55":{"start":{"line":157,"column":8},"end":{"line":157,"column":59}},"56":{"start":{"line":161,"column":4},"end":{"line":171,"column":6}},"57":{"start":{"line":186,"column":9},"end":{"line":186,"column":11}},"58":{"start":{"line":188,"column":4},"end":{"line":208,"column":5}},"59":{"start":{"line":188,"column":17},"end":{"line":188,"column":18}},"60":{"start":{"line":189,"column":21},"end":{"line":189,"column":30}},"61":{"start":{"line":190,"column":45},"end":{"line":190,"column":47}},"62":{"start":{"line":192,"column":6},"end":{"line":199,"column":7}},"63":{"start":{"line":192,"column":19},"end":{"line":192,"column":24}},"64":{"start":{"line":193,"column":23},"end":{"line":193,"column":32}},"65":{"start":{"line":194,"column":27},"end":{"line":194,"column":67}},"66":{"start":{"line":196,"column":8},"end":{"line":198,"column":9}},"67":{"start":{"line":197,"column":10},"end":{"line":197,"column":39}},"68":{"start":{"line":201,"column":6},"end":{"line":207,"column":7}},"69":{"start":{"line":202,"column":8},"end":{"line":206,"column":11}},"70":{"start":{"line":210,"column":4},"end":{"line":210,"column":22}},"71":{"start":{"line":217,"column":18},"end":{"line":217,"column":56}},"72":{"start":{"line":218,"column":18},"end":{"line":218,"column":56}},"73":{"start":{"line":220,"column":17},"end":{"line":220,"column":31}},"74":{"start":{"line":221,"column":17},"end":{"line":221,"column":31}},"75":{"start":{"line":223,"column":25},"end":{"line":223,"column":68}},"76":{"start":{"line":223,"column":55},"end":{"line":223,"column":66}},"77":{"start":{"line":224,"column":18},"end":{"line":224,"column":45}},"78":{"start":{"line":226,"column":4},"end":{"line":226,"column":42}},"79":{"start":{"line":233,"column":4},"end":{"line":233,"column":48}},"80":{"start":{"line":35,"column":0},"end":{"line":35,"column":13}},"81":{"start":{"line":244,"column":4},"end":{"line":244,"column":48}},"82":{"start":{"line":260,"column":23},"end":{"line":260,"column":60}},"83":{"start":{"line":261,"column":23},"end":{"line":261,"column":76}},"84":{"start":{"line":263,"column":36},"end":{"line":263,"column":38}},"85":{"start":{"line":264,"column":68},"end":{"line":264,"column":70}},"86":{"start":{"line":265,"column":29},"end":{"line":265,"column":31}},"87":{"start":{"line":268,"column":4},"end":{"line":268,"column":45}},"88":{"start":{"line":271,"column":4},"end":{"line":276,"column":5}},"89":{"start":{"line":272,"column":6},"end":{"line":275,"column":9}},"90":{"start":{"line":279,"column":4},"end":{"line":291,"column":5}},"91":{"start":{"line":281,"column":6},"end":{"line":290,"column":9}},"92":{"start":{"line":282,"column":22},"end":{"line":282,"column":68}},"93":{"start":{"line":282,"column":46},"end":{"line":282,"column":67}},"94":{"start":{"line":283,"column":8},"end":{"line":289,"column":9}},"95":{"start":{"line":284,"column":10},"end":{"line":284,"column":36}},"96":{"start":{"line":285,"column":10},"end":{"line":288,"column":13}},"97":{"start":{"line":294,"column":4},"end":{"line":296,"column":5}},"98":{"start":{"line":295,"column":6},"end":{"line":295,"column":76}},"99":{"start":{"line":297,"column":4},"end":{"line":299,"column":5}},"100":{"start":{"line":298,"column":6},"end":{"line":298,"column":65}},"101":{"start":{"line":301,"column":4},"end":{"line":310,"column":6}},"102":{"start":{"line":317,"column":4},"end":{"line":317,"column":40}},"103":{"start":{"line":240,"column":0},"end":{"line":240,"column":13}},"104":{"start":{"line":325,"column":2},"end":{"line":325,"column":36}},"105":{"start":{"line":329,"column":2},"end":{"line":329,"column":36}}},"fnMap":{"0":{"name":"(anonymous_0)","decl":{"start":{"line":38,"column":2},"end":{"line":38,"column":14}},"loc":{"start":{"line":38,"column":56},"end":{"line":40,"column":3}}},"1":{"name":"(anonymous_1)","decl":{"start":{"line":45,"column":2},"end":{"line":45,"column":15}},"loc":{"start":{"line":45,"column":34},"end":{"line":123,"column":3}}},"2":{"name":"(anonymous_2)","decl":{"start":{"line":128,"column":2},"end":{"line":128,"column":16}},"loc":{"start":{"line":128,"column":38},"end":{"line":172,"column":3}}},"3":{"name":"(anonymous_3)","decl":{"start":{"line":177,"column":2},"end":{"line":177,"column":16}},"loc":{"start":{"line":177,"column":38},"end":{"line":211,"column":3}}},"4":{"name":"(anonymous_4)","decl":{"start":{"line":216,"column":10},"end":{"line":216,"column":29}},"loc":{"start":{"line":216,"column":70},"end":{"line":227,"column":3}}},"5":{"name":"(anonymous_5)","decl":{"start":{"line":223,"column":50},"end":{"line":223,"column":51}},"loc":{"start":{"line":223,"column":55},"end":{"line":223,"column":66}}},"6":{"name":"(anonymous_6)","decl":{"start":{"line":232,"column":2},"end":{"line":232,"column":14}},"loc":{"start":{"line":232,"column":52},"end":{"line":234,"column":3}}},"7":{"name":"(anonymous_7)","decl":{"start":{"line":243,"column":2},"end":{"line":243,"column":14}},"loc":{"start":{"line":243,"column":56},"end":{"line":245,"column":3}}},"8":{"name":"(anonymous_8)","decl":{"start":{"line":250,"column":2},"end":{"line":250,"column":7}},"loc":{"start":{"line":250,"column":41},"end":{"line":311,"column":3}}},"9":{"name":"(anonymous_9)","decl":{"start":{"line":281,"column":29},"end":{"line":281,"column":38}},"loc":{"start":{"line":281,"column":41},"end":{"line":290,"column":7}}},"10":{"name":"(anonymous_10)","decl":{"start":{"line":282,"column":41},"end":{"line":282,"column":42}},"loc":{"start":{"line":282,"column":46},"end":{"line":282,"column":67}}},"11":{"name":"(anonymous_11)","decl":{"start":{"line":316,"column":2},"end":{"line":316,"column":14}},"loc":{"start":{"line":316,"column":52},"end":{"line":318,"column":3}}},"12":{"name":"createChunkValidator","decl":{"start":{"line":324,"column":16},"end":{"line":324,"column":36}},"loc":{"start":{"line":324,"column":75},"end":{"line":326,"column":1}}},"13":{"name":"createIngestionGuard","decl":{"start":{"line":328,"column":16},"end":{"line":328,"column":36}},"loc":{"start":{"line":328,"column":75},"end":{"line":330,"column":1}}}},"branchMap":{"0":{"loc":{"start":{"line":38,"column":14},"end":{"line":38,"column":56}},"type":"default-arg","locations":[{"start":{"line":38,"column":54},"end":{"line":38,"column":56}}]},"1":{"loc":{"start":{"line":51,"column":4},"end":{"line":73,"column":5}},"type":"if","locations":[{"start":{"line":51,"column":4},"end":{"line":73,"column":5}},{"start":{"line":54,"column":11},"end":{"line":73,"column":5}}]},"2":{"loc":{"start":{"line":51,"column":8},"end":{"line":51,"column":53}},"type":"binary-expr","locations":[{"start":{"line":51,"column":8},"end":{"line":51,"column":19}},{"start":{"line":51,"column":23},"end":{"line":51,"column":53}}]},"3":{"loc":{"start":{"line":57,"column":6},"end":{"line":60,"column":7}},"type":"if","locations":[{"start":{"line":57,"column":6},"end":{"line":60,"column":7}}]},"4":{"loc":{"start":{"line":62,"column":6},"end":{"line":65,"column":7}},"type":"if","locations":[{"start":{"line":62,"column":6},"end":{"line":65,"column":7}}]},"5":{"loc":{"start":{"line":69,"column":6},"end":{"line":72,"column":7}},"type":"if","locations":[{"start":{"line":69,"column":6},"end":{"line":72,"column":7}}]},"6":{"loc":{"start":{"line":76,"column":4},"end":{"line":79,"column":5}},"type":"if","locations":[{"start":{"line":76,"column":4},"end":{"line":79,"column":5}}]},"7":{"loc":{"start":{"line":81,"column":4},"end":{"line":84,"column":5}},"type":"if","locations":[{"start":{"line":81,"column":4},"end":{"line":84,"column":5}}]},"8":{"loc":{"start":{"line":87,"column":4},"end":{"line":90,"column":5}},"type":"if","locations":[{"start":{"line":87,"column":4},"end":{"line":90,"column":5}}]},"9":{"loc":{"start":{"line":87,"column":8},"end":{"line":87,"column":49}},"type":"binary-expr","locations":[{"start":{"line":87,"column":8},"end":{"line":87,"column":17}},{"start":{"line":87,"column":21},"end":{"line":87,"column":49}}]},"10":{"loc":{"start":{"line":93,"column":4},"end":{"line":96,"column":5}},"type":"if","locations":[{"start":{"line":93,"column":4},"end":{"line":96,"column":5}}]},"11":{"loc":{"start":{"line":93,"column":8},"end":{"line":93,"column":100}},"type":"binary-expr","locations":[{"start":{"line":93,"column":8},"end":{"line":93,"column":35}},{"start":{"line":93,"column":40},"end":{"line":93,"column":55}},{"start":{"line":93,"column":59},"end":{"line":93,"column":99}}]},"12":{"loc":{"start":{"line":99,"column":4},"end":{"line":102,"column":5}},"type":"if","locations":[{"start":{"line":99,"column":4},"end":{"line":102,"column":5}}]},"13":{"loc":{"start":{"line":99,"column":8},"end":{"line":99,"column":60}},"type":"binary-expr","locations":[{"start":{"line":99,"column":8},"end":{"line":99,"column":38}},{"start":{"line":99,"column":42},"end":{"line":99,"column":60}}]},"14":{"loc":{"start":{"line":105,"column":4},"end":{"line":108,"column":5}},"type":"if","locations":[{"start":{"line":105,"column":4},"end":{"line":108,"column":5}}]},"15":{"loc":{"start":{"line":105,"column":8},"end":{"line":105,"column":65}},"type":"binary-expr","locations":[{"start":{"line":105,"column":8},"end":{"line":105,"column":28}},{"start":{"line":105,"column":32},"end":{"line":105,"column":65}}]},"16":{"loc":{"start":{"line":112,"column":4},"end":{"line":115,"column":5}},"type":"if","locations":[{"start":{"line":112,"column":4},"end":{"line":115,"column":5}}]},"17":{"loc":{"start":{"line":147,"column":6},"end":{"line":151,"column":7}},"type":"if","locations":[{"start":{"line":147,"column":6},"end":{"line":151,"column":7}},{"start":{"line":149,"column":13},"end":{"line":151,"column":7}}]},"18":{"loc":{"start":{"line":147,"column":10},"end":{"line":147,"column":79}},"type":"binary-expr","locations":[{"start":{"line":147,"column":10},"end":{"line":147,"column":28}},{"start":{"line":147,"column":32},"end":{"line":147,"column":79}}]},"19":{"loc":{"start":{"line":157,"column":30},"end":{"line":157,"column":53}},"type":"binary-expr","locations":[{"start":{"line":157,"column":30},"end":{"line":157,"column":48}},{"start":{"line":157,"column":52},"end":{"line":157,"column":53}}]},"20":{"loc":{"start":{"line":168,"column":18},"end":{"line":168,"column":68}},"type":"cond-expr","locations":[{"start":{"line":168,"column":38},"end":{"line":168,"column":64}},{"start":{"line":168,"column":67},"end":{"line":168,"column":68}}]},"21":{"loc":{"start":{"line":196,"column":8},"end":{"line":198,"column":9}},"type":"if","locations":[{"start":{"line":196,"column":8},"end":{"line":198,"column":9}}]},"22":{"loc":{"start":{"line":201,"column":6},"end":{"line":207,"column":7}},"type":"if","locations":[{"start":{"line":201,"column":6},"end":{"line":207,"column":7}}]},"23":{"loc":{"start":{"line":205,"column":22},"end":{"line":205,"column":107}},"type":"cond-expr","locations":[{"start":{"line":205,"column":51},"end":{"line":205,"column":103}},{"start":{"line":205,"column":106},"end":{"line":205,"column":107}}]},"24":{"loc":{"start":{"line":243,"column":14},"end":{"line":243,"column":56}},"type":"default-arg","locations":[{"start":{"line":243,"column":54},"end":{"line":243,"column":56}}]},"25":{"loc":{"start":{"line":283,"column":8},"end":{"line":289,"column":9}},"type":"if","locations":[{"start":{"line":283,"column":8},"end":{"line":289,"column":9}}]},"26":{"loc":{"start":{"line":294,"column":4},"end":{"line":296,"column":5}},"type":"if","locations":[{"start":{"line":294,"column":4},"end":{"line":296,"column":5}}]},"27":{"loc":{"start":{"line":297,"column":4},"end":{"line":299,"column":5}},"type":"if","locations":[{"start":{"line":297,"column":4},"end":{"line":299,"column":5}}]}},"s":{"0":3,"1":3,"2":3,"3":60,"4":50,"5":50,"6":50,"7":50,"8":4,"9":4,"10":46,"11":46,"12":7,"13":7,"14":46,"15":1,"16":1,"17":46,"18":46,"19":7,"20":7,"21":50,"22":3,"23":3,"24":50,"25":2,"26":2,"27":50,"28":2,"29":2,"30":50,"31":9,"32":9,"33":50,"34":0,"35":0,"36":50,"37":0,"38":0,"39":50,"40":50,"41":3,"42":3,"43":50,"44":20,"45":20,"46":20,"47":20,"48":20,"49":43,"50":43,"51":34,"52":9,"53":43,"54":43,"55":15,"56":20,"57":20,"58":20,"59":20,"60":38,"61":38,"62":38,"63":38,"64":70,"65":70,"66":70,"67":67,"68":38,"69":21,"70":20,"71":91,"72":91,"73":91,"74":91,"75":91,"76":561,"77":91,"78":91,"79":0,"80":3,"81":48,"82":18,"83":18,"84":18,"85":18,"86":18,"87":18,"88":18,"89":6,"90":18,"91":20,"92":66,"93":86,"94":66,"95":20,"96":20,"97":18,"98":6,"99":18,"100":6,"101":18,"102":0,"103":3,"104":0,"105":48},"f":{"0":60,"1":50,"2":20,"3":20,"4":91,"5":561,"6":0,"7":48,"8":18,"9":66,"10":86,"11":0,"12":0,"13":48},"b":{"0":[11],"1":[4,46],"2":[50,46],"3":[7],"4":[1],"5":[7],"6":[3],"7":[2],"8":[2],"9":[50,48],"10":[9],"11":[50,50,41],"12":[0],"13":[50,0],"14":[0],"15":[50,50],"16":[3],"17":[34,9],"18":[43,34],"19":[15,14],"20":[19,1],"21":[67],"22":[21],"23":[21,0],"24":[42],"25":[20],"26":[6],"27":[6]}}
,"C:\\Workspace\\cw-rag-core\\packages\\retrieval\\src\\embedding-config.ts": {"path":"C:\\Workspace\\cw-rag-core\\packages\\retrieval\\src\\embedding-config.ts","statementMap":{"0":{"start":{"line":194,"column":0},"end":{"line":194,"column":16}},"1":{"start":{"line":212,"column":0},"end":{"line":212,"column":16}},"2":{"start":{"line":269,"column":0},"end":{"line":269,"column":16}},"3":{"start":{"line":53,"column":13},"end":{"line":173,"column":2}},"4":{"start":{"line":195,"column":2},"end":{"line":206,"column":4}},"5":{"start":{"line":218,"column":52},"end":{"line":218,"column":54}},"6":{"start":{"line":219,"column":2},"end":{"line":221,"column":3}},"7":{"start":{"line":220,"column":4},"end":{"line":220,"column":68}},"8":{"start":{"line":224,"column":23},"end":{"line":227,"column":4}},"9":{"start":{"line":230,"column":2},"end":{"line":230,"column":76}},"10":{"start":{"line":230,"column":26},"end":{"line":230,"column":76}},"11":{"start":{"line":231,"column":2},"end":{"line":231,"column":60}},"12":{"start":{"line":231,"column":23},"end":{"line":231,"column":60}},"13":{"start":{"line":232,"column":2},"end":{"line":232,"column":54}},"14":{"start":{"line":232,"column":21},"end":{"line":232,"column":54}},"15":{"start":{"line":234,"column":2},"end":{"line":237,"column":3}},"16":{"start":{"line":235,"column":4},"end":{"line":235,"column":87}},"17":{"start":{"line":235,"column":29},"end":{"line":235,"column":87}},"18":{"start":{"line":236,"column":4},"end":{"line":236,"column":90}},"19":{"start":{"line":236,"column":30},"end":{"line":236,"column":90}},"20":{"start":{"line":239,"column":2},"end":{"line":248,"column":3}},"21":{"start":{"line":240,"column":4},"end":{"line":240,"column":103}},"22":{"start":{"line":240,"column":36},"end":{"line":240,"column":103}},"23":{"start":{"line":241,"column":4},"end":{"line":241,"column":95}},"24":{"start":{"line":241,"column":33},"end":{"line":241,"column":95}},"25":{"start":{"line":242,"column":4},"end":{"line":242,"column":92}},"26":{"start":{"line":242,"column":32},"end":{"line":242,"column":92}},"27":{"start":{"line":245,"column":4},"end":{"line":247,"column":5}},"28":{"start":{"line":246,"column":6},"end":{"line":246,"column":103}},"29":{"start":{"line":250,"column":2},"end":{"line":252,"column":3}},"30":{"start":{"line":251,"column":4},"end":{"line":251,"column":64}},"31":{"start":{"line":254,"column":2},"end":{"line":256,"column":3}},"32":{"start":{"line":255,"column":4},"end":{"line":255,"column":64}},"33":{"start":{"line":259,"column":2},"end":{"line":261,"column":3}},"34":{"start":{"line":260,"column":4},"end":{"line":260,"column":97}},"35":{"start":{"line":263,"column":2},"end":{"line":263,"column":48}},"36":{"start":{"line":270,"column":27},"end":{"line":270,"column":29}},"37":{"start":{"line":273,"column":2},"end":{"line":273,"column":60}},"38":{"start":{"line":273,"column":24},"end":{"line":273,"column":60}},"39":{"start":{"line":274,"column":2},"end":{"line":274,"column":54}},"40":{"start":{"line":274,"column":21},"end":{"line":274,"column":54}},"41":{"start":{"line":275,"column":2},"end":{"line":275,"column":50}},"42":{"start":{"line":275,"column":19},"end":{"line":275,"column":50}},"43":{"start":{"line":278,"column":2},"end":{"line":284,"column":3}},"44":{"start":{"line":279,"column":4},"end":{"line":279,"column":58}},"45":{"start":{"line":281,"column":4},"end":{"line":281,"column":86}},"46":{"start":{"line":281,"column":44},"end":{"line":281,"column":86}},"47":{"start":{"line":282,"column":4},"end":{"line":282,"column":88}},"48":{"start":{"line":282,"column":45},"end":{"line":282,"column":88}},"49":{"start":{"line":283,"column":4},"end":{"line":283,"column":92}},"50":{"start":{"line":283,"column":47},"end":{"line":283,"column":92}},"51":{"start":{"line":287,"column":2},"end":{"line":307,"column":3}},"52":{"start":{"line":288,"column":4},"end":{"line":288,"column":54}},"53":{"start":{"line":290,"column":4},"end":{"line":290,"column":91}},"54":{"start":{"line":290,"column":40},"end":{"line":290,"column":91}},"55":{"start":{"line":291,"column":4},"end":{"line":291,"column":92}},"56":{"start":{"line":291,"column":43},"end":{"line":291,"column":92}},"57":{"start":{"line":292,"column":4},"end":{"line":292,"column":92}},"58":{"start":{"line":292,"column":45},"end":{"line":292,"column":92}},"59":{"start":{"line":293,"column":4},"end":{"line":295,"column":5}},"60":{"start":{"line":294,"column":6},"end":{"line":294,"column":58}},"61":{"start":{"line":298,"column":4},"end":{"line":300,"column":5}},"62":{"start":{"line":299,"column":6},"end":{"line":299,"column":85}},"63":{"start":{"line":301,"column":4},"end":{"line":303,"column":5}},"64":{"start":{"line":302,"column":6},"end":{"line":302,"column":75}},"65":{"start":{"line":304,"column":4},"end":{"line":306,"column":5}},"66":{"start":{"line":305,"column":6},"end":{"line":305,"column":77}},"67":{"start":{"line":310,"column":2},"end":{"line":314,"column":3}},"68":{"start":{"line":311,"column":4},"end":{"line":311,"column":89}},"69":{"start":{"line":311,"column":39},"end":{"line":311,"column":89}},"70":{"start":{"line":312,"column":4},"end":{"line":312,"column":89}},"71":{"start":{"line":312,"column":41},"end":{"line":312,"column":89}},"72":{"start":{"line":313,"column":4},"end":{"line":313,"column":96}},"73":{"start":{"line":313,"column":45},"end":{"line":313,"column":96}},"74":{"start":{"line":317,"column":2},"end":{"line":320,"column":3}},"75":{"start":{"line":318,"column":4},"end":{"line":318,"column":94}},"76":{"start":{"line":318,"column":46},"end":{"line":318,"column":94}},"77":{"start":{"line":319,"column":4},"end":{"line":319,"column":90}},"78":{"start":{"line":319,"column":44},"end":{"line":319,"column":90}},"79":{"start":{"line":322,"column":2},"end":{"line":325,"column":4}}},"fnMap":{"0":{"name":"loadConfigFromEnvironment","decl":{"start":{"line":194,"column":16},"end":{"line":194,"column":41}},"loc":{"start":{"line":194,"column":41},"end":{"line":207,"column":1}}},"1":{"name":"mergeConfigurations","decl":{"start":{"line":212,"column":16},"end":{"line":212,"column":35}},"loc":{"start":{"line":215,"column":27},"end":{"line":264,"column":1}}},"2":{"name":"validateEmbeddingConfig","decl":{"start":{"line":269,"column":16},"end":{"line":269,"column":39}},"loc":{"start":{"line":269,"column":70},"end":{"line":326,"column":1}}}},"branchMap":{"0":{"loc":{"start":{"line":197,"column":11},"end":{"line":197,"column":70}},"type":"binary-expr","locations":[{"start":{"line":197,"column":11},"end":{"line":197,"column":38}},{"start":{"line":197,"column":42},"end":{"line":197,"column":70}}]},"1":{"loc":{"start":{"line":198,"column":9},"end":{"line":198,"column":64}},"type":"binary-expr","locations":[{"start":{"line":198,"column":9},"end":{"line":198,"column":34}},{"start":{"line":198,"column":38},"end":{"line":198,"column":64}}]},"2":{"loc":{"start":{"line":199,"column":15},"end":{"line":199,"column":104}},"type":"cond-expr","locations":[{"start":{"line":199,"column":50},"end":{"line":199,"column":92}},{"start":{"line":199,"column":95},"end":{"line":199,"column":104}}]},"3":{"loc":{"start":{"line":200,"column":16},"end":{"line":200,"column":85}},"type":"cond-expr","locations":[{"start":{"line":200,"column":41},"end":{"line":200,"column":73}},{"start":{"line":200,"column":76},"end":{"line":200,"column":85}}]},"4":{"loc":{"start":{"line":202,"column":19},"end":{"line":202,"column":116}},"type":"cond-expr","locations":[{"start":{"line":202,"column":58},"end":{"line":202,"column":104}},{"start":{"line":202,"column":107},"end":{"line":202,"column":116}}]},"5":{"loc":{"start":{"line":203,"column":18},"end":{"line":203,"column":115}},"type":"cond-expr","locations":[{"start":{"line":203,"column":56},"end":{"line":203,"column":103}},{"start":{"line":203,"column":106},"end":{"line":203,"column":115}}]},"6":{"loc":{"start":{"line":204,"column":22},"end":{"line":204,"column":127}},"type":"cond-expr","locations":[{"start":{"line":204,"column":65},"end":{"line":204,"column":115}},{"start":{"line":204,"column":118},"end":{"line":204,"column":127}}]},"7":{"loc":{"start":{"line":205,"column":15},"end":{"line":205,"column":104}},"type":"cond-expr","locations":[{"start":{"line":205,"column":50},"end":{"line":205,"column":92}},{"start":{"line":205,"column":95},"end":{"line":205,"column":104}}]},"8":{"loc":{"start":{"line":219,"column":2},"end":{"line":221,"column":3}},"type":"if","locations":[{"start":{"line":219,"column":2},"end":{"line":221,"column":3}}]},"9":{"loc":{"start":{"line":219,"column":6},"end":{"line":219,"column":69}},"type":"binary-expr","locations":[{"start":{"line":219,"column":6},"end":{"line":219,"column":22}},{"start":{"line":219,"column":26},"end":{"line":219,"column":69}}]},"10":{"loc":{"start":{"line":230,"column":2},"end":{"line":230,"column":76}},"type":"if","locations":[{"start":{"line":230,"column":2},"end":{"line":230,"column":76}}]},"11":{"loc":{"start":{"line":231,"column":2},"end":{"line":231,"column":60}},"type":"if","locations":[{"start":{"line":231,"column":2},"end":{"line":231,"column":60}}]},"12":{"loc":{"start":{"line":232,"column":2},"end":{"line":232,"column":54}},"type":"if","locations":[{"start":{"line":232,"column":2},"end":{"line":232,"column":54}}]},"13":{"loc":{"start":{"line":234,"column":2},"end":{"line":237,"column":3}},"type":"if","locations":[{"start":{"line":234,"column":2},"end":{"line":237,"column":3}}]},"14":{"loc":{"start":{"line":235,"column":4},"end":{"line":235,"column":87}},"type":"if","locations":[{"start":{"line":235,"column":4},"end":{"line":235,"column":87}}]},"15":{"loc":{"start":{"line":236,"column":4},"end":{"line":236,"column":90}},"type":"if","locations":[{"start":{"line":236,"column":4},"end":{"line":236,"column":90}}]},"16":{"loc":{"start":{"line":239,"column":2},"end":{"line":248,"column":3}},"type":"if","locations":[{"start":{"line":239,"column":2},"end":{"line":248,"column":3}}]},"17":{"loc":{"start":{"line":240,"column":4},"end":{"line":240,"column":103}},"type":"if","locations":[{"start":{"line":240,"column":4},"end":{"line":240,"column":103}}]},"18":{"loc":{"start":{"line":241,"column":4},"end":{"line":241,"column":95}},"type":"if","locations":[{"start":{"line":241,"column":4},"end":{"line":241,"column":95}}]},"19":{"loc":{"start":{"line":242,"column":4},"end":{"line":242,"column":92}},"type":"if","locations":[{"start":{"line":242,"column":4},"end":{"line":242,"column":92}}]},"20":{"loc":{"start":{"line":245,"column":4},"end":{"line":247,"column":5}},"type":"if","locations":[{"start":{"line":245,"column":4},"end":{"line":247,"column":5}}]},"21":{"loc":{"start":{"line":245,"column":8},"end":{"line":245,"column":67}},"type":"binary-expr","locations":[{"start":{"line":245,"column":8},"end":{"line":245,"column":27}},{"start":{"line":245,"column":31},"end":{"line":245,"column":67}}]},"22":{"loc":{"start":{"line":250,"column":2},"end":{"line":252,"column":3}},"type":"if","locations":[{"start":{"line":250,"column":2},"end":{"line":252,"column":3}}]},"23":{"loc":{"start":{"line":250,"column":6},"end":{"line":250,"column":54}},"type":"binary-expr","locations":[{"start":{"line":250,"column":6},"end":{"line":250,"column":24}},{"start":{"line":250,"column":28},"end":{"line":250,"column":54}}]},"24":{"loc":{"start":{"line":254,"column":2},"end":{"line":256,"column":3}},"type":"if","locations":[{"start":{"line":254,"column":2},"end":{"line":256,"column":3}}]},"25":{"loc":{"start":{"line":254,"column":6},"end":{"line":254,"column":49}},"type":"binary-expr","locations":[{"start":{"line":254,"column":6},"end":{"line":254,"column":26}},{"start":{"line":254,"column":30},"end":{"line":254,"column":49}}]},"26":{"loc":{"start":{"line":259,"column":2},"end":{"line":261,"column":3}},"type":"if","locations":[{"start":{"line":259,"column":2},"end":{"line":261,"column":3}}]},"27":{"loc":{"start":{"line":259,"column":6},"end":{"line":259,"column":72}},"type":"binary-expr","locations":[{"start":{"line":259,"column":6},"end":{"line":259,"column":28}},{"start":{"line":259,"column":32},"end":{"line":259,"column":51}},{"start":{"line":259,"column":55},"end":{"line":259,"column":72}}]},"28":{"loc":{"start":{"line":273,"column":2},"end":{"line":273,"column":60}},"type":"if","locations":[{"start":{"line":273,"column":2},"end":{"line":273,"column":60}}]},"29":{"loc":{"start":{"line":274,"column":2},"end":{"line":274,"column":54}},"type":"if","locations":[{"start":{"line":274,"column":2},"end":{"line":274,"column":54}}]},"30":{"loc":{"start":{"line":275,"column":2},"end":{"line":275,"column":50}},"type":"if","locations":[{"start":{"line":275,"column":2},"end":{"line":275,"column":50}}]},"31":{"loc":{"start":{"line":278,"column":2},"end":{"line":284,"column":3}},"type":"if","locations":[{"start":{"line":278,"column":2},"end":{"line":284,"column":3}},{"start":{"line":280,"column":9},"end":{"line":284,"column":3}}]},"32":{"loc":{"start":{"line":281,"column":4},"end":{"line":281,"column":86}},"type":"if","locations":[{"start":{"line":281,"column":4},"end":{"line":281,"column":86}}]},"33":{"loc":{"start":{"line":282,"column":4},"end":{"line":282,"column":88}},"type":"if","locations":[{"start":{"line":282,"column":4},"end":{"line":282,"column":88}}]},"34":{"loc":{"start":{"line":283,"column":4},"end":{"line":283,"column":92}},"type":"if","locations":[{"start":{"line":283,"column":4},"end":{"line":283,"column":92}}]},"35":{"loc":{"start":{"line":287,"column":2},"end":{"line":307,"column":3}},"type":"if","locations":[{"start":{"line":287,"column":2},"end":{"line":307,"column":3}},{"start":{"line":289,"column":9},"end":{"line":307,"column":3}}]},"36":{"loc":{"start":{"line":290,"column":4},"end":{"line":290,"column":91}},"type":"if","locations":[{"start":{"line":290,"column":4},"end":{"line":290,"column":91}}]},"37":{"loc":{"start":{"line":291,"column":4},"end":{"line":291,"column":92}},"type":"if","locations":[{"start":{"line":291,"column":4},"end":{"line":291,"column":92}}]},"38":{"loc":{"start":{"line":292,"column":4},"end":{"line":292,"column":92}},"type":"if","locations":[{"start":{"line":292,"column":4},"end":{"line":292,"column":92}}]},"39":{"loc":{"start":{"line":293,"column":4},"end":{"line":295,"column":5}},"type":"if","locations":[{"start":{"line":293,"column":4},"end":{"line":295,"column":5}}]},"40":{"loc":{"start":{"line":293,"column":8},"end":{"line":293,"column":77}},"type":"binary-expr","locations":[{"start":{"line":293,"column":8},"end":{"line":293,"column":40}},{"start":{"line":293,"column":44},"end":{"line":293,"column":77}}]},"41":{"loc":{"start":{"line":298,"column":4},"end":{"line":300,"column":5}},"type":"if","locations":[{"start":{"line":298,"column":4},"end":{"line":300,"column":5}}]},"42":{"loc":{"start":{"line":298,"column":8},"end":{"line":298,"column":88}},"type":"binary-expr","locations":[{"start":{"line":298,"column":8},"end":{"line":298,"column":27}},{"start":{"line":298,"column":31},"end":{"line":298,"column":88}}]},"43":{"loc":{"start":{"line":301,"column":4},"end":{"line":303,"column":5}},"type":"if","locations":[{"start":{"line":301,"column":4},"end":{"line":303,"column":5}}]},"44":{"loc":{"start":{"line":304,"column":4},"end":{"line":306,"column":5}},"type":"if","locations":[{"start":{"line":304,"column":4},"end":{"line":306,"column":5}}]},"45":{"loc":{"start":{"line":310,"column":2},"end":{"line":314,"column":3}},"type":"if","locations":[{"start":{"line":310,"column":2},"end":{"line":314,"column":3}}]},"46":{"loc":{"start":{"line":311,"column":4},"end":{"line":311,"column":89}},"type":"if","locations":[{"start":{"line":311,"column":4},"end":{"line":311,"column":89}}]},"47":{"loc":{"start":{"line":312,"column":4},"end":{"line":312,"column":89}},"type":"if","locations":[{"start":{"line":312,"column":4},"end":{"line":312,"column":89}}]},"48":{"loc":{"start":{"line":313,"column":4},"end":{"line":313,"column":96}},"type":"if","locations":[{"start":{"line":313,"column":4},"end":{"line":313,"column":96}}]},"49":{"loc":{"start":{"line":317,"column":2},"end":{"line":320,"column":3}},"type":"if","locations":[{"start":{"line":317,"column":2},"end":{"line":320,"column":3}}]},"50":{"loc":{"start":{"line":318,"column":4},"end":{"line":318,"column":94}},"type":"if","locations":[{"start":{"line":318,"column":4},"end":{"line":318,"column":94}}]},"51":{"loc":{"start":{"line":319,"column":4},"end":{"line":319,"column":90}},"type":"if","locations":[{"start":{"line":319,"column":4},"end":{"line":319,"column":90}}]}},"s":{"0":1,"1":1,"2":1,"3":1,"4":22,"5":22,"6":22,"7":22,"8":22,"9":22,"10":0,"11":22,"12":0,"13":22,"14":0,"15":22,"16":22,"17":0,"18":22,"19":0,"20":22,"21":22,"22":0,"23":22,"24":0,"25":22,"26":0,"27":22,"28":0,"29":22,"30":0,"31":22,"32":0,"33":22,"34":1,"35":21,"36":21,"37":21,"38":0,"39":21,"40":0,"41":21,"42":0,"43":21,"44":0,"45":21,"46":0,"47":21,"48":0,"49":21,"50":0,"51":21,"52":0,"53":21,"54":0,"55":21,"56":0,"57":21,"58":0,"59":21,"60":0,"61":21,"62":0,"63":21,"64":0,"65":21,"66":0,"67":21,"68":21,"69":0,"70":21,"71":0,"72":21,"73":0,"74":21,"75":21,"76":0,"77":21,"78":0,"79":21},"f":{"0":22,"1":22,"2":21},"b":{"0":[22,22],"1":[22,22],"2":[0,22],"3":[0,22],"4":[0,22],"5":[0,22],"6":[0,22],"7":[0,22],"8":[22],"9":[22,22],"10":[0],"11":[0],"12":[0],"13":[22],"14":[0],"15":[0],"16":[22],"17":[0],"18":[0],"19":[0],"20":[0],"21":[22,0],"22":[0],"23":[22,22],"24":[0],"25":[22,22],"26":[1],"27":[22,22,21],"28":[0],"29":[0],"30":[0],"31":[0,21],"32":[0],"33":[0],"34":[0],"35":[0,21],"36":[0],"37":[0],"38":[0],"39":[0],"40":[21,21],"41":[0],"42":[21,21],"43":[0],"44":[0],"45":[21],"46":[0],"47":[0],"48":[0],"49":[21],"50":[0],"51":[0]}}
,"C:\\Workspace\\cw-rag-core\\packages\\retrieval\\src\\embedding-manager.ts": {"path":"C:\\Workspace\\cw-rag-core\\packages\\retrieval\\src\\embedding-manager.ts","statementMap":{"0":{"start":{"line":540,"column":0},"end":{"line":540,"column":7}},"1":{"start":{"line":5,"column":0},"end":{"line":5,"column":42}},"2":{"start":{"line":6,"column":0},"end":{"line":6,"column":90}},"3":{"start":{"line":7,"column":0},"end":{"line":7,"column":85}},"4":{"start":{"line":8,"column":0},"end":{"line":8,"column":null}},"5":{"start":{"line":66,"column":29},"end":{"line":66,"column":97}},"6":{"start":{"line":70,"column":22},"end":{"line":70,"column":49}},"7":{"start":{"line":71,"column":29},"end":{"line":71,"column":67}},"8":{"start":{"line":73,"column":4},"end":{"line":77,"column":6}},"9":{"start":{"line":80,"column":23},"end":{"line":80,"column":59}},"10":{"start":{"line":81,"column":4},"end":{"line":83,"column":5}},"11":{"start":{"line":82,"column":6},"end":{"line":82,"column":90}},"12":{"start":{"line":86,"column":29},"end":{"line":91,"column":6}},"13":{"start":{"line":93,"column":4},"end":{"line":93,"column":65}},"14":{"start":{"line":94,"column":4},"end":{"line":94,"column":79}},"15":{"start":{"line":96,"column":4},"end":{"line":102,"column":7}},"16":{"start":{"line":109,"column":24},"end":{"line":109,"column":65}},"17":{"start":{"line":111,"column":4},"end":{"line":134,"column":5}},"18":{"start":{"line":113,"column":6},"end":{"line":113,"column":75}},"19":{"start":{"line":113,"column":63},"end":{"line":113,"column":73}},"20":{"start":{"line":116,"column":6},"end":{"line":121,"column":9}},"21":{"start":{"line":123,"column":29},"end":{"line":123,"column":71}},"22":{"start":{"line":124,"column":6},"end":{"line":126,"column":7}},"23":{"start":{"line":125,"column":8},"end":{"line":125,"column":62}},"24":{"start":{"line":129,"column":25},"end":{"line":129,"column":71}},"25":{"start":{"line":129,"column":60},"end":{"line":129,"column":70}},"26":{"start":{"line":130,"column":25},"end":{"line":130,"column":68}},"27":{"start":{"line":133,"column":6},"end":{"line":133,"column":48}},"28":{"start":{"line":141,"column":4},"end":{"line":141,"column":40}},"29":{"start":{"line":149,"column":33},"end":{"line":149,"column":35}},"30":{"start":{"line":150,"column":72},"end":{"line":150,"column":74}},"31":{"start":{"line":152,"column":4},"end":{"line":166,"column":5}},"32":{"start":{"line":152,"column":17},"end":{"line":152,"column":18}},"33":{"start":{"line":153,"column":19},"end":{"line":153,"column":27}},"34":{"start":{"line":154,"column":26},"end":{"line":154,"column":67}},"35":{"start":{"line":156,"column":6},"end":{"line":165,"column":7}},"36":{"start":{"line":157,"column":8},"end":{"line":157,"column":30}},"37":{"start":{"line":160,"column":31},"end":{"line":160,"column":75}},"38":{"start":{"line":161,"column":8},"end":{"line":164,"column":11}},"39":{"start":{"line":163,"column":53},"end":{"line":163,"column":63}},"40":{"start":{"line":169,"column":32},"end":{"line":169,"column":55}},"41":{"start":{"line":171,"column":4},"end":{"line":181,"column":5}},"42":{"start":{"line":172,"column":30},"end":{"line":172,"column":73}},"43":{"start":{"line":173,"column":23},"end":{"line":173,"column":24}},"44":{"start":{"line":175,"column":6},"end":{"line":180,"column":7}},"45":{"start":{"line":175,"column":19},"end":{"line":175,"column":20}},"46":{"start":{"line":176,"column":28},"end":{"line":176,"column":73}},"47":{"start":{"line":177,"column":8},"end":{"line":179,"column":9}},"48":{"start":{"line":178,"column":10},"end":{"line":178,"column":53}},"49":{"start":{"line":184,"column":4},"end":{"line":187,"column":5}},"50":{"start":{"line":185,"column":30},"end":{"line":185,"column":81}},"51":{"start":{"line":186,"column":6},"end":{"line":186,"column":83}},"52":{"start":{"line":189,"column":4},"end":{"line":189,"column":19}},"53":{"start":{"line":196,"column":22},"end":{"line":196,"column":39}},"54":{"start":{"line":197,"column":31},"end":{"line":197,"column":33}},"55":{"start":{"line":199,"column":4},"end":{"line":203,"column":7}},"56":{"start":{"line":206,"column":21},"end":{"line":206,"column":57}},"57":{"start":{"line":207,"column":4},"end":{"line":209,"column":5}},"58":{"start":{"line":208,"column":6},"end":{"line":208,"column":114}},"59":{"start":{"line":212,"column":27},"end":{"line":212,"column":69}},"60":{"start":{"line":213,"column":4},"end":{"line":213,"column":46}},"61":{"start":{"line":215,"column":4},"end":{"line":217,"column":5}},"62":{"start":{"line":216,"column":6},"end":{"line":216,"column":55}},"63":{"start":{"line":219,"column":4},"end":{"line":224,"column":7}},"64":{"start":{"line":227,"column":42},"end":{"line":227,"column":44}},"65":{"start":{"line":228,"column":22},"end":{"line":228,"column":65}},"66":{"start":{"line":230,"column":4},"end":{"line":272,"column":5}},"67":{"start":{"line":230,"column":17},"end":{"line":230,"column":18}},"68":{"start":{"line":231,"column":26},"end":{"line":231,"column":71}},"69":{"start":{"line":232,"column":25},"end":{"line":232,"column":61}},"70":{"start":{"line":232,"column":50},"end":{"line":232,"column":60}},"71":{"start":{"line":234,"column":6},"end":{"line":271,"column":7}},"72":{"start":{"line":235,"column":32},"end":{"line":235,"column":75}},"73":{"start":{"line":237,"column":8},"end":{"line":250,"column":9}},"74":{"start":{"line":237,"column":21},"end":{"line":237,"column":22}},"75":{"start":{"line":238,"column":24},"end":{"line":238,"column":38}},"76":{"start":{"line":239,"column":10},"end":{"line":249,"column":13}},"77":{"start":{"line":252,"column":8},"end":{"line":257,"column":11}},"78":{"start":{"line":260,"column":8},"end":{"line":262,"column":9}},"79":{"start":{"line":261,"column":10},"end":{"line":261,"column":65}},"80":{"start":{"line":261,"column":39},"end":{"line":261,"column":63}},"81":{"start":{"line":265,"column":8},"end":{"line":269,"column":11}},"82":{"start":{"line":270,"column":8},"end":{"line":270,"column":20}},"83":{"start":{"line":274,"column":27},"end":{"line":274,"column":56}},"84":{"start":{"line":276,"column":4},"end":{"line":282,"column":7}},"85":{"start":{"line":284,"column":4},"end":{"line":290,"column":6}},"86":{"start":{"line":297,"column":4},"end":{"line":299,"column":5}},"87":{"start":{"line":298,"column":6},"end":{"line":298,"column":31}},"88":{"start":{"line":302,"column":4},"end":{"line":310,"column":5}},"89":{"start":{"line":303,"column":21},"end":{"line":303,"column":45}},"90":{"start":{"line":304,"column":6},"end":{"line":307,"column":7}},"91":{"start":{"line":305,"column":8},"end":{"line":305,"column":48}},"92":{"start":{"line":306,"column":8},"end":{"line":306,"column":33}},"93":{"start":{"line":309,"column":6},"end":{"line":309,"column":86}},"94":{"start":{"line":313,"column":4},"end":{"line":313,"column":49}},"95":{"start":{"line":314,"column":4},"end":{"line":314,"column":29}},"96":{"start":{"line":321,"column":21},"end":{"line":321,"column":36}},"97":{"start":{"line":322,"column":19},"end":{"line":322,"column":54}},"98":{"start":{"line":325,"column":4},"end":{"line":327,"column":5}},"99":{"start":{"line":326,"column":6},"end":{"line":326,"column":27}},"100":{"start":{"line":329,"column":22},"end":{"line":329,"column":39}},"101":{"start":{"line":331,"column":4},"end":{"line":367,"column":5}},"102":{"start":{"line":333,"column":24},"end":{"line":333,"column":68}},"103":{"start":{"line":334,"column":23},"end":{"line":336,"column":8}},"104":{"start":{"line":338,"column":27},"end":{"line":338,"column":56}},"105":{"start":{"line":340,"column":41},"end":{"line":345,"column":8}},"106":{"start":{"line":348,"column":6},"end":{"line":351,"column":9}},"107":{"start":{"line":353,"column":6},"end":{"line":353,"column":36}},"108":{"start":{"line":354,"column":6},"end":{"line":354,"column":20}},"109":{"start":{"line":357,"column":27},"end":{"line":357,"column":56}},"110":{"start":{"line":359,"column":41},"end":{"line":363,"column":8}},"111":{"start":{"line":365,"column":6},"end":{"line":365,"column":36}},"112":{"start":{"line":366,"column":6},"end":{"line":366,"column":20}},"113":{"start":{"line":374,"column":34},"end":{"line":374,"column":38}},"114":{"start":{"line":376,"column":4},"end":{"line":440,"column":5}},"115":{"start":{"line":376,"column":23},"end":{"line":376,"column":24}},"116":{"start":{"line":377,"column":6},"end":{"line":439,"column":7}},"117":{"start":{"line":378,"column":8},"end":{"line":382,"column":11}},"118":{"start":{"line":381,"column":47},"end":{"line":381,"column":61}},"119":{"start":{"line":384,"column":25},"end":{"line":392,"column":null}},"120":{"start":{"line":395,"column":8},"end":{"line":397,"column":9}},"121":{"start":{"line":396,"column":10},"end":{"line":396,"column":76}},"122":{"start":{"line":400,"column":35},"end":{"line":400,"column":70}},"123":{"start":{"line":401,"column":8},"end":{"line":406,"column":9}},"124":{"start":{"line":401,"column":21},"end":{"line":401,"column":22}},"125":{"start":{"line":402,"column":28},"end":{"line":402,"column":44}},"126":{"start":{"line":403,"column":10},"end":{"line":405,"column":11}},"127":{"start":{"line":404,"column":12},"end":{"line":404,"column":133}},"128":{"start":{"line":408,"column":8},"end":{"line":412,"column":11}},"129":{"start":{"line":414,"column":8},"end":{"line":414,"column":29}},"130":{"start":{"line":417,"column":8},"end":{"line":417,"column":35}},"131":{"start":{"line":418,"column":28},"end":{"line":418,"column":65}},"132":{"start":{"line":420,"column":8},"end":{"line":426,"column":11}},"133":{"start":{"line":428,"column":8},"end":{"line":430,"column":9}},"134":{"start":{"line":429,"column":10},"end":{"line":429,"column":16}},"135":{"start":{"line":433,"column":22},"end":{"line":435,"column":null}},"136":{"start":{"line":438,"column":8},"end":{"line":438,"column":65}},"137":{"start":{"line":438,"column":37},"end":{"line":438,"column":63}},"138":{"start":{"line":442,"column":4},"end":{"line":442,"column":119}},"139":{"start":{"line":449,"column":4},"end":{"line":469,"column":5}},"140":{"start":{"line":451,"column":6},"end":{"line":453,"column":7}},"141":{"start":{"line":452,"column":8},"end":{"line":452,"column":21}},"142":{"start":{"line":456,"column":6},"end":{"line":458,"column":7}},"143":{"start":{"line":457,"column":8},"end":{"line":457,"column":20}},"144":{"start":{"line":461,"column":6},"end":{"line":463,"column":7}},"145":{"start":{"line":462,"column":8},"end":{"line":462,"column":20}},"146":{"start":{"line":466,"column":6},"end":{"line":468,"column":7}},"147":{"start":{"line":467,"column":8},"end":{"line":467,"column":20}},"148":{"start":{"line":471,"column":4},"end":{"line":471,"column":17}},"149":{"start":{"line":478,"column":4},"end":{"line":480,"column":5}},"150":{"start":{"line":479,"column":6},"end":{"line":479,"column":63}},"151":{"start":{"line":482,"column":4},"end":{"line":484,"column":5}},"152":{"start":{"line":483,"column":6},"end":{"line":483,"column":27}},"153":{"start":{"line":486,"column":23},"end":{"line":486,"column":43}},"154":{"start":{"line":487,"column":21},"end":{"line":487,"column":50}},"155":{"start":{"line":489,"column":4},"end":{"line":493,"column":5}},"156":{"start":{"line":490,"column":6},"end":{"line":492,"column":7}},"157":{"start":{"line":490,"column":19},"end":{"line":490,"column":20}},"158":{"start":{"line":491,"column":8},"end":{"line":491,"column":36}},"159":{"start":{"line":495,"column":4},"end":{"line":497,"column":5}},"160":{"start":{"line":495,"column":17},"end":{"line":495,"column":18}},"161":{"start":{"line":496,"column":6},"end":{"line":496,"column":39}},"162":{"start":{"line":499,"column":4},"end":{"line":499,"column":20}},"163":{"start":{"line":506,"column":4},"end":{"line":506,"column":30}},"164":{"start":{"line":513,"column":4},"end":{"line":513,"column":51}},"165":{"start":{"line":516,"column":4},"end":{"line":525,"column":5}},"166":{"start":{"line":517,"column":31},"end":{"line":522,"column":8}},"167":{"start":{"line":524,"column":6},"end":{"line":524,"column":67}},"168":{"start":{"line":527,"column":4},"end":{"line":529,"column":5}},"169":{"start":{"line":528,"column":6},"end":{"line":528,"column":82}},"170":{"start":{"line":532,"column":4},"end":{"line":532,"column":34}},"171":{"start":{"line":533,"column":4},"end":{"line":533,"column":34}},"172":{"start":{"line":60,"column":0},"end":{"line":60,"column":13}},"173":{"start":{"line":541,"column":18},"end":{"line":541,"column":53}},"174":{"start":{"line":544,"column":2},"end":{"line":556,"column":3}},"175":{"start":{"line":545,"column":19},"end":{"line":545,"column":46}},"176":{"start":{"line":546,"column":4},"end":{"line":551,"column":5}},"177":{"start":{"line":547,"column":6},"end":{"line":550,"column":9}},"178":{"start":{"line":553,"column":4},"end":{"line":555,"column":7}},"179":{"start":{"line":558,"column":2},"end":{"line":558,"column":17}}},"fnMap":{"0":{"name":"(anonymous_9)","decl":{"start":{"line":68,"column":2},"end":{"line":68,"column":14}},"loc":{"start":{"line":68,"column":54},"end":{"line":103,"column":3}}},"1":{"name":"(anonymous_10)","decl":{"start":{"line":108,"column":2},"end":{"line":108,"column":7}},"loc":{"start":{"line":108,"column":26},"end":{"line":135,"column":3}}},"2":{"name":"(anonymous_11)","decl":{"start":{"line":113,"column":52},"end":{"line":113,"column":59}},"loc":{"start":{"line":113,"column":63},"end":{"line":113,"column":73}}},"3":{"name":"(anonymous_12)","decl":{"start":{"line":129,"column":51},"end":{"line":129,"column":56}},"loc":{"start":{"line":129,"column":60},"end":{"line":129,"column":70}}},"4":{"name":"(anonymous_13)","decl":{"start":{"line":140,"column":2},"end":{"line":140,"column":7}},"loc":{"start":{"line":140,"column":71},"end":{"line":142,"column":3}}},"5":{"name":"(anonymous_14)","decl":{"start":{"line":147,"column":2},"end":{"line":147,"column":7}},"loc":{"start":{"line":147,"column":34},"end":{"line":190,"column":3}}},"6":{"name":"(anonymous_15)","decl":{"start":{"line":163,"column":44},"end":{"line":163,"column":49}},"loc":{"start":{"line":163,"column":53},"end":{"line":163,"column":63}}},"7":{"name":"(anonymous_16)","decl":{"start":{"line":195,"column":2},"end":{"line":195,"column":7}},"loc":{"start":{"line":195,"column":58},"end":{"line":291,"column":3}}},"8":{"name":"(anonymous_17)","decl":{"start":{"line":232,"column":41},"end":{"line":232,"column":46}},"loc":{"start":{"line":232,"column":50},"end":{"line":232,"column":60}}},"9":{"name":"(anonymous_18)","decl":{"start":{"line":261,"column":28},"end":{"line":261,"column":35}},"loc":{"start":{"line":261,"column":39},"end":{"line":261,"column":63}}},"10":{"name":"(anonymous_19)","decl":{"start":{"line":296,"column":2},"end":{"line":296,"column":7}},"loc":{"start":{"line":296,"column":23},"end":{"line":315,"column":3}}},"11":{"name":"(anonymous_20)","decl":{"start":{"line":320,"column":2},"end":{"line":320,"column":7}},"loc":{"start":{"line":320,"column":19},"end":{"line":368,"column":3}}},"12":{"name":"(anonymous_21)","decl":{"start":{"line":373,"column":10},"end":{"line":373,"column":15}},"loc":{"start":{"line":373,"column":52},"end":{"line":443,"column":3}}},"13":{"name":"(anonymous_22)","decl":{"start":{"line":381,"column":35},"end":{"line":381,"column":36}},"loc":{"start":{"line":381,"column":47},"end":{"line":381,"column":61}}},"14":{"name":"(anonymous_23)","decl":{"start":{"line":438,"column":26},"end":{"line":438,"column":33}},"loc":{"start":{"line":438,"column":37},"end":{"line":438,"column":63}}},"15":{"name":"(anonymous_24)","decl":{"start":{"line":448,"column":10},"end":{"line":448,"column":26}},"loc":{"start":{"line":448,"column":39},"end":{"line":472,"column":3}}},"16":{"name":"(anonymous_25)","decl":{"start":{"line":477,"column":10},"end":{"line":477,"column":27}},"loc":{"start":{"line":477,"column":50},"end":{"line":500,"column":3}}},"17":{"name":"(anonymous_26)","decl":{"start":{"line":505,"column":2},"end":{"line":505,"column":11}},"loc":{"start":{"line":505,"column":11},"end":{"line":507,"column":3}}},"18":{"name":"(anonymous_27)","decl":{"start":{"line":512,"column":2},"end":{"line":512,"column":14}},"loc":{"start":{"line":512,"column":57},"end":{"line":534,"column":3}}},"19":{"name":"createEmbeddingServiceManager","decl":{"start":{"line":540,"column":22},"end":{"line":540,"column":51}},"loc":{"start":{"line":540,"column":92},"end":{"line":559,"column":1}}}},"branchMap":{"0":{"loc":{"start":{"line":71,"column":29},"end":{"line":71,"column":67}},"type":"binary-expr","locations":[{"start":{"line":71,"column":29},"end":{"line":71,"column":44}},{"start":{"line":71,"column":48},"end":{"line":71,"column":67}}]},"1":{"loc":{"start":{"line":74,"column":6},"end":{"line":74,"column":18}},"type":"binary-expr","locations":[{"start":{"line":74,"column":6},"end":{"line":74,"column":12}},{"start":{"line":74,"column":16},"end":{"line":74,"column":18}}]},"2":{"loc":{"start":{"line":81,"column":4},"end":{"line":83,"column":5}},"type":"if","locations":[{"start":{"line":81,"column":4},"end":{"line":83,"column":5}}]},"3":{"loc":{"start":{"line":111,"column":4},"end":{"line":134,"column":5}},"type":"if","locations":[{"start":{"line":111,"column":4},"end":{"line":134,"column":5}},{"start":{"line":114,"column":11},"end":{"line":134,"column":5}}]},"4":{"loc":{"start":{"line":124,"column":6},"end":{"line":126,"column":7}},"type":"if","locations":[{"start":{"line":124,"column":6},"end":{"line":126,"column":7}}]},"5":{"loc":{"start":{"line":156,"column":6},"end":{"line":165,"column":7}},"type":"if","locations":[{"start":{"line":156,"column":6},"end":{"line":165,"column":7}},{"start":{"line":158,"column":13},"end":{"line":165,"column":7}}]},"6":{"loc":{"start":{"line":171,"column":4},"end":{"line":181,"column":5}},"type":"if","locations":[{"start":{"line":171,"column":4},"end":{"line":181,"column":5}}]},"7":{"loc":{"start":{"line":177,"column":8},"end":{"line":179,"column":9}},"type":"if","locations":[{"start":{"line":177,"column":8},"end":{"line":179,"column":9}}]},"8":{"loc":{"start":{"line":207,"column":4},"end":{"line":209,"column":5}},"type":"if","locations":[{"start":{"line":207,"column":4},"end":{"line":209,"column":5}}]},"9":{"loc":{"start":{"line":215,"column":4},"end":{"line":217,"column":5}},"type":"if","locations":[{"start":{"line":215,"column":4},"end":{"line":217,"column":5}}]},"10":{"loc":{"start":{"line":228,"column":22},"end":{"line":228,"column":65}},"type":"binary-expr","locations":[{"start":{"line":228,"column":22},"end":{"line":228,"column":59}},{"start":{"line":228,"column":63},"end":{"line":228,"column":65}}]},"11":{"loc":{"start":{"line":260,"column":8},"end":{"line":262,"column":9}},"type":"if","locations":[{"start":{"line":260,"column":8},"end":{"line":262,"column":9}}]},"12":{"loc":{"start":{"line":297,"column":4},"end":{"line":299,"column":5}},"type":"if","locations":[{"start":{"line":297,"column":4},"end":{"line":299,"column":5}}]},"13":{"loc":{"start":{"line":304,"column":6},"end":{"line":307,"column":7}},"type":"if","locations":[{"start":{"line":304,"column":6},"end":{"line":307,"column":7}}]},"14":{"loc":{"start":{"line":325,"column":4},"end":{"line":327,"column":5}},"type":"if","locations":[{"start":{"line":325,"column":4},"end":{"line":327,"column":5}}]},"15":{"loc":{"start":{"line":325,"column":8},"end":{"line":325,"column":63}},"type":"binary-expr","locations":[{"start":{"line":325,"column":8},"end":{"line":325,"column":14}},{"start":{"line":325,"column":18},"end":{"line":325,"column":63}}]},"16":{"loc":{"start":{"line":395,"column":8},"end":{"line":397,"column":9}},"type":"if","locations":[{"start":{"line":395,"column":8},"end":{"line":397,"column":9}}]},"17":{"loc":{"start":{"line":395,"column":12},"end":{"line":395,"column":59}},"type":"binary-expr","locations":[{"start":{"line":395,"column":12},"end":{"line":395,"column":26}},{"start":{"line":395,"column":30},"end":{"line":395,"column":59}}]},"18":{"loc":{"start":{"line":403,"column":10},"end":{"line":405,"column":11}},"type":"if","locations":[{"start":{"line":403,"column":10},"end":{"line":405,"column":11}}]},"19":{"loc":{"start":{"line":403,"column":14},"end":{"line":403,"column":82}},"type":"binary-expr","locations":[{"start":{"line":403,"column":14},"end":{"line":403,"column":39}},{"start":{"line":403,"column":43},"end":{"line":403,"column":82}}]},"20":{"loc":{"start":{"line":404,"column":97},"end":{"line":404,"column":129}},"type":"binary-expr","locations":[{"start":{"line":404,"column":97},"end":{"line":404,"column":114}},{"start":{"line":404,"column":118},"end":{"line":404,"column":129}}]},"21":{"loc":{"start":{"line":425,"column":21},"end":{"line":425,"column":79}},"type":"binary-expr","locations":[{"start":{"line":425,"column":21},"end":{"line":425,"column":32}},{"start":{"line":425,"column":36},"end":{"line":425,"column":79}}]},"22":{"loc":{"start":{"line":428,"column":8},"end":{"line":430,"column":9}},"type":"if","locations":[{"start":{"line":428,"column":8},"end":{"line":430,"column":9}}]},"23":{"loc":{"start":{"line":428,"column":12},"end":{"line":428,"column":73}},"type":"binary-expr","locations":[{"start":{"line":428,"column":12},"end":{"line":428,"column":24}},{"start":{"line":428,"column":28},"end":{"line":428,"column":73}}]},"24":{"loc":{"start":{"line":449,"column":4},"end":{"line":469,"column":5}},"type":"if","locations":[{"start":{"line":449,"column":4},"end":{"line":469,"column":5}}]},"25":{"loc":{"start":{"line":451,"column":6},"end":{"line":453,"column":7}},"type":"if","locations":[{"start":{"line":451,"column":6},"end":{"line":453,"column":7}}]},"26":{"loc":{"start":{"line":456,"column":6},"end":{"line":458,"column":7}},"type":"if","locations":[{"start":{"line":456,"column":6},"end":{"line":458,"column":7}}]},"27":{"loc":{"start":{"line":461,"column":6},"end":{"line":463,"column":7}},"type":"if","locations":[{"start":{"line":461,"column":6},"end":{"line":463,"column":7}}]},"28":{"loc":{"start":{"line":461,"column":10},"end":{"line":461,"column":64}},"type":"binary-expr","locations":[{"start":{"line":461,"column":10},"end":{"lin
[...]
ne":32,"column":0},"end":{"line":32,"column":13}},"24":{"start":{"line":115,"column":36},"end":{"line":115,"column":71}},"25":{"start":{"line":116,"column":37},"end":{"line":116,"column":73}},"26":{"start":{"line":119,"column":22},"end":{"line":119,"column":59}},"27":{"start":{"line":121,"column":22},"end":{"line":121,"column":49}},"28":{"start":{"line":124,"column":4},"end":{"line":138,"column":7}},"29":{"start":{"line":125,"column":19},"end":{"line":125,"column":28}},"30":{"start":{"line":126,"column":30},"end":{"line":126,"column":76}},"31":{"start":{"line":127,"column":42},"end":{"line":127,"column":83}},"32":{"start":{"line":129,"column":6},"end":{"line":137,"column":9}},"33":{"start":{"line":141,"column":4},"end":{"line":166,"column":7}},"34":{"start":{"line":142,"column":19},"end":{"line":142,"column":28}},"35":{"start":{"line":143,"column":30},"end":{"line":143,"column":77}},"36":{"start":{"line":144,"column":42},"end":{"line":144,"column":84}},"37":{"start":{"line":146,"column":29},"end":{"line":146,"column":61}},"38":{"start":{"line":147,"column":6},"end":{"line":165,"column":7}},"39":{"start":{"line":149,"column":8},"end":{"line":149,"column":107}},"40":{"start":{"line":150,"column":8},"end":{"line":150,"column":119}},"41":{"start":{"line":151,"column":8},"end":{"line":151,"column":51}},"42":{"start":{"line":152,"column":8},"end":{"line":152,"column":45}},"43":{"start":{"line":153,"column":8},"end":{"line":153,"column":61}},"44":{"start":{"line":156,"column":8},"end":{"line":164,"column":11}},"45":{"start":{"line":169,"column":25},"end":{"line":169,"column":55}},"46":{"start":{"line":170,"column":4},"end":{"line":170,"column":77}},"47":{"start":{"line":170,"column":32},"end":{"line":170,"column":75}},"48":{"start":{"line":172,"column":4},"end":{"line":172,"column":24}},"49":{"start":{"line":176,"column":4},"end":{"line":176,"column":40}},"50":{"start":{"line":176,"column":30},"end":{"line":176,"column":40}},"51":{"start":{"line":178,"column":19},"end":{"line":178,"column":49}},"52":{"start":{"line":178,"column":36},"end":{"line":178,"column":48}},"53":{"start":{"line":179,"column":21},"end":{"line":179,"column":40}},"54":{"start":{"line":180,"column":21},"end":{"line":180,"column":40}},"55":{"start":{"line":181,"column":23},"end":{"line":181,"column":42}},"56":{"start":{"line":183,"column":4},"end":{"line":185,"column":5}},"57":{"start":{"line":184,"column":6},"end":{"line":184,"column":81}},"58":{"start":{"line":184,"column":31},"end":{"line":184,"column":78}},"59":{"start":{"line":187,"column":4},"end":{"line":190,"column":8}},"60":{"start":{"line":187,"column":34},"end":{"line":190,"column":6}},"61":{"start":{"line":194,"column":4},"end":{"line":196,"column":5}},"62":{"start":{"line":195,"column":6},"end":{"line":195,"column":28}},"63":{"start":{"line":197,"column":4},"end":{"line":199,"column":5}},"64":{"start":{"line":198,"column":6},"end":{"line":198,"column":36}},"65":{"start":{"line":200,"column":4},"end":{"line":200,"column":21}},"66":{"start":{"line":204,"column":4},"end":{"line":204,"column":96}},"67":{"start":{"line":209,"column":4},"end":{"line":209,"column":88}},"68":{"start":{"line":108,"column":0},"end":{"line":108,"column":13}},"69":{"start":{"line":220,"column":22},"end":{"line":220,"column":39}},"70":{"start":{"line":221,"column":19},"end":{"line":221,"column":29}},"71":{"start":{"line":222,"column":20},"end":{"line":222,"column":37}},"72":{"start":{"line":224,"column":55},"end":{"line":229,"column":6}},"73":{"start":{"line":231,"column":4},"end":{"line":231,"column":31}},"74":{"start":{"line":214,"column":0},"end":{"line":214,"column":13}}},"fnMap":{"0":{"name":"(anonymous_0)","decl":{"start":{"line":33,"column":2},"end":{"line":33,"column":13}},"loc":{"start":{"line":36,"column":21},"end":{"line":82,"column":3}}},"1":{"name":"(anonymous_1)","decl":{"start":{"line":39,"column":43},"end":{"line":39,"column":44}},"loc":{"start":{"line":39,"column":63},"end":{"line":43,"column":6}}},"2":{"name":"(anonymous_2)","decl":{"start":{"line":45,"column":45},"end":{"line":45,"column":46}},"loc":{"start":{"line":45,"column":65},"end":{"line":49,"column":6}}},"3":{"name":"(anonymous_3)","decl":{"start":{"line":62,"column":29},"end":{"line":62,"column":41}},"loc":{"start":{"line":62,"column":44},"end":{"line":81,"column":5}}},"4":{"name":"(anonymous_4)","decl":{"start":{"line":64,"column":46},"end":{"line":64,"column":47}},"loc":{"start":{"line":64,"column":51},"end":{"line":64,"column":83}}},"5":{"name":"(anonymous_5)","decl":{"start":{"line":65,"column":48},"end":{"line":65,"column":49}},"loc":{"start":{"line":65,"column":53},"end":{"line":65,"column":85}}},"6":{"name":"(anonymous_6)","decl":{"start":{"line":84,"column":10},"end":{"line":84,"column":24}},"loc":{"start":{"line":84,"column":72},"end":{"line":96,"column":3}}},"7":{"name":"(anonymous_7)","decl":{"start":{"line":98,"column":10},"end":{"line":98,"column":30}},"loc":{"start":{"line":98,"column":42},"end":{"line":100,"column":3}}},"8":{"name":"(anonymous_8)","decl":{"start":{"line":102,"column":10},"end":{"line":102,"column":30}},"loc":{"start":{"line":102,"column":42},"end":{"line":104,"column":3}}},"9":{"name":"(anonymous_9)","decl":{"start":{"line":109,"column":2},"end":{"line":109,"column":13}},"loc":{"start":{"line":112,"column":21},"end":{"line":173,"column":3}}},"10":{"name":"(anonymous_10)","decl":{"start":{"line":124,"column":36},"end":{"line":124,"column":37}},"loc":{"start":{"line":124,"column":54},"end":{"line":138,"column":5}}},"11":{"name":"(anonymous_11)","decl":{"start":{"line":141,"column":37},"end":{"line":141,"column":38}},"loc":{"start":{"line":141,"column":55},"end":{"line":166,"column":5}}},"12":{"name":"(anonymous_12)","decl":{"start":{"line":170,"column":22},"end":{"line":170,"column":23}},"loc":{"start":{"line":170,"column":32},"end":{"line":170,"column":75}}},"13":{"name":"(anonymous_13)","decl":{"start":{"line":175,"column":10},"end":{"line":175,"column":25}},"loc":{"start":{"line":175,"column":113},"end":{"line":191,"column":3}}},"14":{"name":"(anonymous_14)","decl":{"start":{"line":178,"column":31},"end":{"line":178,"column":32}},"loc":{"start":{"line":178,"column":36},"end":{"line":178,"column":48}}},"15":{"name":"(anonymous_15)","decl":{"start":{"line":184,"column":25},"end":{"line":184,"column":26}},"loc":{"start":{"line":184,"column":31},"end":{"line":184,"column":78}}},"16":{"name":"(anonymous_16)","decl":{"start":{"line":187,"column":23},"end":{"line":187,"column":29}},"loc":{"start":{"line":187,"column":34},"end":{"line":190,"column":6}}},"17":{"name":"(anonymous_17)","decl":{"start":{"line":193,"column":10},"end":{"line":193,"column":24}},"loc":{"start":{"line":193,"column":72},"end":{"line":201,"column":3}}},"18":{"name":"(anonymous_18)","decl":{"start":{"line":203,"column":10},"end":{"line":203,"column":30}},"loc":{"start":{"line":203,"column":42},"end":{"line":205,"column":3}}},"19":{"name":"(anonymous_19)","decl":{"start":{"line":207,"column":10},"end":{"line":207,"column":30}},"loc":{"start":{"line":207,"column":42},"end":{"line":210,"column":3}}},"20":{"name":"(anonymous_20)","decl":{"start":{"line":215,"column":2},"end":{"line":215,"column":8}},"loc":{"start":{"line":218,"column":24},"end":{"line":232,"column":3}}}},"branchMap":{"0":{"loc":{"start":{"line":41,"column":13},"end":{"line":41,"column":30}},"type":"binary-expr","locations":[{"start":{"line":41,"column":13},"end":{"line":41,"column":25}},{"start":{"line":41,"column":29},"end":{"line":41,"column":30}}]},"1":{"loc":{"start":{"line":47,"column":13},"end":{"line":47,"column":30}},"type":"binary-expr","locations":[{"start":{"line":47,"column":13},"end":{"line":47,"column":25}},{"start":{"line":47,"column":29},"end":{"line":47,"column":30}}]},"2":{"loc":{"start":{"line":66,"column":27},"end":{"line":66,"column":56}},"type":"binary-expr","locations":[{"start":{"line":66,"column":27},"end":{"line":66,"column":40}},{"start":{"line":66,"column":44},"end":{"line":66,"column":56}}]},"3":{"loc":{"start":{"line":68,"column":6},"end":{"line":68,"column":37}},"type":"if","locations":[{"start":{"line":68,"column":6},"end":{"line":68,"column":37}}]},"4":{"loc":{"start":{"line":73,"column":21},"end":{"line":73,"column":102}},"type":"binary-expr","locations":[{"start":{"line":73,"column":21},"end":{"line":73,"column":51}},{"start":{"line":73,"column":56},"end":{"line":73,"column":101}}]},"5":{"loc":{"start":{"line":73,"column":56},"end":{"line":73,"column":101}},"type":"cond-expr","locations":[{"start":{"line":73,"column":71},"end":{"line":73,"column":89}},{"start":{"line":73,"column":92},"end":{"line":73,"column":101}}]},"6":{"loc":{"start":{"line":74,"column":22},"end":{"line":74,"column":106}},"type":"binary-expr","locations":[{"start":{"line":74,"column":22},"end":{"line":74,"column":53}},{"start":{"line":74,"column":58},"end":{"line":74,"column":105}}]},"7":{"loc":{"start":{"line":74,"column":58},"end":{"line":74,"column":105}},"type":"cond-expr","locations":[{"start":{"line":74,"column":74},"end":{"line":74,"column":93}},{"start":{"line":74,"column":96},"end":{"line":74,"column":105}}]},"8":{"loc":{"start":{"line":76,"column":20},"end":{"line":77,"column":64}},"type":"cond-expr","locations":[{"start":{"line":76,"column":52},"end":{"line":76,"column":60}},{"start":{"line":77,"column":19},"end":{"line":77,"column":64}}]},"9":{"loc":{"start":{"line":76,"column":20},"end":{"line":76,"column":49}},"type":"binary-expr","locations":[{"start":{"line":76,"column":20},"end":{"line":76,"column":32}},{"start":{"line":76,"column":36},"end":{"line":76,"column":49}}]},"10":{"loc":{"start":{"line":77,"column":19},"end":{"line":77,"column":64}},"type":"cond-expr","locations":[{"start":{"line":77,"column":34},"end":{"line":77,"column":47}},{"start":{"line":77,"column":50},"end":{"line":77,"column":64}}]},"11":{"loc":{"start":{"line":86,"column":4},"end":{"line":88,"column":5}},"type":"if","locations":[{"start":{"line":86,"column":4},"end":{"line":88,"column":5}}]},"12":{"loc":{"start":{"line":86,"column":8},"end":{"line":86,"column":59}},"type":"binary-expr","locations":[{"start":{"line":86,"column":8},"end":{"line":86,"column":41}},{"start":{"line":86,"column":45},"end":{"line":86,"column":59}}]},"13":{"loc":{"start":{"line":91,"column":4},"end":{"line":93,"column":5}},"type":"if","locations":[{"start":{"line":91,"column":4},"end":{"line":93,"column":5}}]},"14":{"loc":{"start":{"line":91,"column":8},"end":{"line":91,"column":68}},"type":"binary-expr","locations":[{"start":{"line":91,"column":8},"end":{"line":91,"column":41}},{"start":{"line":91,"column":45},"end":{"line":91,"column":68}}]},"15":{"loc":{"start":{"line":99,"column":11},"end":{"line":99,"column":68}},"type":"binary-expr","locations":[{"start":{"line":99,"column":11},"end":{"line":99,"column":30}},{"start":{"line":99,"column":34},"end":{"line":99,"column":68}}]},"16":{"loc":{"start":{"line":103,"column":11},"end":{"line":103,"column":61}},"type":"binary-expr","locations":[{"start":{"line":103,"column":11},"end":{"line":103,"column":29}},{"start":{"line":103,"column":33},"end":{"line":103,"column":61}}]},"17":{"loc":{"start":{"line":121,"column":22},"end":{"line":121,"column":49}},"type":"cond-expr","locations":[{"start":{"line":121,"column":37},"end":{"line":121,"column":45}},{"start":{"line":121,"column":48},"end":{"line":121,"column":49}}]},"18":{"loc":{"start":{"line":127,"column":65},"end":{"line":127,"column":82}},"type":"binary-expr","locations":[{"start":{"line":127,"column":65},"end":{"line":127,"column":77}},{"start":{"line":127,"column":81},"end":{"line":127,"column":82}}]},"19":{"loc":{"start":{"line":144,"column":66},"end":{"line":144,"column":83}},"type":"binary-expr","locations":[{"start":{"line":144,"column":66},"end":{"line":144,"column":78}},{"start":{"line":144,"column":82},"end":{"line":144,"column":83}}]},"20":{"loc":{"start":{"line":147,"column":6},"end":{"line":165,"column":7}},"type":"if","locations":[{"start":{"line":147,"column":6},"end":{"line":165,"column":7}},{"start":{"line":154,"column":13},"end":{"line":165,"column":7}}]},"21":{"loc":{"start":{"line":149,"column":32},"end":{"line":149,"column":57}},"type":"binary-expr","locations":[{"start":{"line":149,"column":32},"end":{"line":149,"column":52}},{"start":{"line":149,"column":56},"end":{"line":149,"column":57}}]},"22":{"loc":{"start":{"line":150,"column":38},"end":{"line":150,"column":69}},"type":"binary-expr","locations":[{"start":{"line":150,"column":38},"end":{"line":150,"column":64}},{"start":{"line":150,"column":68},"end":{"line":150,"column":69}}]},"23":{"loc":{"start":{"line":170,"column":33},"end":{"line":170,"column":51}},"type":"binary-expr","locations":[{"start":{"line":170,"column":33},"end":{"line":170,"column":46}},{"start":{"line":170,"column":50},"end":{"line":170,"column":51}}]},"24":{"loc":{"start":{"line":170,"column":56},"end":{"line":170,"column":74}},"type":"binary-expr","locations":[{"start":{"line":170,"column":56},"end":{"line":170,"column":69}},{"start":{"line":170,"column":73},"end":{"line":170,"column":74}}]},"25":{"loc":{"start":{"line":176,"column":4},"end":{"line":176,"column":40}},"type":"if","locations":[{"start":{"line":176,"column":4},"end":{"line":176,"column":40}}]},"26":{"loc":{"start":{"line":178,"column":36},"end":{"line":178,"column":48}},"type":"binary-expr","locations":[{"start":{"line":178,"column":36},"end":{"line":178,"column":43}},{"start":{"line":178,"column":47},"end":{"line":178,"column":48}}]},"27":{"loc":{"start":{"line":183,"column":4},"end":{"line":185,"column":5}},"type":"if","locations":[{"start":{"line":183,"column":4},"end":{"line":185,"column":5}}]},"28":{"loc":{"start":{"line":184,"column":46},"end":{"line":184,"column":76}},"type":"cond-expr","locations":[{"start":{"line":184,"column":67},"end":{"line":184,"column":70}},{"start":{"line":184,"column":73},"end":{"line":184,"column":76}}]},"29":{"loc":{"start":{"line":184,"column":47},"end":{"line":184,"column":59}},"type":"binary-expr","locations":[{"start":{"line":184,"column":47},"end":{"line":184,"column":54}},{"start":{"line":184,"column":58},"end":{"line":184,"column":59}}]},"30":{"loc":{"start":{"line":189,"column":15},"end":{"line":189,"column":32}},"type":"binary-expr","locations":[{"start":{"line":189,"column":15},"end":{"line":189,"column":27}},{"start":{"line":189,"column":31},"end":{"line":189,"column":32}}]},"31":{"loc":{"start":{"line":194,"column":4},"end":{"line":196,"column":5}},"type":"if","locations":[{"start":{"line":194,"column":4},"end":{"line":196,"column":5}}]},"32":{"loc":{"start":{"line":194,"column":8},"end":{"line":194,"column":59}},"type":"binary-expr","locations":[{"start":{"line":194,"column":8},"end":{"line":194,"column":41}},{"start":{"line":194,"column":45},"end":{"line":194,"column":59}}]},"33":{"loc":{"start":{"line":197,"column":4},"end":{"line":199,"column":5}},"type":"if","locations":[{"start":{"line":197,"column":4},"end":{"line":199,"column":5}}]},"34":{"loc":{"start":{"line":197,"column":8},"end":{"line":197,"column":68}},"type":"binary-expr","locations":[{"start":{"line":197,"column":8},"end":{"line":197,"column":41}},{"start":{"line":197,"column":45},"end":{"line":197,"column":68}}]},"35":{"loc":{"start":{"line":204,"column":11},"end":{"line":204,"column":95}},"type":"binary-expr","locations":[{"start":{"line":204,"column":11},"end":{"line":204,"column":30}},{"start":{"line":204,"column":34},"end":{"line":204,"column":68}},{"start":{"line":204,"column":72},"end":{"line":204,"column":95}}]},"36":{"loc":{"start":{"line":209,"column":11},"end":{"line":209,"column":87}},"type":"binary-expr","locations":[{"start":{"line":209,"column":11},"end":{"line":209,"column":29}},{"start":{"line":209,"column":33},"end":{"line":209,"column":61}},{"start":{"line":209,"column":65},"end":{"line":209,"column":87}}]},"37":{"loc":{"start":{"line":228,"column":24},"end":{"line":228,"column":65}},"type":"cond-expr","locations":[{"start":{"line":228,"column":48},"end":{"line":228,"column":61}},{"start":{"line":228,"column":64},"end":{"line":228,"column":65}}]}},"s":{"0":1,"1":13,"2":1015,"3":13,"4":1015,"5":13,"6":13,"7":13,"8":1517,"9":1000524,"10":1517,"11":1000524,"12":1517,"13":1517,"14":0,"15":1517,"16":1517,"17":1014,"18":503,"19":502,"20":1,"21":1517,"22":503,"23":1,"24":2,"25":2,"26":2,"27":2,"28":2,"29":4,"30":4,"31":4,"32":4,"33":2,"34":4,"35":4,"36":4,"37":4,"38":4,"39":4,"40":4,"41":4,"42":4,"43":4,"44":0,"45":2,"46":2,"47":2,"48":2,"49":4,"50":0,"51":4,"52":8,"53":4,"54":4,"55":4,"56":4,"57":2,"58":4,"59":2,"60":4,"61":8,"62":0,"63":8,"64":4,"65":4,"66":8,"67":8,"68":1,"69":2,"70":2,"71":2,"72":2,"73":2,"74":1},"f":{"0":13,"1":1015,"2":1015,"3":1517,"4":1000524,"5":1000524,"6":1517,"7":1517,"8":503,"9":2,"10":4,"11":4,"12":2,"13":4,"14":8,"15":4,"16":4,"17":8,"18":8,"19":8,"20":2},"b":{"0":[1015,0],"1":[1015,0],"2":[1517,502],"3":[0],"4":[1517,1517],"5":[1015,502],"6":[1517,1517],"7":[1015,502],"8":[513,1004],"9":[1517,1015],"10":[502,502],"11":[1014],"12":[1517,1014],"13":[502],"14":[503,502],"15":[1517,1014],"16":[503,502],"17":[2,0],"18":[4,1],"19":[4,1],"20":[4,0],"21":[4,0],"22":[4,0],"23":[2,0],"24":[2,0],"25":[0],"26":[8,0],"27":[2],"28":[4,0],"29":[4,0],"30":[4,0],"31":[0],"32":[8,0],"33":[4],"34":[8,4],"35":[8,4,4],"36":[8,4,4],"37":[1,1]}}
,"C:\\Workspace\\cw-rag-core\\packages\\retrieval\\src\\types\\reranker.ts": {"path":"C:\\Workspace\\cw-rag-core\\packages\\retrieval\\src\\types\\reranker.ts","statementMap":{"0":{"start":{"line":57,"column":13},"end":{"line":73,"column":11}},"1":{"start":{"line":78,"column":13},"end":{"line":86,"column":2}},"2":{"start":{"line":89,"column":13},"end":{"line":97,"column":11}}},"fnMap":{},"branchMap":{"0":{"loc":{"start":{"line":82,"column":17},"end":{"line":82,"column":53}},"type":"binary-expr","locations":[{"start":{"line":82,"column":17},"end":{"line":82,"column":46}},{"start":{"line":82,"column":50},"end":{"line":82,"column":53}}]},"1":{"loc":{"start":{"line":83,"column":22},"end":{"line":83,"column":62}},"type":"binary-expr","locations":[{"start":{"line":83,"column":22},"end":{"line":83,"column":53}},{"start":{"line":83,"column":57},"end":{"line":83,"column":62}}]},"2":{"loc":{"start":{"line":85,"column":22},"end":{"line":85,"column":56}},"type":"binary-expr","locations":[{"start":{"line":85,"column":22},"end":{"line":85,"column":48}},{"start":{"line":85,"column":52},"end":{"line":85,"column":56}}]},"3":{"loc":{"start":{"line":91,"column":9},"end":{"line":91,"column":64}},"type":"binary-expr","locations":[{"start":{"line":91,"column":9},"end":{"line":91,"column":35}},{"start":{"line":91,"column":39},"end":{"line":91,"column":64}}]},"4":{"loc":{"start":{"line":92,"column":12},"end":{"line":92,"column":74}},"type":"binary-expr","locations":[{"start":{"line":92,"column":12},"end":{"line":92,"column":41}},{"start":{"line":92,"column":45},"end":{"line":92,"column":74}}]},"5":{"loc":{"start":{"line":93,"column":20},"end":{"line":93,"column":56}},"type":"binary-expr","locations":[{"start":{"line":93,"column":20},"end":{"line":93,"column":48}},{"start":{"line":93,"column":52},"end":{"line":93,"column":56}}]},"6":{"loc":{"start":{"line":94,"column":21},"end":{"line":94,"column":57}},"type":"binary-expr","locations":[{"start":{"line":94,"column":21},"end":{"line":94,"column":50}},{"start":{"line":94,"column":54},"end":{"line":94,"column":57}}]},"7":{"loc":{"start":{"line":95,"column":23},"end":{"line":95,"column":63}},"type":"binary-expr","locations":[{"start":{"line":95,"column":23},"end":{"line":95,"column":54}},{"start":{"line":95,"column":58},"end":{"line":95,"column":63}}]},"8":{"loc":{"start":{"line":96,"column":23},"end":{"line":96,"column":57}},"type":"binary-expr","locations":[{"start":{"line":96,"column":23},"end":{"line":96,"column":49}},{"start":{"line":96,"column":53},"end":{"line":96,"column":57}}]}},"s":{"0":2,"1":2,"2":2},"f":{},"b":{"0":[2,2],"1":[2,2],"2":[2,2],"3":[2,2],"4":[2,2],"5":[2,2],"6":[2,2],"7":[2,2],"8":[2,2]}}
}
