TN:
SF:src\adaptive-chunker.ts
FN:42,(anonymous_0)
FN:52,(anonymous_1)
FN:83,(anonymous_2)
FN:98,(anonymous_3)
FN:117,(anonymous_4)
FN:188,(anonymous_5)
FN:195,(anonymous_6)
FN:199,(anonymous_7)
FN:204,(anonymous_8)
FN:253,(anonymous_9)
FN:283,(anonymous_10)
FN:290,(anonymous_11)
FN:328,(anonymous_12)
FN:335,(anonymous_13)
FN:365,(anonymous_14)
FN:417,(anonymous_15)
FN:434,(anonymous_16)
FN:452,(anonymous_17)
FN:469,(anonymous_18)
FN:473,(anonymous_19)
FN:492,(anonymous_20)
FN:503,(anonymous_21)
FN:512,(anonymous_22)
FN:513,(anonymous_23)
FN:515,(anonymous_24)
FN:516,(anonymous_25)
FNF:26
FNH:26
FNDA:135,(anonymous_0)
FNDA:21,(anonymous_1)
FNDA:20,(anonymous_2)
FNDA:1674,(anonymous_3)
FNDA:19,(anonymous_4)
FNDA:34,(anonymous_5)
FNDA:19,(anonymous_6)
FNDA:817,(anonymous_7)
FNDA:3,(anonymous_8)
FNDA:34,(anonymous_9)
FNDA:2,(anonymous_10)
FNDA:4,(anonymous_11)
FNDA:6,(anonymous_12)
FNDA:3,(anonymous_13)
FNDA:1,(anonymous_14)
FNDA:2,(anonymous_15)
FNDA:42,(anonymous_16)
FNDA:13,(anonymous_17)
FNDA:15,(anonymous_18)
FNDA:8,(anonymous_19)
FNDA:1,(anonymous_20)
FNDA:3,(anonymous_21)
FNDA:206,(anonymous_22)
FNDA:7,(anonymous_23)
FNDA:204,(anonymous_24)
FNDA:7,(anonymous_25)
DA:7,2
DA:38,2
DA:43,135
DA:44,135
DA:53,21
DA:54,11
DA:57,10
DA:59,10
DA:60,30
DA:61,30
DA:64,30
DA:65,20
DA:66,20
DA:67,20
DA:70,30
DA:77,10
DA:84,20
DA:85,20
DA:86,20
DA:88,20
DA:89,2
DA:92,18
DA:99,1674
DA:101,1674
DA:102,1653
DA:105,21
DA:116,2
DA:118,19
DA:119,19
DA:120,19
DA:121,19
DA:124,19
DA:125,19
DA:126,19
DA:128,19
DA:129,817
DA:130,817
DA:133,817
DA:135,817
DA:137,800
DA:140,17
DA:141,14
DA:149,14
DA:150,14
DA:154,17
DA:156,3
DA:157,3
DA:158,3
DA:159,3
DA:162,14
DA:163,14
DA:167,817
DA:171,19
DA:172,15
DA:180,15
DA:184,19
DA:186,19
DA:188,34
DA:197,19
DA:199,817
DA:201,19
DA:210,3
DA:211,3
DA:212,3
DA:213,3
DA:215,3
DA:216,853
DA:217,853
DA:219,853
DA:220,850
DA:222,3
DA:223,2
DA:231,2
DA:232,2
DA:234,3
DA:238,3
DA:239,3
DA:247,3
DA:250,3
DA:261,34
DA:263,34
DA:282,2
DA:284,2
DA:285,2
DA:288,2
DA:290,4
DA:292,2
DA:293,2
DA:295,2
DA:296,4
DA:298,4
DA:300,3
DA:308,3
DA:309,3
DA:312,1
DA:313,1
DA:315,1
DA:316,1
DA:317,1
DA:318,1
DA:321,4
DA:324,2
DA:326,2
DA:328,6
DA:343,3
DA:345,3
DA:364,2
DA:366,1
DA:367,1
DA:370,1
DA:371,1
DA:372,1
DA:374,1
DA:375,1
DA:377,1
DA:378,2
DA:379,2
DA:382,2
DA:383,1
DA:384,1
DA:385,1
DA:389,2
DA:391,2
DA:405,2
DA:407,2
DA:408,0
DA:411,2
DA:412,2
DA:415,1
DA:417,2
DA:428,2
DA:439,42
DA:440,42
DA:441,42
DA:447,42
DA:448,42
DA:454,13
DA:457,13
DA:459,13
DA:460,13
DA:463,13
DA:464,13
DA:466,13
DA:469,15
DA:473,8
DA:478,0
DA:481,0
DA:482,0
DA:483,0
DA:484,0
DA:485,0
DA:493,1
DA:494,1
DA:512,206
DA:513,7
DA:515,204
DA:516,7
DA:518,3
DA:520,3
DA:521,3
DA:522,0
DA:525,3
DA:526,3
DA:528,3
LF:164
LH:156
BRDA:53,0,0,11
BRDA:53,1,0,21
BRDA:53,1,1,21
BRDA:64,2,0,20
BRDA:88,3,0,2
BRDA:101,4,0,1653
BRDA:130,5,0,798
BRDA:130,5,1,19
BRDA:135,6,0,800
BRDA:135,6,1,17
BRDA:140,7,0,14
BRDA:154,8,0,3
BRDA:154,8,1,14
BRDA:154,9,0,17
BRDA:154,9,1,3
BRDA:171,10,0,15
BRDA:201,11,0,17
BRDA:201,11,1,2
BRDA:216,12,0,850
BRDA:216,12,1,3
BRDA:219,13,0,850
BRDA:219,13,1,3
BRDA:222,14,0,2
BRDA:238,15,0,3
BRDA:298,16,0,3
BRDA:298,16,1,1
BRDA:382,17,0,1
BRDA:384,18,0,1
BRDA:407,19,0,0
BRDA:437,20,0,42
BRDA:447,21,0,42
BRDA:457,22,0,13
BRDA:457,22,1,0
BRDA:463,23,0,13
BRDA:518,24,0,3
BRDA:518,24,1,1
BRDA:521,25,0,0
BRF:37
BRH:34
end_of_record
TN:
SF:src\chunk-validation.ts
FN:38,(anonymous_0)
FN:45,(anonymous_1)
FN:128,(anonymous_2)
FN:177,(anonymous_3)
FN:216,(anonymous_4)
FN:223,(anonymous_5)
FN:232,(anonymous_6)
FN:243,(anonymous_7)
FN:250,(anonymous_8)
FN:281,(anonymous_9)
FN:282,(anonymous_10)
FN:316,(anonymous_11)
FN:324,createChunkValidator
FN:328,createIngestionGuard
FNF:14
FNH:11
FNDA:60,(anonymous_0)
FNDA:50,(anonymous_1)
FNDA:20,(anonymous_2)
FNDA:20,(anonymous_3)
FNDA:91,(anonymous_4)
FNDA:561,(anonymous_5)
FNDA:0,(anonymous_6)
FNDA:48,(anonymous_7)
FNDA:18,(anonymous_8)
FNDA:66,(anonymous_9)
FNDA:86,(anonymous_10)
FNDA:0,(anonymous_11)
FNDA:0,createChunkValidator
FNDA:48,createIngestionGuard
DA:23,3
DA:35,3
DA:39,60
DA:46,50
DA:47,50
DA:48,50
DA:51,50
DA:52,4
DA:53,4
DA:55,46
DA:57,46
DA:58,7
DA:59,7
DA:62,46
DA:63,1
DA:64,1
DA:68,46
DA:69,46
DA:70,7
DA:71,7
DA:76,50
DA:77,3
DA:78,3
DA:81,50
DA:82,2
DA:83,2
DA:87,50
DA:88,2
DA:89,2
DA:93,50
DA:94,9
DA:95,9
DA:99,50
DA:100,0
DA:101,0
DA:105,50
DA:106,0
DA:107,0
DA:111,50
DA:112,50
DA:113,3
DA:114,3
DA:117,50
DA:139,20
DA:140,20
DA:141,20
DA:142,20
DA:144,20
DA:145,43
DA:147,43
DA:148,34
DA:150,9
DA:153,43
DA:156,43
DA:157,15
DA:161,20
DA:186,20
DA:188,20
DA:189,38
DA:190,38
DA:192,38
DA:193,70
DA:194,70
DA:196,70
DA:197,67
DA:201,38
DA:202,21
DA:210,20
DA:217,91
DA:218,91
DA:220,91
DA:221,91
DA:223,561
DA:224,91
DA:226,91
DA:233,0
DA:240,3
DA:244,48
DA:260,18
DA:261,18
DA:263,18
DA:264,18
DA:265,18
DA:268,18
DA:271,18
DA:272,6
DA:279,18
DA:281,20
DA:282,86
DA:283,66
DA:284,20
DA:285,20
DA:294,18
DA:295,6
DA:297,18
DA:298,6
DA:301,18
DA:317,0
DA:324,3
DA:325,0
DA:328,3
DA:329,48
LF:102
LH:95
BRDA:38,0,0,11
BRDA:51,1,0,4
BRDA:51,1,1,46
BRDA:51,2,0,50
BRDA:51,2,1,46
BRDA:57,3,0,7
BRDA:62,4,0,1
BRDA:69,5,0,7
BRDA:76,6,0,3
BRDA:81,7,0,2
BRDA:87,8,0,2
BRDA:87,9,0,50
BRDA:87,9,1,48
BRDA:93,10,0,9
BRDA:93,11,0,50
BRDA:93,11,1,50
BRDA:93,11,2,41
BRDA:99,12,0,0
BRDA:99,13,0,50
BRDA:99,13,1,0
BRDA:105,14,0,0
BRDA:105,15,0,50
BRDA:105,15,1,50
BRDA:112,16,0,3
BRDA:147,17,0,34
BRDA:147,17,1,9
BRDA:147,18,0,43
BRDA:147,18,1,34
BRDA:157,19,0,15
BRDA:157,19,1,14
BRDA:168,20,0,19
BRDA:168,20,1,1
BRDA:196,21,0,67
BRDA:201,22,0,21
BRDA:205,23,0,21
BRDA:205,23,1,0
BRDA:243,24,0,42
BRDA:283,25,0,20
BRDA:294,26,0,6
BRDA:297,27,0,6
BRF:40
BRH:36
end_of_record
TN:
SF:src\embedding-config.ts
FN:194,loadConfigFromEnvironment
FN:212,mergeConfigurations
FN:269,validateEmbeddingConfig
FNF:3
FNH:3
FNDA:22,loadConfigFromEnvironment
FNDA:22,mergeConfigurations
FNDA:21,validateEmbeddingConfig
DA:53,1
DA:194,1
DA:195,22
DA:212,1
DA:218,22
DA:219,22
DA:220,22
DA:224,22
DA:230,22
DA:231,22
DA:232,22
DA:234,22
DA:235,22
DA:236,22
DA:239,22
DA:240,22
DA:241,22
DA:242,22
DA:245,22
DA:246,0
DA:250,22
DA:251,0
DA:254,22
DA:255,0
DA:259,22
DA:260,1
DA:263,21
DA:269,1
DA:270,21
DA:273,21
DA:274,21
DA:275,21
DA:278,21
DA:279,0
DA:281,21
DA:282,21
DA:283,21
DA:287,21
DA:288,0
DA:290,21
DA:291,21
DA:292,21
DA:293,21
DA:294,0
DA:298,21
DA:299,0
DA:301,21
DA:302,0
DA:304,21
DA:305,0
DA:310,21
DA:311,21
DA:312,21
DA:313,21
DA:317,21
DA:318,21
DA:319,21
DA:322,21
LF:58
LH:49
BRDA:197,0,0,22
BRDA:197,0,1,22
BRDA:198,1,0,22
BRDA:198,1,1,22
BRDA:199,2,0,0
BRDA:199,2,1,22
BRDA:200,3,0,0
BRDA:200,3,1,22
BRDA:202,4,0,0
BRDA:202,4,1,22
BRDA:203,5,0,0
BRDA:203,5,1,22
BRDA:204,6,0,0
BRDA:204,6,1,22
BRDA:205,7,0,0
BRDA:205,7,1,22
BRDA:219,8,0,22
BRDA:219,9,0,22
BRDA:219,9,1,22
BRDA:230,10,0,0
BRDA:231,11,0,0
BRDA:232,12,0,0
BRDA:234,13,0,22
BRDA:235,14,0,0
BRDA:236,15,0,0
BRDA:239,16,0,22
BRDA:240,17,0,0
BRDA:241,18,0,0
BRDA:242,19,0,0
BRDA:245,20,0,0
BRDA:245,21,0,22
BRDA:245,21,1,0
BRDA:250,22,0,0
BRDA:250,23,0,22
BRDA:250,23,1,22
BRDA:254,24,0,0
BRDA:254,25,0,22
BRDA:254,25,1,22
BRDA:259,26,0,1
BRDA:259,27,0,22
BRDA:259,27,1,22
BRDA:259,27,2,21
BRDA:273,28,0,0
BRDA:274,29,0,0
BRDA:275,30,0,0
BRDA:278,31,0,0
BRDA:278,31,1,21
BRDA:281,32,0,0
BRDA:282,33,0,0
BRDA:283,34,0,0
BRDA:287,35,0,0
BRDA:287,35,1,21
BRDA:290,36,0,0
BRDA:291,37,0,0
BRDA:292,38,0,0
BRDA:293,39,0,0
BRDA:293,40,0,21
BRDA:293,40,1,21
BRDA:298,41,0,0
BRDA:298,42,0,21
BRDA:298,42,1,21
BRDA:301,43,0,0
BRDA:304,44,0,0
BRDA:310,45,0,21
BRDA:311,46,0,0
BRDA:312,47,0,0
BRDA:313,48,0,0
BRDA:317,49,0,21
BRDA:318,50,0,0
BRDA:319,51,0,0
BRF:70
BRH:32
end_of_record
TN:
SF:src\embedding-manager.ts
FN:68,(anonymous_9)
FN:108,(anonymous_10)
FN:113,(anonymous_11)
FN:129,(anonymous_12)
FN:140,(anonymous_13)
FN:147,(anonymous_14)
FN:163,(anonymous_15)
FN:195,(anonymous_16)
FN:232,(anonymous_17)
FN:261,(anonymous_18)
FN:296,(anonymous_19)
FN:320,(anonymous_20)
FN:373,(anonymous_21)
FN:381,(anonymous_22)
FN:438,(anonymous_23)
FN:448,(anonymous_24)
FN:477,(anonymous_25)
FN:505,(anonymous_26)
FN:512,(anonymous_27)
FN:540,createEmbeddingServiceManager
FNF:20
FNH:17
FNDA:22,(anonymous_9)
FNDA:7,(anonymous_10)
FNDA:3,(anonymous_11)
FNDA:1,(anonymous_12)
FNDA:0,(anonymous_13)
FNDA:2,(anonymous_14)
FNDA:1,(anonymous_15)
FNDA:2,(anonymous_16)
FNDA:2,(anonymous_17)
FNDA:0,(anonymous_18)
FNDA:1,(anonymous_19)
FNDA:5,(anonymous_20)
FNDA:12,(anonymous_21)
FNDA:14,(anonymous_22)
FNDA:0,(anonymous_23)
FNDA:4,(anonymous_24)
FNDA:2,(anonymous_25)
FNDA:6,(anonymous_26)
FNDA:1,(anonymous_27)
FNDA:2,createEmbeddingServiceManager
DA:5,1
DA:6,1
DA:7,1
DA:8,1
DA:60,1
DA:66,22
DA:70,22
DA:71,22
DA:73,22
DA:80,21
DA:81,21
DA:82,0
DA:86,21
DA:93,21
DA:94,21
DA:96,21
DA:109,7
DA:111,7
DA:113,6
DA:116,1
DA:123,1
DA:124,1
DA:125,0
DA:129,1
DA:130,1
DA:133,1
DA:141,0
DA:149,2
DA:150,2
DA:152,2
DA:153,5
DA:154,5
DA:156,5
DA:157,4
DA:160,1
DA:161,1
DA:163,1
DA:169,2
DA:171,2
DA:172,2
DA:173,1
DA:175,1
DA:176,2
DA:177,2
DA:178,1
DA:184,1
DA:185,1
DA:186,1
DA:189,1
DA:196,2
DA:197,2
DA:199,2
DA:206,2
DA:207,2
DA:208,0
DA:212,2
DA:213,2
DA:215,2
DA:216,0
DA:219,2
DA:227,2
DA:228,2
DA:230,2
DA:231,2
DA:232,2
DA:234,2
DA:235,2
DA:237,2
DA:238,2
DA:239,2
DA:252,2
DA:260,2
DA:261,0
DA:265,0
DA:270,0
DA:274,2
DA:276,2
DA:284,2
DA:297,1
DA:298,0
DA:302,1
DA:303,1
DA:304,1
DA:305,0
DA:306,0
DA:309,0
DA:313,1
DA:314,1
DA:321,5
DA:322,5
DA:325,5
DA:326,0
DA:329,5
DA:331,5
DA:333,5
DA:334,5
DA:338,2
DA:340,2
DA:348,2
DA:353,2
DA:354,2
DA:357,3
DA:359,3
DA:365,3
DA:366,3
DA:374,12
DA:376,12
DA:377,12
DA:378,12
DA:381,14
DA:384,12
DA:395,8
DA:396,0
DA:400,8
DA:401,8
DA:402,8
DA:403,8
DA:404,0
DA:408,8
DA:414,8
DA:417,4
DA:418,4
DA:420,4
DA:428,4
DA:429,4
DA:433,0
DA:438,0
DA:442,4
DA:449,4
DA:451,0
DA:452,0
DA:456,0
DA:457,0
DA:461,0
DA:462,0
DA:466,0
DA:467,0
DA:471,4
DA:478,2
DA:479,0
DA:482,2
DA:483,2
DA:486,0
DA:487,0
DA:489,0
DA:490,0
DA:491,0
DA:495,0
DA:496,0
DA:499,0
DA:506,6
DA:513,1
DA:516,1
DA:517,1
DA:524,1
DA:527,1
DA:528,0
DA:532,1
DA:533,1
DA:540,1
DA:541,2
DA:544,2
DA:545,2
DA:546,2
DA:547,1
DA:553,0
DA:558,2
LF:167
LH:131
BRDA:71,0,0,22
BRDA:71,0,1,22
BRDA:74,1,0,22
BRDA:74,1,1,0
BRDA:81,2,0,0
BRDA:111,3,0,6
BRDA:111,3,1,1
BRDA:124,4,0,0
BRDA:156,5,0,4
BRDA:156,5,1,1
BRDA:171,6,0,2
BRDA:177,7,0,1
BRDA:207,8,0,0
BRDA:215,9,0,0
BRDA:228,10,0,2
BRDA:228,10,1,0
BRDA:260,11,0,0
BRDA:297,12,0,0
BRDA:304,13,0,0
BRDA:325,14,0,0
BRDA:325,15,0,5
BRDA:325,15,1,0
BRDA:395,16,0,0
BRDA:395,17,0,8
BRDA:395,17,1,8
BRDA:403,18,0,0
BRDA:403,19,0,8
BRDA:403,19,1,8
BRDA:404,20,0,0
BRDA:404,20,1,0
BRDA:425,21,0,4
BRDA:425,21,1,0
BRDA:428,22,0,4
BRDA:428,23,0,4
BRDA:428,23,1,0
BRDA:449,24,0,0
BRDA:451,25,0,0
BRDA:456,26,0,0
BRDA:461,27,0,0
BRDA:461,28,0,0
BRDA:461,28,1,0
BRDA:466,29,0,0
BRDA:466,30,0,0
BRDA:466,30,1,0
BRDA:466,30,2,0
BRDA:478,31,0,0
BRDA:482,32,0,2
BRDA:516,33,0,1
BRDA:516,34,0,1
BRDA:516,34,1,1
BRDA:527,35,0,0
BRDA:546,36,0,1
BRF:52
BRH:23
end_of_record
TN:
SF:src\embedding.ts
FN:32,l2Normalize
FN:33,(anonymous_11)
FN:35,(anonymous_12)
FN:37,(anonymous_13)
FN:46,(anonymous_14)
FN:56,(anonymous_15)
FN:75,(anonymous_16)
FN:97,(anonymous_17)
FN:105,(anonymous_18)
FN:131,(anonymous_19)
FN:145,(anonymous_20)
FN:152,(anonymous_21)
FN:178,(anonymous_22)
FNF:13
FNH:7
FNDA:10,l2Normalize
FNDA:3840,(anonymous_11)
FNDA:0,(anonymous_12)
FNDA:3840,(anonymous_13)
FNDA:0,(anonymous_14)
FNDA:0,(anonymous_15)
FNDA:0,(anonymous_16)
FNDA:0,(anonymous_17)
FNDA:16,(anonymous_18)
FNDA:4,(anonymous_19)
FNDA:0,(anonymous_20)
FNDA:12,(anonymous_21)
FNDA:2,(anonymous_22)
DA:1,2
DA:22,2
DA:23,2
DA:24,2
DA:25,2
DA:33,3840
DA:34,10
DA:35,0
DA:37,3840
DA:44,0
DA:47,0
DA:48,0
DA:51,0
DA:53,0
DA:56,0
DA:58,0
DA:61,0
DA:66,0
DA:70,0
DA:76,0
DA:78,0
DA:79,0
DA:80,0
DA:82,0
DA:83,0
DA:86,0
DA:88,0
DA:93,0
DA:98,0
DA:102,2
DA:103,7
DA:109,16
DA:111,16
DA:116,11
DA:120,0
DA:122,11
DA:124,5
DA:125,4
DA:126,4
DA:131,4
DA:132,4
DA:134,1
DA:141,1
DA:146,0
DA:147,0
DA:149,0
DA:153,12
DA:155,12
DA:156,11
DA:157,1
DA:159,10
DA:162,2
DA:164,2
DA:167,0
DA:173,0
DA:174,0
DA:182,2
LF:57
LH:29
BRDA:22,0,0,2
BRDA:22,0,1,2
BRDA:22,0,2,2
BRDA:34,1,0,0
BRDA:47,2,0,0
BRDA:51,3,0,0
BRDA:51,3,1,0
BRDA:51,4,0,0
BRDA:51,4,1,0
BRDA:82,5,0,0
BRDA:107,6,0,12
BRDA:116,7,0,0
BRDA:117,8,0,11
BRDA:117,8,1,11
BRDA:124,9,0,4
BRDA:146,10,0,0
BRDA:156,11,0,1
BRDA:156,12,0,11
BRDA:156,12,1,11
BRDA:157,13,0,1
BRDA:157,13,1,0
BRDA:162,14,0,2
BRDA:162,15,0,2
BRDA:162,15,1,1
BRDA:162,15,2,1
BRF:25
BRH:15
end_of_record
TN:
SF:src\token-counter.ts
FN:27,(anonymous_0)
FN:36,(anonymous_1)
FN:43,(anonymous_2)
FN:54,(anonymous_3)
FN:83,(anonymous_4)
FN:113,(anonymous_5)
FN:118,(anonymous_6)
FN:139,createTokenCounter
FN:166,(anonymous_8)
FN:171,(anonymous_9)
FN:195,(anonymous_10)
FN:206,(anonymous_11)
FNF:12
FNH:11
FNDA:81,(anonymous_0)
FNDA:1743,(anonymous_1)
FNDA:0,(anonymous_2)
FNDA:1741,(anonymous_3)
FNDA:1,(anonymous_4)
FNDA:2,(anonymous_5)
FNDA:1,(anonymous_6)
FNDA:26,createTokenCounter
FNDA:25,(anonymous_8)
FNDA:20,(anonymous_9)
FNDA:3,(anonymous_10)
FNDA:1,(anonymous_11)
DA:24,3
DA:28,81
DA:37,1743
DA:45,0
DA:53,3
DA:55,1741
DA:59,1741
DA:63,1741
DA:65,1741
DA:66,1741
DA:68,1741
DA:82,3
DA:84,1
DA:88,1
DA:92,1
DA:94,1
DA:95,1
DA:97,1
DA:110,3
DA:114,2
DA:115,2
DA:119,1
DA:120,1
DA:121,1
DA:123,1
DA:124,1
DA:126,1
DA:139,3
DA:140,26
DA:142,22
DA:143,22
DA:145,0
DA:148,2
DA:151,1
DA:154,1
DA:161,3
DA:163,25
DA:164,25
DA:167,25
DA:168,25
DA:173,20
DA:177,20
DA:178,3
DA:181,17
DA:184,17
DA:185,0
DA:186,0
DA:187,0
DA:191,17
DA:192,17
DA:197,3
DA:198,3
DA:199,6800
DA:200,6800
DA:201,6800
DA:203,3
DA:207,1
LF:57
LH:52
BRDA:113,0,0,1
BRDA:140,1,0,22
BRDA:140,1,1,2
BRDA:140,1,2,1
BRDA:140,1,3,1
BRDA:142,2,0,22
BRDA:173,3,0,3
BRDA:173,3,1,17
BRDA:177,4,0,3
BRDA:184,5,0,0
BRDA:186,6,0,0
BRF:11
BRH:9
end_of_record
TN:
SF:src\context\answerability.ts
FN:14,(anonymous_1)
FN:52,(anonymous_2)
FN:60,(anonymous_3)
FN:62,(anonymous_4)
FN:65,(anonymous_5)
FN:82,(anonymous_6)
FN:90,createAnswerabilityScorer
FNF:7
FNH:7
FNDA:10,(anonymous_1)
FNDA:3,(anonymous_2)
FNDA:4,(anonymous_3)
FNDA:15,(anonymous_4)
FNDA:9,(anonymous_5)
FNDA:5,(anonymous_6)
FNDA:19,createAnswerabilityScorer
DA:6,1
DA:8,19
DA:15,10
DA:16,10
DA:19,10
DA:20,10
DA:23,10
DA:24,10
DA:27,10
DA:28,10
DA:31,10
DA:32,10
DA:35,10
DA:36,10
DA:39,10
DA:40,10
DA:41,10
DA:44,10
DA:46,10
DA:53,3
DA:54,3
DA:61,4
DA:62,15
DA:65,9
DA:66,4
DA:69,2
DA:70,2
DA:73,1
DA:74,1
DA:76,0
DA:83,5
DA:90,1
DA:93,19
LF:33
LH:32
BRDA:8,0,0,0
BRDA:15,1,0,10
BRDA:15,1,1,1
BRDA:20,2,0,4
BRDA:24,3,0,2
BRDA:28,4,0,3
BRDA:32,5,0,1
BRDA:36,6,0,1
BRDA:40,7,0,10
BRDA:40,7,1,3
BRDA:41,8,0,7
BRDA:41,9,0,10
BRDA:41,9,1,7
BRDA:44,10,0,2
BRDA:44,11,0,10
BRDA:44,11,1,8
BRDA:61,12,0,4
BRDA:61,12,1,0
BRDA:66,13,0,2
BRDA:70,14,0,1
BRDA:70,15,0,2
BRDA:70,15,1,2
BRDA:74,16,0,1
BRDA:74,17,0,1
BRDA:74,17,1,1
BRDA:91,18,0,1
BRDA:91,19,0,1
BRDA:91,19,1,1
BRF:28
BRH:26
end_of_record
TN:
SF:src\context\budgeter.ts
FN:9,(anonymous_0)
FN:19,(anonymous_1)
FN:26,(anonymous_2)
FN:33,(anonymous_3)
FN:41,(anonymous_4)
FN:57,(anonymous_5)
FN:64,(anonymous_6)
FN:71,(anonymous_7)
FN:79,createTokenBudgeter
FNF:9
FNH:9
FNDA:9,(anonymous_0)
FNDA:8,(anonymous_1)
FNDA:3,(anonymous_2)
FNDA:1,(anonymous_3)
FNDA:2,(anonymous_4)
FNDA:1,(anonymous_5)
FNDA:1,(anonymous_6)
FNDA:9,(anonymous_7)
FNDA:9,createTokenBudgeter
DA:1,1
DA:6,1
DA:10,9
DA:11,9
DA:13,9
DA:20,8
DA:27,3
DA:35,1
DA:42,2
DA:43,2
DA:45,2
DA:46,1
DA:49,1
DA:50,1
DA:51,1
DA:58,1
DA:65,1
DA:72,9
DA:79,1
DA:83,9
LF:20
LH:20
BRDA:10,0,0,0
BRDA:11,1,0,0
BRDA:41,2,0,0
BRDA:45,3,0,1
BRDA:51,4,0,0
BRDA:51,4,1,1
BRDA:80,5,0,0
BRDA:80,6,0,0
BRDA:80,6,1,0
BRDA:81,7,0,0
BRDA:81,8,0,0
BRDA:81,8,1,0
BRF:12
BRH:2
end_of_record
TN:
SF:src\context\novelty.ts
FN:7,(anonymous_0)
FN:15,(anonymous_1)
FN:34,(anonymous_2)
FN:61,(anonymous_3)
FN:63,(anonymous_4)
FN:70,(anonymous_5)
FN:73,(anonymous_6)
FN:86,(anonymous_7)
FN:98,(anonymous_8)
FN:135,(anonymous_9)
FN:143,createNoveltyScorer
FNF:11
FNH:10
FNDA:16,(anonymous_0)
FNDA:0,(anonymous_1)
FNDA:17,(anonymous_2)
FNDA:8,(anonymous_3)
FNDA:27,(anonymous_4)
FNDA:26,(anonymous_5)
FNDA:20,(anonymous_6)
FNDA:14,(anonymous_7)
FNDA:3,(anonymous_8)
FNDA:6,(anonymous_9)
FNDA:16,createNoveltyScorer
DA:6,1
DA:8,16
DA:9,16
DA:16,0
DA:18,0
DA:19,0
DA:20,0
DA:22,0
DA:23,0
DA:24,0
DA:25,0
DA:28,0
DA:38,17
DA:40,8
DA:42,8
DA:46,0
DA:47,0
DA:49,0
DA:50,0
DA:51,0
DA:52,0
DA:55,0
DA:62,8
DA:63,27
DA:66,8
DA:68,8
DA:69,8
DA:70,26
DA:73,20
DA:74,8
DA:76,8
DA:77,8
DA:80,8
DA:91,14
DA:92,14
DA:103,3
DA:104,3
DA:106,3
DA:107,4
DA:108,4
DA:110,4
DA:111,12
DA:112,12
DA:114,12
DA:115,4
DA:116,4
DA:120,4
DA:121,4
DA:122,4
DA:123,4
DA:125,0
DA:129,3
DA:136,6
DA:143,1
DA:147,16
LF:55
LH:38
BRDA:8,0,0,0
BRDA:16,1,0,0
BRDA:38,2,0,9
BRDA:40,3,0,8
BRDA:46,4,0,0
BRDA:46,4,1,0
BRDA:50,5,0,0
BRDA:50,5,1,0
BRDA:63,6,0,8
BRDA:63,6,1,0
BRDA:70,7,0,8
BRDA:70,7,1,0
BRDA:101,8,0,3
BRDA:106,9,0,7
BRDA:106,9,1,5
BRDA:111,10,0,12
BRDA:111,10,1,0
BRDA:114,11,0,4
BRDA:120,12,0,4
BRDA:120,12,1,0
BRDA:144,13,0,1
BRDA:144,14,0,1
BRDA:144,14,1,1
BRF:23
BRH:13
end_of_record
TN:
SF:src\services\fusion.ts
FN:39,fuse
FN:45,(anonymous_1)
FN:56,(anonymous_2)
FN:57,(anonymous_3)
FN:100,(anonymous_4)
FN:108,fuseWeightedAverage
FN:139,fuseScoreWeightedRRF
FN:168,fuseMaxConfidence
FN:202,fuseBordaRank
FN:229,normalizeScores
FN:236,(anonymous_10)
FN:250,minMaxNormalize
FN:257,(anonymous_12)
FN:260,(anonymous_13)
FN:269,zScoreNormalize
FN:270,(anonymous_15)
FN:271,(anonymous_16)
FN:276,(anonymous_17)
FN:279,(anonymous_18)
FNF:19
FNH:6
FNDA:13,fuse
FNDA:1015,(anonymous_1)
FNDA:1015,(anonymous_2)
FNDA:1015,(anonymous_3)
FNDA:2447,(anonymous_4)
FNDA:0,fuseWeightedAverage
FNDA:0,fuseScoreWeightedRRF
FNDA:0,fuseMaxConfidence
FNDA:1517,fuseBordaRank
FNDA:0,normalizeScores
FNDA:0,(anonymous_10)
FNDA:0,minMaxNormalize
FNDA:0,(anonymous_12)
FNDA:0,(anonymous_13)
FNDA:0,zScoreNormalize
FNDA:0,(anonymous_15)
FNDA:0,(anonymous_16)
FNDA:0,(anonymous_17)
FNDA:0,(anonymous_18)
DA:39,1
DA:45,1015
DA:46,13
DA:50,13
DA:52,13
DA:56,1015
DA:57,1015
DA:60,13
DA:62,13
DA:64,13
DA:65,1517
DA:66,1517
DA:68,1517
DA:69,1517
DA:71,1517
DA:73,0
DA:74,0
DA:77,0
DA:78,0
DA:81,0
DA:82,0
DA:85,1517
DA:86,1517
DA:89,0
DA:92,1517
DA:100,2447
DA:102,13
DA:114,0
DA:116,0
DA:117,0
DA:118,0
DA:121,0
DA:122,0
DA:123,0
DA:127,0
DA:128,0
DA:129,0
DA:130,0
DA:133,0
DA:145,0
DA:146,0
DA:148,0
DA:149,0
DA:150,0
DA:151,0
DA:152,0
DA:155,0
DA:156,0
DA:157,0
DA:158,0
DA:159,0
DA:162,0
DA:174,0
DA:175,0
DA:177,0
DA:178,0
DA:179,0
DA:180,0
DA:181,0
DA:185,0
DA:186,0
DA:187,0
DA:188,0
DA:189,0
DA:190,0
DA:192,0
DA:196,0
DA:208,1517
DA:209,1517
DA:211,1517
DA:212,1015
DA:213,1015
DA:214,1015
DA:217,1517
DA:218,1015
DA:219,1015
DA:220,1015
DA:223,1517
DA:233,0
DA:234,0
DA:236,0
DA:238,0
DA:239,0
DA:240,0
DA:241,0
DA:244,0
DA:251,0
DA:252,0
DA:253,0
DA:255,0
DA:257,0
DA:260,0
DA:270,0
DA:271,0
DA:272,0
DA:274,0
DA:276,0
DA:279,0
LF:98
LH:31
BRDA:45,0,0,11
BRDA:45,0,1,2
BRDA:46,1,0,0
BRDA:46,1,1,13
BRDA:46,2,0,13
BRDA:46,2,1,0
BRDA:50,3,0,0
BRDA:50,3,1,13
BRDA:52,4,0,0
BRDA:52,4,1,13
BRDA:71,5,0,0
BRDA:71,5,1,0
BRDA:71,5,2,0
BRDA:71,5,3,1517
BRDA:71,5,4,0
BRDA:116,6,0,0
BRDA:121,7,0,0
BRDA:127,8,0,0
BRDA:127,8,1,0
BRDA:127,9,0,0
BRDA:127,9,1,0
BRDA:129,10,0,0
BRDA:129,11,0,0
BRDA:129,11,1,0
BRDA:145,12,0,0
BRDA:145,12,1,0
BRDA:148,13,0,0
BRDA:149,14,0,0
BRDA:149,14,1,0
BRDA:155,15,0,0
BRDA:156,16,0,0
BRDA:156,16,1,0
BRDA:177,17,0,0
BRDA:179,18,0,0
BRDA:185,19,0,0
BRDA:187,20,0,0
BRDA:187,20,1,0
BRDA:190,21,0,0
BRDA:208,22,0,1517
BRDA:208,22,1,0
BRDA:211,23,0,1015
BRDA:212,24,0,1015
BRDA:212,24,1,0
BRDA:217,25,0,1015
BRDA:218,26,0,1015
BRDA:218,26,1,0
BRDA:233,27,0,0
BRDA:234,28,0,0
BRDA:238,29,0,0
BRDA:238,29,1,0
BRDA:240,30,0,0
BRDA:255,31,0,0
BRDA:274,32,0,0
BRF:53
BRH:12
end_of_record
TN:
SF:src\services\mock-reranker.ts
FN:18,(anonymous_0)
FN:32,(anonymous_1)
FN:39,(anonymous_2)
FN:64,(anonymous_3)
FN:71,(anonymous_4)
FN:77,(anonymous_5)
FN:112,(anonymous_6)
FN:123,(anonymous_7)
FN:128,(anonymous_8)
FN:129,(anonymous_9)
FN:133,(anonymous_10)
FN:137,(anonymous_11)
FN:144,(anonymous_12)
FN:148,(anonymous_13)
FN:152,(anonymous_14)
FN:161,(anonymous_15)
FN:165,(anonymous_16)
FN:169,(anonymous_17)
FN:173,(anonymous_18)
FN:181,(anonymous_19)
FNF:20
FNH:20
FNDA:40,(anonymous_0)
FNDA:154,(anonymous_1)
FNDA:3,(anonymous_2)
FNDA:20641,(anonymous_3)
FNDA:1217,(anonymous_4)
FNDA:4970,(anonymous_5)
FNDA:4865,(anonymous_6)
FNDA:1,(anonymous_7)
FNDA:1,(anonymous_8)
FNDA:3,(anonymous_9)
FNDA:23,(anonymous_10)
FNDA:1,(anonymous_11)
FNDA:1,(anonymous_12)
FNDA:1,(anonymous_13)
FNDA:1,(anonymous_14)
FNDA:9,(anonymous_15)
FNDA:2,(anonymous_16)
FNDA:1,(anonymous_17)
FNDA:1,(anonymous_18)
FNDA:1,(anonymous_19)
DA:1,2
DA:2,2
DA:13,2
DA:26,40
DA:27,40
DA:28,40
DA:29,40
DA:33,154
DA:34,1
DA:38,153
DA:39,3
DA:43,153
DA:44,1
DA:47,152
DA:49,152
DA:50,4970
DA:52,4970
DA:64,20641
DA:67,152
DA:68,152
DA:71,1217
DA:79,4970
DA:80,105
DA:84,4865
DA:85,4865
DA:87,4865
DA:88,4865
DA:90,4865
DA:91,21028
DA:92,9887
DA:97,4865
DA:100,4865
DA:101,4865
DA:104,4865
DA:105,4865
DA:106,4865
DA:109,4865
DA:113,4865
DA:114,4865
DA:115,24020
DA:116,24020
DA:117,24020
DA:119,4865
DA:125,1
DA:129,3
DA:134,23
DA:138,1
DA:139,1
DA:140,3
DA:145,1
DA:149,1
DA:153,1
DA:160,2
DA:162,9
DA:166,2
DA:170,1
DA:177,1
DA:178,1
DA:183,1
LF:59
LH:59
BRDA:20,0,0,23
BRDA:27,1,0,40
BRDA:27,1,1,34
BRDA:28,2,0,40
BRDA:28,2,1,38
BRDA:29,3,0,40
BRDA:29,3,1,39
BRDA:33,4,0,1
BRDA:38,5,0,3
BRDA:43,6,0,1
BRDA:43,7,0,153
BRDA:43,7,1,1
BRDA:79,8,0,105
BRDA:91,9,0,9887
BRDA:97,10,0,4865
BRDA:97,10,1,0
BRF:16
BRH:15
end_of_record
TN:
SF:src\services\reranker.ts
FN:47,(anonymous_0)
FN:53,(anonymous_1)
FN:78,(anonymous_2)
FN:82,(anonymous_3)
FN:92,(anonymous_4)
FN:100,(anonymous_5)
FN:103,(anonymous_6)
FN:109,(anonymous_7)
FN:112,(anonymous_8)
FN:118,(anonymous_9)
FN:127,(anonymous_10)
FN:131,(anonymous_11)
FN:149,(anonymous_12)
FN:150,(anonymous_13)
FN:164,(anonymous_14)
FN:175,(anonymous_15)
FN:193,(anonymous_16)
FNF:17
FNH:11
FNDA:40,(anonymous_0)
FNDA:7,(anonymous_1)
FNDA:2,(anonymous_2)
FNDA:6,(anonymous_3)
FNDA:0,(anonymous_4)
FNDA:0,(anonymous_5)
FNDA:0,(anonymous_6)
FNDA:152,(anonymous_7)
FNDA:83,(anonymous_8)
FNDA:152,(anonymous_9)
FNDA:7,(anonymous_10)
FNDA:232,(anonymous_11)
FNDA:1,(anonymous_12)
FNDA:2,(anonymous_13)
FNDA:0,(anonymous_14)
FNDA:0,(anonymous_15)
FNDA:0,(anonymous_16)
DA:44,2
DA:48,40
DA:57,7
DA:58,7
DA:61,7
DA:63,7
DA:64,7
DA:67,7
DA:75,7
DA:79,2
DA:83,6
DA:93,0
DA:95,0
DA:96,0
DA:97,0
DA:99,0
DA:100,0
DA:103,0
DA:110,152
DA:112,83
DA:119,152
DA:121,152
DA:131,232
DA:132,7
DA:133,7
DA:135,7
DA:136,50
DA:137,50
DA:138,50
DA:139,50
DA:143,7
DA:150,2
DA:165,0
DA:166,0
DA:167,0
DA:169,0
DA:181,0
DA:182,0
DA:183,0
DA:185,0
DA:187,0
DA:188,0
DA:192,0
DA:193,0
DA:197,0
LF:45
LH:25
BRDA:70,0,0,7
BRDA:70,0,1,0
BRDA:71,1,0,7
BRDA:71,1,1,0
BRDA:93,2,0,0
BRDA:99,3,0,0
BRDA:110,4,0,147
BRDA:119,5,0,0
BRDA:131,6,0,232
BRDA:131,6,1,2
BRDA:137,7,0,50
BRDA:143,8,0,7
BRDA:143,8,1,0
BRDA:152,9,0,2
BRDA:152,9,1,0
BRDA:156,10,0,2
BRDA:156,10,1,0
BRDA:177,11,0,0
BRDA:177,12,0,0
BRDA:177,12,1,0
BRDA:187,13,0,0
BRF:21
BRH:9
end_of_record
TN:
SF:src\services\rrf-fusion.ts
FN:33,(anonymous_0)
FN:39,(anonymous_1)
FN:45,(anonymous_2)
FN:62,(anonymous_3)
FN:64,(anonymous_4)
FN:65,(anonymous_5)
FN:84,(anonymous_6)
FN:98,(anonymous_7)
FN:102,(anonymous_8)
FN:109,(anonymous_9)
FN:124,(anonymous_10)
FN:141,(anonymous_11)
FN:170,(anonymous_12)
FN:175,(anonymous_13)
FN:178,(anonymous_14)
FN:184,(anonymous_15)
FN:187,(anonymous_16)
FN:193,(anonymous_17)
FN:203,(anonymous_18)
FN:207,(anonymous_19)
FN:215,(anonymous_20)
FNF:21
FNH:21
FNDA:13,(anonymous_0)
FNDA:1015,(anonymous_1)
FNDA:1015,(anonymous_2)
FNDA:1517,(anonymous_3)
FNDA:1000524,(anonymous_4)
FNDA:1000524,(anonymous_5)
FNDA:1517,(anonymous_6)
FNDA:1517,(anonymous_7)
FNDA:503,(anonymous_8)
FNDA:2,(anonymous_9)
FNDA:4,(anonymous_10)
FNDA:4,(anonymous_11)
FNDA:2,(anonymous_12)
FNDA:4,(anonymous_13)
FNDA:8,(anonymous_14)
FNDA:4,(anonymous_15)
FNDA:4,(anonymous_16)
FNDA:8,(anonymous_17)
FNDA:8,(anonymous_18)
FNDA:8,(anonymous_19)
FNDA:2,(anonymous_20)
DA:3,1
DA:32,1
DA:39,1015
DA:45,1015
DA:51,13
DA:59,13
DA:62,13
DA:64,1000524
DA:65,1000524
DA:66,1517
DA:68,1517
DA:70,1517
DA:86,1517
DA:87,1014
DA:91,503
DA:92,502
DA:95,1
DA:99,1517
DA:103,503
DA:108,1
DA:115,2
DA:116,2
DA:119,2
DA:121,2
DA:124,2
DA:125,4
DA:126,4
DA:127,4
DA:129,4
DA:141,2
DA:142,4
DA:143,4
DA:144,4
DA:146,4
DA:147,4
DA:149,4
DA:150,4
DA:151,4
DA:152,4
DA:153,4
DA:156,0
DA:169,2
DA:170,2
DA:172,2
DA:176,4
DA:178,8
DA:179,4
DA:180,4
DA:181,4
DA:183,4
DA:184,4
DA:187,4
DA:194,8
DA:195,0
DA:197,8
DA:198,4
DA:200,4
DA:204,8
DA:209,8
DA:214,1
DA:220,2
DA:221,2
DA:222,2
DA:224,2
DA:231,2
LF:65
LH:63
BRDA:41,0,0,1015
BRDA:41,0,1,0
BRDA:47,1,0,1015
BRDA:47,1,1,0
BRDA:66,2,0,1517
BRDA:66,2,1,502
BRDA:68,3,0,0
BRDA:73,4,0,1517
BRDA:73,4,1,1517
BRDA:73,5,0,1015
BRDA:73,5,1,502
BRDA:74,6,0,1517
BRDA:74,6,1,1517
BRDA:74,7,0,1015
BRDA:74,7,1,502
BRDA:76,8,0,513
BRDA:76,8,1,1004
BRDA:76,9,0,1517
BRDA:76,9,1,1015
BRDA:77,10,0,502
BRDA:77,10,1,502
BRDA:86,11,0,1014
BRDA:86,12,0,1517
BRDA:86,12,1,1014
BRDA:91,13,0,502
BRDA:91,14,0,503
BRDA:91,14,1,502
BRDA:99,15,0,1517
BRDA:99,15,1,1014
BRDA:103,16,0,503
BRDA:103,16,1,502
BRDA:121,17,0,2
BRDA:121,17,1,0
BRDA:127,18,0,4
BRDA:127,18,1,1
BRDA:144,19,0,4
BRDA:144,19,1,1
BRDA:147,20,0,4
BRDA:147,20,1,0
BRDA:149,21,0,4
BRDA:149,21,1,0
BRDA:150,22,0,4
BRDA:150,22,1,0
BRDA:170,23,0,2
BRDA:170,23,1,0
BRDA:170,24,0,2
BRDA:170,24,1,0
BRDA:176,25,0,0
BRDA:178,26,0,8
BRDA:178,26,1,0
BRDA:183,27,0,2
BRDA:184,28,0,4
BRDA:184,28,1,0
BRDA:184,29,0,4
BRDA:184,29,1,0
BRDA:189,30,0,4
BRDA:189,30,1,0
BRDA:194,31,0,0
BRDA:194,32,0,8
BRDA:194,32,1,0
BRDA:197,33,0,4
BRDA:197,34,0,8
BRDA:197,34,1,4
BRDA:204,35,0,8
BRDA:204,35,1,4
BRDA:204,35,2,4
BRDA:209,36,0,8
BRDA:209,36,1,4
BRDA:209,36,2,4
BRDA:228,37,0,1
BRDA:228,37,1,1
BRF:71
BRH:55
end_of_record
TN:
SF:src\types\reranker.ts
FNF:0
FNH:0
DA:57,2
DA:78,2
DA:89,2
LF:3
LH:3
BRDA:82,0,0,2
BRDA:82,0,1,2
BRDA:83,1,0,2
BRDA:83,1,1,2
BRDA:85,2,0,2
BRDA:85,2,1,2
BRDA:91,3,0,2
BRDA:91,3,1,2
BRDA:92,4,0,2
BRDA:92,4,1,2
BRDA:93,5,0,2
BRDA:93,5,1,2
BRDA:94,6,0,2
BRDA:94,6,1,2
BRDA:95,7,0,2
BRDA:95,7,1,2
BRDA:96,8,0,2
BRDA:96,8,1,2
BRF:18
BRH:18
end_of_record
