{"C:\\Workspace\\cw-rag-core\\apps\\api\\src\\routes\\healthz.js": {"path":"C:\\Workspace\\cw-rag-core\\apps\\api\\src\\routes\\healthz.js","all":false,"statementMap":{"0":{"start":{"line":1,"column":0},"end":{"line":1,"column":45}},"1":{"start":{"line":2,"column":0},"end":{"line":2,"column":55}},"2":{"start":{"line":3,"column":0},"end":{"line":3,"column":56}},"3":{"start":{"line":4,"column":0},"end":{"line":4,"column":7}},"4":{"start":{"line":5,"column":0},"end":{"line":5,"column":1}}},"s":{"0":1,"1":1,"2":1,"3":1,"4":1},"branchMap":{"0":{"type":"branch","line":1,"loc":{"start":{"line":1,"column":0},"end":{"line":5,"column":1}},"locations":[{"start":{"line":1,"column":0},"end":{"line":5,"column":1}}]},"1":{"type":"branch","line":1,"loc":{"start":{"line":1,"column":7},"end":{"line":5,"column":1}},"locations":[{"start":{"line":1,"column":7},"end":{"line":5,"column":1}}]},"2":{"type":"branch","line":2,"loc":{"start":{"line":2,"column":28},"end":{"line":4,"column":5}},"locations":[{"start":{"line":2,"column":28},"end":{"line":4,"column":5}}]}},"b":{"0":[1],"1":[1],"2":[1]},"fnMap":{"0":{"name":"healthzRoute","decl":{"start":{"line":1,"column":7},"end":{"line":5,"column":1}},"loc":{"start":{"line":1,"column":7},"end":{"line":5,"column":1}},"line":1}},"f":{"0":1}}
,"C:\\Workspace\\cw-rag-core\\apps\\api\\src\\services\\answer-synthesis.ts": {"path":"C:\\Workspace\\cw-rag-core\\apps\\api\\src\\services\\answer-synthesis.ts","all":false,"statementMap":{"0":{"start":{"line":1,"column":0},"end":{"line":1,"column":60}},"1":{"start":{"line":2,"column":0},"end":{"line":2,"column":91}},"2":{"start":{"line":3,"column":0},"end":{"line":3,"column":8}},"3":{"start":{"line":4,"column":0},"end":{"line":4,"column":19}},"4":{"start":{"line":5,"column":0},"end":{"line":5,"column":20}},"5":{"start":{"line":6,"column":0},"end":{"line":6,"column":23}},"6":{"start":{"line":7,"column":0},"end":{"line":7,"column":23}},"7":{"start":{"line":8,"column":0},"end":{"line":8,"column":13}},"8":{"start":{"line":9,"column":0},"end":{"line":9,"column":31}},"9":{"start":{"line":10,"column":0},"end":{"line":10,"column":71}},"10":{"start":{"line":11,"column":0},"end":{"line":11,"column":75}},"11":{"start":{"line":12,"column":0},"end":{"line":12,"column":0}},"12":{"start":{"line":13,"column":0},"end":{"line":13,"column":41}},"13":{"start":{"line":14,"column":0},"end":{"line":14,"column":5}},"14":{"start":{"line":15,"column":0},"end":{"line":15,"column":63}},"15":{"start":{"line":16,"column":0},"end":{"line":16,"column":5}},"16":{"start":{"line":17,"column":0},"end":{"line":17,"column":74}},"17":{"start":{"line":18,"column":0},"end":{"line":18,"column":0}},"18":{"start":{"line":19,"column":0},"end":{"line":19,"column":5}},"19":{"start":{"line":20,"column":0},"end":{"line":20,"column":47}},"20":{"start":{"line":21,"column":0},"end":{"line":21,"column":5}},"21":{"start":{"line":22,"column":0},"end":{"line":22,"column":51}},"22":{"start":{"line":23,"column":0},"end":{"line":23,"column":0}},"23":{"start":{"line":24,"column":0},"end":{"line":24,"column":5}},"24":{"start":{"line":25,"column":0},"end":{"line":25,"column":37}},"25":{"start":{"line":26,"column":0},"end":{"line":26,"column":5}},"26":{"start":{"line":27,"column":0},"end":{"line":27,"column":60}},"27":{"start":{"line":28,"column":0},"end":{"line":28,"column":1}},"28":{"start":{"line":29,"column":0},"end":{"line":29,"column":0}},"29":{"start":{"line":30,"column":0},"end":{"line":30,"column":75}},"30":{"start":{"line":31,"column":0},"end":{"line":31,"column":65}},"31":{"start":{"line":32,"column":0},"end":{"line":32,"column":0}},"32":{"start":{"line":33,"column":0},"end":{"line":33,"column":14}},"33":{"start":{"line":34,"column":0},"end":{"line":34,"column":47}},"34":{"start":{"line":35,"column":0},"end":{"line":35,"column":47}},"35":{"start":{"line":36,"column":0},"end":{"line":36,"column":43}},"36":{"start":{"line":37,"column":0},"end":{"line":37,"column":6}},"37":{"start":{"line":38,"column":0},"end":{"line":38,"column":0}},"38":{"start":{"line":39,"column":0},"end":{"line":39,"column":81}},"39":{"start":{"line":40,"column":0},"end":{"line":40,"column":40}},"40":{"start":{"line":41,"column":0},"end":{"line":41,"column":0}},"41":{"start":{"line":42,"column":0},"end":{"line":42,"column":9}},"42":{"start":{"line":43,"column":0},"end":{"line":43,"column":25}},"43":{"start":{"line":44,"column":0},"end":{"line":44,"column":36}},"44":{"start":{"line":45,"column":0},"end":{"line":45,"column":0}},"45":{"start":{"line":46,"column":0},"end":{"line":46,"column":68}},"46":{"start":{"line":47,"column":0},"end":{"line":47,"column":65}},"47":{"start":{"line":48,"column":0},"end":{"line":48,"column":91}},"48":{"start":{"line":49,"column":0},"end":{"line":49,"column":0}},"49":{"start":{"line":50,"column":0},"end":{"line":50,"column":39}},"50":{"start":{"line":51,"column":0},"end":{"line":51,"column":48}},"51":{"start":{"line":52,"column":0},"end":{"line":52,"column":26}},"52":{"start":{"line":53,"column":0},"end":{"line":53,"column":18}},"53":{"start":{"line":54,"column":0},"end":{"line":54,"column":57}},"54":{"start":{"line":55,"column":0},"end":{"line":55,"column":8}},"55":{"start":{"line":56,"column":0},"end":{"line":56,"column":0}},"56":{"start":{"line":57,"column":0},"end":{"line":57,"column":34}},"57":{"start":{"line":58,"column":0},"end":{"line":58,"column":74}},"58":{"start":{"line":59,"column":0},"end":{"line":59,"column":49}},"59":{"start":{"line":60,"column":0},"end":{"line":60,"column":8}},"60":{"start":{"line":61,"column":0},"end":{"line":61,"column":0}},"61":{"start":{"line":62,"column":0},"end":{"line":62,"column":24}},"62":{"start":{"line":63,"column":0},"end":{"line":63,"column":60}},"63":{"start":{"line":64,"column":0},"end":{"line":64,"column":22}},"64":{"start":{"line":65,"column":0},"end":{"line":65,"column":30}},"65":{"start":{"line":66,"column":0},"end":{"line":66,"column":37}},"66":{"start":{"line":67,"column":0},"end":{"line":67,"column":8}},"67":{"start":{"line":68,"column":0},"end":{"line":68,"column":0}},"68":{"start":{"line":69,"column":0},"end":{"line":69,"column":37}},"69":{"start":{"line":70,"column":0},"end":{"line":70,"column":61}},"70":{"start":{"line":71,"column":0},"end":{"line":71,"column":24}},"71":{"start":{"line":72,"column":0},"end":{"line":72,"column":18}},"72":{"start":{"line":73,"column":0},"end":{"line":73,"column":42}},"73":{"start":{"line":74,"column":0},"end":{"line":74,"column":8}},"74":{"start":{"line":75,"column":0},"end":{"line":75,"column":0}},"75":{"start":{"line":76,"column":0},"end":{"line":76,"column":39}},"76":{"start":{"line":77,"column":0},"end":{"line":77,"column":87}},"77":{"start":{"line":78,"column":0},"end":{"line":78,"column":0}},"78":{"start":{"line":79,"column":0},"end":{"line":79,"column":83}},"79":{"start":{"line":80,"column":0},"end":{"line":80,"column":50}},"80":{"start":{"line":81,"column":0},"end":{"line":81,"column":26}},"81":{"start":{"line":82,"column":0},"end":{"line":82,"column":39}},"82":{"start":{"line":83,"column":0},"end":{"line":83,"column":24}},"83":{"start":{"line":84,"column":0},"end":{"line":84,"column":22}},"84":{"start":{"line":85,"column":0},"end":{"line":85,"column":8}},"85":{"start":{"line":86,"column":0},"end":{"line":86,"column":0}},"86":{"start":{"line":87,"column":0},"end":{"line":87,"column":58}},"87":{"start":{"line":88,"column":0},"end":{"line":88,"column":0}},"88":{"start":{"line":89,"column":0},"end":{"line":89,"column":30}},"89":{"start":{"line":90,"column":0},"end":{"line":90,"column":33}},"90":{"start":{"line":91,"column":0},"end":{"line":91,"column":45}},"91":{"start":{"line":92,"column":0},"end":{"line":92,"column":53}},"92":{"start":{"line":93,"column":0},"end":{"line":93,"column":59}},"93":{"start":{"line":94,"column":0},"end":{"line":94,"column":39}},"94":{"start":{"line":95,"column":0},"end":{"line":95,"column":52}},"95":{"start":{"line":96,"column":0},"end":{"line":96,"column":31}},"96":{"start":{"line":97,"column":0},"end":{"line":97,"column":8}},"97":{"start":{"line":98,"column":0},"end":{"line":98,"column":0}},"98":{"start":{"line":99,"column":0},"end":{"line":99,"column":43}},"99":{"start":{"line":100,"column":0},"end":{"line":100,"column":32}},"100":{"start":{"line":101,"column":0},"end":{"line":101,"column":18}},"101":{"start":{"line":102,"column":0},"end":{"line":102,"column":42}},"102":{"start":{"line":103,"column":0},"end":{"line":103,"column":22}},"103":{"start":{"line":104,"column":0},"end":{"line":104,"column":19}},"104":{"start":{"line":105,"column":0},"end":{"line":105,"column":36}},"105":{"start":{"line":106,"column":0},"end":{"line":106,"column":57}},"106":{"start":{"line":107,"column":0},"end":{"line":107,"column":22}},"107":{"start":{"line":108,"column":0},"end":{"line":108,"column":8}},"108":{"start":{"line":109,"column":0},"end":{"line":109,"column":0}},"109":{"start":{"line":110,"column":0},"end":{"line":110,"column":22}},"110":{"start":{"line":111,"column":0},"end":{"line":111,"column":0}},"111":{"start":{"line":112,"column":0},"end":{"line":112,"column":21}},"112":{"start":{"line":113,"column":0},"end":{"line":113,"column":37}},"113":{"start":{"line":114,"column":0},"end":{"line":114,"column":67}},"114":{"start":{"line":115,"column":0},"end":{"line":115,"column":27}},"115":{"start":{"line":116,"column":0},"end":{"line":116,"column":9}},"116":{"start":{"line":117,"column":0},"end":{"line":117,"column":31}},"117":{"start":{"line":118,"column":0},"end":{"line":118,"column":50}},"118":{"start":{"line":119,"column":0},"end":{"line":119,"column":48}},"119":{"start":{"line":120,"column":0},"end":{"line":120,"column":9}},"120":{"start":{"line":121,"column":0},"end":{"line":121,"column":8}},"121":{"start":{"line":122,"column":0},"end":{"line":122,"column":5}},"122":{"start":{"line":123,"column":0},"end":{"line":123,"column":3}},"123":{"start":{"line":124,"column":0},"end":{"line":124,"column":0}},"124":{"start":{"line":125,"column":0},"end":{"line":125,"column":52}},"125":{"start":{"line":126,"column":0},"end":{"line":126,"column":35}},"126":{"start":{"line":127,"column":0},"end":{"line":127,"column":3}},"127":{"start":{"line":128,"column":0},"end":{"line":128,"column":0}},"128":{"start":{"line":129,"column":0},"end":{"line":129,"column":67}},"129":{"start":{"line":130,"column":0},"end":{"line":130,"column":9}},"130":{"start":{"line":131,"column":0},"end":{"line":131,"column":43}},"131":{"start":{"line":132,"column":0},"end":{"line":132,"column":81}},"132":{"start":{"line":133,"column":0},"end":{"line":133,"column":40}},"133":{"start":{"line":134,"column":0},"end":{"line":134,"column":0}},"134":{"start":{"line":135,"column":0},"end":{"line":135,"column":40}},"135":{"start":{"line":136,"column":0},"end":{"line":136,"column":46}},"136":{"start":{"line":137,"column":0},"end":{"line":137,"column":21}},"137":{"start":{"line":138,"column":0},"end":{"line":138,"column":7}},"138":{"start":{"line":139,"column":0},"end":{"line":139,"column":0}},"139":{"start":{"line":140,"column":0},"end":{"line":140,"column":54}},"140":{"start":{"line":141,"column":0},"end":{"line":141,"column":38}},"141":{"start":{"line":142,"column":0},"end":{"line":142,"column":29}},"142":{"start":{"line":143,"column":0},"end":{"line":143,"column":34}},"143":{"start":{"line":144,"column":0},"end":{"line":144,"column":10}},"144":{"start":{"line":145,"column":0},"end":{"line":145,"column":8}},"145":{"start":{"line":146,"column":0},"end":{"line":146,"column":0}},"146":{"start":{"line":147,"column":0},"end":{"line":147,"column":18}},"147":{"start":{"line":148,"column":0},"end":{"line":148,"column":0}},"148":{"start":{"line":149,"column":0},"end":{"line":149,"column":21}},"149":{"start":{"line":150,"column":0},"end":{"line":150,"column":86}},"150":{"start":{"line":151,"column":0},"end":{"line":151,"column":19}},"151":{"start":{"line":152,"column":0},"end":{"line":152,"column":5}},"152":{"start":{"line":153,"column":0},"end":{"line":153,"column":3}},"153":{"start":{"line":154,"column":0},"end":{"line":154,"column":0}},"154":{"start":{"line":155,"column":0},"end":{"line":155,"column":60}},"155":{"start":{"line":156,"column":0},"end":{"line":156,"column":62}},"156":{"start":{"line":157,"column":0},"end":{"line":157,"column":37}},"157":{"start":{"line":158,"column":0},"end":{"line":158,"column":32}},"158":{"start":{"line":159,"column":0},"end":{"line":159,"column":25}},"159":{"start":{"line":160,"column":0},"end":{"line":160,"column":8}},"160":{"start":{"line":161,"column":0},"end":{"line":161,"column":5}},"161":{"start":{"line":162,"column":0},"end":{"line":162,"column":0}},"162":{"start":{"line":163,"column":0},"end":{"line":163,"column":63}},"163":{"start":{"line":164,"column":0},"end":{"line":164,"column":37}},"164":{"start":{"line":165,"column":0},"end":{"line":165,"column":46}},"165":{"start":{"line":166,"column":0},"end":{"line":166,"column":25}},"166":{"start":{"line":167,"column":0},"end":{"line":167,"column":8}},"167":{"start":{"line":168,"column":0},"end":{"line":168,"column":5}},"168":{"start":{"line":169,"column":0},"end":{"line":169,"column":0}},"169":{"start":{"line":170,"column":0},"end":{"line":170,"column":58}},"170":{"start":{"line":171,"column":0},"end":{"line":171,"column":37}},"171":{"start":{"line":172,"column":0},"end":{"line":172,"column":41}},"172":{"start":{"line":173,"column":0},"end":{"line":173,"column":25}},"173":{"start":{"line":174,"column":0},"end":{"line":174,"column":8}},"174":{"start":{"line":175,"column":0},"end":{"line":175,"column":5}},"175":{"start":{"line":176,"column":0},"end":{"line":176,"column":3}},"176":{"start":{"line":177,"column":0},"end":{"line":177,"column":0}},"177":{"start":{"line":178,"column":0},"end":{"line":178,"column":25}},"178":{"start":{"line":179,"column":0},"end":{"line":179,"column":36}},"179":{"start":{"line":180,"column":0},"end":{"line":180,"column":27}},"180":{"start":{"line":181,"column":0},"end":{"line":181,"column":21}},"181":{"start":{"line":182,"column":0},"end":{"line":182,"column":6}},"182":{"start":{"line":183,"column":0},"end":{"line":183,"column":20}},"183":{"start":{"line":184,"column":0},"end":{"line":184,"column":30}},"184":{"start":{"line":185,"column":0},"end":{"line":185,"column":29}},"185":{"start":{"line":186,"column":0},"end":{"line":186,"column":5}},"186":{"start":{"line":187,"column":0},"end":{"line":187,"column":21}},"187":{"start":{"line":188,"column":0},"end":{"line":188,"column":28}},"188":{"start":{"line":189,"column":0},"end":{"line":189,"column":26}},"189":{"start":{"line":190,"column":0},"end":{"line":190,"column":0}},"190":{"start":{"line":191,"column":0},"end":{"line":191,"column":80}},"191":{"start":{"line":192,"column":0},"end":{"line":192,"column":42}},"192":{"start":{"line":193,"column":0},"end":{"line":193,"column":89}},"193":{"start":{"line":194,"column":0},"end":{"line":194,"column":0}},"194":{"start":{"line":195,"column":0},"end":{"line":195,"column":54}},"195":{"start":{"line":196,"column":0},"end":{"line":196,"column":37}},"196":{"start":{"line":197,"column":0},"end":{"line":197,"column":35}},"197":{"start":{"line":198,"column":0},"end":{"line":198,"column":0}},"198":{"start":{"line":199,"column":0},"end":{"line":199,"column":44}},"199":{"start":{"line":200,"column":0},"end":{"line":200,"column":75}},"200":{"start":{"line":201,"column":0},"end":{"line":201,"column":30}},"201":{"start":{"line":202,"column":0},"end":{"line":202,"column":0}},"202":{"start":{"line":203,"column":0},"end":{"line":203,"column":40}},"203":{"start":{"line":204,"column":0},"end":{"line":204,"column":101}},"204":{"start":{"line":205,"column":0},"end":{"line":205,"column":0}},"205":{"start":{"line":206,"column":0},"end":{"line":206,"column":61}},"206":{"start":{"line":207,"column":0},"end":{"line":207,"column":60}},"207":{"start":{"line":208,"column":0},"end":{"line":208,"column":35}},"208":{"start":{"line":209,"column":0},"end":{"line":209,"column":64}},"209":{"start":{"line":210,"column":0},"end":{"line":210,"column":118}},"210":{"start":{"line":211,"column":0},"end":{"line":211,"column":85}},"211":{"start":{"line":212,"column":0},"end":{"line":212,"column":106}},"212":{"start":{"line":213,"column":0},"end":{"line":213,"column":38}},"213":{"start":{"line":214,"column":0},"end":{"line":214,"column":9}},"214":{"start":{"line":215,"column":0},"end":{"line":215,"column":25}},"215":{"start":{"line":216,"column":0},"end":{"line":216,"column":14}},"216":{"start":{"line":217,"column":0},"end":{"line":217,"column":7}},"217":{"start":{"line":218,"column":0},"end":{"line":218,"column":0}},"218":{"start":{"line":219,"column":0},"end":{"line":219,"column":28}},"219":{"start":{"line":220,"column":0},"end":{"line":220,"column":43}},"220":{"start":{"line":221,"column":0},"end":{"line":221,"column":5}},"221":{"start":{"line":222,"column":0},"end":{"line":222,"column":0}},"222":{"start":{"line":223,"column":0},"end":{"line":223,"column":72}},"223":{"start":{"line":224,"column":0},"end":{"line":224,"column":0}},"224":{"start":{"line":225,"column":0},"end":{"line":225,"column":12}},"225":{"start":{"line":226,"column":0},"end":{"line":226,"column":30}},"226":{"start":{"line":227,"column":0},"end":{"line":227,"column":34}},"227":{"start":{"line":228,"column":0},"end":{"line":228,"column":22}},"228":{"start":{"line":229,"column":0},"end":{"line":229,"column":6}},"229":{"start":{"line":230,"column":0},"end":{"line":230,"column":3}},"230":{"start":{"line":231,"column":0},"end":{"line":231,"column":0}},"231":{"start":{"line":232,"column":0},"end":{"line":232,"column":36}},"232":{"start":{"line":233,"column":0},"end":{"line":233,"column":19}},"233":{"start":{"line":234,"column":0},"end":{"line":234,"column":27}},"234":{"start":{"line":235,"column":0},"end":{"line":235,"column":32}},"235":{"start":{"line":236,"column":0},"end":{"line":236,"column":13}},"236":{"start":{"line":237,"column":0},"end":{"line":237,"column":29}},"237":{"start":{"line":238,"column":0},"end":{"line":238,"column":47}},"238":{"start":{"line":239,"column":0},"end":{"line":239,"column":54}},"239":{"start":{"line":240,"column":0},"end":{"line":240,"column":5}},"240":{"start":{"line":241,"column":0},"end":{"line":241,"column":0}},"241":{"start":{"line":242,"column":0},"end":{"line":242,"column":36}},"242":{"start":{"line":243,"column":0},"end":{"line":243,"column":92}},"243":{"start":{"line":244,"column":0},"end":{"line":244,"column":0}},"244":{"start":{"line":245,"column":0},"end":{"line":245,"column":42}},"245":{"start":{"line":246,"column":0},"end":{"line":246,"column":44}},"246":{"start":{"line":247,"column":0},"end":{"line":247,"column":80}},"247":{"start":{"line":248,"column":0},"end":{"line":248,"column":44}},"248":{"start":{"line":249,"column":0},"end":{"line":249,"column":5}},"249":{"start":{"line":250,"column":0},"end":{"line":250,"column":0}},"250":{"start":{"line":251,"column":0},"end":{"line":251,"column":27}},"251":{"start":{"line":252,"column":0},"end":{"line":252,"column":3}},"252":{"start":{"line":253,"column":0},"end":{"line":253,"column":0}},"253":{"start":{"line":254,"column":0},"end":{"line":254,"column":30}},"254":{"start":{"line":255,"column":0},"end":{"line":255,"column":36}},"255":{"start":{"line":256,"column":0},"end":{"line":256,"column":30}},"256":{"start":{"line":257,"column":0},"end":{"line":257,"column":19}},"257":{"start":{"line":258,"column":0},"end":{"line":258,"column":35}},"258":{"start":{"line":259,"column":0},"end":{"line":259,"column":13}},"259":{"start":{"line":260,"column":0},"end":{"line":260,"column":44}},"260":{"start":{"line":261,"column":0},"end":{"line":261,"column":0}},"261":{"start":{"line":262,"column":0},"end":{"line":262,"column":49}},"262":{"start":{"line":263,"column":0},"end":{"line":263,"column":27}},"263":{"start":{"line":264,"column":0},"end":{"line":264,"column":24}},"264":{"start":{"line":265,"column":0},"end":{"line":265,"column":5}},"265":{"start":{"line":266,"column":0},"end":{"line":266,"column":0}},"266":{"start":{"line":267,"column":0},"end":{"line":267,"column":39}},"267":{"start":{"line":268,"column":0},"end":{"line":268,"column":31}},"268":{"start":{"line":269,"column":0},"end":{"line":269,"column":53}},"269":{"start":{"line":270,"column":0},"end":{"line":270,"column":73}},"270":{"start":{"line":271,"column":0},"end":{"line":271,"column":50}},"271":{"start":{"line":272,"column":0},"end":{"line":272,"column":5}},"272":{"start":{"line":273,"column":0},"end":{"line":273,"column":0}},"273":{"start":{"line":274,"column":0},"end":{"line":274,"column":52}},"274":{"start":{"line":275,"column":0},"end":{"line":275,"column":62}},"275":{"start":{"line":276,"column":0},"end":{"line":276,"column":31}},"276":{"start":{"line":277,"column":0},"end":{"line":277,"column":84}},"277":{"start":{"line":278,"column":0},"end":{"line":278,"column":84}},"278":{"start":{"line":279,"column":0},"end":{"line":279,"column":83}},"279":{"start":{"line":280,"column":0},"end":{"line":280,"column":14}},"280":{"start":{"line":281,"column":0},"end":{"line":281,"column":0}},"281":{"start":{"line":282,"column":0},"end":{"line":282,"column":91}},"282":{"start":{"line":283,"column":0},"end":{"line":283,"column":5}},"283":{"start":{"line":284,"column":0},"end":{"line":284,"column":0}},"284":{"start":{"line":285,"column":0},"end":{"line":285,"column":67}},"285":{"start":{"line":286,"column":0},"end":{"line":286,"column":29}},"286":{"start":{"line":287,"column":0},"end":{"line":287,"column":24}},"287":{"start":{"line":288,"column":0},"end":{"line":288,"column":5}},"288":{"start":{"line":289,"column":0},"end":{"line":289,"column":0}},"289":{"start":{"line":290,"column":0},"end":{"line":290,"column":41}},"290":{"start":{"line":291,"column":0},"end":{"line":291,"column":25}},"291":{"start":{"line":292,"column":0},"end":{"line":292,"column":41}},"292":{"start":{"line":293,"column":0},"end":{"line":293,"column":23}},"293":{"start":{"line":294,"column":0},"end":{"line":294,"column":28}},"294":{"start":{"line":295,"column":0},"end":{"line":295,"column":33}},"295":{"start":{"line":296,"column":0},"end":{"line":296,"column":6}},"296":{"start":{"line":297,"column":0},"end":{"line":297,"column":0}},"297":{"start":{"line":298,"column":0},"end":{"line":298,"column":60}},"298":{"start":{"line":299,"column":0},"end":{"line":299,"column":64}},"299":{"start":{"line":300,"column":0},"end":{"line":300,"column":5}},"300":{"start":{"line":301,"column":0},"end":{"line":301,"column":0}},"301":{"start":{"line":302,"column":0},"end":{"line":302,"column":52}},"302":{"start":{"line":303,"column":0},"end":{"line":303,"column":3}},"303":{"start":{"line":304,"column":0},"end":{"line":304,"column":0}},"304":{"start":{"line":305,"column":0},"end":{"line":305,"column":102}},"305":{"start":{"line":306,"column":0},"end":{"line":306,"column":49}},"306":{"start":{"line":307,"column":0},"end":{"line":307,"column":42}},"307":{"start":{"line":308,"column":0},"end":{"line":308,"column":39}},"308":{"start":{"line":309,"column":0},"end":{"line":309,"column":8}},"309":{"start":{"line":310,"column":0},"end":{"line":310,"column":0}},"310":{"start":{"line":311,"column":0},"end":{"line":311,"column":60}},"311":{"start":{"line":312,"column":0},"end":{"line":312,"column":3}},"312":{"start":{"line":313,"column":0},"end":{"line":313,"column":1}},"313":{"start":{"line":314,"column":0},"end":{"line":314,"column":0}},"314":{"start":{"line":315,"column":0},"end":{"line":315,"column":3}},"315":{"start":{"line":316,"column":0},"end":{"line":316,"column":62}},"316":{"start":{"line":317,"column":0},"end":{"line":317,"column":3}},"317":{"start":{"line":318,"column":0},"end":{"line":318,"column":80}},"318":{"start":{"line":319,"column":0},"end":{"line":319,"column":14}},"319":{"start":{"line":320,"column":0},"end":{"line":320,"column":39}},"320":{"start":{"line":321,"column":0},"end":{"line":321,"column":37}},"321":{"start":{"line":322,"column":0},"end":{"line":322,"column":36}},"322":{"start":{"line":323,"column":0},"end":{"line":323,"column":32}},"323":{"start":{"line":324,"column":0},"end":{"line":324,"column":28}},"324":{"start":{"line":325,"column":0},"end":{"line":325,"column":27}},"325":{"start":{"line":326,"column":0},"end":{"line":326,"column":25}},"326":{"start":{"line":327,"column":0},"end":{"line":327,"column":9}},"327":{"start":{"line":328,"column":0},"end":{"line":328,"column":25}},"328":{"start":{"line":329,"column":0},"end":{"line":329,"column":22}},"329":{"start":{"line":330,"column":0},"end":{"line":330,"column":22}},"330":{"start":{"line":331,"column":0},"end":{"line":331,"column":5}},"331":{"start":{"line":332,"column":0},"end":{"line":332,"column":5}},"332":{"start":{"line":333,"column":0},"end":{"line":333,"column":63}},"333":{"start":{"line":334,"column":0},"end":{"line":334,"column":3}},"334":{"start":{"line":335,"column":0},"end":{"line":335,"column":0}},"335":{"start":{"line":336,"column":0},"end":{"line":336,"column":81}},"336":{"start":{"line":337,"column":0},"end":{"line":337,"column":59}},"337":{"start":{"line":338,"column":0},"end":{"line":338,"column":0}},"338":{"start":{"line":339,"column":0},"end":{"line":339,"column":29}},"339":{"start":{"line":340,"column":0},"end":{"line":340,"column":35}},"340":{"start":{"line":341,"column":0},"end":{"line":341,"column":0}},"341":{"start":{"line":342,"column":0},"end":{"line":342,"column":20}},"342":{"start":{"line":343,"column":0},"end":{"line":343,"column":3}},"343":{"start":{"line":344,"column":0},"end":{"line":344,"column":0}},"344":{"start":{"line":345,"column":0},"end":{"line":345,"column":62}},"345":{"start":{"line":346,"column":0},"end":{"line":346,"column":33}},"346":{"start":{"line":347,"column":0},"end":{"line":347,"column":69}},"347":{"start":{"line":348,"column":0},"end":{"line":348,"column":119}},"348":{"start":{"line":349,"column":0},"end":{"line":349,"column":5}},"349":{"start":{"line":350,"column":0},"end":{"line":350,"column":0}},"350":{"start":{"line":351,"column":0},"end":{"line":351,"column":27}},"351":{"start":{"line":352,"column":0},"end":{"line":352,"column":65}},"352":{"start":{"line":353,"column":0},"end":{"line":353,"column":62}},"353":{"start":{"line":354,"column":0},"end":{"line":354,"column":109}},"354":{"start":{"line":355,"column":0},"end":{"line":355,"column":5}},"355":{"start":{"line":356,"column":0},"end":{"line":356,"column":0}},"356":{"start":{"line":357,"column":0},"end":{"line":357,"column":20}},"357":{"start":{"line":358,"column":0},"end":{"line":358,"column":69}},"358":{"start":{"line":359,"column":0},"end":{"line":359,"column":120}},"359":{"start":{"line":360,"column":0},"end":{"line":360,"column":5}},"360":{"start":{"line":361,"column":0},"end":{"line":361,"column":0}},"361":{"start":{"line":362,"column":0},"end":{"line":362,"column":33}},"362":{"start":{"line":363,"column":0},"end":{"line":363,"column":87}},"363":{"start":{"line":364,"column":0},"end":{"line":364,"column":37}},"364":{"start":{"line":365,"column":0},"end":{"line":365,"column":44}},"365":{"start":{"line":366,"column":0},"end":{"line":366,"column":36}},"366":{"start":{"line":367,"column":0},"end":{"line":367,"column":8}},"367":{"start":{"line":368,"column":0},"end":{"line":368,"column":5}},"368":{"start":{"line":369,"column":0},"end":{"line":369,"column":3}},"369":{"start":{"line":370,"column":0},"end":{"line":370,"column":1}},"370":{"start":{"line":371,"column":0},"end":{"line":371,"column":0}},"371":{"start":{"line":372,"column":0},"end":{"line":372,"column":3}},"372":{"start":{"line":373,"column":0},"end":{"line":373,"column":57}},"373":{"start":{"line":374,"column":0},"end":{"line":374,"column":3}},"374":{"start":{"line":375,"column":0},"end":{"line":375,"column":45}},"375":{"start":{"line":376,"column":0},"end":{"line":376,"column":27}},"376":{"start":{"line":377,"column":0},"end":{"line":377,"column":33}},"377":{"start":{"line":378,"column":0},"end":{"line":378,"column":27}},"378":{"start":{"line":379,"column":0},"end":{"line":379,"column":56}},"379":{"start":{"line":380,"column":0},"end":{"line":380,"column":54}},"380":{"start":{"line":381,"column":0},"end":{"line":381,"column":0}},"381":{"start":{"line":382,"column":0},"end":{"line":382,"column":17}},"382":{"start":{"line":383,"column":0},"end":{"line":383,"column":93}},"383":{"start":{"line":384,"column":0},"end":{"line":384,"column":90}},"384":{"start":{"line":385,"column":0},"end":{"line":385,"column":1}}},"s":{"0":1,"1":1,"2":1,"3":1,"4":1,"5":1,"6":1,"7":1,"8":1,"9":1,"10":1,"11":1,"12":1,"13":1,"14":1,"15":1,"16":1,"17":1,"18":1,"19":1,"20":1,"21":1,"22":1,"23":1,"24":1,"25":1,"26":1,"27":1,"28":1,"29":1,"30":29,"31":29,"32":29,"33":29,"34":29,"35":29,"36":29,"37":29,"38":29,"39":11,"40":11,"41":11,"42":11,"43":11,"44":11,"45":11,"46":11,"47":11,"48":11,"49":11,"50":11,"51":11,"52":11,"53":11,"54":11,"55":11,"56":11,"57":11,"58":11,"59":11,"60":9,"61":9,"62":9,"63":9,"64":9,"65":9,"66":9,"67":9,"68":9,"69":9,"70":9,"71":9,"72":11,"73":11,"74":11,"75":11,"76":11,"77":11,"78":11,"79":11,"80":11,"81":11,"82":11,"83":11,"84":11,"85":11,"86":11,"87":11,"88":11,"89":11,"90":11,"91":11,"92":11,"93":11,"94":11,"95":11,"96":11,"97":11,"98":11,"99":11,"100":11,"101":11,"102":11,"103":11,"104":11,"105":11,"106":11,"107":11,"108":11,"109":11,"110":11,"111":11,"112":2,"113":2,"114":2,"115":2,"116":2,"117":2,"118":2,"119":2,"120":2,"121":2,"122":11,"123":29,"124":29,"125":2,"126":2,"127":29,"128":29,"129":2,"130":2,"131":2,"132":1,"133":1,"134":1,"135":2,"136":0,"137":0,"138":1,"139":1,"140":1,"141":1,"142":1,"143":1,"144":1,"145":1,"146":1,"147":1,"148":1,"149":1,"150":1,"151":1,"152":2,"153":29,"154":29,"155":11,"156":0,"157":0,"158":0,"159":0,"160":0,"161":11,"162":11,"163":1,"164":1,"165":1,"166":1,"167":1,"168":10,"169":11,"170":1,"171":1,"172":1,"173":1,"174":1,"175":11,"176":29,"177":29,"178":9,"179":9,"180":9,"181":9,"182":9,"183":9,"184":9,"185":9,"186":9,"187":9,"188":9,"189":9,"190":9,"191":9,"192":9,"193":9,"194":9,"195":15,"196":15,"197":15,"198":15,"199":15,"200":15,"201":15,"202":15,"203":15,"204":15,"205":15,"206":15,"207":1,"208":1,"209":1,"210":1,"211":1,"212":1,"213":1,"214":1,"215":1,"216":1,"217":14,"218":14,"219":14,"220":14,"221":15,"222":15,"223":15,"224":15,"225":15,"226":15,"227":15,"228":15,"229":15,"230":29,"231":29,"232":9,"233":9,"234":9,"235":9,"236":9,"237":1,"238":1,"239":1,"240":8,"241":8,"242":8,"243":8,"244":8,"245":8,"246":8,"247":8,"248":8,"249":0,"250":0,"251":0,"252":29,"253":29,"254":9,"255":9,"256":9,"257":9,"258":9,"259":9,"260":9,"261":9,"262":9,"263":1,"264":1,"265":9,"266":9,"267":9,"268":9,"269":9,"270":9,"271":9,"272":9,"273":9,"274":9,"275":0,"276":0,"277":0,"278":0,"279":0,"280":0,"281":0,"282":0,"283":9,"284":9,"285":9,"286":0,"287":0,"288":9,"289":9,"290":9,"291":9,"292":9,"293":9,"294":9,"295":9,"296":9,"297":9,"298":0,"299":0,"300":9,"301":9,"302":9,"303":29,"304":29,"305":9,"306":16,"307":16,"308":9,"309":9,"310":9,"311":9,"312":29,"313":1,"314":1,"315":1,"316":1,"317":1,"318":14,"319":14,"320":14,"321":14,"322":14,"323":14,"324":14,"325":14,"326":14,"327":14,"328":14,"329":14,"330":14,"331":14,"332":14,"333":14,"334":14,"335":14,"336":2,"337":2,"338":2,"339":2,"340":2,"341":2,"342":2,"343":14,"344":14,"345":2,"346":2,"347":0,"348":0,"349":2,"350":2,"351":2,"352":2,"353":0,"354":0,"355":2,"356":2,"357":2,"358":0,"359":0,"360":2,"361":2,"362":2,"363":1,"364":1,"365":1,"366":1,"367":1,"368":2,"369":14,"370":1,"371":1,"372":1,"373":1,"374":1,"375":0,"376":0,"377":0,"378":0,"379":0,"380":0,"381":0,"382":0,"383":0,"384":0},"branchMap":{"0":{"type":"branch","line":30,"loc":{"start":{"line":30,"column":39},"end":{"line":313,"column":1}},"locations":[{"start":{"line":30,"column":39},"end":{"line":313,"column":1}}]},"1":{"type":"branch","line":33,"loc":{"start":{"line":33,"column":2},"end":{"line":37,"column":6}},"locations":[{"start":{"line":33,"column":2},"end":{"line":37,"column":6}}]},"2":{"type":"branch","line":39,"loc":{"start":{"line":39,"column":2},"end":{"line":123,"column":3}},"locations":[{"start":{"line":39,"column":2},"end":{"line":123,"column":3}}]},"3":{"type":"branch","line":47,"loc":{"start":{"line":47,"column":51},"end":{"line":47,"column":64}},"locations":[{"start":{"line":47,"column":51},"end":{"line":47,"column":64}}]},"4":{"type":"branch","line":54,"loc":{"start":{"line":54,"column":32},"end":{"line":54,"column":57}},"locations":[{"start":{"line":54,"column":32},"end":{"line":54,"column":57}}]},"5":{"type":"branch","line":59,"loc":{"start":{"line":59,"column":36},"end":{"line":59,"column":49}},"locations":[{"start":{"line":59,"column":36},"end":{"line":59,"column":49}}]},"6":{"type":"branch","line":61,"loc":{"start":{"line":61,"column":-2},"end":{"line":73,"column":32}},"locations":[{"start":{"line":61,"column":-2},"end":{"line":73,"column":32}}]},"7":{"type":"branch","line":73,"loc":{"start":{"line":73,"column":28},"end":{"line":73,"column":42}},"locations":[{"start":{"line":73,"column":28},"end":{"line":73,"column":42}}]},"8":{"type":"branch","line":112,"loc":{"start":{"line":112,"column":6},"end":{"line":122,"column":5}},"locations":[{"start":{"line":112,"column":6},"end":{"line":122,"column":5}}]},"9":{"type":"branch","line":125,"loc":{"start":{"line":125,"column":2},"end":{"line":127,"column":3}},"locations":[{"start":{"line":125,"column":2},"end":{"line":127,"column":3}}]},"10":{"type":"branch","line":129,"loc":{"start":{"line":129,"column":2},"end":{"line":153,"column":3}},"locations":[{"start":{"line":129,"column":2},"end":{"line":153,"column":3}}]},"11":{"type":"branch","line":133,"loc":{"start":{"line":133,"column":-2},"end":{"line":136,"column":43}},"locations":[{"start":{"line":133,"column":-2},"end":{"line":136,"column":43}}]},"12":{"type":"branch","line":136,"loc":{"start":{"line":136,"column":45},"end":{"line":138,"column":7}},"locations":[{"start":{"line":136,"column":45},"end":{"line":138,"column":7}}]},"13":{"type":"branch","line":139,"loc":{"start":{"line":139,"column":-2},"end":{"line":152,"column":5}},"locations":[{"start":{"line":139,"column":-2},"end":{"line":152,"column":5}}]},"14":{"type":"branch","line":155,"loc":{"start":{"line":155,"column":10},"end":{"line":176,"column":3}},"locations":[{"start":{"line":155,"column":10},"end":{"line":176,"column":3}}]},"15":{"type":"branch","line":156,"loc":{"start":{"line":156,"column":61},"end":{"line":161,"column":5}},"locations":[{"start":{"line":156,"column":61},"end":{"line":161,"column":5}}]},"16":{"type":"branch","line":163,"loc":{"start":{"line":163,"column":62},"end":{"line":168,"column":5}},"locations":[{"start":{"line":163,"column":62},"end":{"line":168,"column":5}}]},"17":{"type":"branch","line":169,"loc":{"start":{"line":169,"column":-2},"end":{"line":170,"column":55}},"locations":[{"start":{"line":169,"column":-2},"end":{"line":170,"column":55}}]},"18":{"type":"branch","line":170,"loc":{"start":{"line":170,"column":57},"end":{"line":175,"column":5}},"locations":[{"start":{"line":170,"column":57},"end":{"line":175,"column":5}}]},"19":{"type":"branch","line":178,"loc":{"start":{"line":178,"column":10},"end":{"line":230,"column":3}},"locations":[{"start":{"line":178,"column":10},"end":{"line":230,"column":3}}]},"20":{"type":"branch","line":195,"loc":{"start":{"line":195,"column":53},"end":{"line":230,"column":3}},"locations":[{"start":{"line":195,"column":53},"end":{"line":230,"column":3}}]},"21":{"type":"branch","line":201,"loc":{"start":{"line":201,"column":21},"end":{"line":201,"column":30}},"locations":[{"start":{"line":201,"column":21},"end":{"line":201,"column":30}}]},"22":{"type":"branch","line":203,"loc":{"start":{"line":203,"column":33},"end":{"line":203,"column":39}},"locations":[{"start":{"line":203,"column":33},"end":{"line":203,"column":39}}]},"23":{"type":"branch","line":207,"loc":{"start":{"line":207,"column":59},"end":{"line":217,"column":7}},"locations":[{"start":{"line":207,"column":59},"end":{"line":217,"column":7}}]},"24":{"type":"branch","line":218,"loc":{"start":{"line":218,"column":-2},"end":{"line":221,"column":5}},"locations":[{"start":{"line":218,"column":-2},"end":{"line":221,"column":5}}]},"25":{"type":"branch","line":193,"loc":{"start":{"line":193,"column":12},"end":{"line":193,"column":87}},"locations":[{"start":{"line":193,"column":12},"end":{"line":193,"column":87}}]},"26":{"type":"branch","line":193,"loc":{"start":{"line":193,"column":36},"end":{"line":193,"column":47}},"locations":[{"start":{"line":193,"column":36},"end":{"line":193,"column":47}}]},"27":{"type":"branch","line":193,"loc":{"start":{"line":193,"column":47},"end":{"line":193,"column":52}},"locations":[{"start":{"line":193,"column":47},"end":{"line":193,"column":52}}]},"28":{"type":"branch","line":193,"loc":{"start":{"line":193,"column":70},"end":{"line":193,"column":81}},"locations":[{"start":{"line":193,"column":70},"end":{"line":193,"column":81}}]},"29":{"type":"branch","line":193,"loc":{"start":{"line":193,"column":81},"end":{"line":193,"column":86}},"locations":[{"start":{"line":193,"column":81},"end":{"line":193,"column":86}}]},"30":{"type":"branch","line":200,"loc":{"start":{"line":200,"column":53},"end":{"line":200,"column":73}},"locations":[{"start":{"line":200,"column":53},"end":{"line":200,"column":73}}]},"31":{"type":"branch","line":232,"loc":{"start":{"line":232,"column":10},"end":{"line":252,"column":3}},"locations":[{"start":{"line":232,"column":10},"end":{"line":252,"column":3}}]},"32":{"type":"branch","line":237,"loc":{"start":{"line":237,"column":28},"end":{"line":240,"column":5}},"locations":[{"start":{"line":237,"column":28},"end":{"line":240,"column":5}}]},"33":{"type":"branch","line":241,"loc":{"start":{"line":241,"column":-2},"end":{"line":249,"column":5}},"locations":[{"start":{"line":241,"column":-2},"end":{"line":249,"column":5}}]},"34":{"type":"branch","line":250,"loc":{"start":{"line":250,"column":-2},"end":{"line":252,"column":3}},"locations":[{"start":{"line":250,"column":-2},"end":{"line":252,"column":3}}]},"35":{"type":"branch","line":254,"loc":{"start":{"line":254,"column":10},"end":{"line":303,"column":3}},"locations":[{"start":{"line":254,"column":10},"end":{"line":303,"column":3}}]},"36":{"type":"branch","line":263,"loc":{"start":{"line":263,"column":26},"end":{"line":265,"column":5}},"locations":[{"start":{"line":263,"column":26},"end":{"line":265,"column":5}}]},"37":{"type":"branch","line":275,"loc":{"start":{"line":275,"column":61},"end":{"line":283,"column":5}},"locations":[{"start":{"line":275,"column":61},"end":{"line":283,"column":5}}]},"38":{"type":"branch","line":286,"loc":{"start":{"line":286,"column":28},"end":{"line":288,"column":5}},"locations":[{"start":{"line":286,"column":28},"end":{"line":288,"column":5}}]},"39":{"type":"branch","line":298,"loc":{"start":{"line":298,"column":59},"end":{"line":300,"column":5}},"locations":[{"start":{"line":298,"column":59},"end":{"line":300,"column":5}}]},"40":{"type":"branch","line":269,"loc":{"start":{"line":269,"column":40},"end":{"line":270,"column":49}},"locations":[{"start":{"line":269,"column":40},"end":{"line":270,"column":49}}]},"41":{"type":"branch","line":270,"loc":{"start":{"line":270,"column":30},"end":{"line":270,"column":43}},"locations":[{"start":{"line":270,"column":30},"end":{"line":270,"column":43}}]},"42":{"type":"branch","line":270,"loc":{"start":{"line":270,"column":43},"end":{"line":270,"column":48}},"locations":[{"start":{"line":270,"column":43},"end":{"line":270,"column":48}}]},"43":{"type":"branch","line":298,"loc":{"start":{"line":298,"column":25},"end":{"line":298,"column":56}},"locations":[{"start":{"line":298,"column":25},"end":{"line":298,"column":56}}]},"44":{"type":"branch","line":305,"loc":{"start":{"line":305,"column":10},"end":{"line":312,"column":3}},"locations":[{"start":{"line":305,"column":10},"end":{"line":312,"column":3}}]},"45":{"type":"branch","line":306,"loc":{"start":{"line":306,"column":40},"end":{"line":309,"column":6}},"locations":[{"start":{"line":306,"column":40},"end":{"line":309,"column":6}}]},"46":{"type":"branch","line":318,"loc":{"start":{"line":318,"column":78},"end":{"line":370,"column":1}},"locations":[{"start":{"line":318,"column":78},"end":{"line":370,"column":1}}]},"47":{"type":"branch","line":319,"loc":{"start":{"line":319,"column":2},"end":{"line":334,"column":3}},"locations":[{"start":{"line":319,"column":2},"end":{"line":334,"column":3}}]},"48":{"type":"branch","line":336,"loc":{"start":{"line":336,"column":2},"end":{"line":343,"column":3}},"locations":[{"start":{"line":336,"column":2},"end":{"line":343,"column":3}}]},"49":{"type":"branch","line":345,"loc":{"start":{"line":345,"column":10},"end":{"line":369,"column":3}},"locations":[{"start":{"line":345,"column":10},"end":{"line":369,"column":3}}]},"50":{"type":"branch","line":347,"loc":{"start":{"line":347,"column":68},"end":{"line":349,"column":5}},"locations":[{"start":{"line":347,"column":68},"end":{"line":349,"column":5}}]},"51":{"type":"branch","line":353,"loc":{"start":{"line":353,"column":61},"end":{"line":355,"column":5}},"locations":[{"start":{"line":353,"column":61},"end":{"line":355,"column":5}}]},"52":{"type":"branch","line":358,"loc":{"start":{"line":358,"column":68},"end":{"line":360,"column":5}},"locations":[{"start":{"line":358,"column":68},"end":{"line":360,"column":5}}]},"53":{"type":"branch","line":363,"loc":{"start":{"line":363,"column":86},"end":{"line":368,"column":5}},"locations":[{"start":{"line":363,"column":86},"end":{"line":368,"column":5}}]}},"b":{"0":[29],"1":[29],"2":[11],"3":[0],"4":[9],"5":[0],"6":[9],"7":[7],"8":[2],"9":[2],"10":[2],"11":[1],"12":[0],"13":[1],"14":[11],"15":[0],"16":[1],"17":[10],"18":[1],"19":[9],"20":[15],"21":[0],"22":[0],"23":[1],"24":[14],"25":[7],"26":[0],"27":[0],"28":[0],"29":[0],"30":[21],"31":[9],"32":[1],"33":[8],"34":[0],"35":[9],"36":[1],"37":[0],"38":[0],"39":[0],"40":[16],"41":[0],"42":[0],"43":[36],"44":[9],"45":[16],"46":[14],"47":[14],"48":[2],"49":[2],"50":[0],"51":[0],"52":[0],"53":[1]},"fnMap":{"0":{"name":"<instance_members_initializer>","decl":{"start":{"line":30,"column":39},"end":{"line":313,"column":1}},"loc":{"start":{"line":30,"column":39},"end":{"line":313,"column":1}},"line":30},"1":{"name":"AnswerSynthesisServiceImpl","decl":{"start":{"line":33,"column":2},"end":{"line":37,"column":6}},"loc":{"start":{"line":33,"column":2},"end":{"line":37,"column":6}},"line":33},"2":{"name":"synthesizeAnswer","decl":{"start":{"line":39,"column":2},"end":{"line":123,"column":3}},"loc":{"start":{"line":39,"column":2},"end":{"line":123,"column":3}},"line":39},"3":{"name":"getQualityMetrics","decl":{"start":{"line":125,"column":2},"end":{"line":127,"column":3}},"loc":{"start":{"line":125,"column":2},"end":{"line":127,"column":3}},"line":125},"4":{"name":"validateConfiguration","decl":{"start":{"line":129,"column":2},"end":{"line":153,"column":3}},"loc":{"start":{"line":129,"column":2},"end":{"line":153,"column":3}},"line":129},"5":{"name":"validateRequest","decl":{"start":{"line":155,"column":10},"end":{"line":176,"column":3}},"loc":{"start":{"line":155,"column":10},"end":{"line":176,"column":3}},"line":155},"6":{"name":"prepareContext","decl":{"start":{"line":178,"column":10},"end":{"line":230,"column":3}},"loc":{"start":{"line":178,"column":10},"end":{"line":230,"column":3}},"line":178},"7":{"name":"formatAnswerWithCitations","decl":{"start":{"line":232,"column":10},"end":{"line":252,"column":3}},"loc":{"start":{"line":232,"column":10},"end":{"line":252,"column":3}},"line":232},"8":{"name":"calculateConfidence","decl":{"start":{"line":254,"column":10},"end":{"line":303,"column":3}},"loc":{"start":{"line":254,"column":10},"end":{"line":303,"column":3}},"line":254},"9":{"name":"calculateFreshnessStats","decl":{"start":{"line":305,"column":10},"end":{"line":312,"column":3}},"loc":{"start":{"line":305,"column":10},"end":{"line":312,"column":3}},"line":305},"10":{"name":"<instance_members_initializer>","decl":{"start":{"line":318,"column":78},"end":{"line":370,"column":1}},"loc":{"start":{"line":318,"column":78},"end":{"line":370,"column":1}},"line":318},"11":{"name":"EnhancedAnswerSynthesisService","decl":{"start":{"line":319,"column":2},"end":{"line":334,"column":3}},"loc":{"start":{"line":319,"column":2},"end":{"line":334,"column":3}},"line":319},"12":{"name":"synthesizeAnswer","decl":{"start":{"line":336,"column":2},"end":{"line":343,"column":3}},"loc":{"start":{"line":336,"column":2},"end":{"line":343,"column":3}},"line":336},"13":{"name":"validateQuality","decl":{"start":{"line":345,"column":10},"end":{"line":369,"column":3}},"loc":{"start":{"line":345,"column":10},"end":{"line":369,"column":3}},"line":345},"14":{"name":"createAnswerSynthesisService","decl":{"start":{"line":375,"column":6},"end":{"line":385,"column":1}},"loc":{"start":{"line":375,"column":6},"end":{"line":385,"column":1}},"line":375}},"f":{"0":29,"1":29,"2":11,"3":2,"4":2,"5":11,"6":9,"7":9,"8":9,"9":9,"10":14,"11":14,"12":2,"13":2,"14":0}}
,"C:\\Workspace\\cw-rag-core\\apps\\api\\src\\services\\citation.ts": {"path":"C:\\Workspace\\cw-rag-core\\apps\\api\\src\\services\\citation.ts","all":false,"statementMap":{"0":{"start":{"line":1,"column":0},"end":{"line":1,"column":60}},"1":{"start":{"line":2,"column":0},"end":{"line":2,"column":87}},"2":{"start":{"line":3,"column":0},"end":{"line":3,"column":65}},"3":{"start":{"line":4,"column":0},"end":{"line":4,"column":0}},"4":{"start":{"line":5,"column":0},"end":{"line":5,"column":34}},"5":{"start":{"line":6,"column":0},"end":{"line":6,"column":5}},"6":{"start":{"line":7,"column":0},"end":{"line":7,"column":47}},"7":{"start":{"line":8,"column":0},"end":{"line":8,"column":5}},"8":{"start":{"line":9,"column":0},"end":{"line":9,"column":84}},"9":{"start":{"line":10,"column":0},"end":{"line":10,"column":0}},"10":{"start":{"line":11,"column":0},"end":{"line":11,"column":5}},"11":{"start":{"line":12,"column":0},"end":{"line":12,"column":38}},"12":{"start":{"line":13,"column":0},"end":{"line":13,"column":5}},"13":{"start":{"line":14,"column":0},"end":{"line":14,"column":72}},"14":{"start":{"line":15,"column":0},"end":{"line":15,"column":0}},"15":{"start":{"line":16,"column":0},"end":{"line":16,"column":5}},"16":{"start":{"line":17,"column":0},"end":{"line":17,"column":62}},"17":{"start":{"line":18,"column":0},"end":{"line":18,"column":5}},"18":{"start":{"line":19,"column":0},"end":{"line":19,"column":67}},"19":{"start":{"line":20,"column":0},"end":{"line":20,"column":0}},"20":{"start":{"line":21,"column":0},"end":{"line":21,"column":5}},"21":{"start":{"line":22,"column":0},"end":{"line":22,"column":54}},"22":{"start":{"line":23,"column":0},"end":{"line":23,"column":5}},"23":{"start":{"line":24,"column":0},"end":{"line":24,"column":55}},"24":{"start":{"line":25,"column":0},"end":{"line":25,"column":1}},"25":{"start":{"line":26,"column":0},"end":{"line":26,"column":0}},"26":{"start":{"line":27,"column":0},"end":{"line":27,"column":61}},"27":{"start":{"line":28,"column":0},"end":{"line":28,"column":85}},"28":{"start":{"line":29,"column":0},"end":{"line":29,"column":38}},"29":{"start":{"line":30,"column":0},"end":{"line":30,"column":0}},"30":{"start":{"line":31,"column":0},"end":{"line":31,"column":39}},"31":{"start":{"line":32,"column":0},"end":{"line":32,"column":11}},"32":{"start":{"line":33,"column":0},"end":{"line":33,"column":41}},"33":{"start":{"line":34,"column":0},"end":{"line":34,"column":36}},"34":{"start":{"line":35,"column":0},"end":{"line":35,"column":0}},"35":{"start":{"line":36,"column":0},"end":{"line":36,"column":23}},"36":{"start":{"line":37,"column":0},"end":{"line":37,"column":44}},"37":{"start":{"line":38,"column":0},"end":{"line":38,"column":42}},"38":{"start":{"line":39,"column":0},"end":{"line":39,"column":18}},"39":{"start":{"line":40,"column":0},"end":{"line":40,"column":12}},"40":{"start":{"line":41,"column":0},"end":{"line":41,"column":9}},"41":{"start":{"line":42,"column":0},"end":{"line":42,"column":0}},"42":{"start":{"line":43,"column":0},"end":{"line":43,"column":37}},"43":{"start":{"line":44,"column":0},"end":{"line":44,"column":59}},"44":{"start":{"line":45,"column":0},"end":{"line":45,"column":0}},"45":{"start":{"line":46,"column":0},"end":{"line":46,"column":42}},"46":{"start":{"line":47,"column":0},"end":{"line":47,"column":53}},"47":{"start":{"line":48,"column":0},"end":{"line":48,"column":29}},"48":{"start":{"line":49,"column":0},"end":{"line":49,"column":19}},"49":{"start":{"line":50,"column":0},"end":{"line":50,"column":20}},"50":{"start":{"line":51,"column":0},"end":{"line":51,"column":27}},"51":{"start":{"line":52,"column":0},"end":{"line":52,"column":10}},"52":{"start":{"line":53,"column":0},"end":{"line":53,"column":0}},"53":{"start":{"line":54,"column":0},"end":{"line":54,"column":36}},"54":{"start":{"line":55,"column":0},"end":{"line":55,"column":21}},"55":{"start":{"line":56,"column":0},"end":{"line":56,"column":33}},"56":{"start":{"line":57,"column":0},"end":{"line":57,"column":17}},"57":{"start":{"line":58,"column":0},"end":{"line":58,"column":41}},"58":{"start":{"line":59,"column":0},"end":{"line":59,"column":35}},"59":{"start":{"line":60,"column":0},"end":{"line":60,"column":27}},"60":{"start":{"line":61,"column":0},"end":{"line":61,"column":37}},"61":{"start":{"line":62,"column":0},"end":{"line":62,"column":80}},"62":{"start":{"line":63,"column":0},"end":{"line":63,"column":19}},"63":{"start":{"line":64,"column":0},"end":{"line":64,"column":10}},"64":{"start":{"line":65,"column":0},"end":{"line":65,"column":0}},"65":{"start":{"line":66,"column":0},"end":{"line":66,"column":56}},"66":{"start":{"line":67,"column":0},"end":{"line":67,"column":0}},"67":{"start":{"line":68,"column":0},"end":{"line":68,"column":23}},"68":{"start":{"line":69,"column":0},"end":{"line":69,"column":83}},"69":{"start":{"line":70,"column":0},"end":{"line":70,"column":77}},"70":{"start":{"line":71,"column":0},"end":{"line":71,"column":7}},"71":{"start":{"line":72,"column":0},"end":{"line":72,"column":7}},"72":{"start":{"line":73,"column":0},"end":{"line":73,"column":0}},"73":{"start":{"line":74,"column":0},"end":{"line":74,"column":21}},"74":{"start":{"line":75,"column":0},"end":{"line":75,"column":3}},"75":{"start":{"line":76,"column":0},"end":{"line":76,"column":0}},"76":{"start":{"line":77,"column":0},"end":{"line":77,"column":73}},"77":{"start":{"line":78,"column":0},"end":{"line":78,"column":72}},"78":{"start":{"line":79,"column":0},"end":{"line":79,"column":67}},"79":{"start":{"line":80,"column":0},"end":{"line":80,"column":44}},"80":{"start":{"line":81,"column":0},"end":{"line":81,"column":29}},"81":{"start":{"line":82,"column":0},"end":{"line":82,"column":0}},"82":{"start":{"line":83,"column":0},"end":{"line":83,"column":47}},"83":{"start":{"line":84,"column":0},"end":{"line":84,"column":71}},"84":{"start":{"line":85,"column":0},"end":{"line":85,"column":0}},"85":{"start":{"line":86,"column":0},"end":{"line":86,"column":42}},"86":{"start":{"line":87,"column":0},"end":{"line":87,"column":33}},"87":{"start":{"line":88,"column":0},"end":{"line":88,"column":75}},"88":{"start":{"line":89,"column":0},"end":{"line":89,"column":0}},"89":{"start":{"line":90,"column":0},"end":{"line":90,"column":33}},"90":{"start":{"line":91,"column":0},"end":{"line":91,"column":36}},"91":{"start":{"line":92,"column":0},"end":{"line":92,"column":96}},"92":{"start":{"line":93,"column":0},"end":{"line":93,"column":61}},"93":{"start":{"line":94,"column":0},"end":{"line":94,"column":17}},"94":{"start":{"line":95,"column":0},"end":{"line":95,"column":7}},"95":{"start":{"line":96,"column":0},"end":{"line":96,"column":0}},"96":{"start":{"line":97,"column":0},"end":{"line":97,"column":47}},"97":{"start":{"line":98,"column":0},"end":{"line":98,"column":47}},"98":{"start":{"line":99,"column":0},"end":{"line":99,"column":39}},"99":{"start":{"line":100,"column":0},"end":{"line":100,"column":71}},"100":{"start":{"line":101,"column":0},"end":{"line":101,"column":7}},"101":{"start":{"line":102,"column":0},"end":{"line":102,"column":5}},"102":{"start":{"line":103,"column":0},"end":{"line":103,"column":0}},"103":{"start":{"line":104,"column":0},"end":{"line":104,"column":32}},"104":{"start":{"line":105,"column":0},"end":{"line":105,"column":3}},"105":{"start":{"line":106,"column":0},"end":{"line":106,"column":0}},"106":{"start":{"line":107,"column":0},"end":{"line":107,"column":68}},"107":{"start":{"line":108,"column":0},"end":{"line":108,"column":44}},"108":{"start":{"line":109,"column":0},"end":{"line":109,"column":71}},"109":{"start":{"line":110,"column":0},"end":{"line":110,"column":0}},"110":{"start":{"line":111,"column":0},"end":{"line":111,"column":42}},"111":{"start":{"line":112,"column":0},"end":{"line":112,"column":52}},"112":{"start":{"line":113,"column":0},"end":{"line":113,"column":36}},"113":{"start":{"line":114,"column":0},"end":{"line":114,"column":21}},"114":{"start":{"line":115,"column":0},"end":{"line":115,"column":7}},"115":{"start":{"line":116,"column":0},"end":{"line":116,"column":5}},"116":{"start":{"line":117,"column":0},"end":{"line":117,"column":0}},"117":{"start":{"line":118,"column":0},"end":{"line":118,"column":16}},"118":{"start":{"line":119,"column":0},"end":{"line":119,"column":3}},"119":{"start":{"line":120,"column":0},"end":{"line":120,"column":0}},"120":{"start":{"line":121,"column":0},"end":{"line":121,"column":56}},"121":{"start":{"line":122,"column":0},"end":{"line":122,"column":52}},"122":{"start":{"line":123,"column":0},"end":{"line":123,"column":43}},"123":{"start":{"line":124,"column":0},"end":{"line":124,"column":0}},"124":{"start":{"line":125,"column":0},"end":{"line":125,"column":39}},"125":{"start":{"line":126,"column":0},"end":{"line":126,"column":16}},"126":{"start":{"line":127,"column":0},"end":{"line":127,"column":5}},"127":{"start":{"line":128,"column":0},"end":{"line":128,"column":0}},"128":{"start":{"line":129,"column":0},"end":{"line":129,"column":58}},"129":{"start":{"line":130,"column":0},"end":{"line":130,"column":47}},"130":{"start":{"line":131,"column":0},"end":{"line":131,"column":0}},"131":{"start":{"line":132,"column":0},"end":{"line":132,"column":43}},"132":{"start":{"line":133,"column":0},"end":{"line":133,"column":60}},"133":{"start":{"line":134,"column":0},"end":{"line":134,"column":55}},"134":{"start":{"line":135,"column":0},"end":{"line":135,"column":7}},"135":{"start":{"line":136,"column":0},"end":{"line":136,"column":0}},"136":{"start":{"line":137,"column":0},"end":{"line":137,"column":34}},"137":{"start":{"line":138,"column":0},"end":{"line":138,"column":0}},"138":{"start":{"line":139,"column":0},"end":{"line":139,"column":29}},"139":{"start":{"line":140,"column":0},"end":{"line":140,"column":46}},"140":{"start":{"line":141,"column":0},"end":{"line":141,"column":7}},"141":{"start":{"line":142,"column":0},"end":{"line":142,"column":0}},"142":{"start":{"line":143,"column":0},"end":{"line":143,"column":34}},"143":{"start":{"line":144,"column":0},"end":{"line":144,"column":31}},"144":{"start":{"line":145,"column":0},"end":{"line":145,"column":89}},"145":{"start":{"line":146,"column":0},"end":{"line":146,"column":7}},"146":{"start":{"line":147,"column":0},"end":{"line":147,"column":0}},"147":{"start":{"line":148,"column":0},"end":{"line":148,"column":25}},"148":{"start":{"line":149,"column":0},"end":{"line":149,"column":60}},"149":{"start":{"line":150,"column":0},"end":{"line":150,"column":37}},"150":{"start":{"line":151,"column":0},"end":{"line":151,"column":46}},"151":{"start":{"line":152,"column":0},"end":{"line":152,"column":7}},"152":{"start":{"line":153,"column":0},"end":{"line":153,"column":0}},"153":{"start":{"line":154,"column":0},"end":{"line":154,"column":22}},"154":{"start":{"line":155,"column":0},"end":{"line":155,"column":7}},"155":{"start":{"line":156,"column":0},"end":{"line":156,"column":0}},"156":{"start":{"line":157,"column":0},"end":{"line":157,"column":58}},"157":{"start":{"line":158,"column":0},"end":{"line":158,"column":3}},"158":{"start":{"line":159,"column":0},"end":{"line":159,"column":0}},"159":{"start":{"line":160,"column":0},"end":{"line":160,"column":70}},"160":{"start":{"line":161,"column":0},"end":{"line":161,"column":32}},"161":{"start":{"line":162,"column":0},"end":{"line":162,"column":0}},"162":{"start":{"line":163,"column":0},"end":{"line":163,"column":46}},"163":{"start":{"line":164,"column":0},"end":{"line":164,"column":23}},"164":{"start":{"line":165,"column":0},"end":{"line":165,"column":11}},"165":{"start":{"line":166,"column":0},"end":{"line":166,"column":41}},"166":{"start":{"line":167,"column":0},"end":{"line":167,"column":43}},"167":{"start":{"line":168,"column":0},"end":{"line":168,"column":15}},"168":{"start":{"line":169,"column":0},"end":{"line":169,"column":27}},"169":{"start":{"line":170,"column":0},"end":{"line":170,"column":7}},"170":{"start":{"line":171,"column":0},"end":{"line":171,"column":5}},"171":{"start":{"line":172,"column":0},"end":{"line":172,"column":0}},"172":{"start":{"line":173,"column":0},"end":{"line":173,"column":28}},"173":{"start":{"line":174,"column":0},"end":{"line":174,"column":39}},"174":{"start":{"line":175,"column":0},"end":{"line":175,"column":61}},"175":{"start":{"line":176,"column":0},"end":{"line":176,"column":42}},"176":{"start":{"line":177,"column":0},"end":{"line":177,"column":5}},"177":{"start":{"line":178,"column":0},"end":{"line":178,"column":0}},"178":{"start":{"line":179,"column":0},"end":{"line":179,"column":25}},"179":{"start":{"line":180,"column":0},"end":{"line":180,"column":27}},"180":{"start":{"line":181,"column":0},"end":{"line":181,"column":5}},"181":{"start":{"line":182,"column":0},"end":{"line":182,"column":0}},"182":{"start":{"line":183,"column":0},"end":{"line":183,"column":30}},"183":{"start":{"line":184,"column":0},"end":{"line":184,"column":18}},"184":{"start":{"line":185,"column":0},"end":{"line":185,"column":3}},"185":{"start":{"line":186,"column":0},"end":{"line":186,"column":1}},"186":{"start":{"line":187,"column":0},"end":{"line":187,"column":0}},"187":{"start":{"line":188,"column":0},"end":{"line":188,"column":3}},"188":{"start":{"line":189,"column":0},"end":{"line":189,"column":78}},"189":{"start":{"line":190,"column":0},"end":{"line":190,"column":3}},"190":{"start":{"line":191,"column":0},"end":{"line":191,"column":66}},"191":{"start":{"line":192,"column":0},"end":{"line":192,"column":49}},"192":{"start":{"line":193,"column":0},"end":{"line":193,"column":55}},"193":{"start":{"line":194,"column":0},"end":{"line":194,"column":0}},"194":{"start":{"line":195,"column":0},"end":{"line":195,"column":14}},"195":{"start":{"line":196,"column":0},"end":{"line":196,"column":39}},"196":{"start":{"line":197,"column":0},"end":{"line":197,"column":44}},"197":{"start":{"line":198,"column":0},"end":{"line":198,"column":5}},"198":{"start":{"line":199,"column":0},"end":{"line":199,"column":12}},"199":{"start":{"line":200,"column":0},"end":{"line":200,"column":55}},"200":{"start":{"line":201,"column":0},"end":{"line":201,"column":67}},"201":{"start":{"line":202,"column":0},"end":{"line":202,"column":3}},"202":{"start":{"line":203,"column":0},"end":{"line":203,"column":0}},"203":{"start":{"line":204,"column":0},"end":{"line":204,"column":85}},"204":{"start":{"line":205,"column":0},"end":{"line":205,"column":65}},"205":{"start":{"line":206,"column":0},"end":{"line":206,"column":52}},"206":{"start":{"line":207,"column":0},"end":{"line":207,"column":40}},"207":{"start":{"line":208,"column":0},"end":{"line":208,"column":64}},"208":{"start":{"line":209,"column":0},"end":{"line":209,"column":7}},"209":{"start":{"line":210,"column":0},"end":{"line":210,"column":0}},"210":{"start":{"line":211,"column":0},"end":{"line":211,"column":43}},"211":{"start":{"line":212,"column":0},"end":{"line":212,"column":81}},"212":{"start":{"line":213,"column":0},"end":{"line":213,"column":0}},"213":{"start":{"line":214,"column":0},"end":{"line":214,"column":62}},"214":{"start":{"line":215,"column":0},"end":{"line":215,"column":3}},"215":{"start":{"line":216,"column":0},"end":{"line":216,"column":0}},"216":{"start":{"line":217,"column":0},"end":{"line":217,"column":5}},"217":{"start":{"line":218,"column":0},"end":{"line":218,"column":51}},"218":{"start":{"line":219,"column":0},"end":{"line":219,"column":5}},"219":{"start":{"line":220,"column":0},"end":{"line":220,"column":45}},"220":{"start":{"line":221,"column":0},"end":{"line":221,"column":27}},"221":{"start":{"line":222,"column":0},"end":{"line":222,"column":28}},"222":{"start":{"line":223,"column":0},"end":{"line":223,"column":31}},"223":{"start":{"line":224,"column":0},"end":{"line":224,"column":32}},"224":{"start":{"line":225,"column":0},"end":{"line":225,"column":33}},"225":{"start":{"line":226,"column":0},"end":{"line":226,"column":23}},"226":{"start":{"line":227,"column":0},"end":{"line":227,"column":24}},"227":{"start":{"line":228,"column":0},"end":{"line":228,"column":23}},"228":{"start":{"line":229,"column":0},"end":{"line":229,"column":5}},"229":{"start":{"line":230,"column":0},"end":{"line":230,"column":52}},"230":{"start":{"line":231,"column":0},"end":{"line":231,"column":0}},"231":{"start":{"line":232,"column":0},"end":{"line":232,"column":12}},"232":{"start":{"line":233,"column":0},"end":{"line":233,"column":44}},"233":{"start":{"line":234,"column":0},"end":{"line":234,"column":64}},"234":{"start":{"line":235,"column":0},"end":{"line":235,"column":95}},"235":{"start":{"line":236,"column":0},"end":{"line":236,"column":72}},"236":{"start":{"line":237,"column":0},"end":{"line":237,"column":75}},"237":{"start":{"line":238,"column":0},"end":{"line":238,"column":87}},"238":{"start":{"line":239,"column":0},"end":{"line":239,"column":89}},"239":{"start":{"line":240,"column":0},"end":{"line":240,"column":86}},"240":{"start":{"line":241,"column":0},"end":{"line":241,"column":6}},"241":{"start":{"line":242,"column":0},"end":{"line":242,"column":3}},"242":{"start":{"line":243,"column":0},"end":{"line":243,"column":0}},"243":{"start":{"line":244,"column":0},"end":{"line":244,"column":5}},"244":{"start":{"line":245,"column":0},"end":{"line":245,"column":47}},"245":{"start":{"line":246,"column":0},"end":{"line":246,"column":5}},"246":{"start":{"line":247,"column":0},"end":{"line":247,"column":61}},"247":{"start":{"line":248,"column":0},"end":{"line":248,"column":35}},"248":{"start":{"line":249,"column":0},"end":{"line":249,"column":41}},"249":{"start":{"line":250,"column":0},"end":{"line":250,"column":22}},"250":{"start":{"line":251,"column":0},"end":{"line":251,"column":0}},"251":{"start":{"line":252,"column":0},"end":{"line":252,"column":90}},"252":{"start":{"line":253,"column":0},"end":{"line":253,"column":54}},"253":{"start":{"line":254,"column":0},"end":{"line":254,"column":0}},"254":{"start":{"line":255,"column":0},"end":{"line":255,"column":33}},"255":{"start":{"line":256,"column":0},"end":{"line":256,"column":28}},"256":{"start":{"line":257,"column":0},"end":{"line":257,"column":46}},"257":{"start":{"line":258,"column":0},"end":{"line":258,"column":22}},"258":{"start":{"line":259,"column":0},"end":{"line":259,"column":27}},"259":{"start":{"line":260,"column":0},"end":{"line":260,"column":10}},"260":{"start":{"line":261,"column":0},"end":{"line":261,"column":20}},"261":{"start":{"line":262,"column":0},"end":{"line":262,"column":7}},"262":{"start":{"line":263,"column":0},"end":{"line":263,"column":5}},"263":{"start":{"line":264,"column":0},"end":{"line":264,"column":0}},"264":{"start":{"line":265,"column":0},"end":{"line":265,"column":24}},"265":{"start":{"line":266,"column":0},"end":{"line":266,"column":3}},"266":{"start":{"line":267,"column":0},"end":{"line":267,"column":1}},"267":{"start":{"line":268,"column":0},"end":{"line":268,"column":0}},"268":{"start":{"line":269,"column":0},"end":{"line":269,"column":3}},"269":{"start":{"line":270,"column":0},"end":{"line":270,"column":49}},"270":{"start":{"line":271,"column":0},"end":{"line":271,"column":3}},"271":{"start":{"line":272,"column":0},"end":{"line":272,"column":82}},"272":{"start":{"line":273,"column":0},"end":{"line":273,"column":78}},"273":{"start":{"line":274,"column":0},"end":{"line":274,"column":1}}},"s":{"0":1,"1":1,"2":1,"3":1,"4":1,"5":1,"6":1,"7":1,"8":1,"9":1,"10":1,"11":1,"12":1,"13":1,"14":1,"15":1,"16":1,"17":1,"18":1,"19":1,"20":1,"21":1,"22":1,"23":1,"24":1,"25":1,"26":1,"27":1,"28":16,"29":16,"30":16,"31":33,"32":33,"33":33,"34":33,"35":33,"36":2,"37":2,"38":2,"39":2,"40":2,"41":31,"42":31,"43":31,"44":31,"45":31,"46":31,"47":31,"48":31,"49":31,"50":31,"51":31,"52":31,"53":31,"54":31,"55":31,"56":31,"57":33,"58":33,"59":33,"60":33,"61":33,"62":33,"63":33,"64":33,"65":33,"66":33,"67":33,"68":2,"69":2,"70":2,"71":16,"72":16,"73":16,"74":16,"75":1,"76":1,"77":4,"78":4,"79":4,"80":4,"81":4,"82":4,"83":4,"84":4,"85":4,"86":7,"87":7,"88":7,"89":7,"90":7,"91":2,"92":2,"93":2,"94":2,"95":5,"96":5,"97":5,"98":7,"99":1,"100":1,"101":7,"102":4,"103":4,"104":4,"105":1,"106":1,"107":3,"108":3,"109":3,"110":3,"111":3,"112":3,"113":1,"114":1,"115":3,"116":2,"117":2,"118":2,"119":1,"120":1,"121":4,"122":4,"123":4,"124":4,"125":1,"126":1,"127":3,"128":3,"129":5,"130":5,"131":5,"132":5,"133":3,"134":3,"135":5,"136":5,"137":5,"138":5,"139":1,"140":1,"141":5,"142":5,"143":5,"144":2,"145":2,"146":5,"147":5,"148":4,"149":4,"150":1,"151":1,"152":5,"153":5,"154":3,"155":3,"156":3,"157":3,"158":1,"159":1,"160":31,"161":31,"162":31,"163":31,"164":8,"165":8,"166":8,"167":8,"168":0,"169":0,"170":8,"171":23,"172":31,"173":1,"174":1,"175":1,"176":1,"177":22,"178":31,"179":21,"180":21,"181":1,"182":1,"183":1,"184":1,"185":1,"186":1,"187":1,"188":1,"189":1,"190":1,"191":28,"192":28,"193":28,"194":28,"195":28,"196":28,"197":28,"198":28,"199":28,"200":28,"201":28,"202":28,"203":28,"204":6,"205":6,"206":114,"207":114,"208":6,"209":6,"210":6,"211":6,"212":6,"213":6,"214":6,"215":28,"216":28,"217":28,"218":28,"219":28,"220":3,"221":3,"222":3,"223":3,"224":3,"225":3,"226":3,"227":3,"228":3,"229":3,"230":3,"231":3,"232":3,"233":3,"234":3,"235":3,"236":3,"237":3,"238":3,"239":3,"240":3,"241":3,"242":28,"243":28,"244":28,"245":28,"246":28,"247":2,"248":2,"249":2,"250":2,"251":2,"252":3,"253":3,"254":3,"255":2,"256":2,"257":2,"258":2,"259":2,"260":2,"261":2,"262":3,"263":2,"264":2,"265":2,"266":28,"267":1,"268":1,"269":1,"270":1,"271":1,"272":0,"273":0},"branchMap":{"0":{"type":"branch","line":28,"loc":{"start":{"line":28,"column":2},"end":{"line":75,"column":3}},"locations":[{"start":{"line":28,"column":2},"end":{"line":75,"column":3}}]},"1":{"type":"branch","line":31,"loc":{"start":{"line":31,"column":22},"end":{"line":72,"column":5}},"locations":[{"start":{"line":31,"column":22},"end":{"line":72,"column":5}}]},"2":{"type":"branch","line":36,"loc":{"start":{"line":36,"column":22},"end":{"line":41,"column":9}},"locations":[{"start":{"line":36,"column":22},"end":{"line":41,"column":9}}]},"3":{"type":"branch","line":42,"loc":{"start":{"line":42,"column":-2},"end":{"line":58,"column":34}},"locations":[{"start":{"line":42,"column":-2},"end":{"line":58,"column":34}}]},"4":{"type":"branch","line":58,"loc":{"start":{"line":58,"column":30},"end":{"line":58,"column":40}},"locations":[{"start":{"line":58,"column":30},"end":{"line":58,"column":40}}]},"5":{"type":"branch","line":62,"loc":{"start":{"line":62,"column":50},"end":{"line":62,"column":67}},"locations":[{"start":{"line":62,"column":50},"end":{"line":62,"column":67}}]},"6":{"type":"branch","line":62,"loc":{"start":{"line":62,"column":68},"end":{"line":62,"column":79}},"locations":[{"start":{"line":62,"column":68},"end":{"line":62,"column":79}}]},"7":{"type":"branch","line":68,"loc":{"start":{"line":68,"column":8},"end":{"line":71,"column":7}},"locations":[{"start":{"line":68,"column":8},"end":{"line":71,"column":7}}]},"8":{"type":"branch","line":77,"loc":{"start":{"line":77,"column":2},"end":{"line":105,"column":3}},"locations":[{"start":{"line":77,"column":2},"end":{"line":105,"column":3}}]},"9":{"type":"branch","line":86,"loc":{"start":{"line":86,"column":41},"end":{"line":102,"column":5}},"locations":[{"start":{"line":86,"column":41},"end":{"line":102,"column":5}}]},"10":{"type":"branch","line":91,"loc":{"start":{"line":91,"column":35},"end":{"line":95,"column":7}},"locations":[{"start":{"line":91,"column":35},"end":{"line":95,"column":7}}]},"11":{"type":"branch","line":96,"loc":{"start":{"line":96,"column":-2},"end":{"line":99,"column":38}},"locations":[{"start":{"line":96,"column":-2},"end":{"line":99,"column":38}}]},"12":{"type":"branch","line":99,"loc":{"start":{"line":99,"column":38},"end":{"line":101,"column":7}},"locations":[{"start":{"line":99,"column":38},"end":{"line":101,"column":7}}]},"13":{"type":"branch","line":107,"loc":{"start":{"line":107,"column":2},"end":{"line":119,"column":3}},"locations":[{"start":{"line":107,"column":2},"end":{"line":119,"column":3}}]},"14":{"type":"branch","line":113,"loc":{"start":{"line":113,"column":35},"end":{"line":115,"column":7}},"locations":[{"start":{"line":113,"column":35},"end":{"line":115,"column":7}}]},"15":{"type":"branch","line":117,"loc":{"start":{"line":117,"column":-2},"end":{"line":119,"column":3}},"locations":[{"start":{"line":117,"column":-2},"end":{"line":119,"column":3}}]},"16":{"type":"branch","line":121,"loc":{"start":{"line":121,"column":2},"end":{"line":158,"column":3}},"locations":[{"start":{"line":121,"column":2},"end":{"line":158,"column":3}}]},"17":{"type":"branch","line":125,"loc":{"start":{"line":125,"column":38},"end":{"line":158,"column":3}},"locations":[{"start":{"line":125,"column":38},"end":{"line":158,"column":3}}]},"18":{"type":"branch","line":125,"loc":{"start":{"line":125,"column":38},"end":{"line":127,"column":5}},"locations":[{"start":{"line":125,"column":38},"end":{"line":127,"column":5}}]},"19":{"type":"branch","line":123,"loc":{"start":{"line":123,"column":12},"end":{"line":123,"column":41}},"locations":[{"start":{"line":123,"column":12},"end":{"line":123,"column":41}}]},"20":{"type":"branch","line":129,"loc":{"start":{"line":129,"column":45},"end":{"line":155,"column":5}},"locations":[{"start":{"line":129,"column":45},"end":{"line":155,"column":5}}]},"21":{"type":"branch","line":133,"loc":{"start":{"line":133,"column":26},"end":{"line":133,"column":57}},"locations":[{"start":{"line":133,"column":26},"end":{"line":133,"column":57}}]},"22":{"type":"branch","line":133,"loc":{"start":{"line":133,"column":59},"end":{"line":135,"column":7}},"locations":[{"start":{"line":133,"column":59},"end":{"line":135,"column":7}}]},"23":{"type":"branch","line":139,"loc":{"start":{"line":139,"column":28},"end":{"line":141,"column":7}},"locations":[{"start":{"line":139,"column":28},"end":{"line":141,"column":7}}]},"24":{"type":"branch","line":144,"loc":{"start":{"line":144,"column":30},"end":{"line":146,"column":7}},"locations":[{"start":{"line":144,"column":30},"end":{"line":146,"column":7}}]},"25":{"type":"branch","line":148,"loc":{"start":{"line":148,"column":24},"end":{"line":152,"column":7}},"locations":[{"start":{"line":148,"column":24},"end":{"line":152,"column":7}}]},"26":{"type":"branch","line":150,"loc":{"start":{"line":150,"column":7},"end":{"line":152,"column":7}},"locations":[{"start":{"line":150,"column":7},"end":{"line":152,"column":7}}]},"27":{"type":"branch","line":160,"loc":{"start":{"line":160,"column":10},"end":{"line":185,"column":3}},"locations":[{"start":{"line":160,"column":10},"end":{"line":185,"column":3}}]},"28":{"type":"branch","line":164,"loc":{"start":{"line":164,"column":22},"end":{"line":171,"column":5}},"locations":[{"start":{"line":164,"column":22},"end":{"line":171,"column":5}}]},"29":{"type":"branch","line":168,"loc":{"start":{"line":168,"column":8},"end":{"line":170,"column":7}},"locations":[{"start":{"line":168,"column":8},"end":{"line":170,"column":7}}]},"30":{"type":"branch","line":172,"loc":{"start":{"line":172,"column":-2},"end":{"line":173,"column":25}},"locations":[{"start":{"line":172,"column":-2},"end":{"line":173,"column":25}}]},"31":{"type":"branch","line":173,"loc":{"start":{"line":173,"column":27},"end":{"line":177,"column":5}},"locations":[{"start":{"line":173,"column":27},"end":{"line":177,"column":5}}]},"32":{"type":"branch","line":176,"loc":{"start":{"line":176,"column":21},"end":{"line":176,"column":41}},"locations":[{"start":{"line":176,"column":21},"end":{"line":176,"column":41}}]},"33":{"type":"branch","line":178,"loc":{"start":{"line":178,"column":-2},"end":{"line":179,"column":22}},"locations":[{"start":{"line":178,"column":-2},"end":{"line":179,"column":22}}]},"34":{"type":"branch","line":179,"loc":{"start":{"line":179,"column":24},"end":{"line":181,"column":5}},"locations":[{"start":{"line":179,"column":24},"end":{"line":181,"column":5}}]},"35":{"type":"branch","line":182,"loc":{"start":{"line":182,"column":-2},"end":{"line":185,"column":3}},"locations":[{"start":{"line":182,"column":-2},"end":{"line":185,"column":3}}]},"36":{"type":"branch","line":191,"loc":{"start":{"line":191,"column":64},"end":{"line":267,"column":1}},"locations":[{"start":{"line":191,"column":64},"end":{"line":267,"column":1}}]},"37":{"type":"branch","line":195,"loc":{"start":{"line":195,"column":2},"end":{"line":202,"column":3}},"locations":[{"start":{"line":195,"column":2},"end":{"line":202,"column":3}}]},"38":{"type":"branch","line":204,"loc":{"start":{"line":204,"column":2},"end":{"line":215,"column":3}},"locations":[{"start":{"line":204,"column":2},"end":{"line":215,"column":3}}]},"39":{"type":"branch","line":206,"loc":{"start":{"line":206,"column":44},"end":{"line":209,"column":5}},"locations":[{"start":{"line":206,"column":44},"end":{"line":209,"column":5}}]},"40":{"type":"branch","line":207,"loc":{"start":{"line":207,"column":33},"end":{"line":207,"column":39}},"locations":[{"start":{"line":207,"column":33},"end":{"line":207,"column":39}}]},"41":{"type":"branch","line":220,"loc":{"start":{"line":220,"column":2},"end":{"line":242,"column":3}},"locations":[{"start":{"line":220,"column":2},"end":{"line":242,"column":3}}]},"42":{"type":"branch","line":234,"loc":{"start":{"line":234,"column":45},"end":{"line":234,"column":55}},"locations":[{"start":{"line":234,"column":45},"end":{"line":234,"column":55}}]},"43":{"type":"branch","line":235,"loc":{"start":{"line":235,"column":48},"end":{"line":235,"column":86}},"locations":[{"start":{"line":235,"column":48},"end":{"line":235,"column":86}}]},"44":{"type":"branch","line":235,"loc":{"start":{"line":235,"column":62},"end":{"line":235,"column":86}},"locations":[{"start":{"line":235,"column":62},"end":{"line":235,"column":86}}]},"45":{"type":"branch","line":236,"loc":{"start":{"line":236,"column":49},"end":{"line":236,"column":63}},"locations":[{"start":{"line":236,"column":49},"end":{"line":236,"column":63}}]},"46":{"type":"branch","line":237,"loc":{"start":{"line":237,"column":50},"end":{"line":237,"column":66}},"locations":[{"start":{"line":237,"column":50},"end":{"line":237,"column":66}}]},"47":{"type":"branch","line":238,"loc":{"start":{"line":238,"column":40},"end":{"line":238,"column":78}},"locations":[{"start":{"line":238,"column":40},"end":{"line":238,"column":78}}]},"48":{"type":"branch","line":238,"loc":{"start":{"line":238,"column":56},"end":{"line":238,"column":66}},"locations":[{"start":{"line":238,"column":56},"end":{"line":238,"column":66}}]},"49":{"type":"branch","line":239,"loc":{"start":{"line":239,"column":41},"end":{"line":239,"column":80}},"locations":[{"start":{"line":239,"column":41},"end":{"line":239,"column":80}}]},"50":{"type":"branch","line":239,"loc":{"start":{"line":239,"column":57},"end":{"line":239,"column":67}},"locations":[{"start":{"line":239,"column":57},"end":{"line":239,"column":67}}]},"51":{"type":"branch","line":240,"loc":{"start":{"line":240,"column":40},"end":{"line":240,"column":78}},"locations":[{"start":{"line":240,"column":40},"end":{"line":240,"column":78}}]},"52":{"type":"branch","line":240,"loc":{"start":{"line":240,"column":56},"end":{"line":240,"column":66}},"locations":[{"start":{"line":240,"column":56},"end":{"line":240,"column":66}}]},"53":{"type":"branch","line":247,"loc":{"start":{"line":247,"column":2},"end":{"line":266,"column":3}},"locations":[{"start":{"line":247,"column":2},"end":{"line":266,"column":3}}]},"54":{"type":"branch","line":252,"loc":{"start":{"line":252,"column":89},"end":{"line":263,"column":5}},"locations":[{"start":{"line":252,"column":89},"end":{"line":263,"column":5}}]},"55":{"type":"branch","line":255,"loc":{"start":{"line":255,"column":32},"end":{"line":262,"column":7}},"locations":[{"start":{"line":255,"column":32},"end":{"line":262,"column":7}}]},"56":{"type":"branch","line":252,"loc":{"start":{"line":252,"column":57},"end":{"line":252,"column":86}},"locations":[{"start":{"line":252,"column":57},"end":{"line":252,"column":86}}]}},"b":{"0":[16],"1":[33],"2":[2],"3":[31],"4":[1],"5":[6],"6":[25],"7":[2],"8":[4],"9":[7],"10":[2],"11":[5],"12":[1],"13":[3],"14":[1],"15":[2],"16":[4],"17":[3],"18":[1],"19":[2],"20":[5],"21":[3],"22":[3],"23":[1],"24":[2],"25":[4],"26":[1],"27":[31],"28":[8],"29":[0],"30":[23],"31":[1],"32":[0],"33":[22],"34":[21],"35":[1],"36":[28],"37":[28],"38":[6],"39":[114],"40":[0],"41":[3],"42":[15],"43":[15],"44":[2],"45":[15],"46":[15],"47":[15],"48":[13],"49":[15],"50":[13],"51":[15],"52":[13],"53":[2],"54":[3],"55":[2],"56":[2]},"fnMap":{"0":{"name":"extractCitations","decl":{"start":{"line":28,"column":2},"end":{"line":75,"column":3}},"loc":{"start":{"line":28,"column":2},"end":{"line":75,"column":3}},"line":28},"1":{"name":"formatTextWithCitations","decl":{"start":{"line":77,"column":2},"end":{"line":105,"column":3}},"loc":{"start":{"line":77,"column":2},"end":{"line":105,"column":3}},"line":77},"2":{"name":"validateCitations","decl":{"start":{"line":107,"column":2},"end":{"line":119,"column":3}},"loc":{"start":{"line":107,"column":2},"end":{"line":119,"column":3}},"line":107},"3":{"name":"generateBibliography","decl":{"start":{"line":121,"column":2},"end":{"line":158,"column":3}},"loc":{"start":{"line":121,"column":2},"end":{"line":158,"column":3}},"line":121},"4":{"name":"extractSourceFromDocument","decl":{"start":{"line":160,"column":10},"end":{"line":185,"column":3}},"loc":{"start":{"line":160,"column":10},"end":{"line":185,"column":3}},"line":160},"5":{"name":"<instance_members_initializer>","decl":{"start":{"line":191,"column":64},"end":{"line":267,"column":1}},"loc":{"start":{"line":191,"column":64},"end":{"line":267,"column":1}},"line":191},"6":{"name":"EnhancedCitationService","decl":{"start":{"line":195,"column":2},"end":{"line":202,"column":3}},"loc":{"start":{"line":195,"column":2},"end":{"line":202,"column":3}},"line":195},"7":{"name":"extractCitations","decl":{"start":{"line":204,"column":2},"end":{"line":215,"column":3}},"loc":{"start":{"line":204,"column":2},"end":{"line":215,"column":3}},"line":204},"8":{"name":"getCitationStats","decl":{"start":{"line":220,"column":2},"end":{"line":242,"column":3}},"loc":{"start":{"line":220,"column":2},"end":{"line":242,"column":3}},"line":220},"9":{"name":"deduplicateCitations","decl":{"start":{"line":247,"column":2},"end":{"line":266,"column":3}},"loc":{"start":{"line":247,"column":2},"end":{"line":266,"column":3}},"line":247},"10":{"name":"createCitationService","decl":{"start":{"line":272,"column":6},"end":{"line":274,"column":1}},"loc":{"start":{"line":272,"column":6},"end":{"line":274,"column":1}},"line":272}},"f":{"0":16,"1":4,"2":3,"3":4,"4":31,"5":28,"6":28,"7":6,"8":3,"9":2,"10":0}}
[...]
:297,"column":0},"end":{"line":297,"column":62}},"297":{"start":{"line":298,"column":0},"end":{"line":298,"column":0}},"298":{"start":{"line":299,"column":0},"end":{"line":299,"column":34}},"299":{"start":{"line":300,"column":0},"end":{"line":300,"column":33}},"300":{"start":{"line":301,"column":0},"end":{"line":301,"column":41}},"301":{"start":{"line":302,"column":0},"end":{"line":302,"column":35}},"302":{"start":{"line":303,"column":0},"end":{"line":303,"column":37}},"303":{"start":{"line":304,"column":0},"end":{"line":304,"column":6}},"304":{"start":{"line":305,"column":0},"end":{"line":305,"column":3}},"305":{"start":{"line":306,"column":0},"end":{"line":306,"column":1}},"306":{"start":{"line":307,"column":0},"end":{"line":307,"column":0}},"307":{"start":{"line":308,"column":0},"end":{"line":308,"column":3}},"308":{"start":{"line":309,"column":0},"end":{"line":309,"column":53}},"309":{"start":{"line":310,"column":0},"end":{"line":310,"column":3}},"310":{"start":{"line":311,"column":0},"end":{"line":311,"column":47}},"311":{"start":{"line":312,"column":0},"end":{"line":312,"column":35}},"312":{"start":{"line":313,"column":0},"end":{"line":313,"column":39}},"313":{"start":{"line":314,"column":0},"end":{"line":314,"column":0}},"314":{"start":{"line":315,"column":0},"end":{"line":315,"column":14}},"315":{"start":{"line":316,"column":0},"end":{"line":316,"column":37}},"316":{"start":{"line":317,"column":0},"end":{"line":317,"column":41}},"317":{"start":{"line":318,"column":0},"end":{"line":318,"column":31}},"318":{"start":{"line":319,"column":0},"end":{"line":319,"column":29}},"319":{"start":{"line":320,"column":0},"end":{"line":320,"column":5}},"320":{"start":{"line":321,"column":0},"end":{"line":321,"column":58}},"321":{"start":{"line":322,"column":0},"end":{"line":322,"column":84}},"322":{"start":{"line":323,"column":0},"end":{"line":323,"column":3}},"323":{"start":{"line":324,"column":0},"end":{"line":324,"column":0}},"324":{"start":{"line":325,"column":0},"end":{"line":325,"column":27}},"325":{"start":{"line":326,"column":0},"end":{"line":326,"column":19}},"326":{"start":{"line":327,"column":0},"end":{"line":327,"column":20}},"327":{"start":{"line":328,"column":0},"end":{"line":328,"column":22}},"328":{"start":{"line":329,"column":0},"end":{"line":329,"column":14}},"329":{"start":{"line":330,"column":0},"end":{"line":330,"column":17}},"330":{"start":{"line":331,"column":0},"end":{"line":331,"column":23}},"331":{"start":{"line":332,"column":0},"end":{"line":332,"column":18}},"332":{"start":{"line":333,"column":0},"end":{"line":333,"column":6}},"333":{"start":{"line":334,"column":0},"end":{"line":334,"column":66}},"334":{"start":{"line":335,"column":0},"end":{"line":335,"column":0}},"335":{"start":{"line":336,"column":0},"end":{"line":336,"column":46}},"336":{"start":{"line":337,"column":0},"end":{"line":337,"column":32}},"337":{"start":{"line":338,"column":0},"end":{"line":338,"column":0}},"338":{"start":{"line":339,"column":0},"end":{"line":339,"column":61}},"339":{"start":{"line":340,"column":0},"end":{"line":340,"column":13}},"340":{"start":{"line":341,"column":0},"end":{"line":341,"column":68}},"341":{"start":{"line":342,"column":0},"end":{"line":342,"column":83}},"342":{"start":{"line":343,"column":0},"end":{"line":343,"column":13}},"343":{"start":{"line":344,"column":0},"end":{"line":344,"column":0}},"344":{"start":{"line":345,"column":0},"end":{"line":345,"column":90}},"345":{"start":{"line":346,"column":0},"end":{"line":346,"column":0}},"346":{"start":{"line":347,"column":0},"end":{"line":347,"column":81}},"347":{"start":{"line":348,"column":0},"end":{"line":348,"column":0}},"348":{"start":{"line":349,"column":0},"end":{"line":349,"column":24}},"349":{"start":{"line":350,"column":0},"end":{"line":350,"column":0}},"350":{"start":{"line":351,"column":0},"end":{"line":351,"column":25}},"351":{"start":{"line":352,"column":0},"end":{"line":352,"column":78}},"352":{"start":{"line":353,"column":0},"end":{"line":353,"column":0}},"353":{"start":{"line":354,"column":0},"end":{"line":354,"column":71}},"354":{"start":{"line":355,"column":0},"end":{"line":355,"column":74}},"355":{"start":{"line":356,"column":0},"end":{"line":356,"column":24}},"356":{"start":{"line":357,"column":0},"end":{"line":357,"column":11}},"357":{"start":{"line":358,"column":0},"end":{"line":358,"column":0}},"358":{"start":{"line":359,"column":0},"end":{"line":359,"column":52}},"359":{"start":{"line":360,"column":0},"end":{"line":360,"column":44}},"360":{"start":{"line":361,"column":0},"end":{"line":361,"column":89}},"361":{"start":{"line":362,"column":0},"end":{"line":362,"column":11}},"362":{"start":{"line":363,"column":0},"end":{"line":363,"column":9}},"363":{"start":{"line":364,"column":0},"end":{"line":364,"column":7}},"364":{"start":{"line":365,"column":0},"end":{"line":365,"column":5}},"365":{"start":{"line":366,"column":0},"end":{"line":366,"column":0}},"366":{"start":{"line":367,"column":0},"end":{"line":367,"column":86}},"367":{"start":{"line":368,"column":0},"end":{"line":368,"column":3}},"368":{"start":{"line":369,"column":0},"end":{"line":369,"column":0}},"369":{"start":{"line":370,"column":0},"end":{"line":370,"column":33}},"370":{"start":{"line":371,"column":0},"end":{"line":371,"column":41}},"371":{"start":{"line":372,"column":0},"end":{"line":372,"column":3}},"372":{"start":{"line":373,"column":0},"end":{"line":373,"column":0}},"373":{"start":{"line":374,"column":0},"end":{"line":374,"column":26}},"374":{"start":{"line":375,"column":0},"end":{"line":375,"column":30}},"375":{"start":{"line":376,"column":0},"end":{"line":376,"column":3}},"376":{"start":{"line":377,"column":0},"end":{"line":377,"column":1}},"377":{"start":{"line":378,"column":0},"end":{"line":378,"column":0}},"378":{"start":{"line":379,"column":0},"end":{"line":379,"column":3}},"379":{"start":{"line":380,"column":0},"end":{"line":380,"column":51}},"380":{"start":{"line":381,"column":0},"end":{"line":381,"column":3}},"381":{"start":{"line":382,"column":0},"end":{"line":382,"column":85}},"382":{"start":{"line":383,"column":0},"end":{"line":383,"column":82}},"383":{"start":{"line":384,"column":0},"end":{"line":384,"column":1}}},"s":{"0":1,"1":1,"2":1,"3":1,"4":1,"5":1,"6":1,"7":1,"8":1,"9":1,"10":1,"11":1,"12":1,"13":1,"14":1,"15":1,"16":1,"17":1,"18":1,"19":1,"20":1,"21":1,"22":1,"23":1,"24":1,"25":1,"26":1,"27":1,"28":1,"29":1,"30":1,"31":1,"32":1,"33":1,"34":1,"35":1,"36":1,"37":0,"38":0,"39":0,"40":0,"41":0,"42":0,"43":0,"44":0,"45":0,"46":0,"47":0,"48":0,"49":0,"50":0,"51":0,"52":0,"53":0,"54":0,"55":0,"56":0,"57":0,"58":0,"59":0,"60":0,"61":0,"62":0,"63":0,"64":0,"65":0,"66":0,"67":0,"68":0,"69":0,"70":0,"71":0,"72":0,"73":0,"74":0,"75":0,"76":0,"77":0,"78":0,"79":0,"80":0,"81":0,"82":0,"83":0,"84":0,"85":0,"86":0,"87":0,"88":0,"89":0,"90":0,"91":0,"92":0,"93":0,"94":0,"95":0,"96":0,"97":0,"98":0,"99":0,"100":0,"101":0,"102":0,"103":0,"104":0,"105":0,"106":0,"107":0,"108":0,"109":0,"110":0,"111":0,"112":0,"113":0,"114":0,"115":0,"116":0,"117":0,"118":0,"119":0,"120":0,"121":0,"122":0,"123":0,"124":0,"125":0,"126":0,"127":0,"128":0,"129":0,"130":0,"131":0,"132":0,"133":0,"134":0,"135":0,"136":0,"137":0,"138":0,"139":0,"140":0,"141":0,"142":0,"143":0,"144":0,"145":0,"146":0,"147":0,"148":0,"149":0,"150":0,"151":0,"152":0,"153":0,"154":0,"155":0,"156":0,"157":0,"158":0,"159":0,"160":0,"161":0,"162":1,"163":1,"164":1,"165":1,"166":1,"167":1,"168":1,"169":1,"170":1,"171":1,"172":1,"173":1,"174":1,"175":1,"176":1,"177":1,"178":1,"179":1,"180":1,"181":1,"182":1,"183":1,"184":1,"185":1,"186":0,"187":0,"188":0,"189":0,"190":0,"191":0,"192":0,"193":0,"194":0,"195":0,"196":0,"197":0,"198":0,"199":0,"200":0,"201":0,"202":0,"203":0,"204":0,"205":0,"206":0,"207":0,"208":0,"209":0,"210":0,"211":0,"212":0,"213":0,"214":0,"215":0,"216":0,"217":0,"218":0,"219":0,"220":0,"221":0,"222":0,"223":0,"224":0,"225":0,"226":0,"227":0,"228":0,"229":0,"230":0,"231":0,"232":0,"233":0,"234":0,"235":0,"236":0,"237":0,"238":0,"239":0,"240":0,"241":0,"242":0,"243":0,"244":0,"245":0,"246":0,"247":0,"248":0,"249":0,"250":0,"251":0,"252":0,"253":0,"254":0,"255":0,"256":0,"257":0,"258":0,"259":0,"260":0,"261":0,"262":0,"263":0,"264":0,"265":0,"266":0,"267":0,"268":0,"269":0,"270":0,"271":0,"272":0,"273":0,"274":0,"275":0,"276":0,"277":0,"278":0,"279":0,"280":0,"281":0,"282":0,"283":0,"284":0,"285":0,"286":0,"287":0,"288":0,"289":0,"290":1,"291":1,"292":1,"293":1,"294":1,"295":1,"296":0,"297":0,"298":0,"299":0,"300":0,"301":0,"302":0,"303":0,"304":0,"305":1,"306":1,"307":1,"308":1,"309":1,"310":1,"311":0,"312":0,"313":0,"314":0,"315":0,"316":0,"317":0,"318":0,"319":0,"320":0,"321":0,"322":0,"323":0,"324":0,"325":0,"326":0,"327":0,"328":0,"329":0,"330":0,"331":0,"332":0,"333":0,"334":0,"335":0,"336":0,"337":0,"338":0,"339":0,"340":0,"341":0,"342":0,"343":0,"344":0,"345":0,"346":0,"347":0,"348":0,"349":0,"350":0,"351":0,"352":0,"353":0,"354":0,"355":0,"356":0,"357":0,"358":0,"359":0,"360":0,"361":0,"362":0,"363":0,"364":0,"365":0,"366":0,"367":0,"368":0,"369":0,"370":0,"371":0,"372":0,"373":0,"374":0,"375":0,"376":0,"377":1,"378":1,"379":1,"380":1,"381":1,"382":0,"383":0},"branchMap":{"0":{"type":"branch","line":37,"loc":{"start":{"line":37,"column":26},"end":{"line":162,"column":1}},"locations":[{"start":{"line":37,"column":26},"end":{"line":162,"column":1}}]},"1":{"type":"branch","line":186,"loc":{"start":{"line":186,"column":33},"end":{"line":290,"column":1}},"locations":[{"start":{"line":186,"column":33},"end":{"line":290,"column":1}}]},"2":{"type":"branch","line":311,"loc":{"start":{"line":311,"column":24},"end":{"line":377,"column":1}},"locations":[{"start":{"line":311,"column":24},"end":{"line":377,"column":1}}]}},"b":{"0":[0],"1":[0],"2":[0]},"fnMap":{"0":{"name":"<instance_members_initializer>","decl":{"start":{"line":37,"column":26},"end":{"line":162,"column":1}},"loc":{"start":{"line":37,"column":26},"end":{"line":162,"column":1}},"line":37},"1":{"name":"<instance_members_initializer>","decl":{"start":{"line":186,"column":33},"end":{"line":290,"column":1}},"loc":{"start":{"line":186,"column":33},"end":{"line":290,"column":1}},"line":186},"2":{"name":"createClientForTenant","decl":{"start":{"line":296,"column":2},"end":{"line":305,"column":3}},"loc":{"start":{"line":296,"column":2},"end":{"line":305,"column":3}},"line":296},"3":{"name":"<instance_members_initializer>","decl":{"start":{"line":311,"column":24},"end":{"line":377,"column":1}},"loc":{"start":{"line":311,"column":24},"end":{"line":377,"column":1}},"line":311},"4":{"name":"createLLMClientFactory","decl":{"start":{"line":382,"column":6},"end":{"line":384,"column":1}},"loc":{"start":{"line":382,"column":6},"end":{"line":384,"column":1}},"line":382}},"f":{"0":0,"1":0,"2":0,"3":0,"4":0}}
,"C:\\Workspace\\cw-rag-core\\apps\\api\\src\\types\\synthesis.ts": {"path":"C:\\Workspace\\cw-rag-core\\apps\\api\\src\\types\\synthesis.ts","all":false,"statementMap":{"0":{"start":{"line":1,"column":0},"end":{"line":1,"column":60}},"1":{"start":{"line":2,"column":0},"end":{"line":2,"column":81}},"2":{"start":{"line":3,"column":0},"end":{"line":3,"column":0}},"3":{"start":{"line":4,"column":0},"end":{"line":4,"column":21}},"4":{"start":{"line":5,"column":0},"end":{"line":5,"column":66}},"5":{"start":{"line":6,"column":0},"end":{"line":6,"column":0}},"6":{"start":{"line":7,"column":0},"end":{"line":7,"column":28}},"7":{"start":{"line":8,"column":0},"end":{"line":8,"column":24}},"8":{"start":{"line":9,"column":0},"end":{"line":9,"column":16}},"9":{"start":{"line":10,"column":0},"end":{"line":10,"column":23}},"10":{"start":{"line":11,"column":0},"end":{"line":11,"column":21}},"11":{"start":{"line":12,"column":0},"end":{"line":12,"column":18}},"12":{"start":{"line":13,"column":0},"end":{"line":13,"column":42}},"13":{"start":{"line":14,"column":0},"end":{"line":14,"column":39}},"14":{"start":{"line":15,"column":0},"end":{"line":15,"column":1}},"15":{"start":{"line":16,"column":0},"end":{"line":16,"column":0}},"16":{"start":{"line":17,"column":0},"end":{"line":17,"column":34}},"17":{"start":{"line":18,"column":0},"end":{"line":18,"column":19}},"18":{"start":{"line":19,"column":0},"end":{"line":19,"column":27}},"19":{"start":{"line":20,"column":0},"end":{"line":20,"column":32}},"20":{"start":{"line":21,"column":0},"end":{"line":21,"column":22}},"21":{"start":{"line":22,"column":0},"end":{"line":22,"column":21}},"22":{"start":{"line":23,"column":0},"end":{"line":23,"column":1}},"23":{"start":{"line":24,"column":0},"end":{"line":24,"column":0}},"24":{"start":{"line":25,"column":0},"end":{"line":25,"column":17}},"25":{"start":{"line":26,"column":0},"end":{"line":26,"column":27}},"26":{"start":{"line":27,"column":0},"end":{"line":27,"column":13}},"27":{"start":{"line":28,"column":0},"end":{"line":28,"column":17}},"28":{"start":{"line":29,"column":0},"end":{"line":29,"column":17}},"29":{"start":{"line":30,"column":0},"end":{"line":30,"column":16}},"30":{"start":{"line":31,"column":0},"end":{"line":31,"column":19}},"31":{"start":{"line":32,"column":0},"end":{"line":32,"column":15}},"32":{"start":{"line":33,"column":0},"end":{"line":33,"column":20}},"33":{"start":{"line":34,"column":0},"end":{"line":34,"column":21}},"34":{"start":{"line":35,"column":0},"end":{"line":35,"column":28}},"35":{"start":{"line":36,"column":0},"end":{"line":36,"column":1}},"36":{"start":{"line":37,"column":0},"end":{"line":37,"column":0}},"37":{"start":{"line":38,"column":0},"end":{"line":38,"column":30}},"38":{"start":{"line":39,"column":0},"end":{"line":39,"column":37}},"39":{"start":{"line":40,"column":0},"end":{"line":40,"column":1}},"40":{"start":{"line":41,"column":0},"end":{"line":41,"column":0}},"41":{"start":{"line":42,"column":0},"end":{"line":42,"column":25}},"42":{"start":{"line":43,"column":0},"end":{"line":43,"column":35}},"43":{"start":{"line":44,"column":0},"end":{"line":44,"column":16}},"44":{"start":{"line":45,"column":0},"end":{"line":45,"column":34}},"45":{"start":{"line":46,"column":0},"end":{"line":46,"column":27}},"46":{"start":{"line":47,"column":0},"end":{"line":47,"column":28}},"47":{"start":{"line":48,"column":0},"end":{"line":48,"column":29}},"48":{"start":{"line":49,"column":0},"end":{"line":49,"column":38}},"49":{"start":{"line":50,"column":0},"end":{"line":50,"column":1}},"50":{"start":{"line":51,"column":0},"end":{"line":51,"column":0}},"51":{"start":{"line":52,"column":0},"end":{"line":52,"column":36}},"52":{"start":{"line":53,"column":0},"end":{"line":53,"column":17}},"53":{"start":{"line":54,"column":0},"end":{"line":54,"column":25}},"54":{"start":{"line":55,"column":0},"end":{"line":55,"column":21}},"55":{"start":{"line":56,"column":0},"end":{"line":56,"column":24}},"56":{"start":{"line":57,"column":0},"end":{"line":57,"column":21}},"57":{"start":{"line":58,"column":0},"end":{"line":58,"column":20}},"58":{"start":{"line":59,"column":0},"end":{"line":59,"column":28}},"59":{"start":{"line":60,"column":0},"end":{"line":60,"column":34}},"60":{"start":{"line":61,"column":0},"end":{"line":61,"column":1}},"61":{"start":{"line":62,"column":0},"end":{"line":62,"column":0}},"62":{"start":{"line":63,"column":0},"end":{"line":63,"column":39}},"63":{"start":{"line":64,"column":0},"end":{"line":64,"column":23}},"64":{"start":{"line":65,"column":0},"end":{"line":65,"column":24}},"65":{"start":{"line":66,"column":0},"end":{"line":66,"column":29}},"66":{"start":{"line":67,"column":0},"end":{"line":67,"column":26}},"67":{"start":{"line":68,"column":0},"end":{"line":68,"column":22}},"68":{"start":{"line":69,"column":0},"end":{"line":69,"column":16}},"69":{"start":{"line":70,"column":0},"end":{"line":70,"column":1}},"70":{"start":{"line":71,"column":0},"end":{"line":71,"column":0}},"71":{"start":{"line":72,"column":0},"end":{"line":72,"column":14}},"72":{"start":{"line":73,"column":0},"end":{"line":73,"column":49}},"73":{"start":{"line":74,"column":0},"end":{"line":74,"column":14}},"74":{"start":{"line":75,"column":0},"end":{"line":75,"column":20}},"75":{"start":{"line":76,"column":0},"end":{"line":76,"column":24}},"76":{"start":{"line":77,"column":0},"end":{"line":77,"column":40}},"77":{"start":{"line":78,"column":0},"end":{"line":78,"column":5}},"78":{"start":{"line":79,"column":0},"end":{"line":79,"column":19}},"79":{"start":{"line":80,"column":0},"end":{"line":80,"column":39}},"80":{"start":{"line":81,"column":0},"end":{"line":81,"column":3}},"81":{"start":{"line":82,"column":0},"end":{"line":82,"column":1}},"82":{"start":{"line":83,"column":0},"end":{"line":83,"column":0}},"83":{"start":{"line":84,"column":0},"end":{"line":84,"column":60}},"84":{"start":{"line":85,"column":0},"end":{"line":85,"column":14}},"85":{"start":{"line":86,"column":0},"end":{"line":86,"column":20}},"86":{"start":{"line":87,"column":0},"end":{"line":87,"column":33}},"87":{"start":{"line":88,"column":0},"end":{"line":88,"column":32}},"88":{"start":{"line":89,"column":0},"end":{"line":89,"column":5}},"89":{"start":{"line":90,"column":0},"end":{"line":90,"column":70}},"90":{"start":{"line":91,"column":0},"end":{"line":91,"column":3}},"91":{"start":{"line":92,"column":0},"end":{"line":92,"column":1}},"92":{"start":{"line":93,"column":0},"end":{"line":93,"column":0}},"93":{"start":{"line":94,"column":0},"end":{"line":94,"column":67}},"94":{"start":{"line":95,"column":0},"end":{"line":95,"column":59}},"95":{"start":{"line":96,"column":0},"end":{"line":96,"column":64}},"96":{"start":{"line":97,"column":0},"end":{"line":97,"column":3}},"97":{"start":{"line":98,"column":0},"end":{"line":98,"column":1}}},"s":{"0":1,"1":1,"2":1,"3":1,"4":1,"5":1,"6":1,"7":1,"8":1,"9":1,"10":1,"11":1,"12":1,"13":1,"14":1,"15":1,"16":1,"17":1,"18":1,"19":1,"20":1,"21":1,"22":1,"23":1,"24":1,"25":1,"26":1,"27":1,"28":1,"29":1,"30":1,"31":1,"32":1,"33":1,"34":1,"35":1,"36":1,"37":1,"38":1,"39":1,"40":1,"41":1,"42":1,"43":1,"44":1,"45":1,"46":1,"47":1,"48":1,"49":1,"50":1,"51":1,"52":1,"53":1,"54":1,"55":1,"56":1,"57":1,"58":1,"59":1,"60":1,"61":1,"62":1,"63":1,"64":1,"65":1,"66":1,"67":1,"68":1,"69":1,"70":1,"71":1,"72":1,"73":7,"74":7,"75":7,"76":7,"77":7,"78":7,"79":7,"80":7,"81":7,"82":1,"83":1,"84":0,"85":0,"86":0,"87":0,"88":0,"89":0,"90":0,"91":0,"92":1,"93":1,"94":2,"95":2,"96":2,"97":2},"branchMap":{"0":{"type":"branch","line":73,"loc":{"start":{"line":73,"column":47},"end":{"line":82,"column":1}},"locations":[{"start":{"line":73,"column":47},"end":{"line":82,"column":1}}]},"1":{"type":"branch","line":74,"loc":{"start":{"line":74,"column":2},"end":{"line":81,"column":3}},"locations":[{"start":{"line":74,"column":2},"end":{"line":81,"column":3}}]},"2":{"type":"branch","line":94,"loc":{"start":{"line":94,"column":65},"end":{"line":98,"column":1}},"locations":[{"start":{"line":94,"column":65},"end":{"line":98,"column":1}}]},"3":{"type":"branch","line":95,"loc":{"start":{"line":95,"column":2},"end":{"line":97,"column":3}},"locations":[{"start":{"line":95,"column":2},"end":{"line":97,"column":3}}]}},"b":{"0":[7],"1":[7],"2":[2],"3":[2]},"fnMap":{"0":{"name":"<instance_members_initializer>","decl":{"start":{"line":73,"column":47},"end":{"line":82,"column":1}},"loc":{"start":{"line":73,"column":47},"end":{"line":82,"column":1}},"line":73},"1":{"name":"AnswerSynthesisError","decl":{"start":{"line":74,"column":2},"end":{"line":81,"column":3}},"loc":{"start":{"line":74,"column":2},"end":{"line":81,"column":3}},"line":74},"2":{"name":"<instance_members_initializer>","decl":{"start":{"line":84,"column":58},"end":{"line":92,"column":1}},"loc":{"start":{"line":84,"column":58},"end":{"line":92,"column":1}},"line":84},"3":{"name":"<instance_members_initializer>","decl":{"start":{"line":94,"column":65},"end":{"line":98,"column":1}},"loc":{"start":{"line":94,"column":65},"end":{"line":98,"column":1}},"line":94},"4":{"name":"CitationExtractionError","decl":{"start":{"line":95,"column":2},"end":{"line":97,"column":3}},"loc":{"start":{"line":95,"column":2},"end":{"line":97,"column":3}},"line":95}},"f":{"0":7,"1":7,"2":0,"3":2,"4":2}}
}
