{"C:\\Workspace\\cw-rag-core\\apps\\api\\src\\routes\\healthz.ts": {"path":"C:\\Workspace\\cw-rag-core\\apps\\api\\src\\routes\\healthz.ts","all":false,"statementMap":{"0":{"start":{"line":1,"column":0},"end":{"line":1,"column":72}},"1":{"start":{"line":2,"column":0},"end":{"line":2,"column":0}},"2":{"start":{"line":3,"column":0},"end":{"line":3,"column":62}},"3":{"start":{"line":4,"column":0},"end":{"line":4,"column":83}},"4":{"start":{"line":5,"column":0},"end":{"line":5,"column":52}},"5":{"start":{"line":6,"column":0},"end":{"line":6,"column":5}},"6":{"start":{"line":7,"column":0},"end":{"line":7,"column":1}}},"s":{"0":1,"1":1,"2":1,"3":1,"4":1,"5":1,"6":1},"branchMap":{"0":{"type":"branch","line":3,"loc":{"start":{"line":3,"column":7},"end":{"line":7,"column":1}},"locations":[{"start":{"line":3,"column":7},"end":{"line":7,"column":1}}]},"1":{"type":"branch","line":4,"loc":{"start":{"line":4,"column":26},"end":{"line":6,"column":3}},"locations":[{"start":{"line":4,"column":26},"end":{"line":6,"column":3}}]}},"b":{"0":[1],"1":[1]},"fnMap":{"0":{"name":"healthzRoute","decl":{"start":{"line":3,"column":7},"end":{"line":7,"column":1}},"loc":{"start":{"line":3,"column":7},"end":{"line":7,"column":1}},"line":3}},"f":{"0":1}}
,"C:\\Workspace\\cw-rag-core\\apps\\api\\src\\services\\answer-synthesis.ts": {"path":"C:\\Workspace\\cw-rag-core\\apps\\api\\src\\services\\answer-synthesis.ts","all":false,"statementMap":{"0":{"start":{"line":1,"column":0},"end":{"line":1,"column":128}},"1":{"start":{"line":2,"column":0},"end":{"line":2,"column":78}},"2":{"start":{"line":3,"column":0},"end":{"line":3,"column":8}},"3":{"start":{"line":4,"column":0},"end":{"line":4,"column":19}},"4":{"start":{"line":5,"column":0},"end":{"line":5,"column":20}},"5":{"start":{"line":6,"column":0},"end":{"line":6,"column":23}},"6":{"start":{"line":7,"column":0},"end":{"line":7,"column":23}},"7":{"start":{"line":8,"column":0},"end":{"line":8,"column":14}},"8":{"start":{"line":9,"column":0},"end":{"line":9,"column":28}},"9":{"start":{"line":10,"column":0},"end":{"line":10,"column":31}},"10":{"start":{"line":11,"column":0},"end":{"line":11,"column":71}},"11":{"start":{"line":12,"column":0},"end":{"line":12,"column":75}},"12":{"start":{"line":13,"column":0},"end":{"line":13,"column":0}},"13":{"start":{"line":14,"column":0},"end":{"line":14,"column":41}},"14":{"start":{"line":15,"column":0},"end":{"line":15,"column":5}},"15":{"start":{"line":16,"column":0},"end":{"line":16,"column":63}},"16":{"start":{"line":17,"column":0},"end":{"line":17,"column":5}},"17":{"start":{"line":18,"column":0},"end":{"line":18,"column":74}},"18":{"start":{"line":19,"column":0},"end":{"line":19,"column":0}},"19":{"start":{"line":20,"column":0},"end":{"line":20,"column":5}},"20":{"start":{"line":21,"column":0},"end":{"line":21,"column":70}},"21":{"start":{"line":22,"column":0},"end":{"line":22,"column":5}},"22":{"start":{"line":23,"column":0},"end":{"line":23,"column":28}},"23":{"start":{"line":24,"column":0},"end":{"line":24,"column":29}},"24":{"start":{"line":25,"column":0},"end":{"line":25,"column":63}},"25":{"start":{"line":26,"column":0},"end":{"line":26,"column":0}},"26":{"start":{"line":27,"column":0},"end":{"line":27,"column":5}},"27":{"start":{"line":28,"column":0},"end":{"line":28,"column":47}},"28":{"start":{"line":29,"column":0},"end":{"line":29,"column":5}},"29":{"start":{"line":30,"column":0},"end":{"line":30,"column":51}},"30":{"start":{"line":31,"column":0},"end":{"line":31,"column":0}},"31":{"start":{"line":32,"column":0},"end":{"line":32,"column":5}},"32":{"start":{"line":33,"column":0},"end":{"line":33,"column":37}},"33":{"start":{"line":34,"column":0},"end":{"line":34,"column":5}},"34":{"start":{"line":35,"column":0},"end":{"line":35,"column":60}},"35":{"start":{"line":36,"column":0},"end":{"line":36,"column":1}},"36":{"start":{"line":37,"column":0},"end":{"line":37,"column":0}},"37":{"start":{"line":38,"column":0},"end":{"line":38,"column":75}},"38":{"start":{"line":39,"column":0},"end":{"line":39,"column":65}},"39":{"start":{"line":40,"column":0},"end":{"line":40,"column":58}},"40":{"start":{"line":41,"column":0},"end":{"line":41,"column":0}},"41":{"start":{"line":42,"column":0},"end":{"line":42,"column":14}},"42":{"start":{"line":43,"column":0},"end":{"line":43,"column":47}},"43":{"start":{"line":44,"column":0},"end":{"line":44,"column":47}},"44":{"start":{"line":45,"column":0},"end":{"line":45,"column":43}},"45":{"start":{"line":46,"column":0},"end":{"line":46,"column":5}},"46":{"start":{"line":47,"column":0},"end":{"line":47,"column":66}},"47":{"start":{"line":48,"column":0},"end":{"line":48,"column":3}},"48":{"start":{"line":49,"column":0},"end":{"line":49,"column":0}},"49":{"start":{"line":50,"column":0},"end":{"line":50,"column":81}},"50":{"start":{"line":51,"column":0},"end":{"line":51,"column":40}},"51":{"start":{"line":52,"column":0},"end":{"line":52,"column":0}},"52":{"start":{"line":53,"column":0},"end":{"line":53,"column":9}},"53":{"start":{"line":54,"column":0},"end":{"line":54,"column":25}},"54":{"start":{"line":55,"column":0},"end":{"line":55,"column":36}},"55":{"start":{"line":56,"column":0},"end":{"line":56,"column":0}},"56":{"start":{"line":57,"column":0},"end":{"line":57,"column":38}},"57":{"start":{"line":58,"column":0},"end":{"line":58,"column":82}},"58":{"start":{"line":59,"column":0},"end":{"line":59,"column":22}},"59":{"start":{"line":60,"column":0},"end":{"line":60,"column":26}},"60":{"start":{"line":61,"column":0},"end":{"line":61,"column":27}},"61":{"start":{"line":62,"column":0},"end":{"line":62,"column":8}},"62":{"start":{"line":63,"column":0},"end":{"line":63,"column":0}},"63":{"start":{"line":64,"column":0},"end":{"line":64,"column":65}},"64":{"start":{"line":65,"column":0},"end":{"line":65,"column":94}},"65":{"start":{"line":66,"column":0},"end":{"line":66,"column":0}},"66":{"start":{"line":67,"column":0},"end":{"line":67,"column":70}},"67":{"start":{"line":68,"column":0},"end":{"line":68,"column":107}},"68":{"start":{"line":69,"column":0},"end":{"line":69,"column":144}},"69":{"start":{"line":70,"column":0},"end":{"line":70,"column":0}},"70":{"start":{"line":71,"column":0},"end":{"line":71,"column":70}},"71":{"start":{"line":72,"column":0},"end":{"line":72,"column":34}},"72":{"start":{"line":73,"column":0},"end":{"line":73,"column":64}},"73":{"start":{"line":74,"column":0},"end":{"line":74,"column":27}},"74":{"start":{"line":75,"column":0},"end":{"line":75,"column":10}},"75":{"start":{"line":76,"column":0},"end":{"line":76,"column":0}},"76":{"start":{"line":77,"column":0},"end":{"line":77,"column":60}},"77":{"start":{"line":78,"column":0},"end":{"line":78,"column":0}},"78":{"start":{"line":79,"column":0},"end":{"line":79,"column":16}},"79":{"start":{"line":80,"column":0},"end":{"line":80,"column":38}},"80":{"start":{"line":81,"column":0},"end":{"line":81,"column":24}},"81":{"start":{"line":82,"column":0},"end":{"line":82,"column":24}},"82":{"start":{"line":83,"column":0},"end":{"line":83,"column":24}},"83":{"start":{"line":84,"column":0},"end":{"line":84,"column":57}},"84":{"start":{"line":85,"column":0},"end":{"line":85,"column":33}},"85":{"start":{"line":86,"column":0},"end":{"line":86,"column":34}},"86":{"start":{"line":87,"column":0},"end":{"line":87,"column":83}},"87":{"start":{"line":88,"column":0},"end":{"line":88,"column":10}},"88":{"start":{"line":89,"column":0},"end":{"line":89,"column":7}},"89":{"start":{"line":90,"column":0},"end":{"line":90,"column":0}},"90":{"start":{"line":91,"column":0},"end":{"line":91,"column":68}},"91":{"start":{"line":92,"column":0},"end":{"line":92,"column":91}},"92":{"start":{"line":93,"column":0},"end":{"line":93,"column":0}},"93":{"start":{"line":94,"column":0},"end":{"line":94,"column":39}},"94":{"start":{"line":95,"column":0},"end":{"line":95,"column":48}},"95":{"start":{"line":96,"column":0},"end":{"line":96,"column":26}},"96":{"start":{"line":97,"column":0},"end":{"line":97,"column":18}},"97":{"start":{"line":98,"column":0},"end":{"line":98,"column":57}},"98":{"start":{"line":99,"column":0},"end":{"line":99,"column":8}},"99":{"start":{"line":100,"column":0},"end":{"line":100,"column":0}},"100":{"start":{"line":101,"column":0},"end":{"line":101,"column":34}},"101":{"start":{"line":102,"column":0},"end":{"line":102,"column":74}},"102":{"start":{"line":103,"column":0},"end":{"line":103,"column":49}},"103":{"start":{"line":104,"column":0},"end":{"line":104,"column":8}},"104":{"start":{"line":105,"column":0},"end":{"line":105,"column":0}},"105":{"start":{"line":106,"column":0},"end":{"line":106,"column":24}},"106":{"start":{"line":107,"column":0},"end":{"line":107,"column":60}},"107":{"start":{"line":108,"column":0},"end":{"line":108,"column":22}},"108":{"start":{"line":109,"column":0},"end":{"line":109,"column":30}},"109":{"start":{"line":110,"column":0},"end":{"line":110,"column":37}},"110":{"start":{"line":111,"column":0},"end":{"line":111,"column":8}},"111":{"start":{"line":112,"column":0},"end":{"line":112,"column":0}},"112":{"start":{"line":113,"column":0},"end":{"line":113,"column":37}},"113":{"start":{"line":114,"column":0},"end":{"line":114,"column":61}},"114":{"start":{"line":115,"column":0},"end":{"line":115,"column":24}},"115":{"start":{"line":116,"column":0},"end":{"line":116,"column":18}},"116":{"start":{"line":117,"column":0},"end":{"line":117,"column":42}},"117":{"start":{"line":118,"column":0},"end":{"line":118,"column":8}},"118":{"start":{"line":119,"column":0},"end":{"line":119,"column":0}},"119":{"start":{"line":120,"column":0},"end":{"line":120,"column":39}},"120":{"start":{"line":121,"column":0},"end":{"line":121,"column":87}},"121":{"start":{"line":122,"column":0},"end":{"line":122,"column":0}},"122":{"start":{"line":123,"column":0},"end":{"line":123,"column":83}},"123":{"start":{"line":124,"column":0},"end":{"line":124,"column":50}},"124":{"start":{"line":125,"column":0},"end":{"line":125,"column":26}},"125":{"start":{"line":126,"column":0},"end":{"line":126,"column":39}},"126":{"start":{"line":127,"column":0},"end":{"line":127,"column":24}},"127":{"start":{"line":128,"column":0},"end":{"line":128,"column":22}},"128":{"start":{"line":129,"column":0},"end":{"line":129,"column":8}},"129":{"start":{"line":130,"column":0},"end":{"line":130,"column":0}},"130":{"start":{"line":131,"column":0},"end":{"line":131,"column":58}},"131":{"start":{"line":132,"column":0},"end":{"line":132,"column":0}},"132":{"start":{"line":133,"column":0},"end":{"line":133,"column":30}},"133":{"start":{"line":134,"column":0},"end":{"line":134,"column":33}},"134":{"start":{"line":135,"column":0},"end":{"line":135,"column":45}},"135":{"start":{"line":136,"column":0},"end":{"line":136,"column":53}},"136":{"start":{"line":137,"column":0},"end":{"line":137,"column":59}},"137":{"start":{"line":138,"column":0},"end":{"line":138,"column":39}},"138":{"start":{"line":139,"column":0},"end":{"line":139,"column":52}},"139":{"start":{"line":140,"column":0},"end":{"line":140,"column":31}},"140":{"start":{"line":141,"column":0},"end":{"line":141,"column":8}},"141":{"start":{"line":142,"column":0},"end":{"line":142,"column":0}},"142":{"start":{"line":143,"column":0},"end":{"line":143,"column":43}},"143":{"start":{"line":144,"column":0},"end":{"line":144,"column":32}},"144":{"start":{"line":145,"column":0},"end":{"line":145,"column":18}},"145":{"start":{"line":146,"column":0},"end":{"line":146,"column":42}},"146":{"start":{"line":147,"column":0},"end":{"line":147,"column":22}},"147":{"start":{"line":148,"column":0},"end":{"line":148,"column":19}},"148":{"start":{"line":149,"column":0},"end":{"line":149,"column":36}},"149":{"start":{"line":150,"column":0},"end":{"line":150,"column":57}},"150":{"start":{"line":151,"column":0},"end":{"line":151,"column":22}},"151":{"start":{"line":152,"column":0},"end":{"line":152,"column":8}},"152":{"start":{"line":153,"column":0},"end":{"line":153,"column":0}},"153":{"start":{"line":154,"column":0},"end":{"line":154,"column":22}},"154":{"start":{"line":155,"column":0},"end":{"line":155,"column":0}},"155":{"start":{"line":156,"column":0},"end":{"line":156,"column":21}},"156":{"start":{"line":157,"column":0},"end":{"line":157,"column":37}},"157":{"start":{"line":158,"column":0},"end":{"line":158,"column":67}},"158":{"start":{"line":159,"column":0},"end":{"line":159,"column":27}},"159":{"start":{"line":160,"column":0},"end":{"line":160,"column":9}},"160":{"start":{"line":161,"column":0},"end":{"line":161,"column":31}},"161":{"start":{"line":162,"column":0},"end":{"line":162,"column":50}},"162":{"start":{"line":163,"column":0},"end":{"line":163,"column":48}},"163":{"start":{"line":164,"column":0},"end":{"line":164,"column":9}},"164":{"start":{"line":165,"column":0},"end":{"line":165,"column":8}},"165":{"start":{"line":166,"column":0},"end":{"line":166,"column":5}},"166":{"start":{"line":167,"column":0},"end":{"line":167,"column":3}},"167":{"start":{"line":168,"column":0},"end":{"line":168,"column":0}},"168":{"start":{"line":169,"column":0},"end":{"line":169,"column":35}},"169":{"start":{"line":170,"column":0},"end":{"line":170,"column":29}},"170":{"start":{"line":171,"column":0},"end":{"line":171,"column":64}},"171":{"start":{"line":172,"column":0},"end":{"line":172,"column":40}},"172":{"start":{"line":173,"column":0},"end":{"line":173,"column":0}},"173":{"start":{"line":174,"column":0},"end":{"line":174,"column":9}},"174":{"start":{"line":175,"column":0},"end":{"line":175,"column":25}},"175":{"start":{"line":176,"column":0},"end":{"line":176,"column":36}},"176":{"start":{"line":177,"column":0},"end":{"line":177,"column":0}},"177":{"start":{"line":178,"column":0},"end":{"line":178,"column":38}},"178":{"start":{"line":179,"column":0},"end":{"line":179,"column":82}},"179":{"start":{"line":180,"column":0},"end":{"line":180,"column":22}},"180":{"start":{"line":181,"column":0},"end":{"line":181,"column":26}},"181":{"start":{"line":182,"column":0},"end":{"line":182,"column":27}},"182":{"start":{"line":183,"column":0},"end":{"line":183,"column":8}},"183":{"start":{"line":184,"column":0},"end":{"line":184,"column":0}},"184":{"start":{"line":185,"column":0},"end":{"line":185,"column":65}},"185":{"start":{"line":186,"column":0},"end":{"line":186,"column":94}},"186":{"start":{"line":187,"column":0},"end":{"line":187,"column":0}},"187":{"start":{"line":188,"column":0},"end":{"line":188,"column":70}},"188":{"start":{"line":189,"column":0},"end":{"line":189,"column":107}},"189":{"start":{"line":190,"column":0},"end":{"line":190,"column":144}},"190":{"start":{"line":191,"column":0},"end":{"line":191,"column":0}},"191":{"start":{"line":192,"column":0},"end":{"line":192,"column":70}},"192":{"start":{"line":193,"column":0},"end":{"line":193,"column":34}},"193":{"start":{"line":194,"column":0},"end":{"line":194,"column":64}},"194":{"start":{"line":195,"column":0},"end":{"line":195,"column":27}},"195":{"start":{"line":196,"column":0},"end":{"line":196,"column":10}},"196":{"start":{"line":197,"column":0},"end":{"line":197,"column":0}},"197":{"start":{"line":198,"column":0},"end":{"line":198,"column":60}},"198":{"start":{"line":199,"column":0},"end":{"line":199,"column":0}},"199":{"start":{"line":200,"column":0},"end":{"line":200,"column":46}},"200":{"start":{"line":201,"column":0},"end":{"line":201,"column":15}},"201":{"start":{"line":202,"column":0},"end":{"line":202,"column":24}},"202":{"start":{"line":203,"column":0},"end":{"line":203,"column":35}},"203":{"start":{"line":204,"column":0},"end":{"line":204,"column":10}},"204":{"start":{"line":205,"column":0},"end":{"line":205,"column":0}},"205":{"start":{"line":206,"column":0},"end":{"line":206,"column":24}},"206":{"start":{"line":207,"column":0},"end":{"line":207,"column":15}},"207":{"start":{"line":208,"column":0},"end":{"line":208,"column":27}},"208":{"start":{"line":209,"column":0},"end":{"line":209,"column":17}},"209":{"start":{"line":210,"column":0},"end":{"line":210,"column":26}},"210":{"start":{"line":211,"column":0},"end":{"line":211,"column":26}},"211":{"start":{"line":212,"column":0},"end":{"line":212,"column":59}},"212":{"start":{"line":213,"column":0},"end":{"line":213,"column":35}},"213":{"start":{"line":214,"column":0},"end":{"line":214,"column":36}},"214":{"start":{"line":215,"column":0},"end":{"line":215,"column":85}},"215":{"start":{"line":216,"column":0},"end":{"line":216,"column":11}},"216":{"start":{"line":217,"column":0},"end":{"line":217,"column":10}},"217":{"start":{"line":218,"column":0},"end":{"line":218,"column":0}},"218":{"start":{"line":219,"column":0},"end":{"line":219,"column":15}},"219":{"start":{"line":220,"column":0},"end":{"line":220,"column":23}},"220":{"start":{"line":221,"column":0},"end":{"line":221,"column":20}},"221":{"start":{"line":222,"column":0},"end":{"line":222,"column":10}},"222":{"start":{"line":223,"column":0},"end":{"line":223,"column":0}},"223":{"start":{"line":224,"column":0},"end":{"line":224,"column":15}},"224":{"start":{"line":225,"column":0},"end":{"line":225,"column":7}},"225":{"start":{"line":226,"column":0},"end":{"line":226,"column":0}},"226":{"start":{"line":227,"column":0},"end":{"line":227,"column":68}},"227":{"start":{"line":228,"column":0},"end":{"line":228,"column":91}},"228":{"start":{"line":229,"column":0},"end":{"line":229,"column":0}},"229":{"start":{"line":230,"column":0},"end":{"line":230,"column":39}},"230":{"start":{"line":231,"column":0},"end":{"line":231,"column":48}},"231":{"start":{"line":232,"column":0},"end":{"line":232,"column":26}},"232":{"start":{"line":233,"column":0},"end":{"line":233,"column":18}},"233":{"start":{"line":234,"column":0},"end":{"line":234,"column":57}},"234":{"start":{"line":235,"column":0},"end":{"line":235,"column":8}},"235":{"start":{"line":236,"column":0},"end":{"line":236,"column":0}},"236":{"start":{"line":237,"column":0},"end":{"line":237,"column":34}},"237":{"start":{"line":238,"column":0},"end":{"line":238,"column":74}},"238":{"start":{"line":239,"column":0},"end":{"line":239,"column":49}},"239":{"start":{"line":240,"column":0},"end":{"line":240,"column":8}},"240":{"start":{"line":241,"column":0},"end":{"line":241,"column":0}},"241":{"start":{"line":242,"column":0},"end":{"line":242,"column":40}},"242":{"start":{"line":243,"column":0},"end":{"line":243,"column":43}},"243":{"start":{"line":244,"column":0},"end":{"line":244,"column":36}},"244":{"start":{"line":245,"column":0},"end":{"line":245,"column":60}},"245":{"start":{"line":246,"column":0},"end":{"line":246,"column":15}},"246":{"start":{"line":247,"column":0},"end":{"line":247,"column":24}},"247":{"start":{"line":248,"column":0},"end":{"line":248,"column":29}},"248":{"start":{"line":249,"column":0},"end":{"line":249,"column":10}},"249":{"start":{"line":250,"column":0},"end":{"line":250,"column":15}},"250":{"start":{"line":251,"column":0},"end":{"line":251,"column":28}},"251":{"start":{"line":252,"column":0},"end":{"line":252,"column":32}},"252":{"start":{"line":253,"column":0},"end":{"line":253,"column":10}},"253":{"start":{"line":254,"column":0},"end":{"line":254,"column":15}},"254":{"start":{"line":255,"column":0},"end":{"line":255,"column":27}},"255":{"start":{"line":256,"column":0},"end":{"line":256,"column":17}},"256":{"start":{"line":257,"column":0},"end":{"line":257,"column":42}},"257":{"start":{"line":258,"column":0},"end":{"line":258,"column":48}},"258":{"start":{"line":259,"column":0},"end":{"line":259,"column":42}},"259":{"start":{"line":260,"column":0},"end":{"line":260,"column":40}},"260":{"start":{"line":261,"column":0},"end":{"line":261,"column":54}},"261":{"start":{"line":262,"column":0},"end":{"line":262,"column":49}},"262":{"start":{"line":263,"column":0},"end":{"line":263,"column":11}},"263":{"start":{"line":264,"column":0},"end":{"line":264,"column":10}},"264":{"start":{"line":265,"column":0},"end":{"line":265,"column":15}},"265":{"start":{"line":266,"column":0},"end":{"line":266,"column":23}},"266":{"start":{"line":267,"column":0},"end":{"line":267,"column":20}},"267":{"start":{"line":268,"column":0},"end":{"line":268,"column":10}},"268":{"start":{"line":269,"column":0},"end":{"line":269,"column":15}},"269":{"start":{"line":270,"column":0},"end":{"line":270,"column":7}},"270":{"start":{"line":271,"column":0},"end":{"line":271,"column":0}},"271":{"start":{"line":272,"column":0},"end":{"line":272,"column":26}},"272":{"start":{"line":273,"column":0},"end":{"line":273,"column":28}},"273":{"start":{"line":274,"column":0},"end":{"line":274,"column":0}},"274":{"start":{"line":275,"column":0},"end":{"line":275,"column":34}},"275":{"start":{"line":276,"column":0},"end":{"line":276,"column":70}},"276":{"start":{"line":277,"column":0},"end":{"line":277,"column":22}},"277":{"start":{"line":278,"column":0},"end":{"line":278,"column":30}},"278":{"start":{"line":279,"column":0},"end":{"line":279,"column":12}},"279":{"start":{"line":280,"column":0},"end":{"line":280,"column":10}},"280":{"start":{"line":281,"column":0},"end":{"line":281,"column":71}},"281":{"start":{"line":282,"column":0},"end":{"line":282,"column":35}},"282":{"start":{"line":283,"column":0},"end":{"line":283,"column":17}},"283":{"start":{"line":284,"column":0},"end":{"line":284,"column":26}},"284":{"start":{"line":285,"column":0},"end":{"line":285,"column":28}},"285":{"start":{"line":286,"column":0},"end":{"line":286,"column":12}},"286":{"start":{"line":287,"column":0},"end":{"line":287,"column":44}},"287":{"start":{"line":288,"column":0},"end":{"line":288,"column":22}},"288":{"start":{"line":289,"column":0},"end":{"line":289,"column":17}},"289":{"start":{"line":290,"column":0},"end":{"line":290,"column":43}},"290":{"start":{"line":291,"column":0},"end":{"line":291,"column":16}},"291":{"start":{"line":292,"column":0},"end":{"line":292,"column":9}},"292":{"start":{"line":293,"column":0},"end":{"line":293,"column":7}},"293":{"start":{"line":294,"column":0},"end":{"line":294,"column":0}},"294":{"start":{"line":295,"column":0},"end":{"line":295,"column":37}},"295":{"start":{"line":296,"column":0},"end":{"line":296,"column":61}},"296":{"start":{"line":297,"column":0},"end":{"line":297,"column":19}},"297":{"start":{"line":298,"column":0},"end":{"line":298,"column":18}},"298":{"start":{"line":299,"column":0},"end":{"line":299,"column":42}},"299":{"start":{"line":300,"column":0},"end":{"line":300,"column":8}},"300":{"start":{"line":301,"column":0},"end":{"line":301,"column":0}},"301":{"start":{"line":302,"column":0},"end":{"line":302,"column":39}},"302":{"start":{"line":303,"column":0},"end":{"line":303,"column":87}},"303":{"start":{"line":304,"column":0},"end":{"line":304,"column":0}},"304":{"start":{"line":305,"column":0},"end":{"line":305,"column":29}},"305":{"start":{"line":306,"column":0},"end":{"line":306,"column":50}},"306":{"start":{"line":307,"column":0},"end":{"line":307,"column":26}},"307":{"start":{"line":308,"column":0},"end":{"line":308,"column":39}},"308":{"start":{"line":309,"column":0},"end":{"line":309,"column":19}},"309":{"start":{"line":310,"column":0},"end":{"line":310,"column":22}},"310":{"start":{"line":311,"column":0},"end":{"line":311,"column":8}},"311":{"start":{"line":312,"column":0},"end":{"line":312,"column":0}},"312":{"start":{"line":313,"column":0},"end":{"line":313,"column":58}},"313":{"start":{"line":314,"column":0},"end":{"line":314,"column":0}},"314":{"start":{"line":315,"column":0},"end":{"line":315,"column":30}},"315":{"start":{"line":316,"column":0},"end":{"line":316,"column":33}},"316":{"start":{"line":317,"column":0},"end":{"line":317,"column":45}},"317":{"start":{"line":318,"column":0},"end":{"line":318,"column":53}},"318":{"start":{"line":319,"column":0},"end":{"line":319,"column":59}},"319":{"start":{"line":320,"column":0},"end":{"line":320,"column":39}},"320":{"start":{"line":321,"column":0},"end":{"line":321,"column":52}},"321":{"start":{"line":322,"column":0},"end":{"line":322,"column":42}},"322":{"start":{"line":323,"column":0},"end":{"line":323,"column":8}},"323":{"start":{"line":324,"column":0},"end":{"line":324,"column":0}},"324":{"start":{"line":325,"column":0},"end":{"line":325,"column":23}},"325":{"start":{"line":326,"column":0},"end":{"line":326,"column":13}},"326":{"start":{"line":327,"column":0},"end":{"line":327,"column":26}},"327":{"start":{"line":328,"column":0},"end":{"line":328,"column":23}},"328":{"start":{"line":329,"column":0},"end":{"line":329,"column":8}},"329":{"start":{"line":330,"column":0},"end":{"line":330,"column":0}},"330":{"start":{"line":331,"column":0},"end":{"line":331,"column":22}},"331":{"start":{"line":332,"column":0},"end":{"line":332,"column":13}},"332":{"start":{"line":333,"column":0},"end":{"line":333,"column":25}},"333":{"start":{"line":334,"column":0},"end":{"line":334,"column":15}},"334":{"start":{"line":335,"column":0},"end":{"line":335,"column":34}},"335":{"start":{"line":336,"column":0},"end":{"line":336,"column":24}},"336":{"start":{"line":337,"column":0},"end":{"line":337,"column":21}},"337":{"start":{"line":338,"column":0},"end":{"line":338,"column":49}},"338":{"start":{"line":339,"column":0},"end":{"line":339,"column":59}},"339":{"start":{"line":340,"column":0},"end":{"line":340,"column":24}},"340":{"start":{"line":341,"column":0},"end":{"line":341,"column":9}},"341":{"start":{"line":342,"column":0},"end":{"line":342,"column":8}},"342":{"start":{"line":343,"column":0},"end":{"line":343,"column":0}},"343":{"start":{"line":344,"column":0},"end":{"line":344,"column":13}},"344":{"start":{"line":345,"column":0},"end":{"line":345,"column":21}},"345":{"start":{"line":346,"column":0},"end":{"line":346,"column":18}},"346":{"start":{"line":347,"column":0},"end":{"line":347,"column":8}},"347":{"start":{"line":348,"column":0},"end":{"line":348,"column":0}},"348":{"start":{"line":349,"column":0},"end":{"line":349,"column":21}},"349":{"start":{"line":350,"column":0},"end":{"line":350,"column":13}},"350":{"start":{"line":351,"column":0},"end":{"line":351,"column":22}},"351":{"start":{"line":352,"column":0},"end":{"line":352,"column":39}},"352":{"start":{"line":353,"column":0},"end":{"line":353,"column":69}},"353":{"start":{"line":354,"column":0},"end":{"line":354,"column":29}},"354":{"start":{"line":355,"column":0},"end":{"line":355,"column":11}},"355":{"start":{"line":356,"column":0},"end":{"line":356,"column":33}},"356":{"start":{"line":357,"column":0},"end":{"line":357,"column":52}},"357":{"start":{"line":358,"column":0},"end":{"line":358,"column":50}},"358":{"start":{"line":359,"column":0},"end":{"line":359,"column":11}},"359":{"start":{"line":360,"column":0},"end":{"line":360,"column":9}},"360":{"start":{"line":361,"column":0},"end":{"line":361,"column":8}},"361":{"start":{"line":362,"column":0},"end":{"line":362,"column":5}},"362":{"start":{"line":363,"column":0},"end":{"line":363,"column":3}},"363":{"start":{"line":364,"column":0},"end":{"line":364,"column":0}},"364":{"start":{"line":365,"column":0},"end":{"line":365,"column":52}},"365":{"start":{"line":366,"column":0},"end":{"line":366,"column":35}},"366":{"start":{"line":367,"column":0},"end":{"line":367,"column":3}},"367":{"start":{"line":368,"column":0},"end":{"line":368,"column":0}},"368":{"start":{"line":369,"column":0},"end":{"line":369,"column":67}},"369":{"start":{"line":370,"column":0},"end":{"line":370,"column":9}},"370":{"start":{"line":371,"column":0},"end":{"line":371,"column":43}},"371":{"start":{"line":372,"column":0},"end":{"line":372,"column":81}},"372":{"start":{"line":373,"column":0},"end":{"line":373,"column":40}},"373":{"start":{"line":374,"column":0},"end":{"line":374,"column":0}},"374":{"start":{"line":375,"column":0},"end":{"line":375,"column":40}},"375":{"start":{"line":376,"column":0},"end":{"line":376,"column":46}},"376":{"start":{"line":377,"column":0},"end":{"line":377,"column":21}},"377":{"start":{"line":378,"column":0},"end":{"line":378,"column":7}},"378":{"start":{"line":379,"column":0},"end":{"line":379,"column":0}},"379":{"start":{"line":380,"column":0},"end":{"line":380,"column":54}},"380":{"start":{"line":381,"column":0},"end":{"line":381,"column":38}},"381":{"start":{"line":382,"column":0},"end":{"line":382,"column":29}},"382":{"start":{"line":383,"column":0},"end":{"line":383,"column":34}},"383":{"start":{"line":384,"column":0},"end":{"line":384,"column":10}},"384":{"start":{"line":385,"column":0},"end":{"line":385,"column":8}},"385":{"start":{"line":386,"column":0},"end":{"line":386,"column":0}},"386":{"start":{"line":387,"column":0},"end":{"line":387,"column":18}},"387":{"start":{"line":388,"column":0},"end":{"line":388,"column":0}},"388":{"start":{"line":389,"column":0},"end":{"line":389,"column":21}},"389":{"start":{"line":390,"column":0},"end":{"line":390,"column":86}},"390":{"start":{"line":391,"column":0},"end":{"line":391,"column":19}},"391":{"start":{"line":392,"column":0},"end":{"line":392,"column":5}},"392":{"start":{"line":393,"column":0},"end":{"line":393,"column":3}},"393":{"start":{"line":394,"column":0},"end":{"line":394,"column":0}},"394":{"start":{"line":395,"column":0},"end":{"line":395,"column":60}},"395":{"start":{"line":396,"column":0},"end":{"line":396,"column":62}},"396":{"start":{"line":397,"column":0},"end":{"line":397,"column":37}},"397":{"start":{"line":398,"column":0},"end":{"line":398,"column":32}},"398":{"start":{"line":399,"column":0},"end":{"line":399,"column":25}},"399":{"start":{"line":400,"column":0},"end":{"line":400,"column":8}},"400":{"start":{"line":401,"column":0},"end":{"line":401,"column":5}},"401":{"start":{"line":402,"column":0},"end":{"line":402,"column":0}},"402":{"start":{"line":403,"column":0},"end":{"line":403,"column":63}},"403":{"start":{"line":404,"column":0},"end":{"line":404,"column":37}},"404":{"start":{"line":405,"column":0},"end":{"line":405,"column":46}},"405":{"start":{"line":406,"column":0},"end":{"line":406,"column":25}},"406":{"start":{"line":407,"column":0},"end":{"line":407,"column":8}},"407":{"start":{"line":408,"column":0},"end":{"line":408,"column":5}},"408":{"start":{"line":409,"column":0},"end":{"line":409,"column":0}},"409":{"start":{"line":410,"column":0},"end":{"line":410,"column":58}},"410":{"start":{"line":411,"column":0},"end":{"line":411,"column":37}},"411":{"start":{"line":412,"column":0},"end":{"line":412,"column":41}},"412":{"start":{"line":413,"column":0},"end":{"line":413,"column":25}},"413":{"start":{"line":414,"column":0},"end":{"line":414,"column":8}},"414":{"start":{"line":415,"column":0},"end":{"line":415,"column":5}},"415":{"start":{"line":416,"column":0},"end":{"line":416,"column":3}},"416":{"start":{"line":417,"column":0},"end":{"line":417,"column":0}},"417":{"start":{"line":418,"column":0},"end":{"line":418,"column":25}},"418":{"start":{"line":419,"column":0},"end":{"line":419,"column":36}},"419":{"start":{"line":420,"column":0},"end":{"line":420,"column":27}},"420":{"start":{"line":421,"column":0},"end":{"line":421,"column":21}},"421":{"start":{"line":422,"column":0},"end":{"line":422,"column":6}},"422":{"start":{"line":423,"column":0},"end":{"line":423,"column":20}},"423":{"start":{"line":424,"column":0},"end":{"line":424,"column":30}},"424":{"start":{"line":425,"column":0},"end":{"line":425,"column":29}},"425":{"start":{"line":426,"column":0},"end":{"line":426,"column":5}},"426":{"start":{"line":427,"column":0},"end":{"line":427,"column":21}},"427":{"start":{"line":428,"column":0},"end":{"line":428,"column":28}},"428":{"start":{"line":429,"column":0},"end":{"line":429,"column":26}},"429":{"start":{"line":430,"column":0},"end":{"line":430,"column":0}},"430":{"start":{"line":431,"column":0},"end":{"line":431,"column":80}},"431":{"start":{"line":432,"column":0},"end":{"line":432,"column":42}},"432":{"start":{"line":433,"column":0},"end":{"line":433,"column":89}},"433":{"start":{"line":434,"column":0},"end":{"line":434,"column":0}},"434":{"start":{"line":435,"column":0},"end":{"line":435,"column":54}},"435":{"start":{"line":436,"column":0},"end":{"line":436,"column":37}},"436":{"start":{"line":437,"column":0},"end":{"line":437,"column":35}},"437":{"start":{"line":438,"column":0},"end":{"line":438,"column":0}},"438":{"start":{"line":439,"column":0},"end":{"line":439,"column":44}},"439":{"start":{"line":440,"column":0},"end":{"line":440,"column":75}},"440":{"start":{"line":441,"column":0},"end":{"line":441,"column":30}},"441":{"start":{"line":442,"column":0},"end":{"line":442,"column":0}},"442":{"start":{"line":443,"column":0},"end":{"line":443,"column":40}},"443":{"start":{"line":444,"column":0},"end":{"line":444,"column":101}},"444":{"start":{"line":445,"column":0},"end":{"line":445,"column":0}},"445":{"start":{"line":446,"column":0},"end":{"line":446,"column":61}},"446":{"start":{"line":447,"column":0},"end":{"line":447,"column":60}},"447":{"start":{"line":448,"column":0},"end":{"line":448,"column":35}},"448":{"start":{"line":449,"column":0},"end":{"line":449,"column":64}},"449":{"start":{"line":450,"column":0},"end":{"line":450,"column":118}},"450":{"start":{"line":451,"column":0},"end":{"line":451,"column":85}},"451":{"start":{"line":452,"column":0},"end":{"line":452,"column":106}},"452":{"start":{"line":453,"column":0},"end":{"line":453,"column":38}},"453":{"start":{"line":454,"column":0},"end":{"line":454,"column":9}},"454":{"start":{"line":455,"column":0},"end":{"line":455,"column":25}},"455":{"start":{"line":456,"column":0},"end":{"line":456,"column":14}},"456":{"start":{"line":457,"column":0},"end":{"line":457,"column":7}},"457":{"start":{"line":458,"column":0},"end":{"line":458,"column":0}},"458":{"start":{"line":459,"column":0},"end":{"line":459,"column":28}},"459":{"start":{"line":460,"column":0},"end":{"line":460,"column":43}},"460":{"start":{"line":461,"column":0},"end":{"line":461,"column":5}},"461":{"start":{"line":462,"column":0},"end":{"line":462,"column":0}},"462":{"start":{"line":463,"column":0},"end":{"line":463,"column":72}},"463":{"start":{"line":464,"column":0},"end":{"line":464,"column":0}},"464":{"start":{"line":465,"column":0},"end":{"line":465,"column":12}},"465":{"start":{"line":466,"column":0},"end":{"line":466,"column":30}},"466":{"start":{"line":467,"column":0},"end":{"line":467,"column":34}},"467":{"start":{"line":468,"column":0},"end":{"line":468,"column":22}},"468":{"start":{"line":469,"column":0},"end":{"line":469,"column":6}},"469":{"start":{"line":470,"column":0},"end":{"line":470,"column":3}},"470":{"start":{"line":471,"column":0},"end":{"line":471,"column":0}},"471":{"start":{"line":472,"column":0},"end":{"line":472,"column":36}},"472":{"start":{"line":473,"column":0},"end":{"line":473,"column":19}},"473":{"start":{"line":474,"column":0},"end":{"line":474,"column":27}},"474":{"start":{"line":475,"column":0},"end":{"line":475,"column":32}},"475":{"start":{"line":476,"column":0},"end":{"line":476,"column":13}},"476":{"start":{"line":477,"column":0},"end":{"line":477,"column":29}},"477":{"start":{"line":478,"column":0},"end":{"line":478,"column":47}},"478":{"start":{"line":479,"column":0},"end":{"line":479,"column":54}},"479":{"start":{"line":480,"column":0},"end":{"line":480,"column":5}},"480":{"start":{"line":481,"column":0},"end":{"line":481,"column":0}},"481":{"start":{"line":482,"column":0},"end":{"line":482,"column":36}},"482":{"start":{"line":483,"column":0},"end":{"line":483,"column":92}},"483":{"start":{"line":484,"column":0},"end":{"line":484,"column":0}},"484":{"start":{"line":485,"column":0},"end":{"line":485,"column":42}},"485":{"start":{"line":486,"column":0},"end":{"line":486,"column":44}},"486":{"start":{"line":487,"column":0},"end":{"line":487,"column":80}},"487":{"start":{"line":488,"column":0},"end":{"line":488,"column":44}},"488":{"start":{"line":489,"column":0},"end":{"line":489,"column":5}},"489":{"start":{"line":490,"column":0},"end":{"line":490,"column":0}},"490":{"start":{"line":491,"column":0},"end":{"line":491,"column":27}},"491":{"start":{"line":492,"column":0},"end":{"line":492,"column":3}},"492":{"start":{"line":493,"column":0},"end":{"line":493,"column":0}},"493":{"start":{"line":494,"column":0},"end":{"line":494,"column":30}},"494":{"start":{"line":495,"column":0},"end":{"line":495,"column":36}},"495":{"start":{"line":496,"column":0},"end":{"line":496,"column":30}},"496":{"start":{"line":497,"column":0},"end":{"line":497,"column":19}},"497":{"start":{"line":498,"column":0},"end":{"line":498,"column":35}},"498":{"start":{"line":499,"column":0},"end":{"line":499,"column":13}},"499":{"start":{"line":500,"column":0},"end":{"line":500,"column":44}},"500":{"start":{"line":501,"column":0},"end":{"line":501,"column":0}},"501":{"start":{"line":502,"column":0},"end":{"line":502,"column":49}},"502":{"start":{"line":503,"column":0},"end":{"line":503,"column":27}},"503":{"start":{"line":504,"column":0},"end":{"line":504,"column":24}},"504":{"start":{"line":505,"column":0},"end":{"line":505,"column":5}},"505":{"start":{"line":506,"column":0},"end":{"line":506,"column":0}},"506":{"start":{"line":507,"column":0},"end":{"line":507,"column":39}},"507":{"start":{"line":508,"column":0},"end":{"line":508,"column":31}},"508":{"start":{"line":509,"column":0},"end":{"line":509,"column":53}},"509":{"start":{"line":510,"column":0},"end":{"line":510,"column":73}},"510":{"start":{"line":511,"column":0},"end":{"line":511,"column":50}},"511":{"start":{"line":512,"column":0},"end":{"line":512,"column":5}},"512":{"start":{"line":513,"column":0},"end":{"line":513,"column":0}},"513":{"start":{"line":514,"column":0},"end":{"line":514,"column":52}},"514":{"start":{"line":515,"column":0},"end":{"line":515,"column":62}},"515":{"start":{"line":516,"column":0},"end":{"line":516,"column":31}},"516":{"start":{"line":517,"column":0},"end":{"line":517,"column":84}},"517":{"start":{"line":518,"column":0},"end":{"line":518,"column":84}},"518":{"start":{"line":519,"column":0},"end":{"line":519,"column":83}},"519":{"start":{"line":520,"column":0},"end":{"line":520,"column":14}},"520":{"start":{"line":521,"column":0},"end":{"line":521,"column":0}},"521":{"start":{"line":522,"column":0},"end":{"line":522,"column":91}},"522":{"start":{"line":523,"column":0},"end":{"line":523,"column":5}},"523":{"start":{"line":524,"column":0},"end":{"line":524,"column":0}},"524":{"start":{"line":525,"column":0},"end":{"line":525,"column":67}},"525":{"start":{"line":526,"column":0},"end":{"line":526,"column":29}},"526":{"start":{"line":527,"column":0},"end":{"line":527,"column":24}},"527":{"start":{"line":528,"column":0},"end":{"line":528,"column":5}},"528":{"start":{"line":529,"column":0},"end":{"line":529,"column":0}},"529":{"start":{"line":530,"column":0},"end":{"line":530,"column":41}},"530":{"start":{"line":531,"column":0},"end":{"line":531,"column":25}},"531":{"start":{"line":532,"column":0},"end":{"line":532,"column":41}},"532":{"start":{"line":533,"column":0},"end":{"line":533,"column":23}},"533":{"start":{"line":534,"column":0},"end":{"line":534,"column":28}},"534":{"start":{"line":535,"column":0},"end":{"line":535,"column":33}},"535":{"start":{"line":536,"column":0},"end":{"line":536,"column":6}},"536":{"start":{"line":537,"column":0},"end":{"line":537,"column":0}},"537":{"start":{"line":538,"column":0},"end":{"line":538,"column":60}},"538":{"start":{"line":539,"column":0},"end":{"line":539,"column":64}},"539":{"start":{"line":540,"column":0},"end":{"line":540,"column":5}},"540":{"start":{"line":541,"column":0},"end":{"line":541,"column":0}},"541":{"start":{"line":542,"column":0},"end":{"line":542,"column":52}},"542":{"start":{"line":543,"column":0},"end":{"line":543,"column":3}},"543":{"start":{"line":544,"column":0},"end":{"line":544,"column":0}},"544":{"start":{"line":545,"column":0},"end":{"line":545,"column":102}},"545":{"start":{"line":546,"column":0},"end":{"line":546,"column":49}},"546":{"start":{"line":547,"column":0},"end":{"line":547,"column":42}},"547":{"start":{"line":548,"column":0},"end":{"line":548,"column":39}},"548":{"start":{"line":549,"column":0},"end":{"line":549,"column":8}},"549":{"start":{"line":550,"column":0},"end":{"line":550,"column":0}},"550":{"start":{"line":551,"column":0},"end":{"line":551,"column":60}},"551":{"start":{"line":552,"column":0},"end":{"line":552,"column":3}},"552":{"start":{"line":553,"column":0},"end":{"line":553,"column":1}},"553":{"start":{"line":554,"column":0},"end":{"line":554,"column":0}},"554":{"start":{"line":555,"column":0},"end":{"line":555,"column":3}},"555":{"start":{"line":556,"column":0},"end":{"line":556,"column":62}},"556":{"start":{"line":557,"column":0},"end":{"line":557,"column":3}},"557":{"start":{"line":558,"column":0},"end":{"line":558,"column":80}},"558":{"start":{"line":559,"column":0},"end":{"line":559,"column":14}},"559":{"start":{"line":560,"column":0},"end":{"line":560,"column":39}},"560":{"start":{"line":561,"column":0},"end":{"line":561,"column":37}},"561":{"start":{"line":562,"column":0},"end":{"line":562,"column":36}},"562":{"start":{"line":563,"column":0},"end":{"line":563,"column":32}},"563":{"start":{"line":564,"column":0},"end":{"line":564,"column":28}},"564":{"start":{"line":565,"column":0},"end":{"line":565,"column":27}},"565":{"start":{"line":566,"column":0},"end":{"line":566,"column":25}},"566":{"start":{"line":567,"column":0},"end":{"line":567,"column":9}},"567":{"start":{"line":568,"column":0},"end":{"line":568,"column":25}},"568":{"start":{"line":569,"column":0},"end":{"line":569,"column":22}},"569":{"start":{"line":570,"column":0},"end":{"line":570,"column":22}},"570":{"start":{"line":571,"column":0},"end":{"line":571,"column":5}},"571":{"start":{"line":572,"column":0},"end":{"line":572,"column":5}},"572":{"start":{"line":573,"column":0},"end":{"line":573,"column":63}},"573":{"start":{"line":574,"column":0},"end":{"line":574,"column":3}},"574":{"start":{"line":575,"column":0},"end":{"line":575,"column":0}},"575":{"start":{"line":576,"column":0},"end":{"line":576,"column":81}},"576":{"start":{"line":577,"column":0},"end":{"line":577,"column":59}},"577":{"start":{"line":578,"column":0},"end":{"line":578,"column":0}},"578":{"start":{"line":579,"column":0},"end":{"line":579,"column":29}},"579":{"start":{"line":580,"column":0},"end":{"line":580,"column":35}},"580":{"start":{"line":581,"column":0},"end":{"line":581,"column":0}},"581":{"start":{"line":582,"column":0},"end":{"line":582,"column":20}},"582":{"start":{"line":583,"column":0},"end":{"line":583,"column":3}},"583":{"start":{"line":584,"column":0},"end":{"line":584,"column":0}},"584":{"start":{"line":585,"column":0},"end":{"line":585,"column":35}},"585":{"start":{"line":586,"column":0},"end":{"line":586,"column":29}},"586":{"start":{"line":587,"column":0},"end":{"line":587,"column":64}},"587":{"start":{"line":588,"column":0},"end":{"line":588,"column":29}},"588":{"start":{"line":589,"column":0},"end":{"line":589,"column":32}},"589":{"start":{"line":590,"column":0},"end":{"line":590,"column":0}},"590":{"start":{"line":591,"column":0},"end":{"line":591,"column":73}},"591":{"start":{"line":592,"column":0},"end":{"line":592,"column":69}},"592":{"start":{"line":593,"column":0},"end":{"line":593,"column":69}},"593":{"start":{"line":594,"column":0},"end":{"line":594,"column":32}},"594":{"start":{"line":595,"column":0},"end":{"line":595,"column":45}},"595":{"start":{"line":596,"column":0},"end":{"line":596,"column":30}},"596":{"start":{"line":597,"column":0},"end":{"line":597,"column":7}},"597":{"start":{"line":598,"column":0},"end":{"line":598,"column":0}},"598":{"start":{"line":599,"column":0},"end":{"line":599,"column":31}},"599":{"start":{"line":600,"column":0},"end":{"line":600,"column":18}},"600":{"start":{"line":601,"column":0},"end":{"line":601,"column":0}},"601":{"start":{"line":602,"column":0},"end":{"line":602,"column":53}},"602":{"start":{"line":603,"column":0},"end":{"line":603,"column":34}},"603":{"start":{"line":604,"column":0},"end":{"line":604,"column":23}},"604":{"start":{"line":605,"column":0},"end":{"line":605,"column":45}},"605":{"start":{"line":606,"column":0},"end":{"line":606,"column":52}},"606":{"start":{"line":607,"column":0},"end":{"line":607,"column":31}},"607":{"start":{"line":608,"column":0},"end":{"line":608,"column":26}},"608":{"start":{"line":609,"column":0},"end":{"line":609,"column":49}},"609":{"start":{"line":610,"column":0},"end":{"line":610,"column":55}},"610":{"start":{"line":611,"column":0},"end":{"line":611,"column":49}},"611":{"start":{"line":612,"column":0},"end":{"line":612,"column":48}},"612":{"start":{"line":613,"column":0},"end":{"line":613,"column":65}},"613":{"start":{"line":614,"column":0},"end":{"line":614,"column":51}},"614":{"start":{"line":615,"column":0},"end":{"line":615,"column":12}},"615":{"start":{"line":616,"column":0},"end":{"line":616,"column":0}},"616":{"start":{"line":617,"column":0},"end":{"line":617,"column":15}},"617":{"start":{"line":618,"column":0},"end":{"line":618,"column":48}},"618":{"start":{"line":619,"column":0},"end":{"line":619,"column":27}},"619":{"start":{"line":620,"column":0},"end":{"line":620,"column":81}},"620":{"start":{"line":621,"column":0},"end":{"line":621,"column":84}},"621":{"start":{"line":622,"column":0},"end":{"line":622,"column":11}},"622":{"start":{"line":623,"column":0},"end":{"line":623,"column":9}},"623":{"start":{"line":624,"column":0},"end":{"line":624,"column":14}},"624":{"start":{"line":625,"column":0},"end":{"line":625,"column":7}},"625":{"start":{"line":626,"column":0},"end":{"line":626,"column":5}},"626":{"start":{"line":627,"column":0},"end":{"line":627,"column":3}},"627":{"start":{"line":628,"column":0},"end":{"line":628,"column":0}},"628":{"start":{"line":629,"column":0},"end":{"line":629,"column":62}},"629":{"start":{"line":630,"column":0},"end":{"line":630,"column":33}},"630":{"start":{"line":631,"column":0},"end":{"line":631,"column":69}},"631":{"start":{"line":632,"column":0},"end":{"line":632,"column":119}},"632":{"start":{"line":633,"column":0},"end":{"line":633,"column":5}},"633":{"start":{"line":634,"column":0},"end":{"line":634,"column":0}},"634":{"start":{"line":635,"column":0},"end":{"line":635,"column":27}},"635":{"start":{"line":636,"column":0},"end":{"line":636,"column":65}},"636":{"start":{"line":637,"column":0},"end":{"line":637,"column":62}},"637":{"start":{"line":638,"column":0},"end":{"line":638,"column":109}},"638":{"start":{"line":639,"column":0},"end":{"line":639,"column":5}},"639":{"start":{"line":640,"column":0},"end":{"line":640,"column":0}},"640":{"start":{"line":641,"column":0},"end":{"line":641,"column":20}},"641":{"start":{"line":642,"column":0},"end":{"line":642,"column":69}},"642":{"start":{"line":643,"column":0},"end":{"line":643,"column":120}},"643":{"start":{"line":644,"column":0},"end":{"line":644,"column":5}},"644":{"start":{"line":645,"column":0},"end":{"line":645,"column":0}},"645":{"start":{"line":646,"column":0},"end":{"line":646,"column":33}},"646":{"start":{"line":647,"column":0},"end":{"line":647,"column":87}},"647":{"start":{"line":648,"column":0},"end":{"line":648,"column":37}},"648":{"start":{"line":649,"column":0},"end":{"line":649,"column":44}},"649":{"start":{"line":650,"column":0},"end":{"line":650,"column":36}},"650":{"start":{"line":651,"column":0},"end":{"line":651,"column":8}},"651":{"start":{"line":652,"column":0},"end":{"line":652,"column":5}},"652":{"start":{"line":653,"column":0},"end":{"line":653,"column":3}},"653":{"start":{"line":654,"column":0},"end":{"line":654,"column":1}},"654":{"start":{"line":655,"column":0},"end":{"line":655,"column":0}},"655":{"start":{"line":656,"column":0},"end":{"line":656,"column":3}},"656":{"start":{"line":657,"column":0},"end":{"line":657,"column":57}},"657":{"start":{"line":658,"column":0},"end":{"line":658,"column":3}},"658":{"start":{"line":659,"column":0},"end":{"line":659,"column":45}},"659":{"start":{"line":660,"column":0},"end":{"line":660,"column":27}},"660":{"start":{"line":661,"column":0},"end":{"line":661,"column":33}},"661":{"start":{"line":662,"column":0},"end":{"line":662,"column":27}},"662":{"start":{"line":663,"column":0},"end":{"line":663,"column":56}},"663":{"start":{"line":664,"column":0},"end":{"line":664,"column":54}},"664":{"start":{"line":665,"column":0},"end":{"line":665,"column":0}},"665":{"start":{"line":666,"column":0},"end":{"line":666,"column":17}},"666":{"start":{"line":667,"column":0},"end":{"line":667,"column":93}},"667":{"start":{"line":668,"column":0},"end":{"line":668,"column":90}},"668":{"start":{"line":669,"column":0},"end":{"line":669,"column":1}}},"s":{"0":1,"1":1,"2":1,"3":1,"4":1,"5":1,"6":1,"7":1,"8":1,"9":1,"10":1,"11":1,"12":1,"13":1,"14":1,"15":1,"16":1,"17":1,"18":1,"19":1,"20":1,"21":1,"22":1,"23":1,"24":1,"25":1,"26":1,"27":1,"28":1,"29":1,"30":1,"31":1,"32":1,"33":1,"34":1,"35":1,"36":1,"37":1,"38":28,"39":28,"40":28,"41":28,"42":28,"43":28,"44":28,"45":28,"46":28,"47":28,"48":28,"49":28,"50":11,"51":11,"52":11,"53":11,"54":11,"55":11,"56":11,"57":11,"58":11,"59":11,"60":11,"61":11,"62":9,"63":11,"64":11,"65":11,"66":11,"67":11,"68":2,"69":2,"70":2,"71":2,"72":2,"73":2,"74":2,"75":2,"76":2,"77":2,"78":2,"79":2,"80":2,"81":2,"82":2,"83":2,"84":2,"85":2,"86":2,"87":2,"88":2,"89":7,"90":7,"91":7,"92":7,"93":7,"94":7,"95":7,"96":7,"97":7,"98":11,"99":11,"100":11,"101":11,"102":11,"103":11,"104":7,"105":7,"106":7,"107":7,"108":7,"109":7,"110":7,"111":7,"112":7,"113":7,"114":7,"115":7,"116":11,"117":11,"118":11,"119":11,"120":11,"121":11,"122":11,"123":11,"124":11,"125":11,"126":11,"127":11,"128":11,"129":11,"130":11,"131":11,"132":11,"133":11,"134":11,"135":11,"136":11,"137":11,"138":11,"139":11,"140":11,"141":11,"142":11,"143":11,"144":11,"145":11,"146":11,"147":11,"148":11,"149":11,"150":11,"151":11,"152":11,"153":11,"154":11,"155":11,"156":2,"157":2,"158":2,"159":2,"160":2,"161":2,"162":2,"163":2,"164":2,"165":2,"166":11,"167":28,"168":28,"169":0,"170":0,"171":0,"172":0,"173":0,"174":0,"175":0,"176":0,"177":0,"178":0,"179":0,"180":0,"181":0,"182":0,"183":0,"184":0,"185":0,"186":0,"187":0,"188":0,"189":0,"190":0,"191":0,"192":0,"193":0,"194":0,"195":0,"196":0,"197":0,"198":0,"199":0,"200":0,"201":0,"202":0,"203":0,"204":0,"205":0,"206":0,"207":0,"208":0,"209":0,"210":0,"211":0,"212":0,"213":0,"214":0,"215":0,"216":0,"217":0,"218":0,"219":0,"220":0,"221":0,"222":0,"223":0,"224":0,"225":0,"226":0,"227":0,"228":0,"229":0,"230":0,"231":0,"232":0,"233":0,"234":0,"235":0,"236":0,"237":0,"238":0,"239":0,"240":0,"241":0,"242":0,"243":0,"244":0,"245":0,"246":0,"247":0,"248":0,"249":0,"250":0,"251":0,"252":0,"253":0,"254":0,"255":0,"256":0,"257":0,"258":0,"259":0,"260":0,"261":0,"262":0,"263":0,"264":0,"265":0,"266":0,"267":0,"268":0,"269":0,"270":0,"271":0,"272":0,"273":0,"274":0,"275":0,"276":0,"277":0,"278":0,"279":0,"280":0,"281":0,"282":0,"283":0,"284":0,"285":0,"286":0,"287":0,"288":0,"289":0,"290":0,"291":0,"292":0,"293":0,"294":0,"295":0,"296":0,"297":0,"298":0,"299":0,"300":0,"301":0,"302":0,"303":0,"304":0,"305":0,"306":0,"307":0,"308":0,"309":0,"310":0,"311":0,"312":0,"313":0,"314":0,"315":0,"316":0,"317":0,"318":0,"319":0,"320":0,"321":0,"322":0,"323":0,"324":0,"325":0,"326":0,"327":0,"328":0,"329":0,"330":0,"331":0,"332":0,"333":0,"334":0,"335":0,"336":0,"337":0,"338":0,"339":0,"340":0,"341":0,"342":0,"343":0,"344":0,"345":0,"346":0,"347":0,"348":0,"349":0,"350":0,"351":0,"352":0,"353":0,"354":0,"355":0,"356":0,"357":0,"358":0,"359":0,"360":0,"361":0,"362":0,"363":28,"364":28,"365":2,"366":2,"367":28,"368":28,"369":1,"370":1,"371":1,"372":1,"373":1,"374":1,"375":1,"376":0,"377":0,"378":1,"379":1,"380":1,"381":1,"382":1,"383":1,"384":1,"385":1,"386":1,"387":1,"388":1,"389":0,"390":0,"391":0,"392":1,"393":28,"394":28,"395":11,"396":0,"397":0,"398":0,"399":0,"400":0,"401":11,"402":11,"403":1,"404":1,"405":1,"406":1,"407":1,"408":10,"409":11,"410":1,"411":1,"412":1,"413":1,"414":1,"415":11,"416":28,"417":28,"418":7,"419":7,"420":7,"421":7,"422":7,"423":7,"424":7,"425":7,"426":7,"427":7,"428":7,"429":7,"430":7,"431":7,"432":7,"433":7,"434":7,"435":13,"436":13,"437":13,"438":13,"439":13,"440":13,"441":13,"442":13,"443":13,"444":13,"445":13,"446":13,"447":1,"448":1,"449":1,"450":1,"451":1,"452":1,"453":1,"454":1,"455":1,"456":1,"457":12,"458":12,"459":12,"460":12,"461":13,"462":13,"463":13,"464":13,"465":13,"466":13,"467":13,"468":13,"469":13,"470":28,"471":28,"472":7,"473":7,"474":7,"475":7,"476":7,"477":1,"478":1,"479":1,"480":6,"481":6,"482":6,"483":6,"484":6,"485":6,"486":6,"487":6,"488":6,"489":0,"490":0,"491":0,"492":28,"493":28,"494":7,"495":7,"496":7,"497":7,"498":7,"499":7,"500":7,"501":7,"502":7,"503":1,"504":1,"505":7,"506":7,"507":7,"508":7,"509":7,"510":7,"511":7,"512":7,"513":7,"514":7,"515":0,"516":0,"517":0,"518":0,"519":0,"520":0,"521":0,"522":0,"523":7,"524":7,"525":7,"526":0,"527":0,"528":7,"529":7,"530":7,"531":7,"532":7,"533":7,"534":7,"535":7,"536":7,"537":7,"538":0,"539":0,"540":7,"541":7,"542":7,"543":28,"544":28,"545":9,"546":16,"547":16,"548":9,"549":9,"550":9,"551":9,"552":28,"553":1,"554":1,"555":1,"556":1,"557":1,"558":14,"559":14,"560":14,"561":14,"562":14,"563":14,"564":14,"565":14,"566":14,"567":14,"568":14,"569":14,"570":14,"571":14,"572":14,"573":14,"574":14,"575":14,"576":2,"577":2,"578":2,"579":2,"580":2,"581":2,"582":2,"583":14,"584":14,"585":0,"586":0,"587":0,"588":0,"589":0,"590":0,"591":0,"592":0,"593":0,"594":0,"595":0,"596":0,"597":0,"598":0,"599":0,"600":0,"601":0,"602":0,"603":0,"604":0,"605":0,"606":0,"607":0,"608":0,"609":0,"610":0,"611":0,"612":0,"613":0,"614":0,"615":0,"616":0,"617":0,"618":0,"619":0,"620":0,"621":0,"622":0,"623":0,"624":0,"625":0,"626":0,"627":14,"628":14,"629":2,"630":2,"631":0,"632":0,"633":2,"634":2,"635":2,"636":2,"637":0,"638":0,"639":2,"640":2,"641":2,"642":0,"643":0,"644":2,"645":2,"646":2,"647":1,"648":1,"649":1,"650":1,"651":1,"652":2,"653":14,"654":1,"655":1,"656":1,"657":1,"658":1,"659":0,"660":0,"661":0,"662":0,"663":0,"664":0,"665":0,"666":0,"667":0,"668":0},"branchMap":{"0":{"type":"branch","line":38,"loc":{"start":{"line":38,"column":39},"end":{"line":553,"column":1}},"locations":[{"start":{"line":38,"column":39},"end":{"line":553,"column":1}}]},"1":{"type":"branch","line":42,"loc":{"start":{"line":42,"column":2},"end":{"line":48,"column":3}},"locations":[{"start":{"line":42,"column":2},"end":{"line":48,"column":3}}]},"2":{"type":"branch","line":50,"loc":{"start":{"line":50,"column":2},"end":{"line":167,"column":3}},"locations":[{"start":{"line":50,"column":2},"end":{"line":167,"column":3}}]},"3":{"type":"branch","line":63,"loc":{"start":{"line":63,"column":-2},"end":{"line":64,"column":55}},"locations":[{"start":{"line":63,"column":-2},"end":{"line":64,"column":55}}]},"4":{"type":"branch","line":64,"loc":{"start":{"line":64,"column":51},"end":{"line":64,"column":64}},"locations":[{"start":{"line":64,"column":51},"end":{"line":64,"column":64}}]},"5":{"type":"branch","line":65,"loc":{"start":{"line":65,"column":83},"end":{"line":65,"column":92}},"locations":[{"start":{"line":65,"column":83},"end":{"line":65,"column":92}}]},"6":{"type":"branch","line":68,"loc":{"start":{"line":68,"column":41},"end":{"line":68,"column":104}},"locations":[{"start":{"line":68,"column":41},"end":{"line":68,"column":104}}]},"7":{"type":"branch","line":68,"loc":{"start":{"line":68,"column":106},"end":{"line":89,"column":7}},"locations":[{"start":{"line":68,"column":106},"end":{"line":89,"column":7}}]},"8":{"type":"branch","line":90,"loc":{"start":{"line":90,"column":-2},"end":{"line":98,"column":57}},"locations":[{"start":{"line":90,"column":-2},"end":{"line":98,"column":57}}]},"9":{"type":"branch","line":103,"loc":{"start":{"line":103,"column":36},"end":{"line":103,"column":49}},"locations":[{"start":{"line":103,"column":36},"end":{"line":103,"column":49}}]},"10":{"type":"branch","line":105,"loc":{"start":{"line":105,"column":-2},"end":{"line":117,"column":32}},"locations":[{"start":{"line":105,"column":-2},"end":{"line":117,"column":32}}]},"11":{"type":"branch","line":117,"loc":{"start":{"line":117,"column":28},"end":{"line":117,"column":42}},"locations":[{"start":{"line":117,"column":28},"end":{"line":117,"column":42}}]},"12":{"type":"branch","line":156,"loc":{"start":{"line":156,"column":6},"end":{"line":166,"column":5}},"locations":[{"start":{"line":156,"column":6},"end":{"line":166,"column":5}}]},"13":{"type":"branch","line":365,"loc":{"start":{"line":365,"column":2},"end":{"line":367,"column":3}},"locations":[{"start":{"line":365,"column":2},"end":{"line":367,"column":3}}]},"14":{"type":"branch","line":369,"loc":{"start":{"line":369,"column":2},"end":{"line":393,"column":3}},"locations":[{"start":{"line":369,"column":2},"end":{"line":393,"column":3}}]},"15":{"type":"branch","line":376,"loc":{"start":{"line":376,"column":45},"end":{"line":378,"column":7}},"locations":[{"start":{"line":376,"column":45},"end":{"line":378,"column":7}}]},"16":{"type":"branch","line":389,"loc":{"start":{"line":389,"column":6},"end":{"line":392,"column":5}},"locations":[{"start":{"line":389,"column":6},"end":{"line":392,"column":5}}]},"17":{"type":"branch","line":395,"loc":{"start":{"line":395,"column":10},"end":{"line":416,"column":3}},"locations":[{"start":{"line":395,"column":10},"end":{"line":416,"column":3}}]},"18":{"type":"branch","line":396,"loc":{"start":{"line":396,"column":61},"end":{"line":401,"column":5}},"locations":[{"start":{"line":396,"column":61},"end":{"line":401,"column":5}}]},"19":{"type":"branch","line":403,"loc":{"start":{"line":403,"column":62},"end":{"line":408,"column":5}},"locations":[{"start":{"line":403,"column":62},"end":{"line":408,"column":5}}]},"20":{"type":"branch","line":409,"loc":{"start":{"line":409,"column":-2},"end":{"line":410,"column":55}},"locations":[{"start":{"line":409,"column":-2},"end":{"line":410,"column":55}}]},"21":{"type":"branch","line":410,"loc":{"start":{"line":410,"column":57},"end":{"line":415,"column":5}},"locations":[{"start":{"line":410,"column":57},"end":{"line":415,"column":5}}]},"22":{"type":"branch","line":418,"loc":{"start":{"line":418,"column":10},"end":{"line":470,"column":3}},"locations":[{"start":{"line":418,"column":10},"end":{"line":470,"column":3}}]},"23":{"type":"branch","line":435,"loc":{"start":{"line":435,"column":53},"end":{"line":470,"column":3}},"locations":[{"start":{"line":435,"column":53},"end":{"line":470,"column":3}}]},"24":{"type":"branch","line":441,"loc":{"start":{"line":441,"column":21},"end":{"line":441,"column":30}},"locations":[{"start":{"line":441,"column":21},"end":{"line":441,"column":30}}]},"25":{"type":"branch","line":443,"loc":{"start":{"line":443,"column":33},"end":{"line":443,"column":39}},"locations":[{"start":{"line":443,"column":33},"end":{"line":443,"column":39}}]},"26":{"type":"branch","line":447,"loc":{"start":{"line":447,"column":59},"end":{"line":457,"column":7}},"locations":[{"start":{"line":447,"column":59},"end":{"line":457,"column":7}}]},"27":{"type":"branch","line":458,"loc":{"start":{"line":458,"column":-2},"end":{"line":461,"column":5}},"locations":[{"start":{"line":458,"column":-2},"end":{"line":461,"column":5}}]},"28":{"type":"branch","line":433,"loc":{"start":{"line":433,"column":12},"end":{"line":433,"column":87}},"locations":[{"start":{"line":433,"column":12},"end":{"line":433,"column":87}}]},"29":{"type":"branch","line":433,"loc":{"start":{"line":433,"column":36},"end":{"line":433,"column":47}},"locations":[{"start":{"line":433,"column":36},"end":{"line":433,"column":47}}]},"30":{"type":"branch","line":433,"loc":{"start":{"line":433,"column":47},"end":{"line":433,"column":52}},"locations":[{"start":{"line":433,"column":47},"end":{"line":433,"column":52}}]},"31":{"type":"branch","line":433,"loc":{"start":{"line":433,"column":70},"end":{"line":433,"column":81}},"locations":[{"start":{"line":433,"column":70},"end":{"line":433,"column":81}}]},"32":{"type":"branch","line":433,"loc":{"start":{"line":433,"column":81},"end":{"line":433,"column":86}},"locations":[{"start":{"line":433,"column":81},"end":{"line":433,"column":86}}]},"33":{"type":"branch","line":440,"loc":{"start":{"line":440,"column":53},"end":{"line":440,"column":73}},"locations":[{"start":{"line":440,"column":53},"end":{"line":440,"column":73}}]},"34":{"type":"branch","line":472,"loc":{"start":{"line":472,"column":10},"end":{"line":492,"column":3}},"locations":[{"start":{"line":472,"column":10},"end":{"line":492,"column":3}}]},"35":{"type":"branch","line":477,"loc":{"start":{"line":477,"column":28},"end":{"line":480,"column":5}},"locations":[{"start":{"line":477,"column":28},"end":{"line":480,"column":5}}]},"36":{"type":"branch","line":481,"loc":{"start":{"line":481,"column":-2},"end":{"line":489,"column":5}},"locations":[{"start":{"line":481,"column":-2},"end":{"line":489,"column":5}}]},"37":{"type":"branch","line":490,"loc":{"start":{"line":490,"column":-2},"end":{"line":492,"column":3}},"locations":[{"start":{"line":490,"column":-2},"end":{"line":492,"column":3}}]},"38":{"type":"branch","line":494,"loc":{"start":{"line":494,"column":10},"end":{"line":543,"column":3}},"locations":[{"start":{"line":494,"column":10},"end":{"line":543,"column":3}}]},"39":{"type":"branch","line":503,"loc":{"start":{"line":503,"column":26},"end":{"line":505,"column":5}},"locations":[{"start":{"line":503,"column":26},"end":{"line":505,"column":5}}]},"40":{"type":"branch","line":515,"loc":{"start":{"line":515,"column":61},"end":{"line":523,"column":5}},"locations":[{"start":{"line":515,"column":61},"end":{"line":523,"column":5}}]},"41":{"type":"branch","line":526,"loc":{"start":{"line":526,"column":28},"end":{"line":528,"column":5}},"locations":[{"start":{"line":526,"column":28},"end":{"line":528,"column":5}}]},"42":{"type":"branch","line":538,"loc":{"start":{"line":538,"column":59},"end":{"line":540,"column":5}},"locations":[{"start":{"line":538,"column":59},"end":{"line":540,"column":5}}]},"43":{"type":"branch","line":509,"loc":{"start":{"line":509,"column":40},"end":{"line":510,"column":49}},"locations":[{"start":{"line":509,"column":40},"end":{"line":510,"column":49}}]},"44":{"type":"branch","line":510,"loc":{"start":{"line":510,"column":30},"end":{"line":510,"column":43}},"locations":[{"start":{"line":510,"column":30},"end":{"line":510,"column":43}}]},"45":{"type":"branch","line":510,"loc":{"start":{"line":510,"column":43},"end":{"line":510,"column":48}},"locations":[{"start":{"line":510,"column":43},"end":{"line":510,"column":48}}]},"46":{"type":"branch","line":538,"loc":{"start":{"line":538,"column":25},"end":{"line":538,"column":56}},"locations":[{"start":{"line":538,"column":25},"end":{"line":538,"column":56}}]},"47":{"type":"branch","line":545,"loc":{"start":{"line":545,"column":10},"end":{"line":552,"column":3}},"locations":[{"start":{"line":545,"column":10},"end":{"line":552,"column":3}}]},"48":{"type":"branch","line":546,"loc":{"start":{"line":546,"column":40},"end":{"line":549,"column":6}},"locations":[{"start":{"line":546,"column":40},"end":{"line":549,"column":6}}]},"49":{"type":"branch","line":558,"loc":{"start":{"line":558,"column":78},"end":{"line":654,"column":1}},"locations":[{"start":{"line":558,"column":78},"end":{"line":654,"column":1}}]},"50":{"type":"branch","line":559,"loc":{"start":{"line":559,"column":2},"end":{"line":574,"column":3}},"locations":[{"start":{"line":559,"column":2},"end":{"line":574,"column":3}}]},"51":{"type":"branch","line":576,"loc":{"start":{"line":576,"column":2},"end":{"line":583,"column":3}},"locations":[{"start":{"line":576,"column":2},"end":{"line":583,"column":3}}]},"52":{"type":"branch","line":629,"loc":{"start":{"line":629,"column":10},"end":{"line":653,"column":3}},"locations":[{"start":{"line":629,"column":10},"end":{"line":653,"column":3}}]},"53":{"type":"branch","line":631,"loc":{"start":{"line":631,"column":68},"end":{"line":633,"column":5}},"locations":[{"start":{"line":631,"column":68},"end":{"line":633,"column":5}}]},"54":{"type":"branch","line":637,"loc":{"start":{"line":637,"column":61},"end":{"line":639,"column":5}},"locations":[{"start":{"line":637,"column":61},"end":{"line":639,"column":5}}]},"55":{"type":"branch","line":642,"loc":{"start":{"line":642,"column":68},"end":{"line":644,"column":5}},"locations":[{"start":{"line":642,"column":68},"end":{"line":644,"column":5}}]},"56":{"type":"branch","line":647,"loc":{"start":{"line":647,"column":86},"end":{"line":652,"column":5}},"locations":[{"start":{"line":647,"column":86},"end":{"line":652,"column":5}}]}},"b":{"0":[28],"1":[28],"2":[11],"3":[9],"4":[0],"5":[9],"6":[7],"7":[2],"8":[7],"9":[0],"10":[7],"11":[5],"12":[2],"13":[2],"14":[1],"15":[0],"16":[0],"17":[11],"18":[0],"19":[1],"20":[10],"21":[1],"22":[7],"23":[13],"24":[0],"25":[0],"26":[1],"27":[12],"28":[7],"29":[0],"30":[0],"31":[0],"32":[0],"33":[19],"34":[7],"35":[1],"36":[6],"37":[0],"38":[7],"39":[1],"40":[0],"41":[0],"42":[0],"43":[14],"44":[0],"45":[0],"46":[28],"47":[9],"48":[16],"49":[14],"50":[14],"51":[2],"52":[2],"53":[0],"54":[0],"55":[0],"56":[1]},"fnMap":{"0":{"name":"<instance_members_initializer>","decl":{"start":{"line":38,"column":39},"end":{"line":553,"column":1}},"loc":{"start":{"line":38,"column":39},"end":{"line":553,"column":1}},"line":38},"1":{"name":"AnswerSynthesisServiceImpl","decl":{"start":{"line":42,"column":2},"end":{"line":48,"column":3}},"loc":{"start":{"line":42,"column":2},"end":{"line":48,"column":3}},"line":42},"2":{"name":"synthesizeAnswer","decl":{"start":{"line":50,"column":2},"end":{"line":167,"column":3}},"loc":{"start":{"line":50,"column":2},"end":{"line":167,"column":3}},"line":50},"3":{"name":"synthesizeAnswerStreaming","decl":{"start":{"line":169,"column":2},"end":{"line":363,"column":3}},"loc":{"start":{"line":169,"column":2},"end":{"line":363,"column":3}},"line":169},"4":{"name":"getQualityMetrics","decl":{"start":{"line":365,"column":2},"end":{"line":367,"column":3}},"loc":{"start":{"line":365,"column":2},"end":{"line":367,"column":3}},"line":365},"5":{"name":"validateConfiguration","decl":{"start":{"line":369,"column":2},"end":{"line":393,"column":3}},"loc":{"start":{"line":369,"column":2},"end":{"line":393,"column":3}},"line":369},"6":{"name":"validateRequest","decl":{"start":{"line":395,"column":10},"end":{"line":416,"column":3}},"loc":{"start":{"line":395,"column":10},"end":{"line":416,"column":3}},"line":395},"7":{"name":"prepareContext","decl":{"start":{"line":418,"column":10},"end":{"line":470,"column":3}},"loc":{"start":{"line":418,"column":10},"end":{"line":470,"column":3}},"line":418},"8":{"name":"formatAnswerWithCitations","decl":{"start":{"line":472,"column":10},"end":{"line":492,"column":3}},"loc":{"start":{"line":472,"column":10},"end":{"line":492,"column":3}},"line":472},"9":{"name":"calculateConfidence","decl":{"start":{"line":494,"column":10},"end":{"line":543,"column":3}},"loc":{"start":{"line":494,"column":10},"end":{"line":543,"column":3}},"line":494},"10":{"name":"calculateFreshnessStats","decl":{"start":{"line":545,"column":10},"end":{"line":552,"column":3}},"loc":{"start":{"line":545,"column":10},"end":{"line":552,"column":3}},"line":545},"11":{"name":"<instance_members_initializer>","decl":{"start":{"line":558,"column":78},"end":{"line":654,"column":1}},"loc":{"start":{"line":558,"column":78},"end":{"line":654,"column":1}},"line":558},"12":{"name":"EnhancedAnswerSynthesisService","decl":{"start":{"line":559,"column":2},"end":{"line":574,"column":3}},"loc":{"start":{"line":559,"column":2},"end":{"line":574,"column":3}},"line":559},"13":{"name":"synthesizeAnswer","decl":{"start":{"line":576,"column":2},"end":{"line":583,"column":3}},"loc":{"start":{"line":576,"column":2},"end":{"line":583,"column":3}},"line":576},"14":{"name":"synthesizeAnswerStreaming","decl":{"start":{"line":585,"column":2},"end":{"line":627,"column":3}},"loc":{"start":{"line":585,"column":2},"end":{"line":627,"column":3}},"line":585},"15":{"name":"validateQuality","decl":{"start":{"line":629,"column":10},"end":{"line":653,"column":3}},"loc":{"start":{"line":629,"column":10},"end":{"line":653,"column":3}},"line":629},"16":{"name":"createAnswerSynthesisService","decl":{"start":{"line":659,"column":6},"end":{"line":669,"column":1}},"loc":{"start":{"line":659,"column":6},"end":{"line":669,"column":1}},"line":659}},"f":{"0":28,"1":28,"2":11,"3":0,"4":2,"5":1,"6":11,"7":7,"8":7,"9":7,"10":9,"11":14,"12":14,"13":2,"14":0,"15":2,"16":0}}
,"C:\\Workspace\\cw-rag-core\\apps\\api\\src\\services\\citation.ts": {"path":"C:\\Workspace\\cw-rag-core\\apps\\api\\src\\services\\citation.ts","all":false,"statementMap":{"0":{"start":{"line":1,"column":0},"end":{"line":1,"column":60}},"1":{"start":{"line":2,"column":0},"end":{"line":2,"column":87}},"2":{"start":{"line":3,"column":0},"end":{"line":3,"column":65}},"3":{"start":{"line":4,"column":0},"end":{"line":4,"column":0}},"4":{"start":{"line":5,"column":0},"end":{"line":5,"column":34}},"5":{"start":{"line":6,"column":0},"end":{"line":6,"column":5}},"6":{"start":{"line":7,"column":0},"end":{"line":7,"column":47}},"7":{"start":{"line":8,"column":0},"end":{"line":8,"column":5}},"8":{"start":{"line":9,"column":0},"end":{"line":9,"column":84}},"9":{"start":{"line":10,"column":0},"end":{"line":10,"column":0}},"10":{"start":{"line":11,"column":0},"end":{"line":11,"column":5}},"11":{"start":{"line":12,"column":0},"end":{"line":12,"column":38}},"12":{"start":{"line":13,"column":0},"end":{"line":13,"column":5}},"13":{"start":{"line":14,"column":0},"end":{"line":14,"column":72}},"14":{"start":{"line":15,"column":0},"end":{"line":15,"column":0}},"15":{"start":{"line":16,"column":0},"end":{"line":16,"column":5}},"16":{"start":{"line":17,"column":0},"end":{"line":17,"column":62}},"17":{"start":{"line":18,"column":0},"end":{"line":18,"column":5}},"18":{"start":{"line":19,"column":0},"end":{"line":19,"column":67}},"19":{"start":{"line":20,"column":0},"end":{"line":20,"column":0}},"20":{"start":{"line":21,"column":0},"end":{"line":21,"column":5}},"21":{"start":{"line":22,"column":0},"end":{"line":22,"column":54}},"22":{"start":{"line":23,"column":0},"end":{"line":23,"column":5}},"23":{"start":{"line":24,"column":0},"end":{"line":24,"column":55}},"24":{"start":{"line":25,"column":0},"end":{"line":25,"column":1}},"25":{"start":{"line":26,"column":0},"end":{"line":26,"column":0}},"26":{"start":{"line":27,"column":0},"end":{"line":27,"column":61}},"27":{"start":{"line":28,"column":0},"end":{"line":28,"column":85}},"28":{"start":{"line":29,"column":0},"end":{"line":29,"column":38}},"29":{"start":{"line":30,"column":0},"end":{"line":30,"column":0}},"30":{"start":{"line":31,"column":0},"end":{"line":31,"column":39}},"31":{"start":{"line":32,"column":0},"end":{"line":32,"column":11}},"32":{"start":{"line":33,"column":0},"end":{"line":33,"column":41}},"33":{"start":{"line":34,"column":0},"end":{"line":34,"column":36}},"34":{"start":{"line":35,"column":0},"end":{"line":35,"column":0}},"35":{"start":{"line":36,"column":0},"end":{"line":36,"column":23}},"36":{"start":{"line":37,"column":0},"end":{"line":37,"column":44}},"37":{"start":{"line":38,"column":0},"end":{"line":38,"column":42}},"38":{"start":{"line":39,"column":0},"end":{"line":39,"column":18}},"39":{"start":{"line":40,"column":0},"end":{"line":40,"column":12}},"40":{"start":{"line":41,"column":0},"end":{"line":41,"column":9}},"41":{"start":{"line":42,"column":0},"end":{"line":42,"column":0}},"42":{"start":{"line":43,"column":0},"end":{"line":43,"column":37}},"43":{"start":{"line":44,"column":0},"end":{"line":44,"column":59}},"44":{"start":{"line":45,"column":0},"end":{"line":45,"column":0}},"45":{"start":{"line":46,"column":0},"end":{"line":46,"column":42}},"46":{"start":{"line":47,"column":0},"end":{"line":47,"column":53}},"47":{"start":{"line":48,"column":0},"end":{"line":48,"column":29}},"48":{"start":{"line":49,"column":0},"end":{"line":49,"column":19}},"49":{"start":{"line":50,"column":0},"end":{"line":50,"column":20}},"50":{"start":{"line":51,"column":0},"end":{"line":51,"column":27}},"51":{"start":{"line":52,"column":0},"end":{"line":52,"column":10}},"52":{"start":{"line":53,"column":0},"end":{"line":53,"column":0}},"53":{"start":{"line":54,"column":0},"end":{"line":54,"column":36}},"54":{"start":{"line":55,"column":0},"end":{"line":55,"column":21}},"55":{"start":{"line":56,"column":0},"end":{"line":56,"column":33}},"56":{"start":{"line":57,"column":0},"end":{"line":57,"column":17}},"57":{"start":{"line":58,"column":0},"end":{"line":58,"column":41}},"58":{"start":{"line":59,"column":0},"end":{"line":59,"column":35}},"59":{"start":{"line":60,"column":0},"end":{"line":60,"column":27}},"60":{"start":{"line":61,"column":0},"end":{"line":61,"column":37}},"61":{"start":{"line":62,"column":0},"end":{"line":62,"column":80}},"62":{"start":{"line":63,"column":0},"end":{"line":63,"column":19}},"63":{"start":{"line":64,"column":0},"end":{"line":64,"column":10}},"64":{"start":{"line":65,"column":0},"end":{"line":65,"column":0}},"65":{"start":{"line":66,"column":0},"end":{"line":66,"column":56}},"66":{"start":{"line":67,"column":0},"end":{"line":67,"column":0}},"67":{"start":{"line":68,"column":0},"end":{"line":68,"column":23}},"68":{"start":{"line":69,"column":0},"end":{"line":69,"column":83}},"69":{"start":{"line":70,"column":0},"end":{"line":70,"column":77}},"70":{"start":{"line":71,"column":0},"end":{"line":71,"column":7}},"71":{"start":{"line":72,"column":0},"end":{"line":72,"column":7}},"72":{"start":{"line":73,"column":0},"end":{"line":73,"column":0}},"73":{"start":{"line":74,"column":0},"end":{"line":74,"column":21}},"74":{"start":{"line":75,"column":0},"end":{"line":75,"column":3}},"75":{"start":{"line":76,"column":0},"end":{"line":76,"column":0}},"76":{"start":{"line":77,"column":0},"end":{"line":77,"column":73}},"77":{"start":{"line":78,"column":0},"end":{"line":78,"column":72}},"78":{"start":{"line":79,"column":0},"end":{"line":79,"column":67}},"79":{"start":{"line":80,"column":0},"end":{"line":80,"column":44}},"80":{"start":{"line":81,"column":0},"end":{"line":81,"column":29}},"81":{"start":{"line":82,"column":0},"end":{"line":82,"column":0}},"82":{"start":{"line":83,"column":0},"end":{"line":83,"column":47}},"83":{"start":{"line":84,"column":0},"end":{"line":84,"column":71}},"84":{"start":{"line":85,"column":0},"end":{"line":85,"column":0}},"85":{"start":{"line":86,"column":0},"end":{"line":86,"column":42}},"86":{"start":{"line":87,"column":0},"end":{"line":87,"column":33}},"87":{"start":{"line":88,"column":0},"end":{"line":88,"column":75}},"88":{"start":{"line":89,"column":0},"end":{"line":89,"column":0}},"89":{"start":{"line":90,"column":0},"end":{"line":90,"column":33}},"90":{"start":{"line":91,"column":0},"end":{"line":91,"column":36}},"91":{"start":{"line":92,"column":0},"end":{"line":92,"column":96}},"92":{"start":{"line":93,"column":0},"end":{"line":93,"column":61}},"93":{"start":{"line":94,"column":0},"end":{"line":94,"column":17}},"94":{"start":{"line":95,"column":0},"end":{"line":95,"column":7}},"95":{"start":{"line":96,"column":0},"end":{"line":96,"column":0}},"96":{"start":{"line":97,"column":0},"end":{"line":97,"column":47}},"97":{"start":{"line":98,"column":0},"end":{"line":98,"column":47}},"98":{"start":{"line":99,"column":0},"end":{"line":99,"column":39}},"99":{"start":{"line":100,"column":0},"end":{"line":100,"column":71}},"100":{"start":{"line":101,"column":0},"end":{"line":101,"column":7}},"101":{"start":{"line":102,"column":0},"end":{"line":102,"column":5}},"102":{"start":{"line":103,"column":0},"end":{"line":103,"column":0}},"103":{"start":{"line":104,"column":0},"end":{"line":104,"column":32}},"104":{"start":{"line":105,"column":0},"end":{"line":105,"column":3}},"105":{"start":{"line":106,"column":0},"end":{"line":106,"column":0}},"106":{"start":{"line":107,"column":0},"end":{"line":107,"column":68}},"107":{"start":{"line":108,"column":0},"end":{"line":108,"column":44}},"108":{"start":{"line":109,"column":0},"end":{"line":109,"column":71}},"109":{"start":{"line":110,"column":0},"end":{"line":110,"column":0}},"110":{"start":{"line":111,"column":0},"end":{"line":111,"column":42}},"111":{"start":{"line":112,"column":0},"end":{"line":112,"column":52}},"112":{"start":{"line":113,"column":0},"end":{"line":113,"column":36}},"113":{"start":{"line":114,"column":0},"end":{"line":114,"column":21}},"114":{"start":{"line":115,"column":0},"end":{"line":115,"column":7}},"115":{"start":{"line":116,"column":0},"end":{"line":116,"column":5}},"116":{"start":{"line":117,"column":0},"end":{"line":117,"column":0}},"117":{"start":{"line":118,"column":0},"end":{"line":118,"column":16}},"118":{"start":{"line":119,"column":0},"end":{"line":119,"column":3}},"119":{"start":{"line":120,"column":0},"end":{"line":120,"column":0}},"120":{"start":{"line":121,"column":0},"end":{"line":121,"column":56}},"121":{"start":{"line":122,"column":0},"end":{"line":122,"column":52}},"122":{"start":{"line":123,"column":0},"end":{"line":123,"column":43}},"123":{"start":{"line":124,"column":0},"end":{"line":124,"column":0}},"124":{"start":{"line":125,"column":0},"end":{"line":125,"column":39}},"125":{"start":{"line":126,"column":0},"end":{"line":126,"column":16}},"126":{"start":{"line":127,"column":0},"end":{"line":127,"column":5}},"127":{"start":{"line":128,"column":0},"end":{"line":128,"column":0}},"128":{"start":{"line":129,"column":0},"end":{"line":129,"column":58}},"129":{"start":{"line":130,"column":0},"end":{"line":130,"column":47}},"130":{"start":{"line":131,"column":0},"end":{"line":131,"column":0}},"131":{"start":{"line":132,"column":0},"end":{"line":132,"column":43}},"132":{"start":{"line":133,"column":0},"end":{"line":133,"column":60}},"133":{"start":{"line":134,"column":0},"end":{"line":134,"column":55}},"134":{"start":{"line":135,"column":0},"end":{"line":135,"column":7}},"135":{"start":{"line":136,"column":0},"end":{"line":136,"column":0}},"136":{"start":{"line":137,"column":0},"end":{"line":137,"column":34}},"137":{"start":{"line":138,"column":0},"end":{"line":138,"column":0}},"138":{"start":{"line":139,"column":0},"end":{"line":139,"column":29}},"139":{"start":{"line":140,"column":0},"end":{"line":140,"column":46}},"140":{"start":{"line":141,"column":0},"end":{"line":141,"column":7}},"141":{"start":{"line":142,"column":0},"end":{"line":142,"column":0}},"142":{"start":{"line":143,"column":0},"end":{"line":143,"column":34}},"143":{"start":{"line":144,"column":0},"end":{"line":144,"column":31}},"144":{"start":{"line":145,"column":0},"end":{"line":145,"column":89}},"145":{"start":{"line":146,"column":0},"end":{"line":146,"column":7}},"146":{"start":{"line":147,"column":0},"end":{"line":147,"column":0}},"147":{"start":{"line":148,"column":0},"end":{"line":148,"column":25}},"148":{"start":{"line":149,"column":0},"end":{"line":149,"column":60}},"149":{"start":{"line":150,"column":0},"end":{"line":150,"column":37}},"150":{"start":{"line":151,"column":0},"end":{"line":151,"column":46}},"151":{"start":{"line":152,"column":0},"end":{"line":152,"column":7}},"152":{"start":{"line":153,"column":0},"end":{"line":153,"column":0}},"153":{"start":{"line":154,"column":0},"end":{"line":154,"column":22}},"154":{"start":{"line":155,"column":0},"end":{"line":155,"column":7}},"155":{"start":{"line":156,"column":0},"end":{"line":156,"column":0}},"156":{"start":{"line":157,"column":0},"end":{"line":157,"column":58}},"157":{"start":{"line":158,"column":0},"end":{"line":158,"column":3}},"158":{"start":{"line":159,"column":0},"end":{"line":159,"column":0}},"159":{"start":{"line":160,"column":0},"end":{"line":160,"column":70}},"160":{"start":{"line":161,"column":0},"end":{"line":161,"column":32}},"161":{"start":{"line":162,"column":0},"end":{"line":162,"column":0}},"162":{"start":{"line":163,"column":0},"end":{"line":163,"column":46}},"163":{"start":{"line":164,"column":0},"end":{"line":164,"column":23}},"164":{"start":{"line":165,"column":0},"end":{"line":165,"column":11}},"165":{"start":{"line":166,"column":0},"end":{"line":166,"column":41}},"166":{"start":{"line":167,"column":0},"end":{"line":167,"column":43}},"167":{"start":{"line":168,"column":0},"end":{"line":168,"column":15}},"168":{"start":{"line":169,"column":0},"end":{"line":169,"column":27}},"169":{"start":{"line"
[...]
":494,"column":3}},"locations":[{"start":{"line":483,"column":-2},"end":{"line":494,"column":3}}]},"63":{"type":"branch","line":496,"loc":{"start":{"line":496,"column":2},"end":{"line":512,"column":3}},"locations":[{"start":{"line":496,"column":2},"end":{"line":512,"column":3}}]},"64":{"type":"branch","line":501,"loc":{"start":{"line":501,"column":16},"end":{"line":503,"column":5}},"locations":[{"start":{"line":501,"column":16},"end":{"line":503,"column":5}}]},"65":{"type":"branch","line":514,"loc":{"start":{"line":514,"column":2},"end":{"line":520,"column":3}},"locations":[{"start":{"line":514,"column":2},"end":{"line":520,"column":3}}]},"66":{"type":"branch","line":519,"loc":{"start":{"line":519,"column":-2},"end":{"line":520,"column":3}},"locations":[{"start":{"line":519,"column":-2},"end":{"line":520,"column":3}}]},"67":{"type":"branch","line":530,"loc":{"start":{"line":530,"column":10},"end":{"line":579,"column":3}},"locations":[{"start":{"line":530,"column":10},"end":{"line":579,"column":3}}]},"68":{"type":"branch","line":533,"loc":{"start":{"line":533,"column":65},"end":{"line":533,"column":77}},"locations":[{"start":{"line":533,"column":65},"end":{"line":533,"column":77}}]},"69":{"type":"branch","line":534,"loc":{"start":{"line":534,"column":42},"end":{"line":534,"column":53}},"locations":[{"start":{"line":534,"column":42},"end":{"line":534,"column":53}}]},"70":{"type":"branch","line":537,"loc":{"start":{"line":537,"column":58},"end":{"line":537,"column":69}},"locations":[{"start":{"line":537,"column":58},"end":{"line":537,"column":69}}]},"71":{"type":"branch","line":541,"loc":{"start":{"line":541,"column":46},"end":{"line":552,"column":5}},"locations":[{"start":{"line":541,"column":46},"end":{"line":552,"column":5}}]},"72":{"type":"branch","line":552,"loc":{"start":{"line":552,"column":5},"end":{"line":561,"column":5}},"locations":[{"start":{"line":552,"column":5},"end":{"line":561,"column":5}}]},"73":{"type":"branch","line":581,"loc":{"start":{"line":581,"column":10},"end":{"line":628,"column":3}},"locations":[{"start":{"line":581,"column":10},"end":{"line":628,"column":3}}]},"74":{"type":"branch","line":584,"loc":{"start":{"line":584,"column":65},"end":{"line":584,"column":77}},"locations":[{"start":{"line":584,"column":65},"end":{"line":584,"column":77}}]},"75":{"type":"branch","line":585,"loc":{"start":{"line":585,"column":42},"end":{"line":585,"column":53}},"locations":[{"start":{"line":585,"column":42},"end":{"line":585,"column":53}}]},"76":{"type":"branch","line":588,"loc":{"start":{"line":588,"column":58},"end":{"line":588,"column":69}},"locations":[{"start":{"line":588,"column":58},"end":{"line":588,"column":69}}]},"77":{"type":"branch","line":592,"loc":{"start":{"line":592,"column":46},"end":{"line":603,"column":5}},"locations":[{"start":{"line":592,"column":46},"end":{"line":603,"column":5}}]},"78":{"type":"branch","line":630,"loc":{"start":{"line":630,"column":10},"end":{"line":632,"column":3}},"locations":[{"start":{"line":630,"column":10},"end":{"line":632,"column":3}}]},"79":{"type":"branch","line":831,"loc":{"start":{"line":831,"column":6},"end":{"line":833,"column":1}},"locations":[{"start":{"line":831,"column":6},"end":{"line":833,"column":1}}]},"80":{"type":"branch","line":832,"loc":{"start":{"line":832,"column":19},"end":{"line":832,"column":52}},"locations":[{"start":{"line":832,"column":19},"end":{"line":832,"column":52}}]},"81":{"type":"branch","line":832,"loc":{"start":{"line":832,"column":53},"end":{"line":832,"column":81}},"locations":[{"start":{"line":832,"column":53},"end":{"line":832,"column":81}}]}},"b":{"0":[12],"1":[12],"2":[1],"3":[0],"4":[0],"5":[0],"6":[1],"7":[0],"8":[0],"9":[1],"10":[7],"11":[4],"12":[2],"13":[1],"14":[2],"15":[0],"16":[1],"17":[0],"18":[0],"19":[0],"20":[0],"21":[0],"22":[0],"23":[0],"24":[0],"25":[0],"26":[0],"27":[1],"28":[0],"29":[0],"30":[0],"31":[0],"32":[0],"33":[4],"34":[0],"35":[1],"36":[3],"37":[3],"38":[3],"39":[0],"40":[3],"41":[0],"42":[12],"43":[12],"44":[6],"45":[0],"46":[0],"47":[4],"48":[1],"49":[0],"50":[0],"51":[0],"52":[0],"53":[4],"54":[2],"55":[2],"56":[1],"57":[4],"58":[9],"59":[9],"60":[3],"61":[1],"62":[2],"63":[4],"64":[0],"65":[3],"66":[0],"67":[9],"68":[1],"69":[0],"70":[0],"71":[1],"72":[8],"73":[4],"74":[1],"75":[0],"76":[0],"77":[0],"78":[4],"79":[2],"80":[1],"81":[1]},"fnMap":{"0":{"name":"<instance_members_initializer>","decl":{"start":{"line":52,"column":26},"end":{"line":443,"column":1}},"loc":{"start":{"line":52,"column":26},"end":{"line":443,"column":1}},"line":52},"1":{"name":"LLMClientImpl","decl":{"start":{"line":55,"column":2},"end":{"line":57,"column":3}},"loc":{"start":{"line":55,"column":2},"end":{"line":57,"column":3}},"line":55},"2":{"name":"generateCompletion","decl":{"start":{"line":59,"column":2},"end":{"line":125,"column":3}},"loc":{"start":{"line":59,"column":2},"end":{"line":125,"column":3}},"line":59},"3":{"name":"generateStreamingCompletion","decl":{"start":{"line":127,"column":2},"end":{"line":163,"column":3}},"loc":{"start":{"line":127,"column":2},"end":{"line":163,"column":3}},"line":127},"4":{"name":"getModel","decl":{"start":{"line":165,"column":2},"end":{"line":167,"column":3}},"loc":{"start":{"line":165,"column":2},"end":{"line":167,"column":3}},"line":165},"5":{"name":"getConfig","decl":{"start":{"line":169,"column":2},"end":{"line":171,"column":3}},"loc":{"start":{"line":169,"column":2},"end":{"line":171,"column":3}},"line":169},"6":{"name":"supportsStreaming","decl":{"start":{"line":173,"column":2},"end":{"line":184,"column":3}},"loc":{"start":{"line":173,"column":2},"end":{"line":184,"column":3}},"line":173},"7":{"name":"generateVLLMCompletion","decl":{"start":{"line":186,"column":10},"end":{"line":266,"column":3}},"loc":{"start":{"line":186,"column":10},"end":{"line":266,"column":3}},"line":186},"8":{"name":"generateVLLMStreamingCompletion","decl":{"start":{"line":268,"column":10},"end":{"line":384,"column":3}},"loc":{"start":{"line":268,"column":10},"end":{"line":384,"column":3}},"line":268},"9":{"name":"createModel","decl":{"start":{"line":386,"column":10},"end":{"line":437,"column":3}},"loc":{"start":{"line":386,"column":10},"end":{"line":437,"column":3}},"line":386},"10":{"name":"estimateTokens","decl":{"start":{"line":439,"column":10},"end":{"line":442,"column":3}},"loc":{"start":{"line":439,"column":10},"end":{"line":442,"column":3}},"line":439},"11":{"name":"<instance_members_initializer>","decl":{"start":{"line":467,"column":33},"end":{"line":633,"column":1}},"loc":{"start":{"line":467,"column":33},"end":{"line":633,"column":1}},"line":467},"12":{"name":"LLMClientFactoryImpl","decl":{"start":{"line":471,"column":2},"end":{"line":473,"column":3}},"loc":{"start":{"line":471,"column":2},"end":{"line":473,"column":3}},"line":471},"13":{"name":"createClientForTenant","decl":{"start":{"line":475,"column":2},"end":{"line":494,"column":3}},"loc":{"start":{"line":475,"column":2},"end":{"line":494,"column":3}},"line":475},"14":{"name":"createClient","decl":{"start":{"line":496,"column":2},"end":{"line":512,"column":3}},"loc":{"start":{"line":496,"column":2},"end":{"line":512,"column":3}},"line":496},"15":{"name":"getTenantConfig","decl":{"start":{"line":514,"column":2},"end":{"line":520,"column":3}},"loc":{"start":{"line":514,"column":2},"end":{"line":520,"column":3}},"line":514},"16":{"name":"updateTenantConfig","decl":{"start":{"line":522,"column":2},"end":{"line":528,"column":3}},"loc":{"start":{"line":522,"column":2},"end":{"line":528,"column":3}},"line":522},"17":{"name":"initializeDefaultConfigs","decl":{"start":{"line":530,"column":10},"end":{"line":579,"column":3}},"loc":{"start":{"line":530,"column":10},"end":{"line":579,"column":3}},"line":530},"18":{"name":"getDefaultTenantConfig","decl":{"start":{"line":581,"column":10},"end":{"line":628,"column":3}},"loc":{"start":{"line":581,"column":10},"end":{"line":628,"column":3}},"line":581},"19":{"name":"getConfigKey","decl":{"start":{"line":630,"column":10},"end":{"line":632,"column":3}},"loc":{"start":{"line":630,"column":10},"end":{"line":632,"column":3}},"line":630},"20":{"name":"createClientForTenant","decl":{"start":{"line":639,"column":2},"end":{"line":648,"column":3}},"loc":{"start":{"line":639,"column":2},"end":{"line":648,"column":3}},"line":639},"21":{"name":"<instance_members_initializer>","decl":{"start":{"line":654,"column":24},"end":{"line":826,"column":1}},"loc":{"start":{"line":654,"column":24},"end":{"line":826,"column":1}},"line":654},"22":{"name":"createLLMClientFactory","decl":{"start":{"line":831,"column":6},"end":{"line":833,"column":1}},"loc":{"start":{"line":831,"column":6},"end":{"line":833,"column":1}},"line":831}},"f":{"0":12,"1":12,"2":1,"3":1,"4":1,"5":7,"6":4,"7":1,"8":1,"9":12,"10":4,"11":9,"12":9,"13":3,"14":4,"15":3,"16":0,"17":9,"18":4,"19":4,"20":0,"21":0,"22":2}}
,"C:\\Workspace\\cw-rag-core\\apps\\api\\src\\types\\synthesis.ts": {"path":"C:\\Workspace\\cw-rag-core\\apps\\api\\src\\types\\synthesis.ts","all":false,"statementMap":{"0":{"start":{"line":1,"column":0},"end":{"line":1,"column":60}},"1":{"start":{"line":2,"column":0},"end":{"line":2,"column":81}},"2":{"start":{"line":3,"column":0},"end":{"line":3,"column":0}},"3":{"start":{"line":4,"column":0},"end":{"line":4,"column":21}},"4":{"start":{"line":5,"column":0},"end":{"line":5,"column":75}},"5":{"start":{"line":6,"column":0},"end":{"line":6,"column":0}},"6":{"start":{"line":7,"column":0},"end":{"line":7,"column":28}},"7":{"start":{"line":8,"column":0},"end":{"line":8,"column":24}},"8":{"start":{"line":9,"column":0},"end":{"line":9,"column":16}},"9":{"start":{"line":10,"column":0},"end":{"line":10,"column":23}},"10":{"start":{"line":11,"column":0},"end":{"line":11,"column":21}},"11":{"start":{"line":12,"column":0},"end":{"line":12,"column":18}},"12":{"start":{"line":13,"column":0},"end":{"line":13,"column":42}},"13":{"start":{"line":14,"column":0},"end":{"line":14,"column":47}},"14":{"start":{"line":15,"column":0},"end":{"line":15,"column":47}},"15":{"start":{"line":16,"column":0},"end":{"line":16,"column":56}},"16":{"start":{"line":17,"column":0},"end":{"line":17,"column":1}},"17":{"start":{"line":18,"column":0},"end":{"line":18,"column":0}},"18":{"start":{"line":19,"column":0},"end":{"line":19,"column":34}},"19":{"start":{"line":20,"column":0},"end":{"line":20,"column":19}},"20":{"start":{"line":21,"column":0},"end":{"line":21,"column":27}},"21":{"start":{"line":22,"column":0},"end":{"line":22,"column":32}},"22":{"start":{"line":23,"column":0},"end":{"line":23,"column":22}},"23":{"start":{"line":24,"column":0},"end":{"line":24,"column":21}},"24":{"start":{"line":25,"column":0},"end":{"line":25,"column":1}},"25":{"start":{"line":26,"column":0},"end":{"line":26,"column":0}},"26":{"start":{"line":27,"column":0},"end":{"line":27,"column":17}},"27":{"start":{"line":28,"column":0},"end":{"line":28,"column":27}},"28":{"start":{"line":29,"column":0},"end":{"line":29,"column":13}},"29":{"start":{"line":30,"column":0},"end":{"line":30,"column":17}},"30":{"start":{"line":31,"column":0},"end":{"line":31,"column":17}},"31":{"start":{"line":32,"column":0},"end":{"line":32,"column":16}},"32":{"start":{"line":33,"column":0},"end":{"line":33,"column":19}},"33":{"start":{"line":34,"column":0},"end":{"line":34,"column":15}},"34":{"start":{"line":35,"column":0},"end":{"line":35,"column":20}},"35":{"start":{"line":36,"column":0},"end":{"line":36,"column":21}},"36":{"start":{"line":37,"column":0},"end":{"line":37,"column":35}},"37":{"start":{"line":38,"column":0},"end":{"line":38,"column":1}},"38":{"start":{"line":39,"column":0},"end":{"line":39,"column":0}},"39":{"start":{"line":40,"column":0},"end":{"line":40,"column":30}},"40":{"start":{"line":41,"column":0},"end":{"line":41,"column":37}},"41":{"start":{"line":42,"column":0},"end":{"line":42,"column":1}},"42":{"start":{"line":43,"column":0},"end":{"line":43,"column":0}},"43":{"start":{"line":44,"column":0},"end":{"line":44,"column":25}},"44":{"start":{"line":45,"column":0},"end":{"line":45,"column":35}},"45":{"start":{"line":46,"column":0},"end":{"line":46,"column":16}},"46":{"start":{"line":47,"column":0},"end":{"line":47,"column":34}},"47":{"start":{"line":48,"column":0},"end":{"line":48,"column":27}},"48":{"start":{"line":49,"column":0},"end":{"line":49,"column":28}},"49":{"start":{"line":50,"column":0},"end":{"line":50,"column":29}},"50":{"start":{"line":51,"column":0},"end":{"line":51,"column":38}},"51":{"start":{"line":52,"column":0},"end":{"line":52,"column":1}},"52":{"start":{"line":53,"column":0},"end":{"line":53,"column":0}},"53":{"start":{"line":54,"column":0},"end":{"line":54,"column":36}},"54":{"start":{"line":55,"column":0},"end":{"line":55,"column":17}},"55":{"start":{"line":56,"column":0},"end":{"line":56,"column":25}},"56":{"start":{"line":57,"column":0},"end":{"line":57,"column":21}},"57":{"start":{"line":58,"column":0},"end":{"line":58,"column":24}},"58":{"start":{"line":59,"column":0},"end":{"line":59,"column":21}},"59":{"start":{"line":60,"column":0},"end":{"line":60,"column":20}},"60":{"start":{"line":61,"column":0},"end":{"line":61,"column":28}},"61":{"start":{"line":62,"column":0},"end":{"line":62,"column":34}},"62":{"start":{"line":63,"column":0},"end":{"line":63,"column":1}},"63":{"start":{"line":64,"column":0},"end":{"line":64,"column":0}},"64":{"start":{"line":65,"column":0},"end":{"line":65,"column":27}},"65":{"start":{"line":66,"column":0},"end":{"line":66,"column":45}},"66":{"start":{"line":67,"column":0},"end":{"line":67,"column":62}},"67":{"start":{"line":68,"column":0},"end":{"line":68,"column":64}},"68":{"start":{"line":69,"column":0},"end":{"line":69,"column":1}},"69":{"start":{"line":70,"column":0},"end":{"line":70,"column":0}},"70":{"start":{"line":71,"column":0},"end":{"line":71,"column":36}},"71":{"start":{"line":72,"column":0},"end":{"line":72,"column":21}},"72":{"start":{"line":73,"column":0},"end":{"line":73,"column":24}},"73":{"start":{"line":74,"column":0},"end":{"line":74,"column":21}},"74":{"start":{"line":75,"column":0},"end":{"line":75,"column":20}},"75":{"start":{"line":76,"column":0},"end":{"line":76,"column":28}},"76":{"start":{"line":77,"column":0},"end":{"line":77,"column":34}},"77":{"start":{"line":78,"column":0},"end":{"line":78,"column":1}},"78":{"start":{"line":79,"column":0},"end":{"line":79,"column":0}},"79":{"start":{"line":80,"column":0},"end":{"line":80,"column":39}},"80":{"start":{"line":81,"column":0},"end":{"line":81,"column":23}},"81":{"start":{"line":82,"column":0},"end":{"line":82,"column":24}},"82":{"start":{"line":83,"column":0},"end":{"line":83,"column":29}},"83":{"start":{"line":84,"column":0},"end":{"line":84,"column":26}},"84":{"start":{"line":85,"column":0},"end":{"line":85,"column":22}},"85":{"start":{"line":86,"column":0},"end":{"line":86,"column":16}},"86":{"start":{"line":87,"column":0},"end":{"line":87,"column":1}},"87":{"start":{"line":88,"column":0},"end":{"line":88,"column":0}},"88":{"start":{"line":89,"column":0},"end":{"line":89,"column":14}},"89":{"start":{"line":90,"column":0},"end":{"line":90,"column":49}},"90":{"start":{"line":91,"column":0},"end":{"line":91,"column":14}},"91":{"start":{"line":92,"column":0},"end":{"line":92,"column":20}},"92":{"start":{"line":93,"column":0},"end":{"line":93,"column":24}},"93":{"start":{"line":94,"column":0},"end":{"line":94,"column":40}},"94":{"start":{"line":95,"column":0},"end":{"line":95,"column":5}},"95":{"start":{"line":96,"column":0},"end":{"line":96,"column":19}},"96":{"start":{"line":97,"column":0},"end":{"line":97,"column":39}},"97":{"start":{"line":98,"column":0},"end":{"line":98,"column":3}},"98":{"start":{"line":99,"column":0},"end":{"line":99,"column":1}},"99":{"start":{"line":100,"column":0},"end":{"line":100,"column":0}},"100":{"start":{"line":101,"column":0},"end":{"line":101,"column":60}},"101":{"start":{"line":102,"column":0},"end":{"line":102,"column":14}},"102":{"start":{"line":103,"column":0},"end":{"line":103,"column":20}},"103":{"start":{"line":104,"column":0},"end":{"line":104,"column":33}},"104":{"start":{"line":105,"column":0},"end":{"line":105,"column":32}},"105":{"start":{"line":106,"column":0},"end":{"line":106,"column":5}},"106":{"start":{"line":107,"column":0},"end":{"line":107,"column":70}},"107":{"start":{"line":108,"column":0},"end":{"line":108,"column":3}},"108":{"start":{"line":109,"column":0},"end":{"line":109,"column":1}},"109":{"start":{"line":110,"column":0},"end":{"line":110,"column":0}},"110":{"start":{"line":111,"column":0},"end":{"line":111,"column":67}},"111":{"start":{"line":112,"column":0},"end":{"line":112,"column":59}},"112":{"start":{"line":113,"column":0},"end":{"line":113,"column":64}},"113":{"start":{"line":114,"column":0},"end":{"line":114,"column":3}},"114":{"start":{"line":115,"column":0},"end":{"line":115,"column":1}}},"s":{"0":1,"1":1,"2":1,"3":1,"4":1,"5":1,"6":1,"7":1,"8":1,"9":1,"10":1,"11":1,"12":1,"13":1,"14":1,"15":1,"16":1,"17":1,"18":1,"19":1,"20":1,"21":1,"22":1,"23":1,"24":1,"25":1,"26":1,"27":1,"28":1,"29":1,"30":1,"31":1,"32":1,"33":1,"34":1,"35":1,"36":1,"37":1,"38":1,"39":1,"40":1,"41":1,"42":1,"43":1,"44":1,"45":1,"46":1,"47":1,"48":1,"49":1,"50":1,"51":1,"52":1,"53":1,"54":1,"55":1,"56":1,"57":1,"58":1,"59":1,"60":1,"61":1,"62":1,"63":1,"64":1,"65":1,"66":1,"67":1,"68":1,"69":1,"70":1,"71":1,"72":1,"73":1,"74":1,"75":1,"76":1,"77":1,"78":1,"79":1,"80":1,"81":1,"82":1,"83":1,"84":1,"85":1,"86":1,"87":1,"88":1,"89":1,"90":7,"91":7,"92":7,"93":7,"94":7,"95":7,"96":7,"97":7,"98":7,"99":1,"100":1,"101":1,"102":1,"103":1,"104":1,"105":1,"106":1,"107":1,"108":1,"109":1,"110":1,"111":1,"112":1,"113":1,"114":1},"branchMap":{"0":{"type":"branch","line":90,"loc":{"start":{"line":90,"column":47},"end":{"line":99,"column":1}},"locations":[{"start":{"line":90,"column":47},"end":{"line":99,"column":1}}]},"1":{"type":"branch","line":91,"loc":{"start":{"line":91,"column":2},"end":{"line":98,"column":3}},"locations":[{"start":{"line":91,"column":2},"end":{"line":98,"column":3}}]},"2":{"type":"branch","line":101,"loc":{"start":{"line":101,"column":58},"end":{"line":109,"column":1}},"locations":[{"start":{"line":101,"column":58},"end":{"line":109,"column":1}}]},"3":{"type":"branch","line":102,"loc":{"start":{"line":102,"column":2},"end":{"line":108,"column":3}},"locations":[{"start":{"line":102,"column":2},"end":{"line":108,"column":3}}]},"4":{"type":"branch","line":111,"loc":{"start":{"line":111,"column":65},"end":{"line":115,"column":1}},"locations":[{"start":{"line":111,"column":65},"end":{"line":115,"column":1}}]},"5":{"type":"branch","line":112,"loc":{"start":{"line":112,"column":2},"end":{"line":114,"column":3}},"locations":[{"start":{"line":112,"column":2},"end":{"line":114,"column":3}}]}},"b":{"0":[7],"1":[7],"2":[1],"3":[1],"4":[1],"5":[1]},"fnMap":{"0":{"name":"<instance_members_initializer>","decl":{"start":{"line":90,"column":47},"end":{"line":99,"column":1}},"loc":{"start":{"line":90,"column":47},"end":{"line":99,"column":1}},"line":90},"1":{"name":"AnswerSynthesisError","decl":{"start":{"line":91,"column":2},"end":{"line":98,"column":3}},"loc":{"start":{"line":91,"column":2},"end":{"line":98,"column":3}},"line":91},"2":{"name":"<instance_members_initializer>","decl":{"start":{"line":101,"column":58},"end":{"line":109,"column":1}},"loc":{"start":{"line":101,"column":58},"end":{"line":109,"column":1}},"line":101},"3":{"name":"LLMProviderError","decl":{"start":{"line":102,"column":2},"end":{"line":108,"column":3}},"loc":{"start":{"line":102,"column":2},"end":{"line":108,"column":3}},"line":102},"4":{"name":"<instance_members_initializer>","decl":{"start":{"line":111,"column":65},"end":{"line":115,"column":1}},"loc":{"start":{"line":111,"column":65},"end":{"line":115,"column":1}},"line":111},"5":{"name":"CitationExtractionError","decl":{"start":{"line":112,"column":2},"end":{"line":114,"column":3}},"loc":{"start":{"line":112,"column":2},"end":{"line":114,"column":3}},"line":112}},"f":{"0":7,"1":7,"2":1,"3":1,"4":1,"5":1}}
}
