TN:
SF:src\routes\healthz.ts
FN:3,healthzRoute
FNF:1
FNH:1
FNDA:1,healthzRoute
DA:1,1
DA:2,1
DA:3,1
DA:4,1
DA:5,1
DA:6,1
DA:7,1
LF:7
LH:7
BRDA:3,0,0,1
BRDA:4,1,0,1
BRF:2
BRH:2
end_of_record
TN:
SF:src\services\answer-synthesis.ts
FN:38,<instance_members_initializer>
FN:42,AnswerSynthesisServiceImpl
FN:50,synthesizeAnswer
FN:169,synthesizeAnswerStreaming
FN:365,getQualityMetrics
FN:369,validateConfiguration
FN:395,validateRequest
FN:418,prepareContext
FN:472,formatAnswerWithCitations
FN:494,calculateConfidence
FN:545,calculateFreshnessStats
FN:558,<instance_members_initializer>
FN:559,EnhancedAnswerSynthesisService
FN:576,synthesizeAnswer
FN:585,synthesizeAnswerStreaming
FN:629,validateQuality
FN:659,createAnswerSynthesisService
FNF:17
FNH:14
FNDA:28,<instance_members_initializer>
FNDA:28,AnswerSynthesisServiceImpl
FNDA:11,synthesizeAnswer
FNDA:0,synthesizeAnswerStreaming
FNDA:2,getQualityMetrics
FNDA:1,validateConfiguration
FNDA:11,validateRequest
FNDA:7,prepareContext
FNDA:7,formatAnswerWithCitations
FNDA:7,calculateConfidence
FNDA:9,calculateFreshnessStats
FNDA:14,<instance_members_initializer>
FNDA:14,EnhancedAnswerSynthesisService
FNDA:2,synthesizeAnswer
FNDA:0,synthesizeAnswerStreaming
FNDA:2,validateQuality
FNDA:0,createAnswerSynthesisService
DA:1,1
DA:2,1
DA:3,1
DA:4,1
DA:5,1
DA:6,1
DA:7,1
DA:8,1
DA:9,1
DA:10,1
DA:11,1
DA:12,1
DA:13,1
DA:14,1
DA:15,1
DA:16,1
DA:17,1
DA:18,1
DA:19,1
DA:20,1
DA:21,1
DA:22,1
DA:23,1
DA:24,1
DA:25,1
DA:26,1
DA:27,1
DA:28,1
DA:29,1
DA:30,1
DA:31,1
DA:32,1
DA:33,1
DA:34,1
DA:35,1
DA:36,1
DA:37,1
DA:38,1
DA:39,28
DA:40,28
DA:41,28
DA:42,28
DA:43,28
DA:44,28
DA:45,28
DA:46,28
DA:47,28
DA:48,28
DA:49,28
DA:50,28
DA:51,11
DA:52,11
DA:53,11
DA:54,11
DA:55,11
DA:56,11
DA:57,11
DA:58,11
DA:59,11
DA:60,11
DA:61,11
DA:62,11
DA:63,9
DA:64,11
DA:65,11
DA:66,11
DA:67,11
DA:68,11
DA:69,2
DA:70,2
DA:71,2
DA:72,2
DA:73,2
DA:74,2
DA:75,2
DA:76,2
DA:77,2
DA:78,2
DA:79,2
DA:80,2
DA:81,2
DA:82,2
DA:83,2
DA:84,2
DA:85,2
DA:86,2
DA:87,2
DA:88,2
DA:89,2
DA:90,7
DA:91,7
DA:92,7
DA:93,7
DA:94,7
DA:95,7
DA:96,7
DA:97,7
DA:98,7
DA:99,11
DA:100,11
DA:101,11
DA:102,11
DA:103,11
DA:104,11
DA:105,7
DA:106,7
DA:107,7
DA:108,7
DA:109,7
DA:110,7
DA:111,7
DA:112,7
DA:113,7
DA:114,7
DA:115,7
DA:116,7
DA:117,11
DA:118,11
DA:119,11
DA:120,11
DA:121,11
DA:122,11
DA:123,11
DA:124,11
DA:125,11
DA:126,11
DA:127,11
DA:128,11
DA:129,11
DA:130,11
DA:131,11
DA:132,11
DA:133,11
DA:134,11
DA:135,11
DA:136,11
DA:137,11
DA:138,11
DA:139,11
DA:140,11
DA:141,11
DA:142,11
DA:143,11
DA:144,11
DA:145,11
DA:146,11
DA:147,11
DA:148,11
DA:149,11
DA:150,11
DA:151,11
DA:152,11
DA:153,11
DA:154,11
DA:155,11
DA:156,11
DA:157,2
DA:158,2
DA:159,2
DA:160,2
DA:161,2
DA:162,2
DA:163,2
DA:164,2
DA:165,2
DA:166,2
DA:167,11
DA:168,28
DA:169,28
DA:170,0
DA:171,0
DA:172,0
DA:173,0
DA:174,0
DA:175,0
DA:176,0
DA:177,0
DA:178,0
DA:179,0
DA:180,0
DA:181,0
DA:182,0
DA:183,0
DA:184,0
DA:185,0
DA:186,0
DA:187,0
DA:188,0
DA:189,0
DA:190,0
DA:191,0
DA:192,0
DA:193,0
DA:194,0
DA:195,0
DA:196,0
DA:197,0
DA:198,0
DA:199,0
DA:200,0
DA:201,0
DA:202,0
DA:203,0
DA:204,0
DA:205,0
DA:206,0
DA:207,0
DA:208,0
DA:209,0
DA:210,0
DA:211,0
DA:212,0
DA:213,0
DA:214,0
DA:215,0
DA:216,0
DA:217,0
DA:218,0
DA:219,0
DA:220,0
DA:221,0
DA:222,0
DA:223,0
DA:224,0
DA:225,0
DA:226,0
DA:227,0
DA:228,0
DA:229,0
DA:230,0
DA:231,0
DA:232,0
DA:233,0
DA:234,0
DA:235,0
DA:236,0
DA:237,0
DA:238,0
DA:239,0
DA:240,0
DA:241,0
DA:242,0
DA:243,0
DA:244,0
DA:245,0
DA:246,0
DA:247,0
DA:248,0
DA:249,0
DA:250,0
DA:251,0
DA:252,0
DA:253,0
DA:254,0
DA:255,0
DA:256,0
DA:257,0
DA:258,0
DA:259,0
DA:260,0
DA:261,0
DA:262,0
DA:263,0
DA:264,0
DA:265,0
DA:266,0
DA:267,0
DA:268,0
DA:269,0
DA:270,0
DA:271,0
DA:272,0
DA:273,0
DA:274,0
DA:275,0
DA:276,0
DA:277,0
DA:278,0
DA:279,0
DA:280,0
DA:281,0
DA:282,0
DA:283,0
DA:284,0
DA:285,0
DA:286,0
DA:287,0
DA:288,0
DA:289,0
DA:290,0
DA:291,0
DA:292,0
DA:293,0
DA:294,0
DA:295,0
DA:296,0
DA:297,0
DA:298,0
DA:299,0
DA:300,0
DA:301,0
DA:302,0
DA:303,0
DA:304,0
DA:305,0
DA:306,0
DA:307,0
DA:308,0
DA:309,0
DA:310,0
DA:311,0
DA:312,0
DA:313,0
DA:314,0
DA:315,0
DA:316,0
DA:317,0
DA:318,0
DA:319,0
DA:320,0
DA:321,0
DA:322,0
DA:323,0
DA:324,0
DA:325,0
DA:326,0
DA:327,0
DA:328,0
DA:329,0
DA:330,0
DA:331,0
DA:332,0
DA:333,0
DA:334,0
DA:335,0
DA:336,0
DA:337,0
DA:338,0
DA:339,0
DA:340,0
DA:341,0
DA:342,0
DA:343,0
DA:344,0
DA:345,0
DA:346,0
DA:347,0
DA:348,0
DA:349,0
DA:350,0
DA:351,0
DA:352,0
DA:353,0
DA:354,0
DA:355,0
DA:356,0
DA:357,0
DA:358,0
DA:359,0
DA:360,0
DA:361,0
DA:362,0
DA:363,0
DA:364,28
DA:365,28
DA:366,2
DA:367,2
DA:368,28
DA:369,28
DA:370,1
DA:371,1
DA:372,1
DA:373,1
DA:374,1
DA:375,1
DA:376,1
DA:377,0
DA:378,0
DA:379,1
DA:380,1
DA:381,1
DA:382,1
DA:383,1
DA:384,1
DA:385,1
DA:386,1
DA:387,1
DA:388,1
DA:389,1
DA:390,0
DA:391,0
DA:392,0
DA:393,1
DA:394,28
DA:395,28
DA:396,11
DA:397,0
DA:398,0
DA:399,0
DA:400,0
DA:401,0
DA:402,11
DA:403,11
DA:404,1
DA:405,1
DA:406,1
DA:407,1
DA:408,1
DA:409,10
DA:410,11
DA:411,1
DA:412,1
DA:413,1
DA:414,1
DA:415,1
DA:416,11
DA:417,28
DA:418,28
DA:419,7
DA:420,7
DA:421,7
DA:422,7
DA:423,7
DA:424,7
DA:425,7
DA:426,7
DA:427,7
DA:428,7
DA:429,7
DA:430,7
DA:431,7
DA:432,7
DA:433,7
DA:434,7
DA:435,7
DA:436,13
DA:437,13
DA:438,13
DA:439,13
DA:440,13
DA:441,13
DA:442,13
DA:443,13
DA:444,13
DA:445,13
DA:446,13
DA:447,13
DA:448,1
DA:449,1
DA:450,1
DA:451,1
DA:452,1
DA:453,1
DA:454,1
DA:455,1
DA:456,1
DA:457,1
DA:458,12
DA:459,12
DA:460,12
DA:461,12
DA:462,13
DA:463,13
DA:464,13
DA:465,13
DA:466,13
DA:467,13
DA:468,13
DA:469,13
DA:470,13
DA:471,28
DA:472,28
DA:473,7
DA:474,7
DA:475,7
DA:476,7
DA:477,7
DA:478,1
DA:479,1
DA:480,1
DA:481,6
DA:482,6
DA:483,6
DA:484,6
DA:485,6
DA:486,6
DA:487,6
DA:488,6
DA:489,6
DA:490,0
DA:491,0
DA:492,0
DA:493,28
DA:494,28
DA:495,7
DA:496,7
DA:497,7
DA:498,7
DA:499,7
DA:500,7
DA:501,7
DA:502,7
DA:503,7
DA:504,1
DA:505,1
DA:506,7
DA:507,7
DA:508,7
DA:509,7
DA:510,7
DA:511,7
DA:512,7
DA:513,7
DA:514,7
DA:515,7
DA:516,0
DA:517,0
DA:518,0
DA:519,0
DA:520,0
DA:521,0
DA:522,0
DA:523,0
DA:524,7
DA:525,7
DA:526,7
DA:527,0
DA:528,0
DA:529,7
DA:530,7
DA:531,7
DA:532,7
DA:533,7
DA:534,7
DA:535,7
DA:536,7
DA:537,7
DA:538,7
DA:539,0
DA:540,0
DA:541,7
DA:542,7
DA:543,7
DA:544,28
DA:545,28
DA:546,9
DA:547,16
DA:548,16
DA:549,9
DA:550,9
DA:551,9
DA:552,9
DA:553,28
DA:554,1
DA:555,1
DA:556,1
DA:557,1
DA:558,1
DA:559,14
DA:560,14
DA:561,14
DA:562,14
DA:563,14
DA:564,14
DA:565,14
DA:566,14
DA:567,14
DA:568,14
DA:569,14
DA:570,14
DA:571,14
DA:572,14
DA:573,14
DA:574,14
DA:575,14
DA:576,14
DA:577,2
DA:578,2
DA:579,2
DA:580,2
DA:581,2
DA:582,2
DA:583,2
DA:584,14
DA:585,14
DA:586,0
DA:587,0
DA:588,0
DA:589,0
DA:590,0
DA:591,0
DA:592,0
DA:593,0
DA:594,0
DA:595,0
DA:596,0
DA:597,0
DA:598,0
DA:599,0
DA:600,0
DA:601,0
DA:602,0
DA:603,0
DA:604,0
DA:605,0
DA:606,0
DA:607,0
DA:608,0
DA:609,0
DA:610,0
DA:611,0
DA:612,0
DA:613,0
DA:614,0
DA:615,0
DA:616,0
DA:617,0
DA:618,0
DA:619,0
DA:620,0
DA:621,0
DA:622,0
DA:623,0
DA:624,0
DA:625,0
DA:626,0
DA:627,0
DA:628,14
DA:629,14
DA:630,2
DA:631,2
DA:632,0
DA:633,0
DA:634,2
DA:635,2
DA:636,2
DA:637,2
DA:638,0
DA:639,0
DA:640,2
DA:641,2
DA:642,2
DA:643,0
DA:644,0
DA:645,2
DA:646,2
DA:647,2
DA:648,1
DA:649,1
DA:650,1
DA:651,1
DA:652,1
DA:653,2
DA:654,14
DA:655,1
DA:656,1
DA:657,1
DA:658,1
DA:659,1
DA:660,0
DA:661,0
DA:662,0
DA:663,0
DA:664,0
DA:665,0
DA:666,0
DA:667,0
DA:668,0
DA:669,0
LF:669
LH:392
BRDA:38,0,0,28
BRDA:42,1,0,28
BRDA:50,2,0,11
BRDA:63,3,0,9
BRDA:64,4,0,0
BRDA:65,5,0,9
BRDA:68,6,0,7
BRDA:68,7,0,2
BRDA:90,8,0,7
BRDA:103,9,0,0
BRDA:105,10,0,7
BRDA:117,11,0,5
BRDA:156,12,0,2
BRDA:365,13,0,2
BRDA:369,14,0,1
BRDA:376,15,0,0
BRDA:389,16,0,0
BRDA:395,17,0,11
BRDA:396,18,0,0
BRDA:403,19,0,1
BRDA:409,20,0,10
BRDA:410,21,0,1
BRDA:418,22,0,7
BRDA:435,23,0,13
BRDA:441,24,0,0
BRDA:443,25,0,0
BRDA:447,26,0,1
BRDA:458,27,0,12
BRDA:433,28,0,7
BRDA:433,29,0,0
BRDA:433,30,0,0
BRDA:433,31,0,0
BRDA:433,32,0,0
BRDA:440,33,0,19
BRDA:472,34,0,7
BRDA:477,35,0,1
BRDA:481,36,0,6
BRDA:490,37,0,0
BRDA:494,38,0,7
BRDA:503,39,0,1
BRDA:515,40,0,0
BRDA:526,41,0,0
BRDA:538,42,0,0
BRDA:509,43,0,14
BRDA:510,44,0,0
BRDA:510,45,0,0
BRDA:538,46,0,28
BRDA:545,47,0,9
BRDA:546,48,0,16
BRDA:558,49,0,14
BRDA:559,50,0,14
BRDA:576,51,0,2
BRDA:629,52,0,2
BRDA:631,53,0,0
BRDA:637,54,0,0
BRDA:642,55,0,0
BRDA:647,56,0,1
BRF:57
BRH:37
end_of_record
TN:
SF:src\services\citation.ts
FN:28,extractCitations
FN:77,formatTextWithCitations
FN:107,validateCitations
FN:121,generateBibliography
FN:160,extractSourceFromDocument
FN:191,<instance_members_initializer>
FN:195,EnhancedCitationService
FN:204,extractCitations
FN:220,getCitationStats
FN:247,deduplicateCitations
FN:272,createCitationService
FNF:11
FNH:10
FNDA:6,extractCitations
FNDA:4,formatTextWithCitations
FNDA:3,validateCitations
FNDA:3,generateBibliography
FNDA:7,extractSourceFromDocument
FNDA:28,<instance_members_initializer>
FNDA:28,EnhancedCitationService
FNDA:2,extractCitations
FNDA:1,getCitationStats
FNDA:1,deduplicateCitations
FNDA:0,createCitationService
DA:1,1
DA:2,1
DA:3,1
DA:4,1
DA:5,1
DA:6,1
DA:7,1
DA:8,1
DA:9,1
DA:10,1
DA:11,1
DA:12,1
DA:13,1
DA:14,1
DA:15,1
DA:16,1
DA:17,1
DA:18,1
DA:19,1
DA:20,1
DA:21,1
DA:22,1
DA:23,1
DA:24,1
DA:25,1
DA:26,1
DA:27,1
DA:28,1
DA:29,6
DA:30,6
DA:31,6
DA:32,8
DA:33,8
DA:34,8
DA:35,8
DA:36,8
DA:37,1
DA:38,1
DA:39,1
DA:40,1
DA:41,1
DA:42,7
DA:43,7
DA:44,7
DA:45,7
DA:46,7
DA:47,7
DA:48,7
DA:49,7
DA:50,7
DA:51,7
DA:52,7
DA:53,7
DA:54,7
DA:55,7
DA:56,7
DA:57,7
DA:58,8
DA:59,8
DA:60,8
DA:61,8
DA:62,8
DA:63,8
DA:64,8
DA:65,8
DA:66,8
DA:67,8
DA:68,8
DA:69,1
DA:70,1
DA:71,1
DA:72,6
DA:73,6
DA:74,6
DA:75,6
DA:76,1
DA:77,1
DA:78,4
DA:79,4
DA:80,4
DA:81,4
DA:82,4
DA:83,4
DA:84,4
DA:85,4
DA:86,4
DA:87,7
DA:88,7
DA:89,7
DA:90,7
DA:91,7
DA:92,2
DA:93,2
DA:94,2
DA:95,2
DA:96,5
DA:97,5
DA:98,5
DA:99,7
DA:100,1
DA:101,1
DA:102,7
DA:103,4
DA:104,4
DA:105,4
DA:106,1
DA:107,1
DA:108,3
DA:109,3
DA:110,3
DA:111,3
DA:112,3
DA:113,3
DA:114,1
DA:115,1
DA:116,3
DA:117,2
DA:118,2
DA:119,2
DA:120,1
DA:121,1
DA:122,3
DA:123,3
DA:124,3
DA:125,3
DA:126,1
DA:127,1
DA:128,2
DA:129,2
DA:130,3
DA:131,3
DA:132,3
DA:133,3
DA:134,1
DA:135,1
DA:136,3
DA:137,3
DA:138,3
DA:139,3
DA:140,1
DA:141,1
DA:142,3
DA:143,3
DA:144,3
DA:145,0
DA:146,0
DA:147,3
DA:148,3
DA:149,2
DA:150,2
DA:151,1
DA:152,1
DA:153,3
DA:154,3
DA:155,2
DA:156,2
DA:157,2
DA:158,2
DA:159,1
DA:160,1
DA:161,7
DA:162,7
DA:163,7
DA:164,7
DA:165,1
DA:166,1
DA:167,1
DA:168,1
DA:169,0
DA:170,0
DA:171,1
DA:172,6
DA:173,7
DA:174,0
DA:175,0
DA:176,0
DA:177,0
DA:178,6
DA:179,7
DA:180,6
DA:181,6
DA:182,0
DA:183,0
DA:184,0
DA:185,0
DA:186,1
DA:187,1
DA:188,1
DA:189,1
DA:190,1
DA:191,1
DA:192,28
DA:193,28
DA:194,28
DA:195,28
DA:196,28
DA:197,28
DA:198,28
DA:199,28
DA:200,28
DA:201,28
DA:202,28
DA:203,28
DA:204,28
DA:205,2
DA:206,2
DA:207,7
DA:208,7
DA:209,2
DA:210,2
DA:211,2
DA:212,2
DA:213,2
DA:214,2
DA:215,2
DA:216,28
DA:217,28
DA:218,28
DA:219,28
DA:220,28
DA:221,1
DA:222,1
DA:223,1
DA:224,1
DA:225,1
DA:226,1
DA:227,1
DA:228,1
DA:229,1
DA:230,1
DA:231,1
DA:232,1
DA:233,1
DA:234,1
DA:235,1
DA:236,1
DA:237,1
DA:238,1
DA:239,1
DA:240,1
DA:241,1
DA:242,1
DA:243,28
DA:244,28
DA:245,28
DA:246,28
DA:247,28
DA:248,1
DA:249,1
DA:250,1
DA:251,1
DA:252,1
DA:253,3
DA:254,3
DA:255,3
DA:256,2
DA:257,2
DA:258,2
DA:259,2
DA:260,2
DA:261,2
DA:262,2
DA:263,3
DA:264,1
DA:265,1
DA:266,1
DA:267,28
DA:268,1
DA:269,1
DA:270,1
DA:271,1
DA:272,1
DA:273,0
DA:274,0
LF:274
LH:260
BRDA:28,0,0,6
BRDA:31,1,0,8
BRDA:36,2,0,1
BRDA:42,3,0,7
BRDA:58,4,0,0
BRDA:62,5,0,0
BRDA:62,6,0,7
BRDA:68,7,0,1
BRDA:77,8,0,4
BRDA:86,9,0,7
BRDA:91,10,0,2
BRDA:96,11,0,5
BRDA:99,12,0,1
BRDA:107,13,0,3
BRDA:113,14,0,1
BRDA:117,15,0,2
BRDA:121,16,0,3
BRDA:125,17,0,2
BRDA:125,18,0,1
BRDA:123,19,0,1
BRDA:129,20,0,3
BRDA:133,21,0,1
BRDA:133,22,0,1
BRDA:139,23,0,1
BRDA:144,24,0,0
BRDA:148,25,0,2
BRDA:150,26,0,1
BRDA:160,27,0,7
BRDA:164,28,0,1
BRDA:168,29,0,0
BRDA:172,30,0,6
BRDA:173,31,0,0
BRDA:178,32,0,6
BRDA:179,33,0,6
BRDA:182,34,0,0
BRDA:191,35,0,28
BRDA:195,36,0,28
BRDA:204,37,0,2
BRDA:206,38,0,7
BRDA:207,39,0,0
BRDA:220,40,0,1
BRDA:234,41,0,2
BRDA:235,42,0,2
BRDA:235,43,0,1
BRDA:236,44,0,2
BRDA:237,45,0,2
BRDA:238,46,0,2
BRDA:238,47,0,0
BRDA:239,48,0,2
BRDA:239,49,0,0
BRDA:240,50,0,2
BRDA:240,51,0,0
BRDA:247,52,0,1
BRDA:252,53,0,3
BRDA:255,54,0,2
BRDA:252,55,0,2
BRF:56
BRH:46
end_of_record
TN:
SF:src\services\guardrail.ts
FN:29,<instance_members_initializer>
FN:32,SimpleGuardrailService
FN:36,evaluateAnswerability
FN:73,calculateScore
FN:100,calculateConfidence
FN:124,applyThresholds
FN:131,generateIdkResponse
FN:166,generateReasoning
FN:179,getTenantConfig
FN:183,getDefaultConfig
FN:193,initializeDefaultConfigs
FN:216,updateTenantConfig
FNF:12
FNH:12
FNDA:41,<instance_members_initializer>
FNDA:41,SimpleGuardrailService
FNDA:67,evaluateAnswerability
FNDA:65,calculateScore
FNDA:60,calculateConfidence
FNDA:65,applyThresholds
FNDA:28,generateIdkResponse
FNDA:60,generateReasoning
FNDA:67,getTenantConfig
FNDA:98,getDefaultConfig
FNDA:41,initializeDefaultConfigs
FNDA:7,updateTenantConfig
DA:1,1
DA:2,1
DA:3,1
DA:4,1
DA:5,1
DA:6,1
DA:7,1
DA:8,1
DA:9,1
DA:10,1
DA:11,1
DA:12,1
DA:13,1
DA:14,1
DA:15,1
DA:16,1
DA:17,1
DA:18,1
DA:19,1
DA:20,1
DA:21,1
DA:22,1
DA:23,1
DA:24,1
DA:25,1
DA:26,1
DA:27,1
DA:28,1
DA:29,1
DA:30,41
DA:31,41
DA:32,41
DA:33,41
DA:34,41
DA:35,41
DA:36,41
DA:37,67
DA:38,67
DA:39,67
DA:40,67
DA:41,67
DA:42,67
DA:43,67
DA:44,67
DA:45,67
DA:46,67
DA:47,67
DA:48,67
DA:49,2
DA:50,2
DA:51,2
DA:52,2
DA:53,2
DA:54,2
DA:55,2
DA:56,2
DA:57,2
DA:58,2
DA:59,65
DA:60,65
DA:61,65
DA:62,65
DA:63,65
DA:64,65
DA:65,65
DA:66,65
DA:67,65
DA:68,65
DA:69,67
DA:70,67
DA:71,67
DA:72,41
DA:73,41
DA:74,65
DA:75,5
DA:76,5
DA:77,5
DA:78,5
DA:79,5
DA:80,5
DA:81,5
DA:82,60
DA:83,60
DA:84,60
DA:85,60
DA:86,60
DA:87,60
DA:88,60
DA:89,60
DA:90,60
DA:91,60
DA:92,60
DA:93,60
DA:94,60
DA:95,60
DA:96,60
DA:97,60
DA:98,60
DA:99,41
DA:100,41
DA:101,60
DA:102,60
DA:103,60
DA:104,60
DA:105,60
DA:106,60
DA:107,60
DA:108,60
DA:109,60
DA:110,60
DA:111,60
DA:112,60
DA:113,60
DA:114,60
DA:115,60
DA:116,60
DA:117,60
DA:118,60
DA:119,60
DA:120,60
DA:121,60
DA:122,60
DA:123,41
DA:124,41
DA:125,65
DA:126,65
DA:127,65
DA:128,65
DA:129,65
DA:130,41
DA:131,41
DA:132,28
DA:133,5
DA:134,5
DA:135,5
DA:136,5
DA:137,5
DA:138,5
DA:139,5
DA:140,5
DA:141,5
DA:142,5
DA:143,23
DA:144,28
DA:145,11
DA:146,11
DA:147,11
DA:148,11
DA:149,11
DA:150,11
DA:151,11
DA:152,11
DA:153,11
DA:154,11
DA:155,12
DA:156,12
DA:157,12
DA:158,12
DA:159,12
DA:160,12
DA:161,12
DA:162,12
DA:163,12
DA:164,12
DA:165,41
DA:166,41
DA:167,60
DA:168,60
DA:169,60
DA:170,60
DA:171,60
DA:172,60
DA:173,60
DA:174,60
DA:175,60
DA:176,60
DA:177,60
DA:178,41
DA:179,41
DA:180,67
DA:181,67
DA:182,41
DA:183,41
DA:184,98
DA:185,98
DA:186,98
DA:187,98
DA:188,98
DA:189,98
DA:190,98
DA:191,98
DA:192,41
DA:193,41
DA:194,41
DA:195,41
DA:196,41
DA:197,41
DA:198,41
DA:199,41
DA:200,41
DA:201,41
DA:202,41
DA:203,41
DA:204,41
DA:205,41
DA:206,41
DA:207,41
DA:208,41
DA:209,41
DA:210,41
DA:211,41
DA:212,41
DA:213,41
DA:214,41
DA:215,41
DA:216,41
DA:217,7
DA:218,7
DA:219,41
DA:220,1
DA:221,1
DA:222,1
LF:222
LH:222
BRDA:29,0,0,41
BRDA:32,1,0,41
BRDA:36,2,0,67
BRDA:45,3,0,0
BRDA:48,4,0,2
BRDA:59,5,0,65
BRDA:69,6,0,37
BRDA:69,7,0,28
BRDA:73,8,0,65
BRDA:74,9,0,5
BRDA:82,10,0,60
BRDA:84,11,0,1477
BRDA:84,12,0,1
BRDA:85,13,0,1477
BRDA:100,14,0,60
BRDA:113,15,0,52
BRDA:113,16,0,8
BRDA:124,17,0,65
BRDA:125,18,0,40
BRDA:126,19,0,40
BRDA:127,20,0,40
BRDA:131,21,0,28
BRDA:132,22,0,5
BRDA:143,23,0,23
BRDA:144,24,0,11
BRDA:155,25,0,12
BRDA:166,26,0,60
BRDA:169,27,0,0
BRDA:170,28,0,7
BRDA:171,29,0,11
BRDA:172,30,0,7
BRDA:174,31,0,16
BRDA:175,32,0,44
BRDA:179,33,0,67
BRDA:180,34,0,57
BRDA:183,35,0,98
BRDA:193,36,0,41
BRDA:216,37,0,7
BRF:38
BRH:36
end_of_record
TN:
SF:src\services\llm-client.ts
FN:52,<instance_members_initializer>
FN:55,LLMClientImpl
FN:59,generateCompletion
FN:127,generateStreamingCompletion
FN:165,getModel
FN:169,getConfig
FN:173,supportsStreaming
FN:186,generateVLLMCompletion
FN:268,generateVLLMStreamingCompletion
FN:386,createModel
FN:439,estimateTokens
FN:467,<instance_members_initializer>
FN:471,LLMClientFactoryImpl
FN:475,createClientForTenant
FN:496,createClient
FN:514,getTenantConfig
FN:522,updateTenantConfig
FN:530,initializeDefaultConfigs
FN:581,getDefaultTenantConfig
FN:630,getConfigKey
FN:639,createClientForTenant
FN:654,<instance_members_initializer>
FN:831,createLLMClientFactory
FNF:23
FNH:20
FNDA:12,<instance_members_initializer>
FNDA:12,LLMClientImpl
FNDA:1,generateCompletion
FNDA:1,generateStreamingCompletion
FNDA:1,getModel
FNDA:7,getConfig
FNDA:4,supportsStreaming
FNDA:1,generateVLLMCompletion
FNDA:1,generateVLLMStreamingCompletion
FNDA:12,createModel
FNDA:4,estimateTokens
FNDA:9,<instance_members_initializer>
FNDA:9,LLMClientFactoryImpl
FNDA:3,createClientForTenant
FNDA:4,createClient
FNDA:3,getTenantConfig
FNDA:0,updateTenantConfig
FNDA:9,initializeDefaultConfigs
FNDA:4,getDefaultTenantConfig
FNDA:4,getConfigKey
FNDA:0,createClientForTenant
FNDA:0,<instance_members_initializer>
FNDA:2,createLLMClientFactory
DA:1,1
DA:2,1
DA:3,1
DA:4,1
DA:5,1
DA:6,1
DA:7,1
DA:8,1
DA:9,1
DA:10,1
DA:11,1
DA:12,1
DA:13,1
DA:14,1
DA:15,1
DA:16,1
DA:17,1
DA:18,1
DA:19,1
DA:20,1
DA:21,1
DA:22,1
DA:23,1
DA:24,1
DA:25,1
DA:26,1
DA:27,1
DA:28,1
DA:29,1
DA:30,1
DA:31,1
DA:32,1
DA:33,1
DA:34,1
DA:35,1
DA:36,1
DA:37,1
DA:38,1
DA:39,1
DA:40,1
DA:41,1
DA:42,1
DA:43,1
DA:44,1
DA:45,1
DA:46,1
DA:47,1
DA:48,1
DA:49,1
DA:50,1
DA:51,1
DA:52,1
DA:53,12
DA:54,12
DA:55,12
DA:56,12
DA:57,12
DA:58,12
DA:59,12
DA:60,1
DA:61,1
DA:62,1
DA:63,1
DA:64,1
DA:65,1
DA:66,1
DA:67,1
DA:68,1
DA:69,1
DA:70,1
DA:71,1
DA:72,1
DA:73,0
DA:74,0
DA:75,0
DA:76,0
DA:77,0
DA:78,0
DA:79,0
DA:80,0
DA:81,0
DA:82,0
DA:83,0
DA:84,0
DA:85,0
DA:86,0
DA:87,0
DA:88,0
DA:89,0
DA:90,0
DA:91,0
DA:92,0
DA:93,0
DA:94,0
DA:95,0
DA:96,0
DA:97,0
DA:98,0
DA:99,0
DA:100,0
DA:101,0
DA:102,0
DA:103,0
DA:104,0
DA:105,0
DA:106,0
DA:107,1
DA:108,1
DA:109,1
DA:110,1
DA:111,1
DA:112,1
DA:113,1
DA:114,1
DA:115,1
DA:116,1
DA:117,1
DA:118,1
DA:119,0
DA:120,0
DA:121,0
DA:122,0
DA:123,0
DA:124,0
DA:125,1
DA:126,12
DA:127,12
DA:128,1
DA:129,1
DA:130,1
DA:131,1
DA:132,1
DA:133,0
DA:134,0
DA:135,0
DA:136,0
DA:137,0
DA:138,1
DA:139,1
DA:140,1
DA:141,1
DA:142,1
DA:143,1
DA:144,1
DA:145,0
DA:146,0
DA:147,0
DA:148,0
DA:149,0
DA:150,0
DA:151,0
DA:152,0
DA:153,0
DA:154,0
DA:155,0
DA:156,0
DA:157,0
DA:158,0
DA:159,0
DA:160,0
DA:161,0
DA:162,0
DA:163,1
DA:164,12
DA:165,12
DA:166,1
DA:167,1
DA:168,12
DA:169,12
DA:170,7
DA:171,7
DA:172,12
DA:173,12
DA:174,4
DA:175,4
DA:176,2
DA:177,2
DA:178,2
DA:179,4
DA:180,2
DA:181,2
DA:182,0
DA:183,0
DA:184,0
DA:185,12
DA:186,12
DA:187,1
DA:188,1
DA:189,1
DA:190,1
DA:191,1
DA:192,1
DA:193,1
DA:194,1
DA:195,1
DA:196,1
DA:197,1
DA:198,1
DA:199,1
DA:200,1
DA:201,1
DA:202,1
DA:203,1
DA:204,1
DA:205,1
DA:206,1
DA:207,1
DA:208,1
DA:209,1
DA:210,1
DA:211,1
DA:212,1
DA:213,1
DA:214,1
DA:215,1
DA:216,1
DA:217,1
DA:218,1
DA:219,1
DA:220,1
DA:221,1
DA:222,1
DA:223,1
DA:224,1
DA:225,1
DA:226,1
DA:227,1
DA:228,1
DA:229,1
DA:230,1
DA:231,1
DA:232,1
DA:233,1
DA:234,1
DA:235,1
DA:236,1
DA:237,1
DA:238,1
DA:239,1
DA:240,1
DA:241,0
DA:242,0
DA:243,1
DA:244,1
DA:245,1
DA:246,1
DA:247,0
DA:248,0
DA:249,1
DA:250,1
DA:251,1
DA:252,1
DA:253,1
DA:254,1
DA:255,1
DA:256,1
DA:257,1
DA:258,1
DA:259,1
DA:260,0
DA:261,0
DA:262,0
DA:263,0
DA:264,0
DA:265,0
DA:266,1
DA:267,12
DA:268,12
DA:269,1
DA:270,1
DA:271,1
DA:272,1
DA:273,1
DA:274,1
DA:275,1
DA:276,1
DA:277,1
DA:278,1
DA:279,1
DA:280,1
DA:281,1
DA:282,1
DA:283,1
DA:284,1
DA:285,1
DA:286,1
DA:287,1
DA:288,1
DA:289,1
DA:290,1
DA:291,1
DA:292,1
DA:293,1
DA:294,1
DA:295,1
DA:296,1
DA:297,1
DA:298,1
DA:299,1
DA:300,1
DA:301,1
DA:302,1
DA:303,1
DA:304,1
DA:305,1
DA:306,1
DA:307,1
DA:308,1
DA:309,1
DA:310,1
DA:311,1
DA:312,1
DA:313,1
DA:314,1
DA:315,1
DA:316,1
DA:317,1
DA:318,0
DA:319,0
DA:320,1
DA:321,1
DA:322,0
DA:323,0
DA:324,1
DA:325,1
DA:326,1
DA:327,1
DA:328,1
DA:329,1
DA:330,1
DA:331,4
DA:332,4
DA:333,4
DA:334,4
DA:335,4
DA:336,4
DA:337,4
DA:338,4
DA:339,4
DA:340,4
DA:341,1
DA:342,1
DA:343,1
DA:344,1
DA:345,1
DA:346,1
DA:347,3
DA:348,3
DA:349,3
DA:350,4
DA:351,4
DA:352,3
DA:353,3
DA:354,3
DA:355,3
DA:356,3
DA:357,3
DA:358,3
DA:359,4
DA:360,0
DA:361,0
DA:362,0
DA:363,4
DA:364,4
DA:365,3
DA:366,1
DA:367,1
DA:368,1
DA:369,1
DA:370,1
DA:371,0
DA:372,0
DA:373,0
DA:374,0
DA:375,0
DA:376,0
DA:377,0
DA:378,0
DA:379,0
DA:380,0
DA:381,0
DA:382,0
DA:383,0
DA:384,1
DA:385,12
DA:386,12
DA:387,12
DA:388,12
DA:389,6
DA:390,6
DA:391,6
DA:392,6
DA:393,6
DA:394,6
DA:395,12
DA:396,12
DA:397,1
DA:398,1
DA:399,1
DA:400,1
DA:401,1
DA:402,1
DA:403,12
DA:404,12
DA:405,0
DA:406,0
DA:407,0
DA:408,0
DA:409,0
DA:410,0
DA:411,0
DA:412,0
DA:413,0
DA:414,0
DA:415,0
DA:416,0
DA:417,0
DA:418,0
DA:419,0
DA:420,12
DA:421,12
DA:422,4
DA:423,4
DA:424,4
DA:425,4
DA:426,4
DA:427,4
DA:428,4
DA:429,4
DA:430,12
DA:431,12
DA:432,1
DA:433,1
DA:434,1
DA:435,1
DA:436,12
DA:437,12
DA:438,12
DA:439,12
DA:440,4
DA:441,4
DA:442,4
DA:443,12
DA:444,1
DA:445,1
DA:446,1
DA:447,1
DA:448,1
DA:449,1
DA:450,1
DA:451,1
DA:452,1
DA:453,1
DA:454,1
DA:455,1
DA:456,1
DA:457,1
DA:458,1
DA:459,1
DA:460,1
DA:461,1
DA:462,1
DA:463,1
DA:464,1
DA:465,1
DA:466,1
DA:467,1
DA:468,9
DA:469,9
DA:470,9
DA:471,9
DA:472,9
DA:473,9
DA:474,9
DA:475,9
DA:476,3
DA:477,3
DA:478,3
DA:479,3
DA:480,3
DA:481,1
DA:482,1
DA:483,2
DA:484,2
DA:485,2
DA:486,2
DA:487,2
DA:488,2
DA:489,2
DA:490,2
DA:491,2
DA:492,2
DA:493,2
DA:494,2
DA:495,9
DA:496,9
DA:497,4
DA:498,4
DA:499,4
DA:500,4
DA:501,4
DA:502,0
DA:503,0
DA:504,4
DA:505,4
DA:506,4
DA:507,4
DA:508,4
DA:509,4
DA:510,4
DA:511,4
DA:512,4
DA:513,9
DA:514,9
DA:515,3
DA:516,3
DA:517,3
DA:518,3
DA:519,0
DA:520,0
DA:521,9
DA:522,9
DA:523,0
DA:524,0
DA:525,0
DA:526,0
DA:527,0
DA:528,0
DA:529,9
DA:530,9
DA:531,9
DA:532,9
DA:533,9
DA:534,9
DA:535,9
DA:536,9
DA:537,9
DA:538,9
DA:539,9
DA:540,9
DA:541,9
DA:542,1
DA:543,1
DA:544,1
DA:545,1
DA:546,1
DA:547,1
DA:548,1
DA:549,1
DA:550,1
DA:551,1
DA:552,9
DA:553,8
DA:554,8
DA:555,8
DA:556,8
DA:557,8
DA:558,8
DA:559,8
DA:560,8
DA:561,8
DA:562,9
DA:563,9
DA:564,9
DA:565,9
DA:566,9
DA:567,9
DA:568,9
DA:569,9
DA:570,9
DA:571,9
DA:572,9
DA:573,9
DA:574,9
DA:575,9
DA:576,9
DA:577,9
DA:578,9
DA:579,9
DA:580,9
DA:581,9
DA:582,4
DA:583,4
DA:584,4
DA:585,4
DA:586,4
DA:587,4
DA:588,4
DA:589,4
DA:590,4
DA:591,4
DA:592,4
DA:593,0
DA:594,0
DA:595,0
DA:596,0
DA:597,0
DA:598,0
DA:599,0
DA:600,0
DA:601,0
DA:602,0
DA:603,4
DA:604,4
DA:605,4
DA:606,4
DA:607,4
DA:608,4
DA:609,4
DA:610,4
DA:611,4
DA:612,4
DA:613,4
DA:614,4
DA:615,4
DA:616,4
DA:617,4
DA:618,4
DA:619,4
DA:620,4
DA:621,4
DA:622,4
DA:623,4
DA:624,4
DA:625,4
DA:626,4
DA:627,4
DA:628,4
DA:629,9
DA:630,9
DA:631,4
DA:632,4
DA:633,9
DA:634,1
DA:635,1
DA:636,1
DA:637,1
DA:638,1
DA:639,1
DA:640,0
DA:641,0
DA:642,0
DA:643,0
DA:644,0
DA:645,0
DA:646,0
DA:647,0
DA:648,0
DA:649,1
DA:650,1
DA:651,1
DA:652,1
DA:653,1
DA:654,1
DA:655,0
DA:656,0
DA:657,0
DA:658,0
DA:659,0
DA:660,0
DA:661,0
DA:662,0
DA:663,0
DA:664,0
DA:665,0
DA:666,0
DA:667,0
DA:668,0
DA:669,0
DA:670,0
DA:671,0
DA:672,0
DA:673,0
DA:674,0
DA:675,0
DA:676,0
DA:677,0
DA:678,0
DA:679,0
DA:680,0
DA:681,0
DA:682,0
DA:683,0
DA:684,0
DA:685,0
DA:686,0
DA:687,0
DA:688,0
DA:689,0
DA:690,0
DA:691,0
DA:692,0
DA:693,0
DA:694,0
DA:695,0
DA:696,0
DA:697,0
DA:698,0
DA:699,0
DA:700,0
DA:701,0
DA:702,0
DA:703,0
DA:704,0
DA:705,0
DA:706,0
DA:707,0
DA:708,0
DA:709,0
DA:710,0
DA:711,0
DA:712,0
DA:713,0
DA:714,0
DA:715,0
DA:716,0
DA:717,0
DA:718,0
DA:719,0
DA:720,0
DA:721,0
DA:722,0
DA:723,0
DA:724,0
DA:725,0
DA:726,0
DA:727,0
DA:728,0
DA:729,0
DA:730,0
DA:731,0
DA:732,0
DA:733,0
DA:734,0
DA:735,0
DA:736,0
DA:737,0
DA:738,0
DA:739,0
DA:740,0
DA:741,0
DA:742,0
DA:743,0
DA:744,0
DA:745,0
DA:746,0
DA:747,0
DA:748,0
DA:749,0
DA:750,0
DA:751,0
DA:752,0
DA:753,0
DA:754,0
DA:755,0
DA:756,0
DA:757,0
DA:758,0
DA:759,0
DA:760,0
DA:761,0
DA:762,0
DA:763,0
DA:764,0
DA:765,0
DA:766,0
DA:767,0
DA:768,0
DA:769,0
DA:770,0
DA:771,0
DA:772,0
DA:773,0
DA:774,0
DA:775,0
DA:776,0
DA:777,0
DA:778,0
DA:779,0
DA:780,0
DA:781,0
DA:782,0
DA:783,0
DA:784,0
DA:785,0
DA:786,0
DA:787,0
DA:788,0
DA:789,0
DA:790,0
DA:791,0
DA:792,0
DA:793,0
DA:794,0
DA:795,0
DA:796,0
DA:797,0
DA:798,0
DA:799,0
DA:800,0
DA:801,0
DA:802,0
DA:803,0
DA:804,0
DA:805,0
DA:806,0
DA:807,0
DA:808,0
DA:809,0
DA:810,0
DA:811,0
DA:812,0
DA:813,0
DA:814,0
DA:815,0
DA:816,0
DA:817,0
DA:818,0
DA:819,0
DA:820,0
DA:821,0
DA:822,0
DA:823,0
DA:824,0
DA:825,0
DA:826,0
DA:827,1
DA:828,1
DA:829,1
DA:830,1
DA:831,1
DA:832,2
DA:833,2
LF:833
LH:521
BRDA:52,0,0,12
BRDA:55,1,0,12
BRDA:59,2,0,1
BRDA:73,3,0,0
BRDA:107,4,0,0
BRDA:118,5,0,0
BRDA:127,6,0,1
BRDA:132,7,0,0
BRDA:145,8,0,0
BRDA:165,9,0,1
BRDA:169,10,0,7
BRDA:173,11,0,4
BRDA:175,12,0,2
BRDA:179,13,0,1
BRDA:179,14,0,2
BRDA:182,15,0,0
BRDA:186,16,0,1
BRDA:218,17,0,0
BRDA:219,18,0,0
BRDA:223,19,0,0
BRDA:228,20,0,0
BRDA:232,21,0,0
BRDA:240,22,0,0
BRDA:246,23,0,0
BRDA:250,24,0,0
BRDA:251,25,0,0
BRDA:259,26,0,0
BRDA:268,27,0,1
BRDA:300,28,0,0
BRDA:305,29,0,0
BRDA:309,30,0,0
BRDA:317,31,0,0
BRDA:321,32,0,0
BRDA:330,33,0,4
BRDA:332,34,0,0
BRDA:340,35,0,1
BRDA:347,36,0,3
BRDA:351,37,0,3
BRDA:351,38,0,3
BRDA:359,39,0,0
BRDA:365,40,0,3
BRDA:370,41,0,0
BRDA:335,42,0,12
BRDA:386,43,0,12
BRDA:388,44,0,6
BRDA:391,45,0,0
BRDA:392,46,0,0
BRDA:393,47,0,4
BRDA:396,48,0,1
BRDA:399,49,0,0
BRDA:400,50,0,0
BRDA:401,51,0,0
BRDA:404,52,0,0
BRDA:421,53,0,4
BRDA:426,54,0,2
BRDA:427,55,0,2
BRDA:431,56,0,1
BRDA:439,57,0,4
BRDA:467,58,0,9
BRDA:471,59,0,9
BRDA:475,60,0,3
BRDA:480,61,0,1
BRDA:483,62,0,2
BRDA:496,63,0,4
BRDA:501,64,0,0
BRDA:514,65,0,3
BRDA:519,66,0,0
BRDA:530,67,0,9
BRDA:533,68,0,1
BRDA:534,69,0,0
BRDA:537,70,0,0
BRDA:541,71,0,1
BRDA:552,72,0,8
BRDA:581,73,0,4
BRDA:584,74,0,1
BRDA:585,75,0,0
BRDA:588,76,0,0
BRDA:592,77,0,0
BRDA:630,78,0,4
BRDA:831,79,0,2
BRDA:832,80,0,1
BRDA:832,81,0,1
BRF:82
BRH:45
end_of_record
TN:
SF:src\types\synthesis.ts
FN:90,<instance_members_initializer>
FN:91,AnswerSynthesisError
FN:101,<instance_members_initializer>
FN:102,LLMProviderError
FN:111,<instance_members_initializer>
FN:112,CitationExtractionError
FNF:6
FNH:6
FNDA:7,<instance_members_initializer>
FNDA:7,AnswerSynthesisError
FNDA:1,<instance_members_initializer>
FNDA:1,LLMProviderError
FNDA:1,<instance_members_initializer>
FNDA:1,CitationExtractionError
DA:1,1
DA:2,1
DA:3,1
DA:4,1
DA:5,1
DA:6,1
DA:7,1
DA:8,1
DA:9,1
DA:10,1
DA:11,1
DA:12,1
DA:13,1
DA:14,1
DA:15,1
DA:16,1
DA:17,1
DA:18,1
DA:19,1
DA:20,1
DA:21,1
DA:22,1
DA:23,1
DA:24,1
DA:25,1
DA:26,1
DA:27,1
DA:28,1
DA:29,1
DA:30,1
DA:31,1
DA:32,1
DA:33,1
DA:34,1
DA:35,1
DA:36,1
DA:37,1
DA:38,1
DA:39,1
DA:40,1
DA:41,1
DA:42,1
DA:43,1
DA:44,1
DA:45,1
DA:46,1
DA:47,1
DA:48,1
DA:49,1
DA:50,1
DA:51,1
DA:52,1
DA:53,1
DA:54,1
DA:55,1
DA:56,1
DA:57,1
DA:58,1
DA:59,1
DA:60,1
DA:61,1
DA:62,1
DA:63,1
DA:64,1
DA:65,1
DA:66,1
DA:67,1
DA:68,1
DA:69,1
DA:70,1
DA:71,1
DA:72,1
DA:73,1
DA:74,1
DA:75,1
DA:76,1
DA:77,1
DA:78,1
DA:79,1
DA:80,1
DA:81,1
DA:82,1
DA:83,1
DA:84,1
DA:85,1
DA:86,1
DA:87,1
DA:88,1
DA:89,1
DA:90,1
DA:91,7
DA:92,7
DA:93,7
DA:94,7
DA:95,7
DA:96,7
DA:97,7
DA:98,7
DA:99,7
DA:100,1
DA:101,1
DA:102,1
DA:103,1
DA:104,1
DA:105,1
DA:106,1
DA:107,1
DA:108,1
DA:109,1
DA:110,1
DA:111,1
DA:112,1
DA:113,1
DA:114,1
DA:115,1
LF:115
LH:115
BRDA:90,0,0,7
BRDA:91,1,0,7
BRDA:101,2,0,1
BRDA:102,3,0,1
BRDA:111,4,0,1
BRDA:112,5,0,1
BRF:6
BRH:6
end_of_record
