TN:
SF:src\routes\healthz.js
FN:1,healthzRoute
FNF:1
FNH:1
FNDA:1,healthzRoute
DA:1,1
DA:2,1
DA:3,1
DA:4,1
DA:5,1
LF:5
LH:5
BRDA:1,0,0,1
BRDA:1,1,0,1
BRDA:2,2,0,1
BRF:3
BRH:3
end_of_record
TN:
SF:src\services\answer-synthesis.ts
FN:30,<instance_members_initializer>
FN:33,AnswerSynthesisServiceImpl
FN:39,synthesizeAnswer
FN:125,getQualityMetrics
FN:129,validateConfiguration
FN:155,validateRequest
FN:178,prepareContext
FN:232,formatAnswerWithCitations
FN:254,calculateConfidence
FN:305,calculateFreshnessStats
FN:318,<instance_members_initializer>
FN:319,EnhancedAnswerSynthesisService
FN:336,synthesizeAnswer
FN:345,validateQuality
FN:375,createAnswerSynthesisService
FNF:15
FNH:14
FNDA:29,<instance_members_initializer>
FNDA:29,AnswerSynthesisServiceImpl
FNDA:11,synthesizeAnswer
FNDA:2,getQualityMetrics
FNDA:2,validateConfiguration
FNDA:11,validateRequest
FNDA:9,prepareContext
FNDA:9,formatAnswerWithCitations
FNDA:9,calculateConfidence
FNDA:9,calculateFreshnessStats
FNDA:14,<instance_members_initializer>
FNDA:14,EnhancedAnswerSynthesisService
FNDA:2,synthesizeAnswer
FNDA:2,validateQuality
FNDA:0,createAnswerSynthesisService
DA:1,1
DA:2,1
DA:3,1
DA:4,1
DA:5,1
DA:6,1
DA:7,1
DA:8,1
DA:9,1
DA:10,1
DA:11,1
DA:12,1
DA:13,1
DA:14,1
DA:15,1
DA:16,1
DA:17,1
DA:18,1
DA:19,1
DA:20,1
DA:21,1
DA:22,1
DA:23,1
DA:24,1
DA:25,1
DA:26,1
DA:27,1
DA:28,1
DA:29,1
DA:30,1
DA:31,29
DA:32,29
DA:33,29
DA:34,29
DA:35,29
DA:36,29
DA:37,29
DA:38,29
DA:39,29
DA:40,11
DA:41,11
DA:42,11
DA:43,11
DA:44,11
DA:45,11
DA:46,11
DA:47,11
DA:48,11
DA:49,11
DA:50,11
DA:51,11
DA:52,11
DA:53,11
DA:54,11
DA:55,11
DA:56,11
DA:57,11
DA:58,11
DA:59,11
DA:60,11
DA:61,9
DA:62,9
DA:63,9
DA:64,9
DA:65,9
DA:66,9
DA:67,9
DA:68,9
DA:69,9
DA:70,9
DA:71,9
DA:72,9
DA:73,11
DA:74,11
DA:75,11
DA:76,11
DA:77,11
DA:78,11
DA:79,11
DA:80,11
DA:81,11
DA:82,11
DA:83,11
DA:84,11
DA:85,11
DA:86,11
DA:87,11
DA:88,11
DA:89,11
DA:90,11
DA:91,11
DA:92,11
DA:93,11
DA:94,11
DA:95,11
DA:96,11
DA:97,11
DA:98,11
DA:99,11
DA:100,11
DA:101,11
DA:102,11
DA:103,11
DA:104,11
DA:105,11
DA:106,11
DA:107,11
DA:108,11
DA:109,11
DA:110,11
DA:111,11
DA:112,11
DA:113,2
DA:114,2
DA:115,2
DA:116,2
DA:117,2
DA:118,2
DA:119,2
DA:120,2
DA:121,2
DA:122,2
DA:123,11
DA:124,29
DA:125,29
DA:126,2
DA:127,2
DA:128,29
DA:129,29
DA:130,2
DA:131,2
DA:132,2
DA:133,1
DA:134,1
DA:135,1
DA:136,2
DA:137,0
DA:138,0
DA:139,1
DA:140,1
DA:141,1
DA:142,1
DA:143,1
DA:144,1
DA:145,1
DA:146,1
DA:147,1
DA:148,1
DA:149,1
DA:150,1
DA:151,1
DA:152,1
DA:153,2
DA:154,29
DA:155,29
DA:156,11
DA:157,0
DA:158,0
DA:159,0
DA:160,0
DA:161,0
DA:162,11
DA:163,11
DA:164,1
DA:165,1
DA:166,1
DA:167,1
DA:168,1
DA:169,10
DA:170,11
DA:171,1
DA:172,1
DA:173,1
DA:174,1
DA:175,1
DA:176,11
DA:177,29
DA:178,29
DA:179,9
DA:180,9
DA:181,9
DA:182,9
DA:183,9
DA:184,9
DA:185,9
DA:186,9
DA:187,9
DA:188,9
DA:189,9
DA:190,9
DA:191,9
DA:192,9
DA:193,9
DA:194,9
DA:195,9
DA:196,15
DA:197,15
DA:198,15
DA:199,15
DA:200,15
DA:201,15
DA:202,15
DA:203,15
DA:204,15
DA:205,15
DA:206,15
DA:207,15
DA:208,1
DA:209,1
DA:210,1
DA:211,1
DA:212,1
DA:213,1
DA:214,1
DA:215,1
DA:216,1
DA:217,1
DA:218,14
DA:219,14
DA:220,14
DA:221,14
DA:222,15
DA:223,15
DA:224,15
DA:225,15
DA:226,15
DA:227,15
DA:228,15
DA:229,15
DA:230,15
DA:231,29
DA:232,29
DA:233,9
DA:234,9
DA:235,9
DA:236,9
DA:237,9
DA:238,1
DA:239,1
DA:240,1
DA:241,8
DA:242,8
DA:243,8
DA:244,8
DA:245,8
DA:246,8
DA:247,8
DA:248,8
DA:249,8
DA:250,0
DA:251,0
DA:252,0
DA:253,29
DA:254,29
DA:255,9
DA:256,9
DA:257,9
DA:258,9
DA:259,9
DA:260,9
DA:261,9
DA:262,9
DA:263,9
DA:264,1
DA:265,1
DA:266,9
DA:267,9
DA:268,9
DA:269,9
DA:270,9
DA:271,9
DA:272,9
DA:273,9
DA:274,9
DA:275,9
DA:276,0
DA:277,0
DA:278,0
DA:279,0
DA:280,0
DA:281,0
DA:282,0
DA:283,0
DA:284,9
DA:285,9
DA:286,9
DA:287,0
DA:288,0
DA:289,9
DA:290,9
DA:291,9
DA:292,9
DA:293,9
DA:294,9
DA:295,9
DA:296,9
DA:297,9
DA:298,9
DA:299,0
DA:300,0
DA:301,9
DA:302,9
DA:303,9
DA:304,29
DA:305,29
DA:306,9
DA:307,16
DA:308,16
DA:309,9
DA:310,9
DA:311,9
DA:312,9
DA:313,29
DA:314,1
DA:315,1
DA:316,1
DA:317,1
DA:318,1
DA:319,14
DA:320,14
DA:321,14
DA:322,14
DA:323,14
DA:324,14
DA:325,14
DA:326,14
DA:327,14
DA:328,14
DA:329,14
DA:330,14
DA:331,14
DA:332,14
DA:333,14
DA:334,14
DA:335,14
DA:336,14
DA:337,2
DA:338,2
DA:339,2
DA:340,2
DA:341,2
DA:342,2
DA:343,2
DA:344,14
DA:345,14
DA:346,2
DA:347,2
DA:348,0
DA:349,0
DA:350,2
DA:351,2
DA:352,2
DA:353,2
DA:354,0
DA:355,0
DA:356,2
DA:357,2
DA:358,2
DA:359,0
DA:360,0
DA:361,2
DA:362,2
DA:363,2
DA:364,1
DA:365,1
DA:366,1
DA:367,1
DA:368,1
DA:369,2
DA:370,14
DA:371,1
DA:372,1
DA:373,1
DA:374,1
DA:375,1
DA:376,0
DA:377,0
DA:378,0
DA:379,0
DA:380,0
DA:381,0
DA:382,0
DA:383,0
DA:384,0
DA:385,0
LF:385
LH:347
BRDA:30,0,0,29
BRDA:33,1,0,29
BRDA:39,2,0,11
BRDA:47,3,0,0
BRDA:54,4,0,9
BRDA:59,5,0,0
BRDA:61,6,0,9
BRDA:73,7,0,7
BRDA:112,8,0,2
BRDA:125,9,0,2
BRDA:129,10,0,2
BRDA:133,11,0,1
BRDA:136,12,0,0
BRDA:139,13,0,1
BRDA:155,14,0,11
BRDA:156,15,0,0
BRDA:163,16,0,1
BRDA:169,17,0,10
BRDA:170,18,0,1
BRDA:178,19,0,9
BRDA:195,20,0,15
BRDA:201,21,0,0
BRDA:203,22,0,0
BRDA:207,23,0,1
BRDA:218,24,0,14
BRDA:193,25,0,7
BRDA:193,26,0,0
BRDA:193,27,0,0
BRDA:193,28,0,0
BRDA:193,29,0,0
BRDA:200,30,0,21
BRDA:232,31,0,9
BRDA:237,32,0,1
BRDA:241,33,0,8
BRDA:250,34,0,0
BRDA:254,35,0,9
BRDA:263,36,0,1
BRDA:275,37,0,0
BRDA:286,38,0,0
BRDA:298,39,0,0
BRDA:269,40,0,16
BRDA:270,41,0,0
BRDA:270,42,0,0
BRDA:298,43,0,36
BRDA:305,44,0,9
BRDA:306,45,0,16
BRDA:318,46,0,14
BRDA:319,47,0,14
BRDA:336,48,0,2
BRDA:345,49,0,2
BRDA:347,50,0,0
BRDA:353,51,0,0
BRDA:358,52,0,0
BRDA:363,53,0,1
BRF:54
BRH:35
end_of_record
TN:
SF:src\services\citation.ts
FN:28,extractCitations
FN:77,formatTextWithCitations
FN:107,validateCitations
FN:121,generateBibliography
FN:160,extractSourceFromDocument
FN:191,<instance_members_initializer>
FN:195,EnhancedCitationService
FN:204,extractCitations
FN:220,getCitationStats
FN:247,deduplicateCitations
FN:272,createCitationService
FNF:11
FNH:10
FNDA:16,extractCitations
FNDA:4,formatTextWithCitations
FNDA:3,validateCitations
FNDA:4,generateBibliography
FNDA:31,extractSourceFromDocument
FNDA:28,<instance_members_initializer>
FNDA:28,EnhancedCitationService
FNDA:6,extractCitations
FNDA:3,getCitationStats
FNDA:2,deduplicateCitations
FNDA:0,createCitationService
DA:1,1
DA:2,1
DA:3,1
DA:4,1
DA:5,1
DA:6,1
DA:7,1
DA:8,1
DA:9,1
DA:10,1
DA:11,1
DA:12,1
DA:13,1
DA:14,1
DA:15,1
DA:16,1
DA:17,1
DA:18,1
DA:19,1
DA:20,1
DA:21,1
DA:22,1
DA:23,1
DA:24,1
DA:25,1
DA:26,1
DA:27,1
DA:28,1
DA:29,16
DA:30,16
DA:31,16
DA:32,33
DA:33,33
DA:34,33
DA:35,33
DA:36,33
DA:37,2
DA:38,2
DA:39,2
DA:40,2
DA:41,2
DA:42,31
DA:43,31
DA:44,31
DA:45,31
DA:46,31
DA:47,31
DA:48,31
DA:49,31
DA:50,31
DA:51,31
DA:52,31
DA:53,31
DA:54,31
DA:55,31
DA:56,31
DA:57,31
DA:58,33
DA:59,33
DA:60,33
DA:61,33
DA:62,33
DA:63,33
DA:64,33
DA:65,33
DA:66,33
DA:67,33
DA:68,33
DA:69,2
DA:70,2
DA:71,2
DA:72,16
DA:73,16
DA:74,16
DA:75,16
DA:76,1
DA:77,1
DA:78,4
DA:79,4
DA:80,4
DA:81,4
DA:82,4
DA:83,4
DA:84,4
DA:85,4
DA:86,4
DA:87,7
DA:88,7
DA:89,7
DA:90,7
DA:91,7
DA:92,2
DA:93,2
DA:94,2
DA:95,2
DA:96,5
DA:97,5
DA:98,5
DA:99,7
DA:100,1
DA:101,1
DA:102,7
DA:103,4
DA:104,4
DA:105,4
DA:106,1
DA:107,1
DA:108,3
DA:109,3
DA:110,3
DA:111,3
DA:112,3
DA:113,3
DA:114,1
DA:115,1
DA:116,3
DA:117,2
DA:118,2
DA:119,2
DA:120,1
DA:121,1
DA:122,4
DA:123,4
DA:124,4
DA:125,4
DA:126,1
DA:127,1
DA:128,3
DA:129,3
DA:130,5
DA:131,5
DA:132,5
DA:133,5
DA:134,3
DA:135,3
DA:136,5
DA:137,5
DA:138,5
DA:139,5
DA:140,1
DA:141,1
DA:142,5
DA:143,5
DA:144,5
DA:145,2
DA:146,2
DA:147,5
DA:148,5
DA:149,4
DA:150,4
DA:151,1
DA:152,1
DA:153,5
DA:154,5
DA:155,3
DA:156,3
DA:157,3
DA:158,3
DA:159,1
DA:160,1
DA:161,31
DA:162,31
DA:163,31
DA:164,31
DA:165,8
DA:166,8
DA:167,8
DA:168,8
DA:169,0
DA:170,0
DA:171,8
DA:172,23
DA:173,31
DA:174,1
DA:175,1
DA:176,1
DA:177,1
DA:178,22
DA:179,31
DA:180,21
DA:181,21
DA:182,1
DA:183,1
DA:184,1
DA:185,1
DA:186,1
DA:187,1
DA:188,1
DA:189,1
DA:190,1
DA:191,1
DA:192,28
DA:193,28
DA:194,28
DA:195,28
DA:196,28
DA:197,28
DA:198,28
DA:199,28
DA:200,28
DA:201,28
DA:202,28
DA:203,28
DA:204,28
DA:205,6
DA:206,6
DA:207,114
DA:208,114
DA:209,6
DA:210,6
DA:211,6
DA:212,6
DA:213,6
DA:214,6
DA:215,6
DA:216,28
DA:217,28
DA:218,28
DA:219,28
DA:220,28
DA:221,3
DA:222,3
DA:223,3
DA:224,3
DA:225,3
DA:226,3
DA:227,3
DA:228,3
DA:229,3
DA:230,3
DA:231,3
DA:232,3
DA:233,3
DA:234,3
DA:235,3
DA:236,3
DA:237,3
DA:238,3
DA:239,3
DA:240,3
DA:241,3
DA:242,3
DA:243,28
DA:244,28
DA:245,28
DA:246,28
DA:247,28
DA:248,2
DA:249,2
DA:250,2
DA:251,2
DA:252,2
DA:253,3
DA:254,3
DA:255,3
DA:256,2
DA:257,2
DA:258,2
DA:259,2
DA:260,2
DA:261,2
DA:262,2
DA:263,3
DA:264,2
DA:265,2
DA:266,2
DA:267,28
DA:268,1
DA:269,1
DA:270,1
DA:271,1
DA:272,1
DA:273,0
DA:274,0
LF:274
LH:270
BRDA:28,0,0,16
BRDA:31,1,0,33
BRDA:36,2,0,2
BRDA:42,3,0,31
BRDA:58,4,0,1
BRDA:62,5,0,6
BRDA:62,6,0,25
BRDA:68,7,0,2
BRDA:77,8,0,4
BRDA:86,9,0,7
BRDA:91,10,0,2
BRDA:96,11,0,5
BRDA:99,12,0,1
BRDA:107,13,0,3
BRDA:113,14,0,1
BRDA:117,15,0,2
BRDA:121,16,0,4
BRDA:125,17,0,3
BRDA:125,18,0,1
BRDA:123,19,0,2
BRDA:129,20,0,5
BRDA:133,21,0,3
BRDA:133,22,0,3
BRDA:139,23,0,1
BRDA:144,24,0,2
BRDA:148,25,0,4
BRDA:150,26,0,1
BRDA:160,27,0,31
BRDA:164,28,0,8
BRDA:168,29,0,0
BRDA:172,30,0,23
BRDA:173,31,0,1
BRDA:176,32,0,0
BRDA:178,33,0,22
BRDA:179,34,0,21
BRDA:182,35,0,1
BRDA:191,36,0,28
BRDA:195,37,0,28
BRDA:204,38,0,6
BRDA:206,39,0,114
BRDA:207,40,0,0
BRDA:220,41,0,3
BRDA:234,42,0,15
BRDA:235,43,0,15
BRDA:235,44,0,2
BRDA:236,45,0,15
BRDA:237,46,0,15
BRDA:238,47,0,15
BRDA:238,48,0,13
BRDA:239,49,0,15
BRDA:239,50,0,13
BRDA:240,51,0,15
BRDA:240,52,0,13
BRDA:247,53,0,2
BRDA:252,54,0,3
BRDA:255,55,0,2
BRDA:252,56,0,2
BRF:57
BRH:54
end_of_record
TN:
SF:src\services\guardrail.ts
FN:29,<instance_members_initializer>
FN:32,SimpleGuardrailService
FN:36,evaluateAnswerability
FN:73,calculateScore
FN:100,calculateConfidence
FN:124,applyThresholds
FN:131,generateIdkResponse
FN:166,generateReasoning
FN:179,getTenantConfig
FN:183,getDefaultConfig
FN:193,initializeDefaultConfigs
FN:216,updateTenantConfig
FNF:12
FNH:12
FNDA:41,<instance_members_initializer>
FNDA:41,SimpleGuardrailService
FNDA:67,evaluateAnswerability
FNDA:65,calculateScore
FNDA:60,calculateConfidence
FNDA:65,applyThresholds
FNDA:31,generateIdkResponse
FNDA:60,generateReasoning
FNDA:67,getTenantConfig
FNDA:98,getDefaultConfig
FNDA:41,initializeDefaultConfigs
FNDA:7,updateTenantConfig
DA:1,1
DA:2,1
DA:3,1
DA:4,1
DA:5,1
DA:6,1
DA:7,1
DA:8,1
DA:9,1
DA:10,1
DA:11,1
DA:12,1
DA:13,1
DA:14,1
DA:15,1
DA:16,1
DA:17,1
DA:18,1
DA:19,1
DA:20,1
DA:21,1
DA:22,1
DA:23,1
DA:24,1
DA:25,1
DA:26,1
DA:27,1
DA:28,1
DA:29,1
DA:30,41
DA:31,41
DA:32,41
DA:33,41
DA:34,41
DA:35,41
DA:36,41
DA:37,67
DA:38,67
DA:39,67
DA:40,67
DA:41,67
DA:42,67
DA:43,67
DA:44,67
DA:45,67
DA:46,67
DA:47,67
DA:48,67
DA:49,2
DA:50,2
DA:51,2
DA:52,2
DA:53,2
DA:54,2
DA:55,2
DA:56,2
DA:57,2
DA:58,2
DA:59,65
DA:60,65
DA:61,65
DA:62,65
DA:63,65
DA:64,65
DA:65,65
DA:66,65
DA:67,65
DA:68,65
DA:69,67
DA:70,67
DA:71,67
DA:72,41
DA:73,41
DA:74,65
DA:75,5
DA:76,5
DA:77,5
DA:78,5
DA:79,5
DA:80,5
DA:81,5
DA:82,60
DA:83,60
DA:84,60
DA:85,60
DA:86,60
DA:87,60
DA:88,60
DA:89,60
DA:90,60
DA:91,60
DA:92,60
DA:93,60
DA:94,60
DA:95,60
DA:96,60
DA:97,60
DA:98,60
DA:99,41
DA:100,41
DA:101,60
DA:102,60
DA:103,60
DA:104,60
DA:105,60
DA:106,60
DA:107,60
DA:108,60
DA:109,60
DA:110,60
DA:111,60
DA:112,60
DA:113,60
DA:114,60
DA:115,60
DA:116,60
DA:117,60
DA:118,60
DA:119,60
DA:120,60
DA:121,60
DA:122,60
DA:123,41
DA:124,41
DA:125,65
DA:126,65
DA:127,65
DA:128,65
DA:129,65
DA:130,41
DA:131,41
DA:132,31
DA:133,5
DA:134,5
DA:135,5
DA:136,5
DA:137,5
DA:138,5
DA:139,5
DA:140,5
DA:141,5
DA:142,5
DA:143,26
DA:144,31
DA:145,10
DA:146,10
DA:147,10
DA:148,10
DA:149,10
DA:150,10
DA:151,10
DA:152,10
DA:153,10
DA:154,10
DA:155,16
DA:156,16
DA:157,16
DA:158,16
DA:159,16
DA:160,16
DA:161,16
DA:162,16
DA:163,16
DA:164,16
DA:165,41
DA:166,41
DA:167,60
DA:168,60
DA:169,60
DA:170,60
DA:171,60
DA:172,60
DA:173,60
DA:174,60
DA:175,60
DA:176,60
DA:177,60
DA:178,41
DA:179,41
DA:180,67
DA:181,67
DA:182,41
DA:183,41
DA:184,98
DA:185,98
DA:186,98
DA:187,98
DA:188,98
DA:189,98
DA:190,98
DA:191,98
DA:192,41
DA:193,41
DA:194,41
DA:195,41
DA:196,41
DA:197,41
DA:198,41
DA:199,41
DA:200,41
DA:201,41
DA:202,41
DA:203,41
DA:204,41
DA:205,41
DA:206,41
DA:207,41
DA:208,41
DA:209,41
DA:210,41
DA:211,41
DA:212,41
DA:213,41
DA:214,41
DA:215,41
DA:216,41
DA:217,7
DA:218,7
DA:219,41
DA:220,1
DA:221,1
DA:222,1
LF:222
LH:222
BRDA:29,0,0,41
BRDA:32,1,0,41
BRDA:36,2,0,67
BRDA:45,3,0,0
BRDA:48,4,0,2
BRDA:59,5,0,65
BRDA:69,6,0,34
BRDA:69,7,0,31
BRDA:73,8,0,65
BRDA:74,9,0,5
BRDA:82,10,0,60
BRDA:84,11,0,1477
BRDA:84,12,0,1
BRDA:85,13,0,1477
BRDA:100,14,0,60
BRDA:113,15,0,52
BRDA:113,16,0,8
BRDA:124,17,0,65
BRDA:125,18,0,38
BRDA:126,19,0,38
BRDA:127,20,0,38
BRDA:131,21,0,31
BRDA:132,22,0,5
BRDA:143,23,0,26
BRDA:144,24,0,25
BRDA:144,25,0,10
BRDA:155,26,0,16
BRDA:166,27,0,60
BRDA:169,28,0,0
BRDA:170,29,0,6
BRDA:171,30,0,10
BRDA:172,31,0,7
BRDA:174,32,0,16
BRDA:175,33,0,44
BRDA:179,34,0,67
BRDA:180,35,0,57
BRDA:183,36,0,98
BRDA:193,37,0,41
BRDA:216,38,0,7
BRF:39
BRH:37
end_of_record
TN:
SF:src\services\llm-client.ts
FN:37,<instance_members_initializer>
FN:186,<instance_members_initializer>
FN:296,createClientForTenant
FN:311,<instance_members_initializer>
FN:382,createLLMClientFactory
FNF:5
FNH:0
FNDA:0,<instance_members_initializer>
FNDA:0,<instance_members_initializer>
FNDA:0,createClientForTenant
FNDA:0,<instance_members_initializer>
FNDA:0,createLLMClientFactory
DA:1,1
DA:2,1
DA:3,1
DA:4,1
DA:5,1
DA:6,1
DA:7,1
DA:8,1
DA:9,1
DA:10,1
DA:11,1
DA:12,1
DA:13,1
DA:14,1
DA:15,1
DA:16,1
DA:17,1
DA:18,1
DA:19,1
DA:20,1
DA:21,1
DA:22,1
DA:23,1
DA:24,1
DA:25,1
DA:26,1
DA:27,1
DA:28,1
DA:29,1
DA:30,1
DA:31,1
DA:32,1
DA:33,1
DA:34,1
DA:35,1
DA:36,1
DA:37,1
DA:38,0
DA:39,0
DA:40,0
DA:41,0
DA:42,0
DA:43,0
DA:44,0
DA:45,0
DA:46,0
DA:47,0
DA:48,0
DA:49,0
DA:50,0
DA:51,0
DA:52,0
DA:53,0
DA:54,0
DA:55,0
DA:56,0
DA:57,0
DA:58,0
DA:59,0
DA:60,0
DA:61,0
DA:62,0
DA:63,0
DA:64,0
DA:65,0
DA:66,0
DA:67,0
DA:68,0
DA:69,0
DA:70,0
DA:71,0
DA:72,0
DA:73,0
DA:74,0
DA:75,0
DA:76,0
DA:77,0
DA:78,0
DA:79,0
DA:80,0
DA:81,0
DA:82,0
DA:83,0
DA:84,0
DA:85,0
DA:86,0
DA:87,0
DA:88,0
DA:89,0
DA:90,0
DA:91,0
DA:92,0
DA:93,0
DA:94,0
DA:95,0
DA:96,0
DA:97,0
DA:98,0
DA:99,0
DA:100,0
DA:101,0
DA:102,0
DA:103,0
DA:104,0
DA:105,0
DA:106,0
DA:107,0
DA:108,0
DA:109,0
DA:110,0
DA:111,0
DA:112,0
DA:113,0
DA:114,0
DA:115,0
DA:116,0
DA:117,0
DA:118,0
DA:119,0
DA:120,0
DA:121,0
DA:122,0
DA:123,0
DA:124,0
DA:125,0
DA:126,0
DA:127,0
DA:128,0
DA:129,0
DA:130,0
DA:131,0
DA:132,0
DA:133,0
DA:134,0
DA:135,0
DA:136,0
DA:137,0
DA:138,0
DA:139,0
DA:140,0
DA:141,0
DA:142,0
DA:143,0
DA:144,0
DA:145,0
DA:146,0
DA:147,0
DA:148,0
DA:149,0
DA:150,0
DA:151,0
DA:152,0
DA:153,0
DA:154,0
DA:155,0
DA:156,0
DA:157,0
DA:158,0
DA:159,0
DA:160,0
DA:161,0
DA:162,0
DA:163,1
DA:164,1
DA:165,1
DA:166,1
DA:167,1
DA:168,1
DA:169,1
DA:170,1
DA:171,1
DA:172,1
DA:173,1
DA:174,1
DA:175,1
DA:176,1
DA:177,1
DA:178,1
DA:179,1
DA:180,1
DA:181,1
DA:182,1
DA:183,1
DA:184,1
DA:185,1
DA:186,1
DA:187,0
DA:188,0
DA:189,0
DA:190,0
DA:191,0
DA:192,0
DA:193,0
DA:194,0
DA:195,0
DA:196,0
DA:197,0
DA:198,0
DA:199,0
DA:200,0
DA:201,0
DA:202,0
DA:203,0
DA:204,0
DA:205,0
DA:206,0
DA:207,0
DA:208,0
DA:209,0
DA:210,0
DA:211,0
DA:212,0
DA:213,0
DA:214,0
DA:215,0
DA:216,0
DA:217,0
DA:218,0
DA:219,0
DA:220,0
DA:221,0
DA:222,0
DA:223,0
DA:224,0
DA:225,0
DA:226,0
DA:227,0
DA:228,0
DA:229,0
DA:230,0
DA:231,0
DA:232,0
DA:233,0
DA:234,0
DA:235,0
DA:236,0
DA:237,0
DA:238,0
DA:239,0
DA:240,0
DA:241,0
DA:242,0
DA:243,0
DA:244,0
DA:245,0
DA:246,0
DA:247,0
DA:248,0
DA:249,0
DA:250,0
DA:251,0
DA:252,0
DA:253,0
DA:254,0
DA:255,0
DA:256,0
DA:257,0
DA:258,0
DA:259,0
DA:260,0
DA:261,0
DA:262,0
DA:263,0
DA:264,0
DA:265,0
DA:266,0
DA:267,0
DA:268,0
DA:269,0
DA:270,0
DA:271,0
DA:272,0
DA:273,0
DA:274,0
DA:275,0
DA:276,0
DA:277,0
DA:278,0
DA:279,0
DA:280,0
DA:281,0
DA:282,0
DA:283,0
DA:284,0
DA:285,0
DA:286,0
DA:287,0
DA:288,0
DA:289,0
DA:290,0
DA:291,1
DA:292,1
DA:293,1
DA:294,1
DA:295,1
DA:296,1
DA:297,0
DA:298,0
DA:299,0
DA:300,0
DA:301,0
DA:302,0
DA:303,0
DA:304,0
DA:305,0
DA:306,1
DA:307,1
DA:308,1
DA:309,1
DA:310,1
DA:311,1
DA:312,0
DA:313,0
DA:314,0
DA:315,0
DA:316,0
DA:317,0
DA:318,0
DA:319,0
DA:320,0
DA:321,0
DA:322,0
DA:323,0
DA:324,0
DA:325,0
DA:326,0
DA:327,0
DA:328,0
DA:329,0
DA:330,0
DA:331,0
DA:332,0
DA:333,0
DA:334,0
DA:335,0
DA:336,0
DA:337,0
DA:338,0
DA:339,0
DA:340,0
DA:341,0
DA:342,0
DA:343,0
DA:344,0
DA:345,0
DA:346,0
DA:347,0
DA:348,0
DA:349,0
DA:350,0
DA:351,0
DA:352,0
DA:353,0
DA:354,0
DA:355,0
DA:356,0
DA:357,0
DA:358,0
DA:359,0
DA:360,0
DA:361,0
DA:362,0
DA:363,0
DA:364,0
DA:365,0
DA:366,0
DA:367,0
DA:368,0
DA:369,0
DA:370,0
DA:371,0
DA:372,0
DA:373,0
DA:374,0
DA:375,0
DA:376,0
DA:377,0
DA:378,1
DA:379,1
DA:380,1
DA:381,1
DA:382,1
DA:383,0
DA:384,0
LF:384
LH:78
BRDA:37,0,0,0
BRDA:186,1,0,0
BRDA:311,2,0,0
BRF:3
BRH:0
end_of_record
TN:
SF:src\types\synthesis.ts
FN:73,<instance_members_initializer>
FN:74,AnswerSynthesisError
FN:84,<instance_members_initializer>
FN:94,<instance_members_initializer>
FN:95,CitationExtractionError
FNF:5
FNH:4
FNDA:7,<instance_members_initializer>
FNDA:7,AnswerSynthesisError
FNDA:0,<instance_members_initializer>
FNDA:2,<instance_members_initializer>
FNDA:2,CitationExtractionError
DA:1,1
DA:2,1
DA:3,1
DA:4,1
DA:5,1
DA:6,1
DA:7,1
DA:8,1
DA:9,1
DA:10,1
DA:11,1
DA:12,1
DA:13,1
DA:14,1
DA:15,1
DA:16,1
DA:17,1
DA:18,1
DA:19,1
DA:20,1
DA:21,1
DA:22,1
DA:23,1
DA:24,1
DA:25,1
DA:26,1
DA:27,1
DA:28,1
DA:29,1
DA:30,1
DA:31,1
DA:32,1
DA:33,1
DA:34,1
DA:35,1
DA:36,1
DA:37,1
DA:38,1
DA:39,1
DA:40,1
DA:41,1
DA:42,1
DA:43,1
DA:44,1
DA:45,1
DA:46,1
DA:47,1
DA:48,1
DA:49,1
DA:50,1
DA:51,1
DA:52,1
DA:53,1
DA:54,1
DA:55,1
DA:56,1
DA:57,1
DA:58,1
DA:59,1
DA:60,1
DA:61,1
DA:62,1
DA:63,1
DA:64,1
DA:65,1
DA:66,1
DA:67,1
DA:68,1
DA:69,1
DA:70,1
DA:71,1
DA:72,1
DA:73,1
DA:74,7
DA:75,7
DA:76,7
DA:77,7
DA:78,7
DA:79,7
DA:80,7
DA:81,7
DA:82,7
DA:83,1
DA:84,1
DA:85,0
DA:86,0
DA:87,0
DA:88,0
DA:89,0
DA:90,0
DA:91,0
DA:92,0
DA:93,1
DA:94,1
DA:95,2
DA:96,2
DA:97,2
DA:98,2
LF:98
LH:90
BRDA:73,0,0,7
BRDA:74,1,0,7
BRDA:94,2,0,2
BRDA:95,3,0,2
BRF:4
BRH:4
end_of_record
